[ 12%] Built target service_server
[ 25%] Built target subscriber_node
[ 31%] [32mBuilding CXX object CMakeFiles/osqp_node.dir/src/osqp_node.cpp.o[0m
[ 43%] Built target service_client
[ 56%] Built target publisher_node
[ 68%] Built target node_to_test_yaml
[ 81%] Built target action_server
[ 93%] Built target action_client
[01m[K/home/kafando/Ros2_ws/src/the_ros_concepts/src/osqp_node.cpp:[m[K In constructor ‘[01m[KOSQPNode::[01;32m[KOSQPNode[m[K(double, double, double, double, bool)[m[K’:
[01m[K/home/kafando/Ros2_ws/src/the_ros_concepts/src/osqp_node.cpp:7:79:[m[K [01;35m[Kwarning: [m[Kunused parameter ‘[01m[Klinearize_with_polygons[m[K’ [[01;35m[K]8;;https://gcc.gnu.org/onlinedocs/gcc/Warning-Options.html#index-Wunused-parameter-Wunused-parameter]8;;[m[K]
    7 |   OSQPNode(double x_robot,double y_robot,double x_object,double y_object,[01;35m[Kbool linearize_with_polygons = false[m[K)
      |                                                                          [01;35m[K~~~~~^~~~~~~~~~~~~~~~~~~~~~~~~~~~~~~[m[K
[01m[K/home/kafando/Ros2_ws/src/the_ros_concepts/src/osqp_node.cpp:[m[K In member function ‘[01m[Kvoid OSQPNode::[01;32m[Ksolve_qp_with_linearization[m[K(double, double, double, double, bool)[m[K’:
[01m[K/home/kafando/Ros2_ws/src/the_ros_concepts/src/osqp_node.cpp:59:9:[m[K [01;35m[Kwarning: [m[Kthis ‘[01m[Kif[m[K’ clause does not guard... [[01;35m[K]8;;https://gcc.gnu.org/onlinedocs/gcc/Warning-Options.html#index-Wmisleading-indentation-Wmisleading-indentation]8;;[m[K]
   59 |         [01;35m[Kif[m[K((X_k-X_new).norm()<=tolerance)
      |         [01;35m[K^~[m[K
[01m[K/home/kafando/Ros2_ws/src/the_ros_concepts/src/osqp_node.cpp:61:11:[m[K [01;36m[Knote: [m[K...this statement, but the latter is misleadingly indented as if it were guarded by the ‘[01m[Kif[m[K’
   61 |           [01;36m[Kbreak[m[K;
      |           [01;36m[K^~~~~[m[K
[100%] [32m[1mLinking CXX executable osqp_node[0m
[100%] Built target osqp_node
-- Install configuration: ""
-- Installing: /home/kafando/Ros2_ws/install/the_ros_concepts/lib/the_ros_concepts/osqp_node
-- Set non-toolchain portion of runtime path of "/home/kafando/Ros2_ws/install/the_ros_concepts/lib/the_ros_concepts/osqp_node" to ""
-- Up-to-date: /home/kafando/Ros2_ws/install/the_ros_concepts/lib/the_ros_concepts/publisher_node
-- Up-to-date: /home/kafando/Ros2_ws/install/the_ros_concepts/lib/the_ros_concepts/subscriber_node
-- Up-to-date: /home/kafando/Ros2_ws/install/the_ros_concepts/lib/the_ros_concepts/service_server
-- Up-to-date: /home/kafando/Ros2_ws/install/the_ros_concepts/lib/the_ros_concepts/service_client
-- Up-to-date: /home/kafando/Ros2_ws/install/the_ros_concepts/lib/the_ros_concepts/action_server
-- Up-to-date: /home/kafando/Ros2_ws/install/the_ros_concepts/lib/the_ros_concepts/action_client
-- Up-to-date: /home/kafando/Ros2_ws/install/the_ros_concepts/lib/the_ros_concepts/node_to_test_yaml
-- Up-to-date: /home/kafando/Ros2_ws/install/the_ros_concepts/lib/the_ros_concepts/osqp_node
-- Up-to-date: /home/kafando/Ros2_ws/install/the_ros_concepts/share/the_ros_concepts//launch
-- Up-to-date: /home/kafando/Ros2_ws/install/the_ros_concepts/share/the_ros_concepts//launch/yaml_test.launch.py
-- Up-to-date: /home/kafando/Ros2_ws/install/the_ros_concepts/share/the_ros_concepts//params
-- Up-to-date: /home/kafando/Ros2_ws/install/the_ros_concepts/share/the_ros_concepts//params/my_node_params.yaml
-- Up-to-date: /home/kafando/Ros2_ws/install/the_ros_concepts/share/ament_index/resource_index/package_run_dependencies/the_ros_concepts
-- Up-to-date: /home/kafando/Ros2_ws/install/the_ros_concepts/share/ament_index/resource_index/parent_prefix_path/the_ros_concepts
-- Up-to-date: /home/kafando/Ros2_ws/install/the_ros_concepts/share/the_ros_concepts/environment/ament_prefix_path.sh
-- Up-to-date: /home/kafando/Ros2_ws/install/the_ros_concepts/share/the_ros_concepts/environment/ament_prefix_path.dsv
-- Up-to-date: /home/kafando/Ros2_ws/install/the_ros_concepts/share/the_ros_concepts/environment/path.sh
-- Up-to-date: /home/kafando/Ros2_ws/install/the_ros_concepts/share/the_ros_concepts/environment/path.dsv
-- Up-to-date: /home/kafando/Ros2_ws/install/the_ros_concepts/share/the_ros_concepts/local_setup.bash
-- Up-to-date: /home/kafando/Ros2_ws/install/the_ros_concepts/share/the_ros_concepts/local_setup.sh
-- Up-to-date: /home/kafando/Ros2_ws/install/the_ros_concepts/share/the_ros_concepts/local_setup.zsh
-- Up-to-date: /home/kafando/Ros2_ws/install/the_ros_concepts/share/the_ros_concepts/local_setup.dsv
-- Installing: /home/kafando/Ros2_ws/install/the_ros_concepts/share/the_ros_concepts/package.dsv
-- Up-to-date: /home/kafando/Ros2_ws/install/the_ros_concepts/share/ament_index/resource_index/packages/the_ros_concepts
-- Up-to-date: /home/kafando/Ros2_ws/install/the_ros_concepts/share/the_ros_concepts/cmake/the_ros_conceptsConfig.cmake
-- Up-to-date: /home/kafando/Ros2_ws/install/the_ros_concepts/share/the_ros_concepts/cmake/the_ros_conceptsConfig-version.cmake
-- Up-to-date: /home/kafando/Ros2_ws/install/the_ros_concepts/share/the_ros_concepts/package.xml
