[0.022s] Invoking command in '/home/kafando/Ros2_ws/build/mm_behaviors': CMAKE_PREFIX_PATH=${CMAKE_PREFIX_PATH}:/home/kafando/ws_moveit/install/moveit_configs_utils:/opt/ros/jazzy DEBUGINFOD_URLS=https://debuginfod.ubuntu.com /usr/bin/cmake --build /home/kafando/Ros2_ws/build/mm_behaviors -- -j16 -l16
[0.100s] [ 16%] [32mBuilding CXX object CMakeFiles/wstta_robot_bt_node.dir/src/mm_bt_node.cpp.o[0m
[0.104s] [ 33%] [32mBuilding CXX object CMakeFiles/wstta_robot_bt_node.dir/src/mm_nav_actions.cpp.o[0m
[0.109s] [ 50%] [32mBuilding CXX object CMakeFiles/wstta_robot_bt_node.dir/src/mm_moveit_actions.cpp.o[0m
[0.109s] [ 66%] [32mBuilding CXX object CMakeFiles/wstta_robot_bt_node.dir/src/actions_nodes.cpp.o[0m
[2.573s] In file included from [01m[K/home/kafando/Ros2_ws/src/mm_behaviors/src/actions_nodes.cpp:1[m[K:
[2.573s] [01m[K/home/kafando/Ros2_ws/src/mm_behaviors/include/mm_behaviors/actions_nodes.hpp:43:18:[m[K [01;31m[Kerror: [m[K‘[01m[KPose3D[m[K’ was not declared in this scope
[2.573s]    43 |      std::vector<[01;31m[KPose3D[m[K> Objects_poses;
[2.573s]       |                  [01;31m[K^~~~~~[m[K
[2.573s] [01m[K/home/kafando/Ros2_ws/src/mm_behaviors/include/mm_behaviors/actions_nodes.hpp:43:24:[m[K [01;31m[Kerror: [m[Ktemplate argument 1 is invalid
[2.573s]    43 |      std::vector<Pose3D[01;31m[K>[m[K Objects_poses;
[2.573s]       |                        [01;31m[K^[m[K
[2.573s] [01m[K/home/kafando/Ros2_ws/src/mm_behaviors/include/mm_behaviors/actions_nodes.hpp:43:24:[m[K [01;31m[Kerror: [m[Ktemplate argument 2 is invalid
[2.578s] [01m[K/home/kafando/Ros2_ws/src/mm_behaviors/include/mm_behaviors/actions_nodes.hpp:[m[K In static member function ‘[01m[Kstatic BT::PortsList StackObjectPose::[01;32m[KprovidedPorts[m[K()[m[K’:
[2.579s] [01m[K/home/kafando/Ros2_ws/src/mm_behaviors/include/mm_behaviors/actions_nodes.hpp:38:44:[m[K [01;31m[Kerror: [m[K‘[01m[KPose3D[m[K’ was not declared in this scope
[2.579s]    38 |         return { BT::InputPort<std::vector<[01;31m[KPose3D[m[K>>("objects_poses_vect")};
[2.579s]       |                                            [01;31m[K^~~~~~[m[K
[2.579s] [01m[K/home/kafando/Ros2_ws/src/mm_behaviors/include/mm_behaviors/actions_nodes.hpp:38:44:[m[K [01;31m[Kerror: [m[Ktemplate argument 1 is invalid
[2.579s] [01m[K/home/kafando/Ros2_ws/src/mm_behaviors/include/mm_behaviors/actions_nodes.hpp:38:44:[m[K [01;31m[Kerror: [m[Ktemplate argument 2 is invalid
[2.579s] [01m[K/home/kafando/Ros2_ws/src/mm_behaviors/include/mm_behaviors/actions_nodes.hpp:38:52:[m[K [01;31m[Kerror: [m[Kno matching function for call to ‘[01m[KInputPort<<expression error> >(const char [19])[m[K’
[2.579s]    38 |         return { [01;31m[KBT::InputPort<std::vector<Pose3D>>("objects_poses_vect")[m[K};
[2.579s]       |                  [01;31m[K~~~~~~~~~~~~~~~~~~~~~~~~~~~~~~~~~~^~~~~~~~~~~~~~~~~~~~~~[m[K
[2.579s] In file included from [01m[K/opt/ros/jazzy/include/behaviortree_cpp/tree_node.h:16[m[K,
[2.579s]                  from [01m[K/opt/ros/jazzy/include/behaviortree_cpp/leaf_node.h:17[m[K,
[2.579s]                  from [01m[K/opt/ros/jazzy/include/behaviortree_cpp/action_node.h:17[m[K,
[2.579s]                  from [01m[K/opt/ros/jazzy/include/behaviortree_cpp/behavior_tree.h:16[m[K,
[2.579s]                  from [01m[K/home/kafando/Ros2_ws/src/mm_behaviors/include/mm_behaviors/actions_nodes.hpp:4[m[K:
[2.579s] [01m[K/opt/ros/jazzy/include/behaviortree_cpp/basic_types.h:484:1:[m[K [01;36m[Knote: [m[Kcandidate: ‘[01m[Ktemplate<class T> std::pair<std::__cxx11::basic_string<char>, BT::PortInfo> BT::[01;32m[KInputPort[m[K(StringView, StringView)[m[K’
[2.579s]   484 | [01;36m[KInputPort[m[K(StringView name, StringView description = {})
[2.579s]       | [01;36m[K^~~~~~~~~[m[K
[2.579s] [01m[K/opt/ros/jazzy/include/behaviortree_cpp/basic_types.h:484:1:[m[K [01;36m[Knote: [m[K  template argument deduction/substitution failed:
[2.579s] [01m[K/home/kafando/Ros2_ws/src/mm_behaviors/include/mm_behaviors/actions_nodes.hpp:38:52:[m[K [01;31m[Kerror: [m[Ktemplate argument 1 is invalid
[2.579s]    38 |         return { [01;31m[KBT::InputPort<std::vector<Pose3D>>("objects_poses_vect")[m[K};
[2.579s]       |                  [01;31m[K~~~~~~~~~~~~~~~~~~~~~~~~~~~~~~~~~~^~~~~~~~~~~~~~~~~~~~~~[m[K
[2.579s] [01m[K/opt/ros/jazzy/include/behaviortree_cpp/basic_types.h:554:1:[m[K [01;36m[Knote: [m[Kcandidate: ‘[01m[Ktemplate<class T, class DefaultT> std::pair<std::__cxx11::basic_string<char>, BT::PortInfo> BT::[01;32m[KInputPort[m[K(StringView, const DefaultT&, StringView)[m[K’
[2.579s]   554 | [01;36m[KInputPort[m[K(StringView name, const DefaultT& default_value, StringView description)
[2.580s]       | [01;36m[K^~~~~~~~~[m[K
[2.580s] [01m[K/opt/ros/jazzy/include/behaviortree_cpp/basic_types.h:554:1:[m[K [01;36m[Knote: [m[K  candidate expects 3 arguments, 1 provided
[2.580s] [01m[K/home/kafando/Ros2_ws/src/mm_behaviors/include/mm_behaviors/actions_nodes.hpp:38:74:[m[K [01;31m[Kerror: [m[Kcould not convert ‘[01m[K{<expression error>}[m[K’ from ‘[01m[K<brace-enclosed initializer list>[m[K’ to ‘[01m[KBT::PortsList[m[K’ {aka ‘[01m[Kstd::unordered_map<std::__cxx11::basic_string<char>, BT::PortInfo>[m[K’}
[2.580s]    38 |         return { BT::InputPort<std::vector<Pose3D>>("objects_poses_vect")[01;31m[K}[m[K;
[2.580s]       |                                                                          [01;31m[K^[m[K
[2.580s]       |                                                                          [01;31m[K|[m[K
[2.580s]       |                                                                          [01;31m[K<brace-enclosed initializer list>[m[K
[2.584s] [01m[K/home/kafando/Ros2_ws/src/mm_behaviors/src/actions_nodes.cpp:[m[K In member function ‘[01m[Kvirtual BT::NodeStatus StackObjectPose::[01;32m[Ktick[m[K()[m[K’:
[2.584s] [01m[K/home/kafando/Ros2_ws/src/mm_behaviors/src/actions_nodes.cpp:5:5:[m[K [01;31m[Kerror: [m[K‘[01m[KPose3D[m[K’ was not declared in this scope
[2.584s]     5 |     [01;31m[KPose3D[m[K t ;
[2.584s]       |     [01;31m[K^~~~~~[m[K
[2.588s] [01m[K/home/kafando/Ros2_ws/src/mm_behaviors/src/actions_nodes.cpp:6:5:[m[K [01;31m[Kerror: [m[K‘[01m[Kt[m[K’ was not declared in this scope; did you mean ‘[01m[Ktm[m[K’?
[2.588s]     6 |     [01;31m[Kt[m[K.set__x(5);
[2.588s]       |     [01;31m[K^[m[K
[2.588s]       |     [32m[Ktm[m[K
[2.588s] [01m[K/home/kafando/Ros2_ws/src/mm_behaviors/src/actions_nodes.cpp:9:19:[m[K [01;31m[Kerror: [m[Krequest for member ‘[01m[Kpush_back[m[K’ in ‘[01m[K((StackObjectPose*)this)->StackObjectPose::Objects_poses[m[K’, which is of non-class type ‘[01m[Kint[m[K’
[2.588s]     9 |     Objects_poses.[01;31m[Kpush_back[m[K(t);
[2.588s]       |                   [01;31m[K^~~~~~~~~[m[K
[2.588s] [01m[K/home/kafando/Ros2_ws/src/mm_behaviors/src/actions_nodes.cpp:13:31:[m[K [01;31m[Kerror: [m[Ktemplate argument 2 is invalid
[2.588s]    13 |             std::vector<Pose3D[01;31m[K>[m[K* Poses = any_locked->castPtr<std::vector<Pose3D>>();
[2.589s]       |                               [01;31m[K^[m[K
[2.589s] [01m[K/home/kafando/Ros2_ws/src/mm_behaviors/src/actions_nodes.cpp:13:74:[m[K [01;31m[Kerror: [m[Ktemplate argument 2 is invalid
[2.589s]    13 |             std::vector<Pose3D>* Poses = any_locked->castPtr<std::vector<[01;31m[KPose3D[m[K>>();
[2.589s]       |                                                                          [01;31m[K^~~~~~[m[K
[2.589s] [01m[K/home/kafando/Ros2_ws/src/mm_behaviors/src/actions_nodes.cpp:13:82:[m[K [01;31m[Kerror: [m[Kno matching function for call to ‘[01m[KBT::Any::castPtr<<expression error> >()[m[K’
[2.589s]    13 |             std::vector<Pose3D>* Poses = [01;31m[Kany_locked->castPtr<std::vector<Pose3D>>()[m[K;
[2.589s]       |                                          [01;31m[K~~~~~~~~~~~~~~~~~~~~~~~~~~~~~~~~~~~~~~~~^~[m[K
[2.589s] In file included from [01m[K/opt/ros/jazzy/include/behaviortree_cpp/basic_types.h:5[m[K:
[2.589s] [01m[K/opt/ros/jazzy/include/behaviortree_cpp/utils/safe_any.hpp:184:20:[m[K [01;36m[Knote: [m[Kcandidate: ‘[01m[Ktemplate<class T> T* BT::Any::[01;32m[KcastPtr[m[K()[m[K’
[2.589s]   184 |   [[nodiscard]] T* [01;36m[KcastPtr[m[K()
[2.589s]       |                    [01;36m[K^~~~~~~[m[K
[2.589s] [01m[K/opt/ros/jazzy/include/behaviortree_cpp/utils/safe_any.hpp:184:20:[m[K [01;36m[Knote: [m[K  template argument deduction/substitution failed:
[2.589s] [01m[K/home/kafando/Ros2_ws/src/mm_behaviors/src/actions_nodes.cpp:13:82:[m[K [01;31m[Kerror: [m[Ktemplate argument 1 is invalid
[2.589s]    13 |             std::vector<Pose3D>* Poses = [01;31m[Kany_locked->castPtr<std::vector<Pose3D>>()[m[K;
[2.589s]       |                                          [01;31m[K~~~~~~~~~~~~~~~~~~~~~~~~~~~~~~~~~~~~~~~~^~[m[K
[2.589s] [01m[K/home/kafando/Ros2_ws/src/mm_behaviors/src/actions_nodes.cpp:14:20:[m[K [01;31m[Kerror: [m[Krequest for member ‘[01m[Kpush_back[m[K’ in ‘[01m[K* Poses[m[K’, which is of non-class type ‘[01m[Kint[m[K’
[2.589s]    14 |             Poses->[01;31m[Kpush_back[m[K(t);
[2.589s]       |                    [01;31m[K^~~~~~~~~[m[K
[3.971s] gmake[2]: *** [CMakeFiles/wstta_robot_bt_node.dir/build.make:118: CMakeFiles/wstta_robot_bt_node.dir/src/actions_nodes.cpp.o] Error 1
[3.971s] gmake[2]: *** Waiting for unfinished jobs....
[4.234s] In file included from [01m[K/home/kafando/Ros2_ws/src/mm_behaviors/src/mm_moveit_actions.cpp:1[m[K:
[4.234s] [01m[K/home/kafando/Ros2_ws/src/mm_behaviors/include/mm_behaviors/mm_moveit_actions.hpp:45:46:[m[K [01;31m[Kerror: [m[K‘[01m[KPose3D[m[K’ was not declared in this scope
[4.234s]    45 |          int get_near_pose_index(std::vector<[01;31m[KPose3D[m[K>& t,Pose3D& robot_pose){
[4.234s]       |                                              [01;31m[K^~~~~~[m[K
[4.235s] [01m[K/home/kafando/Ros2_ws/src/mm_behaviors/include/mm_behaviors/mm_moveit_actions.hpp:45:52:[m[K [01;31m[Kerror: [m[Ktemplate argument 1 is invalid
[4.235s]    45 |          int get_near_pose_index(std::vector<Pose3D[01;31m[K>[m[K& t,Pose3D& robot_pose){
[4.235s]       |                                                    [01;31m[K^[m[K
[4.235s] [01m[K/home/kafando/Ros2_ws/src/mm_behaviors/include/mm_behaviors/mm_moveit_actions.hpp:45:52:[m[K [01;31m[Kerror: [m[Ktemplate argument 2 is invalid
[4.235s] [01m[K/home/kafando/Ros2_ws/src/mm_behaviors/include/mm_behaviors/mm_moveit_actions.hpp:45:57:[m[K [01;31m[Kerror: [m[K‘[01m[KPose3D[m[K’ has not been declared
[4.235s]    45 |          int get_near_pose_index(std::vector<Pose3D>& t,[01;31m[KPose3D[m[K& robot_pose){
[4.235s]       |                                                         [01;31m[K^~~~~~[m[K
[4.235s] [01m[K/home/kafando/Ros2_ws/src/mm_behaviors/include/mm_behaviors/mm_moveit_actions.hpp:65:9:[m[K [01;31m[Kerror: [m[K‘[01m[KPose3D[m[K’ does not name a type
[4.235s]    65 |         [01;31m[KPose3D[m[K robot_pose_in_map;
[4.235s]       |         [01;31m[K^~~~~~[m[K
[4.237s] [01m[K/home/kafando/Ros2_ws/src/mm_behaviors/include/mm_behaviors/mm_moveit_actions.hpp:66:9:[m[K [01;31m[Kerror: [m[K‘[01m[KPose3D[m[K’ does not name a type
[4.237s]    66 |         [01;31m[KPose3D[m[K robot_pose_in_odom;
[4.237s]       |         [01;31m[K^~~~~~[m[K
[4.238s] [01m[K/home/kafando/Ros2_ws/src/mm_behaviors/include/mm_behaviors/mm_moveit_actions.hpp:68:9:[m[K [01;31m[Kerror: [m[K‘[01m[KPose3D[m[K’ does not name a type
[4.238s]    68 |         [01;31m[KPose3D[m[K object_pose;
[4.238s]       |         [01;31m[K^~~~~~[m[K
[4.244s] [01m[K/home/kafando/Ros2_ws/src/mm_behaviors/include/mm_behaviors/mm_moveit_actions.hpp:70:21:[m[K [01;31m[Kerror: [m[K‘[01m[KPose3D[m[K’ was not declared in this scope
[4.244s]    70 |         std::vector<[01;31m[KPose3D[m[K> Objects_poses;
[4.244s]       |                     [01;31m[K^~~~~~[m[K
[4.244s] [01m[K/home/kafando/Ros2_ws/src/mm_behaviors/include/mm_behaviors/mm_moveit_actions.hpp:70:27:[m[K [01;31m[Kerror: [m[Ktemplate argument 1 is invalid
[4.244s]    70 |         std::vector<Pose3D[01;31m[K>[m[K Objects_poses;
[4.244s]       |                           [01;31m[K^[m[K
[4.244s] [01m[K/home/kafando/Ros2_ws/src/mm_behaviors/include/mm_behaviors/mm_moveit_actions.hpp:70:27:[m[K [01;31m[Kerror: [m[Ktemplate argument 2 is invalid
[4.258s] [01m[K/home/kafando/Ros2_ws/src/mm_behaviors/include/mm_behaviors/mm_moveit_actions.hpp:[m[K In static member function ‘[01m[Kstatic BT::PortsList PlanForTheArm::[01;32m[KprovidedPorts[m[K()[m[K’:
[4.258s] [01m[K/home/kafando/Ros2_ws/src/mm_behaviors/include/mm_behaviors/mm_moveit_actions.hpp:36:43:[m[K [01;31m[Kerror: [m[K‘[01m[KPose3D[m[K’ was not declared in this scope
[4.258s]    36 |                 BT::InputPort<std::vector<[01;31m[KPose3D[m[K>>("objects_poses_vect"),
[4.258s]       |                                           [01;31m[K^~~~~~[m[K
[4.258s] [01m[K/home/kafando/Ros2_ws/src/mm_behaviors/include/mm_behaviors/mm_moveit_actions.hpp:36:43:[m[K [01;31m[Kerror: [m[Ktemplate argument 1 is invalid
[4.258s] [01m[K/home/kafando/Ros2_ws/src/mm_behaviors/include/mm_behaviors/mm_moveit_actions.hpp:36:43:[m[K [01;31m[Kerror: [m[Ktemplate argument 2 is invalid
[4.258s] [01m[K/home/kafando/Ros2_ws/src/mm_behaviors/include/mm_behaviors/mm_moveit_actions.hpp:36:51:[m[K [01;31m[Kerror: [m[Kno matching function for call to ‘[01m[KInputPort<<expression error> >(const char [19])[m[K’
[4.258s]    36 |                 [01;31m[KBT::InputPort<std::vector<Pose3D>>("objects_poses_vect")[m[K,
[4.258s]       |                 [01;31m[K~~~~~~~~~~~~~~~~~~~~~~~~~~~~~~~~~~^~~~~~~~~~~~~~~~~~~~~~[m[K
[4.258s] In file included from [01m[K/opt/ros/jazzy/include/behaviortree_cpp/tree_node.h:16[m[K,
[4.258s]                  from [01m[K/opt/ros/jazzy/include/behaviortree_cpp/leaf_node.h:17[m[K,
[4.258s]                  from [01m[K/opt/ros/jazzy/include/behaviortree_cpp/action_node.h:17[m[K,
[4.258s]                  from [01m[K/opt/ros/jazzy/include/behaviortree_cpp/behavior_tree.h:16[m[K,
[4.258s]                  from [01m[K/home/kafando/Ros2_ws/src/mm_behaviors/include/mm_behaviors/mm_moveit_actions.hpp:2[m[K:
[4.258s] [01m[K/opt/ros/jazzy/include/behaviortree_cpp/basic_types.h:484:1:[m[K [01;36m[Knote: [m[Kcandidate: ‘[01m[Ktemplate<class T> std::pair<std::__cxx11::basic_string<char>, BT::PortInfo> BT::[01;32m[KInputPort[m[K(StringView, StringView)[m[K’
[4.259s]   484 | [01;36m[KInputPort[m[K(StringView name, StringView description = {})
[4.259s]       | [01;36m[K^~~~~~~~~[m[K
[4.259s] [01m[K/opt/ros/jazzy/include/behaviortree_cpp/basic_types.h:484:1:[m[K [01;36m[Knote: [m[K  template argument deduction/substitution failed:
[4.259s] [01m[K/home/kafando/Ros2_ws/src/mm_behaviors/include/mm_behaviors/mm_moveit_actions.hpp:36:51:[m[K [01;31m[Kerror: [m[Ktemplate argument 1 is invalid
[4.259s]    36 |                 [01;31m[KBT::InputPort<std::vector<Pose3D>>("objects_poses_vect")[m[K,
[4.259s]       |                 [01;31m[K~~~~~~~~~~~~~~~~~~~~~~~~~~~~~~~~~~^~~~~~~~~~~~~~~~~~~~~~[m[K
[4.259s] [01m[K/opt/ros/jazzy/include/behaviortree_cpp/basic_types.h:554:1:[m[K [01;36m[Knote: [m[Kcandidate: ‘[01m[Ktemplate<class T, class DefaultT> std::pair<std::__cxx11::basic_string<char>, BT::PortInfo> BT::[01;32m[KInputPort[m[K(StringView, const DefaultT&, StringView)[m[K’
[4.259s]   554 | [01;36m[KInputPort[m[K(StringView name, const DefaultT& default_value, StringView description)
[4.259s]       | [01;36m[K^~~~~~~~~[m[K
[4.259s] [01m[K/opt/ros/jazzy/include/behaviortree_cpp/basic_types.h:554:1:[m[K [01;36m[Knote: [m[K  candidate expects 3 arguments, 1 provided
[4.259s] [01m[K/home/kafando/Ros2_ws/src/mm_behaviors/include/mm_behaviors/mm_moveit_actions.hpp:42:13:[m[K [01;31m[Kerror: [m[Kcould not convert ‘[01m[K{BT::InputPort(StringView, StringView) [with T = std::__cxx11::basic_string<char>; StringView = std::basic_string_view<char>](std::basic_string_view<char>()), <expression error>, BT::InputPort(StringView, StringView) [with T = double; StringView = std::basic_string_view<char>](std::basic_string_view<char>()), BT::InputPort(StringView, StringView) [with T = double; StringView = std::basic_string_view<char>](std::basic_string_view<char>()), BT::OutputPort(StringView, StringView) [with T = TargetPose; StringView = std::basic_string_view<char>](std::basic_string_view<char>()), BT::OutputPort(StringView, StringView) [with T = moveit_msgs::msg::RobotTrajectory_<std::allocator<void> >; StringView = std::basic_string_view<char>](std::basic_string_view<char>())}[m[K’ from ‘[01m[K<brace-enclosed initializer list>[m[K’ to ‘[01m[KBT::PortsList[m[K’ {aka ‘[01m[Kstd::unordered_map<std::__cxx11::basic_string<char>, BT::PortInfo>[m[K’}
[4.259s]    42 |             [01;31m[K}[m[K;
[4.259s]       |             [01;31m[K^[m[K
[4.259s]       |             [01;31m[K|[m[K
[4.259s]       |             [01;31m[K<brace-enclosed initializer list>[m[K
[4.259s] [01m[K/home/kafando/Ros2_ws/src/mm_behaviors/include/mm_behaviors/mm_moveit_actions.hpp:[m[K In member function ‘[01m[Kint PlanForTheArm::[01;32m[Kget_near_pose_index[m[K(int&, int&)[m[K’:
[4.259s] [01m[K/home/kafando/Ros2_ws/src/mm_behaviors/include/mm_behaviors/mm_moveit_actions.hpp:47:38:[m[K [01;31m[Kerror: [m[Kno matching function for call to ‘[01m[KTargetPose::TargetPose(<brace-enclosed initializer list>)[m[K’
[4.259s]    47 |             TargetPose rob{robot_pose[01;31m[K}[m[K;
[4.259s]       |                                      [01;31m[K^[m[K
[4.259s] In file included from [01m[K/home/kafando/Ros2_ws/src/mm_behaviors/include/mm_behaviors/mm_moveit_actions.hpp:16[m[K:
[4.259s] [01m[K/home/kafando/Ros2_ws/src/mm_behaviors/include/mm_behaviors/utils.hpp:18:5:[m[K [01;36m[Knote: [m[Kcandidate: ‘[01m[KTargetPose::[01;32m[KTargetPose[m[K(Pose3D)[m[K’
[4.259s]    18 |     [01;36m[KTargetPose[m[K(Pose3D L){
[4.259s]       |     [01;36m[K^~~~~~~~~~[m[K
[4.260s] [01m[K/home/kafando/Ros2_ws/src/mm_behaviors/include/mm_behaviors/utils.hpp:18:23:[m[K [01;36m[Knote: [m[K  no known conversion for argument 1 from ‘[01m[Kint[m[K’ to ‘[01m[KTargetPose::Pose3D[m[K’ {aka ‘[01m[Kgeometry_msgs::msg::Point_<std::allocator<void> >[m[K’}
[4.260s]    18 |     TargetPose([01;36m[KPose3D L[m[K){
[4.260s]       |                [01;36m[K~~~~~~~^[m[K
[4.260s] [01m[K/home/kafando/Ros2_ws/src/mm_behaviors/include/mm_behaviors/utils.hpp:11:5:[m[K [01;36m[Knote: [m[Kcandidate: ‘[01m[KTargetPose::[01;32m[KTargetPose[m[K(double, double, double, double)[m[K’
[4.260s]    11 |     [01;36m[KTargetPose[m[K(double x,double y,double z,double theta){
[4.260s]       |     [01;36m[K^~~~~~~~~~[m[K
[4.260s] [01m[K/home/kafando/Ros2_ws/src/mm_behaviors/include/mm_behaviors/utils.hpp:11:5:[m[K [01;36m[Knote: [m[K  candidate expects 4 arguments, 1 provided
[4.260s] [01m[K/home/kafando/Ros2_ws/src/mm_behaviors/include/mm_behaviors/utils.hpp:10:5:[m[K [01;36m[Knote: [m[Kcandidate: ‘[01m[KTargetPose::[01;32m[KTargetPose[m[K()[m[K’
[4.260s]    10 |     [01;36m[KTargetPose[m[K(){}
[4.260s]       |     [01;36m[K^~~~~~~~~~[m[K
[4.260s] [01m[K/home/kafando/Ros2_ws/src/mm_behaviors/include/mm_behaviors/utils.hpp:10:5:[m[K [01;36m[Knote: [m[K  candidate expects 0 arguments, 1 provided
[4.260s] [01m[K/home/kafando/Ros2_ws/src/mm_behaviors/include/mm_behaviors/utils.hpp:6:8:[m[K [01;36m[Knote: [m[Kcandidate: ‘[01m[Kconstexpr TargetPose::[01;32m[KTargetPose[m[K(const TargetPose&)[m[K’
[4.260s]     6 | struct [01;36m[KTargetPose[m[K{
[4.260s]       |        [01;36m[K^~~~~~~~~~[m[K
[4.260s] [01m[K/home/kafando/Ros2_ws/src/mm_behaviors/include/mm_behaviors/utils.hpp:6:8:[m[K [01;36m[Knote: [m[K  no known conversion for argument 1 from ‘[01m[Kint[m[K’ to ‘[01m[Kconst TargetPose&[m[K’
[4.260s] [01m[K/home/kafando/Ros2_ws/src/mm_behaviors/include/mm_behaviors/utils.hpp:6:8:[m[K [01;36m[Knote: [m[Kcandidate: ‘[01m[Kconstexpr TargetPose::[01;32m[KTargetPose[m[K(TargetPose&&)[m[K’
[4.260s] [01m[K/home/kafando/Ros2_ws/src/mm_behaviors/include/mm_behaviors/utils.hpp:6:8:[m[K [01;36m[Knote: [m[K  no known conversion for argument 1 from ‘[01m[Kint[m[K’ to ‘[01m[KTargetPose&&[m[K’
[4.260s] [01m[K/home/kafando/Ros2_ws/src/mm_behaviors/include/mm_behaviors/mm_moveit_actions.hpp:49:24:[m[K [01;31m[Kerror: [m[K‘[01m[Kbegin[m[K’ was not declared in this scope
[4.260s]    49 |             for(auto k:[01;31m[Kt[m[K){
[4.260s]       |                        [01;31m[K^[m[K
[4.260s] [01m[K/home/kafando/Ros2_ws/src/mm_behaviors/include/mm_behaviors/mm_moveit_actions.hpp:49:24:[m[K [01;36m[Knote: [m[Ksuggested alternatives:
[4.260s] In file included from [01m[K/opt/ros/jazzy/include/behaviortree_cpp/contrib/json.hpp:170[m[K,
[4.260s]                  from [01m[K/opt/ros/jazzy/include/behaviortree_cpp/blackboard.h:4[m[K,
[4.260s]                  from [01m[K/opt/ros/jazzy/include/behaviortree_cpp/tree_node.h:17[m[K:
[4.261s] [01m[K/usr/include/c++/13/valarray:1238:5:[m[K [01;36m[Knote: [m[K  ‘[01m[Kstd::begin[m[K’
[4.261s]  1238 |     [01;36m[Kbegin[m[K(const valarray<_Tp>& __va) noexcept
[4.261s]       |     [01;36m[K^~~~~[m[K
[4.261s] In file included from [01m[K/usr/include/c++/13/filesystem:50[m[K,
[4.261s]                  from [01m[K/opt/ros/jazzy/include/behaviortree_cpp/contrib/json.hpp:4643[m[K:
[4.261s] [01m[K/usr/include/c++/13/bits/fs_dir.h:607:3:[m[K [01;36m[Knote: [m[K  ‘[01m[Kstd::filesystem::__cxx11::begin[m[K’
[4.261s]   607 |   [01;36m[Kbegin[m[K(recursive_directory_iterator __iter) noexcept
[4.261s]       |   [01;36m[K^~~~~[m[K
[4.261s] [01m[K/home/kafando/Ros2_ws/src/mm_behaviors/include/mm_behaviors/mm_moveit_actions.hpp:49:24:[m[K [01;31m[Kerror: [m[K‘[01m[Kend[m[K’ was not declared in this scope
[4.261s]    49 |             for(auto k:[01;31m[Kt[m[K){
[4.261s]       |                        [01;31m[K^[m[K
[4.261s] [01m[K/home/kafando/Ros2_ws/src/mm_behaviors/include/mm_behaviors/mm_moveit_actions.hpp:49:24:[m[K [01;36m[Knote: [m[Ksuggested alternatives:
[4.261s] [01m[K/usr/include/c++/13/valarray:1265:5:[m[K [01;36m[Knote: [m[K  ‘[01m[Kstd::end[m[K’
[4.261s]  1265 |     [01;36m[Kend[m[K(const valarray<_Tp>& __va) noexcept
[4.261s]       |     [01;36m[K^~~[m[K
[4.261s] [01m[K/usr/include/c++/13/bits/fs_dir.h:612:3:[m[K [01;36m[Knote: [m[K  ‘[01m[Kstd::filesystem::__cxx11::end[m[K’
[4.261s]   612 |   [01;36m[Kend[m[K(recursive_directory_iterator) noexcept
[4.261s]       |   [01;36m[K^~~[m[K
[4.261s] In file included from [01m[K/usr/include/eigen3/Eigen/Core:265[m[K,
[4.261s]                  from [01m[K/usr/include/eigen3/Eigen/Geometry:11[m[K,
[4.261s]                  from [01m[K/home/kafando/ws_moveit/install/moveit_core/include/moveit_core/moveit/robot_model/joint_model.hpp:46[m[K,
[4.261s]                  from [01m[K/home/kafando/ws_moveit/install/moveit_core/include/moveit_core/moveit/robot_model/joint_model_group.hpp:40[m[K,
[4.261s]                  from [01m[K/home/kafando/ws_moveit/install/moveit_core/include/moveit_core/moveit/robot_model/robot_model.hpp:45[m[K,
[4.261s]                  from [01m[K/home/kafando/ws_moveit/install/moveit_core/include/moveit_core/moveit/robot_state/robot_state.hpp:40[m[K,
[4.261s]                  from [01m[K/home/kafando/ws_moveit/install/moveit_ros_planning_interface/include/moveit_ros_planning_interface/moveit/move_group_interface/move_group_interface.hpp:41[m[K,
[4.261s]                  from [01m[K/home/kafando/Ros2_ws/src/mm_behaviors/include/mm_behaviors/mm_moveit_actions.hpp:5[m[K:
[4.262s] [01m[K/usr/include/eigen3/Eigen/src/Core/util/IndexedViewHelper.h:181:40:[m[K [01;36m[Knote: [m[K  ‘[01m[KEigen::placeholders::end[m[K’
[4.262s]   181 |   EIGEN_DEPRECATED static const end_t  [01;36m[Kend[m[K  = Eigen::lastp1; // PLEASE use Eigen::lastp1 instead of Eigen::placeholders::end
[4.262s]       |                                        [01;36m[K^~~[m[K
[4.280s] [01m[K/home/kafando/Ros2_ws/src/mm_behaviors/src/mm_moveit_actions.cpp:[m[K In member function ‘[01m[Kvirtual BT::NodeStatus PlanForTheArm::[01;32m[Ktick[m[K()[m[K’:
[4.280s] [01m[K/home/kafando/Ros2_ws/src/mm_behaviors/src/mm_moveit_actions.cpp:39:29:[m[K [01;31m[Kerror: [m[K‘[01m[KPose3D[m[K’ was not declared in this scope
[4.280s]    39 |                 std::vector<[01;31m[KPose3D[m[K>* Poses = any_locked->castPtr<std::vector<Pose3D>>();
[4.280s]       |                             [01;31m[K^~~~~~[m[K
[4.280s] [01m[K/home/kafando/Ros2_ws/src/mm_behaviors/src/mm_moveit_actions.cpp:39:35:[m[K [01;31m[Kerror: [m[Ktemplate argument 1 is invalid
[4.280s]    39 |                 std::vector<Pose3D[01;31m[K>[m[K* Poses = any_locked->castPtr<std::vector<Pose3D>>();
[4.280s]       |                                   [01;31m[K^[m[K
[4.280s] [01m[K/home/kafando/Ros2_ws/src/mm_behaviors/src/mm_moveit_actions.cpp:39:35:[m[K [01;31m[Kerror: [m[Ktemplate argument 2 is invalid
[4.280s] [01m[K/home/kafando/Ros2_ws/src/mm_behaviors/src/mm_moveit_actions.cpp:39:78:[m[K [01;31m[Kerror: [m[Ktemplate argument 2 is invalid
[4.280s]    39 |                 std::vector<Pose3D>* Poses = any_locked->castPtr<std::vector<[01;31m[KPose3D[m[K>>();
[4.280s]       |                                                                              [01;31m[K^~~~~~[m[K
[4.280s] [01m[K/home/kafando/Ros2_ws/src/mm_behaviors/src/mm_moveit_actions.cpp:39:86:[m[K [01;31m[Kerror: [m[Kno matching function for call to ‘[01m[KBT::Any::castPtr<<expression error> >()[m[K’
[4.280s]    39 |                 std::vector<Pose3D>* Poses = [01;31m[Kany_locked->castPtr<std::vector<Pose3D>>()[m[K;
[4.280s]       |                                              [01;31m[K~~~~~~~~~~~~~~~~~~~~~~~~~~~~~~~~~~~~~~~~^~[m[K
[4.280s] In file included from [01m[K/opt/ros/jazzy/include/behaviortree_cpp/basic_types.h:5[m[K:
[4.280s] [01m[K/opt/ros/jazzy/include/behaviortree_cpp/utils/safe_any.hpp:184:20:[m[K [01;36m[Knote: [m[Kcandidate: ‘[01m[Ktemplate<class T> T* BT::Any::[01;32m[KcastPtr[m[K()[m[K’
[4.280s]   184 |   [[nodiscard]] T* [01;36m[KcastPtr[m[K()
[4.280s]       |                    [01;36m[K^~~~~~~[m[K
[4.280s] [01m[K/opt/ros/jazzy/include/behaviortree_cpp/utils/safe_any.hpp:184:20:[m[K [01;36m[Knote: [m[K  template argument deduction/substitution failed:
[4.280s] [01m[K/home/kafando/Ros2_ws/src/mm_behaviors/src/mm_moveit_actions.cpp:39:86:[m[K [01;31m[Kerror: [m[Ktemplate argument 1 is invalid
[4.280s]    39 |                 std::vector<Pose3D>* Poses = [01;31m[Kany_locked->castPtr<std::vector<Pose3D>>()[m[K;
[4.281s]       |                                              [01;31m[K~~~~~~~~~~~~~~~~~~~~~~~~~~~~~~~~~~~~~~~~^~[m[K
[4.281s] [01m[K/home/kafando/Ros2_ws/src/mm_behaviors/src/mm_moveit_actions.cpp:40:44:[m[K [01;31m[Kerror: [m[Krequest for member ‘[01m[Kbegin[m[K’ in ‘[01m[K* Poses[m[K’, which is of non-class type ‘[01m[Kint[m[K’
[4.281s]    40 |                 auto target_end = (*Poses).[01;31m[Kbegin[m[K() + std::min<size_t>(5, (*Poses).size());
[4.281s]       |                                            [01;31m[K^~~~~[m[K
[4.281s] [01m[K/home/kafando/Ros2_ws/src/mm_behaviors/src/mm_moveit_actions.cpp:40:83:[m[K [01;31m[Kerror: [m[Krequest for member ‘[01m[Ksize[m[K’ in ‘[01m[K* Poses[m[K’, which is of non-class type ‘[01m[Kint[m[K’
[4.281s]    40 |                 auto target_end = (*Poses).begin() + std::min<size_t>(5, (*Poses).[01;31m[Ksize[m[K());
[4.281s]       |                                                                                   [01;31m[K^~~~[m[K
[4.281s] [01m[K/home/kafando/Ros2_ws/src/mm_behaviors/src/mm_moveit_actions.cpp:41:37:[m[K [01;31m[Kerror: [m[Krequest for member ‘[01m[Kassign[m[K’ in ‘[01m[K((PlanForTheArm*)this)->PlanForTheArm::Objects_poses[m[K’, which is of non-class type ‘[01m[Kint[m[K’
[4.281s]    41 |                 this->Objects_poses.[01;31m[Kassign[m[K((*Poses).begin(), target_end);
[4.281s]       |                                     [01;31m[K^~~~~~[m[K
[4.281s] [01m[K/home/kafando/Ros2_ws/src/mm_behaviors/src/mm_moveit_actions.cpp:41:53:[m[K [01;31m[Kerror: [m[Krequest for member ‘[01m[Kbegin[m[K’ in ‘[01m[K* Poses[m[K’, which is of non-class type ‘[01m[Kint[m[K’
[4.281s]    41 |                 this->Objects_poses.assign((*Poses).[01;31m[Kbegin[m[K(), target_end);
[4.281s]       |                                                     [01;31m[K^~~~~[m[K
[4.290s] [01m[K/home/kafando/Ros2_ws/src/mm_behaviors/src/mm_moveit_actions.cpp:63:9:[m[K [01;31m[Kerror: [m[K‘[01m[Krobot_pose_in_map[m[K’ was not declared in this scope
[4.290s]    63 |         [01;31m[Krobot_pose_in_map[m[K.set__x(transformStamped.transform.translation.x);
[4.290s]       |         [01;31m[K^~~~~~~~~~~~~~~~~[m[K
[4.303s] [01m[K/home/kafando/Ros2_ws/src/mm_behaviors/src/mm_moveit_actions.cpp:67:9:[m[K [01;31m[Kerror: [m[K‘[01m[Krobot_pose_in_odom[m[K’ was not declared in this scope
[4.303s]    67 |         [01;31m[Krobot_pose_in_odom[m[K.set__x(transformStamped2.transform.translation.x);
[4.303s]       |         [01;31m[K^~~~~~~~~~~~~~~~~~[m[K
[4.309s] [01m[K/home/kafando/Ros2_ws/src/mm_behaviors/src/mm_moveit_actions.cpp:73:9:[m[K [01;31m[Kerror: [m[K‘[01m[Kobject_pose[m[K’ was not declared in this scope; did you mean ‘[01m[KObjects_poses[m[K’?
[4.310s]    73 |         [01;31m[Kobject_pose[m[K = this->Objects_poses.at(index);
[4.310s]       |         [01;31m[K^~~~~~~~~~~[m[K
[4.310s]       |         [32m[KObjects_poses[m[K
[4.310s] [01m[K/home/kafando/Ros2_ws/src/mm_behaviors/src/mm_moveit_actions.cpp:73:43:[m[K [01;31m[Kerror: [m[Krequest for member ‘[01m[Kat[m[K’ in ‘[01m[K((PlanForTheArm*)this)->PlanForTheArm::Objects_poses[m[K’, which is of non-class type ‘[01m[Kint[m[K’
[4.310s]    73 |         object_pose = this->Objects_poses.[01;31m[Kat[m[K(index);
[4.310s]       |                                           [01;31m[K^~[m[K
[4.318s] [01m[K/home/kafando/Ros2_ws/src/mm_behaviors/src/mm_moveit_actions.cpp:102:20:[m[K [01;31m[Kerror: [m[K‘[01m[Kobject_pose[m[K’ was not declared in this scope; did you mean ‘[01m[KObjects_poses[m[K’?
[4.318s]   102 |     theta = atan2(([01;31m[Kobject_pose[m[K.y-robot_pose_in_map.y),(object_pose.x-robot_pose_in_odom.x))+shift_theta;
[4.319s]       |                    [01;31m[K^~~~~~~~~~~[m[K
[4.319s]       |                    [32m[KObjects_poses[m[K
[4.328s] [01m[K/home/kafando/Ros2_ws/src/mm_behaviors/src/mm_moveit_actions.cpp:102:34:[m[K [01;31m[Kerror: [m[K‘[01m[Krobot_pose_in_map[m[K’ was not declared in this scope
[4.328s]   102 |     theta = atan2((object_pose.y-[01;31m[Krobot_pose_in_map[m[K.y),(object_pose.x-robot_pose_in_odom.x))+shift_theta;
[4.328s]       |                                  [01;31m[K^~~~~~~~~~~~~~~~~[m[K
[4.339s] [01m[K/home/kafando/Ros2_ws/src/mm_behaviors/src/mm_moveit_actions.cpp:102:70:[m[K [01;31m[Kerror: [m[K‘[01m[Krobot_pose_in_odom[m[K’ was not declared in this scope
[4.339s]   102 |     theta = atan2((object_pose.y-robot_pose_in_map.y),(object_pose.x-[01;31m[Krobot_pose_in_odom[m[K.x))+shift_theta;
[4.339s]       |                                                                      [01;31m[K^~~~~~~~~~~~~~~~~~[m[K
[4.360s] [01m[K/home/kafando/Ros2_ws/src/mm_behaviors/src/mm_moveit_actions.cpp:164:29:[m[K [01;31m[Kerror: [m[K‘[01m[KPose3D[m[K’ was not declared in this scope
[4.360s]   164 |                 std::vector<[01;31m[KPose3D[m[K>* Poses = any_locked->castPtr<std::vector<Pose3D>>();
[4.360s]       |                             [01;31m[K^~~~~~[m[K
[4.360s] [01m[K/home/kafando/Ros2_ws/src/mm_behaviors/src/mm_moveit_actions.cpp:164:35:[m[K [01;31m[Kerror: [m[Ktemplate argument 1 is invalid
[4.360s]   164 |                 std::vector<Pose3D[01;31m[K>[m[K* Poses = any_locked->castPtr<std::vector<Pose3D>>();
[4.360s]       |                                   [01;31m[K^[m[K
[4.360s] [01m[K/home/kafando/Ros2_ws/src/mm_behaviors/src/mm_moveit_actions.cpp:164:35:[m[K [01;31m[Kerror: [m[Ktemplate argument 2 is invalid
[4.360s] [01m[K/home/kafando/Ros2_ws/src/mm_behaviors/src/mm_moveit_actions.cpp:164:78:[m[K [01;31m[Kerror: [m[Ktemplate argument 2 is invalid
[4.360s]   164 |                 std::vector<Pose3D>* Poses = any_locked->castPtr<std::vector<[01;31m[KPose3D[m[K>>();
[4.361s]       |                                                                              [01;31m[K^~~~~~[m[K
[4.361s] [01m[K/home/kafando/Ros2_ws/src/mm_behaviors/src/mm_moveit_actions.cpp:164:86:[m[K [01;31m[Kerror: [m[Kno matching function for call to ‘[01m[KBT::Any::castPtr<<expression error> >()[m[K’
[4.361s]   164 |                 std::vector<Pose3D>* Poses = [01;31m[Kany_locked->castPtr<std::vector<Pose3D>>()[m[K;
[4.361s]       |                                              [01;31m[K~~~~~~~~~~~~~~~~~~~~~~~~~~~~~~~~~~~~~~~~^~[m[K
[4.361s] [01m[K/opt/ros/jazzy/include/behaviortree_cpp/utils/safe_any.hpp:184:20:[m[K [01;36m[Knote: [m[Kcandidate: ‘[01m[Ktemplate<class T> T* BT::Any::[01;32m[KcastPtr[m[K()[m[K’
[4.361s]   184 |   [[nodiscard]] T* [01;36m[KcastPtr[m[K()
[4.361s]       |                    [01;36m[K^~~~~~~[m[K
[4.361s] [01m[K/opt/ros/jazzy/include/behaviortree_cpp/utils/safe_any.hpp:184:20:[m[K [01;36m[Knote: [m[K  template argument deduction/substitution failed:
[4.361s] [01m[K/home/kafando/Ros2_ws/src/mm_behaviors/src/mm_moveit_actions.cpp:164:86:[m[K [01;31m[Kerror: [m[Ktemplate argument 1 is invalid
[4.361s]   164 |                 std::vector<Pose3D>* Poses = [01;31m[Kany_locked->castPtr<std::vector<Pose3D>>()[m[K;
[4.361s]       |                                              [01;31m[K~~~~~~~~~~~~~~~~~~~~~~~~~~~~~~~~~~~~~~~~^~[m[K
[4.361s] [01m[K/home/kafando/Ros2_ws/src/mm_behaviors/src/mm_moveit_actions.cpp:165:24:[m[K [01;31m[Kerror: [m[Krequest for member ‘[01m[Kerase[m[K’ in ‘[01m[K* Poses[m[K’, which is of non-class type ‘[01m[Kint[m[K’
[4.361s]   165 |                 Poses->[01;31m[Kerase[m[K(Poses->begin()+index);
[4.361s]       |                        [01;31m[K^~~~~[m[K
[4.361s] [01m[K/home/kafando/Ros2_ws/src/mm_behaviors/src/mm_moveit_actions.cpp:165:37:[m[K [01;31m[Kerror: [m[Krequest for member ‘[01m[Kbegin[m[K’ in ‘[01m[K* Poses[m[K’, which is of non-class type ‘[01m[Kint[m[K’
[4.361s]   165 |                 Poses->erase(Poses->[01;31m[Kbegin[m[K()+index);
[4.361s]       |                                     [01;31m[K^~~~~[m[K
[4.438s] In file included from [01m[K/home/kafando/Ros2_ws/src/mm_behaviors/include/mm_behaviors/mm_bt_node.hpp:9[m[K,
[4.438s]                  from [01m[K/home/kafando/Ros2_ws/src/mm_behaviors/src/mm_bt_node.cpp:1[m[K:
[4.438s] [01m[K/home/kafando/Ros2_ws/src/mm_behaviors/include/mm_behaviors/mm_moveit_actions.hpp:45:46:[m[K [01;31m[Kerror: [m[K‘[01m[KPose3D[m[K’ was not declared in this scope
[4.438s]    45 |          int get_near_pose_index(std::vector<[01;31m[KPose3D[m[K>& t,Pose3D& robot_pose){
[4.438s]       |                                              [01;31m[K^~~~~~[m[K
[4.438s] [01m[K/home/kafando/Ros2_ws/src/mm_behaviors/include/mm_behaviors/mm_moveit_actions.hpp:45:52:[m[K [01;31m[Kerror: [m[Ktemplate argument 1 is invalid
[4.438s]    45 |          int get_near_pose_index(std::vector<Pose3D[01;31m[K>[m[K& t,Pose3D& robot_pose){
[4.438s]       |                                                    [01;31m[K^[m[K
[4.438s] [01m[K/home/kafando/Ros2_ws/src/mm_behaviors/include/mm_behaviors/mm_moveit_actions.hpp:45:52:[m[K [01;31m[Kerror: [m[Ktemplate argument 2 is invalid
[4.438s] [01m[K/home/kafando/Ros2_ws/src/mm_behaviors/include/mm_behaviors/mm_moveit_actions.hpp:45:57:[m[K [01;31m[Kerror: [m[K‘[01m[KPose3D[m[K’ has not been declared
[4.438s]    45 |          int get_near_pose_index(std::vector<Pose3D>& t,[01;31m[KPose3D[m[K& robot_pose){
[4.438s]       |                                                         [01;31m[K^~~~~~[m[K
[4.439s] [01m[K/home/kafando/Ros2_ws/src/mm_behaviors/include/mm_behaviors/mm_moveit_actions.hpp:65:9:[m[K [01;31m[Kerror: [m[K‘[01m[KPose3D[m[K’ does not name a type
[4.439s]    65 |         [01;31m[KPose3D[m[K robot_pose_in_map;
[4.439s]       |         [01;31m[K^~~~~~[m[K
[4.440s] [01m[K/home/kafando/Ros2_ws/src/mm_behaviors/include/mm_behaviors/mm_moveit_actions.hpp:66:9:[m[K [01;31m[Kerror: [m[K‘[01m[KPose3D[m[K’ does not name a type
[4.440s]    66 |         [01;31m[KPose3D[m[K robot_pose_in_odom;
[4.440s]       |         [01;31m[K^~~~~~[m[K
[4.441s] [01m[K/home/kafando/Ros2_ws/src/mm_behaviors/include/mm_behaviors/mm_moveit_actions.hpp:68:9:[m[K [01;31m[Kerror: [m[K‘[01m[KPose3D[m[K’ does not name a type
[4.441s]    68 |         [01;31m[KPose3D[m[K object_pose;
[4.441s]       |         [01;31m[K^~~~~~[m[K
[4.447s] [01m[K/home/kafando/Ros2_ws/src/mm_behaviors/include/mm_behaviors/mm_moveit_actions.hpp:70:21:[m[K [01;31m[Kerror: [m[K‘[01m[KPose3D[m[K’ was not declared in this scope
[4.447s]    70 |         std::vector<[01;31m[KPose3D[m[K> Objects_poses;
[4.447s]       |                     [01;31m[K^~~~~~[m[K
[4.447s] [01m[K/home/kafando/Ros2_ws/src/mm_behaviors/include/mm_behaviors/mm_moveit_actions.hpp:70:27:[m[K [01;31m[Kerror: [m[Ktemplate argument 1 is invalid
[4.447s]    70 |         std::vector<Pose3D[01;31m[K>[m[K Objects_poses;
[4.447s]       |                           [01;31m[K^[m[K
[4.447s] [01m[K/home/kafando/Ros2_ws/src/mm_behaviors/include/mm_behaviors/mm_moveit_actions.hpp:70:27:[m[K [01;31m[Kerror: [m[Ktemplate argument 2 is invalid
[4.459s] [01m[K/home/kafando/Ros2_ws/src/mm_behaviors/include/mm_behaviors/mm_moveit_actions.hpp:[m[K In static member function ‘[01m[Kstatic BT::PortsList PlanForTheArm::[01;32m[KprovidedPorts[m[K()[m[K’:
[4.459s] [01m[K/home/kafando/Ros2_ws/src/mm_behaviors/include/mm_behaviors/mm_moveit_actions.hpp:36:43:[m[K [01;31m[Kerror: [m[K‘[01m[KPose3D[m[K’ was not declared in this scope
[4.459s]    36 |                 BT::InputPort<std::vector<[01;31m[KPose3D[m[K>>("objects_poses_vect"),
[4.459s]       |                                           [01;31m[K^~~~~~[m[K
[4.459s] [01m[K/home/kafando/Ros2_ws/src/mm_behaviors/include/mm_behaviors/mm_moveit_actions.hpp:36:43:[m[K [01;31m[Kerror: [m[Ktemplate argument 1 is invalid
[4.459s] [01m[K/home/kafando/Ros2_ws/src/mm_behaviors/include/mm_behaviors/mm_moveit_actions.hpp:36:43:[m[K [01;31m[Kerror: [m[Ktemplate argument 2 is invalid
[4.459s] [01m[K/home/kafando/Ros2_ws/src/mm_behaviors/include/mm_behaviors/mm_moveit_actions.hpp:36:51:[m[K [01;31m[Kerror: [m[Kno matching function for call to ‘[01m[KInputPort<<expression error> >(const char [19])[m[K’
[4.459s]    36 |                 [01;31m[KBT::InputPort<std::vector<Pose3D>>("objects_poses_vect")[m[K,
[4.459s]       |                 [01;31m[K~~~~~~~~~~~~~~~~~~~~~~~~~~~~~~~~~~^~~~~~~~~~~~~~~~~~~~~~[m[K
[4.460s] In file included from [01m[K/opt/ros/jazzy/include/behaviortree_cpp/tree_node.h:16[m[K,
[4.460s]                  from [01m[K/opt/ros/jazzy/include/behaviortree_cpp/leaf_node.h:17[m[K,
[4.460s]                  from [01m[K/opt/ros/jazzy/include/behaviortree_cpp/action_node.h:17[m[K,
[4.460s]                  from [01m[K/opt/ros/jazzy/include/behaviortree_cpp/behavior_tree.h:16[m[K,
[4.460s]                  from [01m[K/home/kafando/Ros2_ws/src/mm_behaviors/include/mm_behaviors/mm_bt_node.hpp:4[m[K:
[4.460s] [01m[K/opt/ros/jazzy/include/behaviortree_cpp/basic_types.h:484:1:[m[K [01;36m[Knote: [m[Kcandidate: ‘[01m[Ktemplate<class T> std::pair<std::__cxx11::basic_string<char>, BT::PortInfo> BT::[01;32m[KInputPort[m[K(StringView, StringView)[m[K’
[4.460s]   484 | [01;36m[KInputPort[m[K(StringView name, StringView description = {})
[4.460s]       | [01;36m[K^~~~~~~~~[m[K
[4.460s] [01m[K/opt/ros/jazzy/include/behaviortree_cpp/basic_types.h:484:1:[m[K [01;36m[Knote: [m[K  template argument deduction/substitution failed:
[4.460s] [01m[K/home/kafando/Ros2_ws/src/mm_behaviors/include/mm_behaviors/mm_moveit_actions.hpp:36:51:[m[K [01;31m[Kerror: [m[Ktemplate argument 1 is invalid
[4.460s]    36 |                 [01;31m[KBT::InputPort<std::vector<Pose3D>>("objects_poses_vect")[m[K,
[4.460s]       |                 [01;31m[K~~~~~~~~~~~~~~~~~~~~~~~~~~~~~~~~~~^~~~~~~~~~~~~~~~~~~~~~[m[K
[4.460s] [01m[K/opt/ros/jazzy/include/behaviortree_cpp/basic_types.h:554:1:[m[K [01;36m[Knote: [m[Kcandidate: ‘[01m[Ktemplate<class T, class DefaultT> std::pair<std::__cxx11::basic_string<char>, BT::PortInfo> BT::[01;32m[KInputPort[m[K(StringView, const DefaultT&, StringView)[m[K’
[4.460s]   554 | [01;36m[KInputPort[m[K(StringView name, const DefaultT& default_value, StringView description)
[4.460s]       | [01;36m[K^~~~~~~~~[m[K
[4.460s] [01m[K/opt/ros/jazzy/include/behaviortree_cpp/basic_types.h:554:1:[m[K [01;36m[Knote: [m[K  candidate expects 3 arguments, 1 provided
[4.460s] [01m[K/home/kafando/Ros2_ws/src/mm_behaviors/include/mm_behaviors/mm_moveit_actions.hpp:42:13:[m[K [01;31m[Kerror: [m[Kcould not convert ‘[01m[K{BT::InputPort(StringView, StringView) [with T = std::__cxx11::basic_string<char>; StringView = std::basic_string_view<char>](std::basic_string_view<char>()), <expression error>, BT::InputPort(StringView, StringView) [with T = double; StringView = std::basic_string_view<char>](std::basic_string_view<char>()), BT::InputPort(StringView, StringView) [with T = double; StringView = std::basic_string_view<char>](std::basic_string_view<char>()), BT::OutputPort(StringView, StringView) [with T = TargetPose; StringView = std::basic_string_view<char>](std::basic_string_view<char>()), BT::OutputPort(StringView, StringView) [with T = moveit_msgs::msg::RobotTrajectory_<std::allocator<void> >; StringView = std::basic_string_view<char>](std::basic_string_view<char>())}[m[K’ from ‘[01m[K<brace-enclosed initializer list>[m[K’ to ‘[01m[KBT::PortsList[m[K’ {aka ‘[01m[Kstd::unordered_map<std::__cxx11::basic_string<char>, BT::PortInfo>[m[K’}
[4.460s]    42 |             [01;31m[K}[m[K;
[4.460s]       |             [01;31m[K^[m[K
[4.460s]       |             [01;31m[K|[m[K
[4.460s]       |             [01;31m[K<brace-enclosed initializer list>[m[K
[4.460s] [01m[K/home/kafando/Ros2_ws/src/mm_behaviors/include/mm_behaviors/mm_moveit_actions.hpp:[m[K In member function ‘[01m[Kint PlanForTheArm::[01;32m[Kget_near_pose_index[m[K(int&, int&)[m[K’:
[4.461s] [01m[K/home/kafando/Ros2_ws/src/mm_behaviors/include/mm_behaviors/mm_moveit_actions.hpp:47:38:[m[K [01;31m[Kerror: [m[Kno matching function for call to ‘[01m[KTargetPose::TargetPose(<brace-enclosed initializer list>)[m[K’
[4.461s]    47 |             TargetPose rob{robot_pose[01;31m[K}[m[K;
[4.461s]       |                                      [01;31m[K^[m[K
[4.461s] In file included from [01m[K/home/kafando/Ros2_ws/src/mm_behaviors/include/mm_behaviors/mm_moveit_actions.hpp:16[m[K:
[4.461s] [01m[K/home/kafando/Ros2_ws/src/mm_behaviors/include/mm_behaviors/utils.hpp:18:5:[m[K [01;36m[Knote: [m[Kcandidate: ‘[01m[KTargetPose::[01;32m[KTargetPose[m[K(Pose3D)[m[K’
[4.461s]    18 |     [01;36m[KTargetPose[m[K(Pose3D L){
[4.461s]       |     [01;36m[K^~~~~~~~~~[m[K
[4.461s] [01m[K/home/kafando/Ros2_ws/src/mm_behaviors/include/mm_behaviors/utils.hpp:18:23:[m[K [01;36m[Knote: [m[K  no known conversion for argument 1 from ‘[01m[Kint[m[K’ to ‘[01m[KTargetPose::Pose3D[m[K’ {aka ‘[01m[Kgeometry_msgs::msg::Point_<std::allocator<void> >[m[K’}
[4.461s]    18 |     TargetPose([01;36m[KPose3D L[m[K){
[4.461s]       |                [01;36m[K~~~~~~~^[m[K
[4.461s] [01m[K/home/kafando/Ros2_ws/src/mm_behaviors/include/mm_behaviors/utils.hpp:11:5:[m[K [01;36m[Knote: [m[Kcandidate: ‘[01m[KTargetPose::[01;32m[KTargetPose[m[K(double, double, double, double)[m[K’
[4.461s]    11 |     [01;36m[KTargetPose[m[K(double x,double y,double z,double theta){
[4.461s]       |     [01;36m[K^~~~~~~~~~[m[K
[4.461s] [01m[K/home/kafando/Ros2_ws/src/mm_behaviors/include/mm_behaviors/utils.hpp:11:5:[m[K [01;36m[Knote: [m[K  candidate expects 4 arguments, 1 provided
[4.461s] [01m[K/home/kafando/Ros2_ws/src/mm_behaviors/include/mm_behaviors/utils.hpp:10:5:[m[K [01;36m[Knote: [m[Kcandidate: ‘[01m[KTargetPose::[01;32m[KTargetPose[m[K()[m[K’
[4.461s]    10 |     [01;36m[KTargetPose[m[K(){}
[4.461s]       |     [01;36m[K^~~~~~~~~~[m[K
[4.461s] [01m[K/home/kafando/Ros2_ws/src/mm_behaviors/include/mm_behaviors/utils.hpp:10:5:[m[K [01;36m[Knote: [m[K  candidate expects 0 arguments, 1 provided
[4.461s] [01m[K/home/kafando/Ros2_ws/src/mm_behaviors/include/mm_behaviors/utils.hpp:6:8:[m[K [01;36m[Knote: [m[Kcandidate: ‘[01m[Kconstexpr TargetPose::[01;32m[KTargetPose[m[K(const TargetPose&)[m[K’
[4.461s]     6 | struct [01;36m[KTargetPose[m[K{
[4.461s]       |        [01;36m[K^~~~~~~~~~[m[K
[4.461s] [01m[K/home/kafando/Ros2_ws/src/mm_behaviors/include/mm_behaviors/utils.hpp:6:8:[m[K [01;36m[Knote: [m[K  no known conversion for argument 1 from ‘[01m[Kint[m[K’ to ‘[01m[Kconst TargetPose&[m[K’
[4.461s] [01m[K/home/kafando/Ros2_ws/src/mm_behaviors/include/mm_behaviors/utils.hpp:6:8:[m[K [01;36m[Knote: [m[Kcandidate: ‘[01m[Kconstexpr TargetPose::[01;32m[KTargetPose[m[K(TargetPose&&)[m[K’
[4.462s] [01m[K/home/kafando/Ros2_ws/src/mm_behaviors/include/mm_behaviors/utils.hpp:6:8:[m[K [01;36m[Knote: [m[K  no known conversion for argument 1 from ‘[01m[Kint[m[K’ to ‘[01m[KTargetPose&&[m[K’
[4.462s] [01m[K/home/kafando/Ros2_ws/src/mm_behaviors/include/mm_behaviors/mm_moveit_actions.hpp:49:24:[m[K [01;31m[Kerror: [m[K‘[01m[Kbegin[m[K’ was not declared in this scope
[4.462s]    49 |             for(auto k:[01;31m[Kt[m[K){
[4.462s]       |                        [01;31m[K^[m[K
[4.462s] [01m[K/home/kafando/Ros2_ws/src/mm_behaviors/include/mm_behaviors/mm_moveit_actions.hpp:49:24:[m[K [01;36m[Knote: [m[Ksuggested alternatives:
[4.462s] In file included from [01m[K/opt/ros/jazzy/include/behaviortree_cpp/contrib/json.hpp:170[m[K,
[4.462s]                  from [01m[K/opt/ros/jazzy/include/behaviortree_cpp/blackboard.h:4[m[K,
[4.462s]                  from [01m[K/opt/ros/jazzy/include/behaviortree_cpp/tree_node.h:17[m[K:
[4.462s] [01m[K/usr/include/c++/13/valarray:1238:5:[m[K [01;36m[Knote: [m[K  ‘[01m[Kstd::begin[m[K’
[4.462s]  1238 |     [01;36m[Kbegin[m[K(const valarray<_Tp>& __va) noexcept
[4.462s]       |     [01;36m[K^~~~~[m[K
[4.462s] In file included from [01m[K/usr/include/c++/13/filesystem:50[m[K,
[4.462s]                  from [01m[K/opt/ros/jazzy/include/behaviortree_cpp/contrib/json.hpp:4643[m[K:
[4.462s] [01m[K/usr/include/c++/13/bits/fs_dir.h:607:3:[m[K [01;36m[Knote: [m[K  ‘[01m[Kstd::filesystem::__cxx11::begin[m[K’
[4.462s]   607 |   [01;36m[Kbegin[m[K(recursive_directory_iterator __iter) noexcept
[4.462s]       |   [01;36m[K^~~~~[m[K
[4.462s] [01m[K/home/kafando/Ros2_ws/src/mm_behaviors/include/mm_behaviors/mm_moveit_actions.hpp:49:24:[m[K [01;31m[Kerror: [m[K‘[01m[Kend[m[K’ was not declared in this scope
[4.462s]    49 |             for(auto k:[01;31m[Kt[m[K){
[4.462s]       |                        [01;31m[K^[m[K
[4.462s] [01m[K/home/kafando/Ros2_ws/src/mm_behaviors/include/mm_behaviors/mm_moveit_actions.hpp:49:24:[m[K [01;36m[Knote: [m[Ksuggested alternatives:
[4.462s] [01m[K/usr/include/c++/13/valarray:1265:5:[m[K [01;36m[Knote: [m[K  ‘[01m[Kstd::end[m[K’
[4.462s]  1265 |     [01;36m[Kend[m[K(const valarray<_Tp>& __va) noexcept
[4.462s]       |     [01;36m[K^~~[m[K
[4.462s] [01m[K/usr/include/c++/13/bits/fs_dir.h:612:3:[m[K [01;36m[Knote: [m[K  ‘[01m[Kstd::filesystem::__cxx11::end[m[K’
[4.462s]   612 |   [01;36m[Kend[m[K(recursive_directory_iterator) noexcept
[4.463s]       |   [01;36m[K^~~[m[K
[4.463s] In file included from [01m[K/usr/include/eigen3/Eigen/Core:265[m[K,
[4.463s]                  from [01m[K/usr/include/eigen3/Eigen/Geometry:11[m[K,
[4.463s]                  from [01m[K/home/kafando/ws_moveit/install/moveit_core/include/moveit_core/moveit/robot_model/joint_model.hpp:46[m[K,
[4.463s]                  from [01m[K/home/kafando/ws_moveit/install/moveit_core/include/moveit_core/moveit/robot_model/joint_model_group.hpp:40[m[K,
[4.463s]                  from [01m[K/home/kafando/ws_moveit/install/moveit_core/include/moveit_core/moveit/robot_model/robot_model.hpp:45[m[K,
[4.463s]                  from [01m[K/home/kafando/ws_moveit/install/moveit_core/include/moveit_core/moveit/robot_state/robot_state.hpp:40[m[K,
[4.463s]                  from [01m[K/home/kafando/ws_moveit/install/moveit_ros_planning_interface/include/moveit_ros_planning_interface/moveit/move_group_interface/move_group_interface.hpp:41[m[K,
[4.463s]                  from [01m[K/home/kafando/Ros2_ws/src/mm_behaviors/include/mm_behaviors/mm_moveit_actions.hpp:5[m[K:
[4.463s] [01m[K/usr/include/eigen3/Eigen/src/Core/util/IndexedViewHelper.h:181:40:[m[K [01;36m[Knote: [m[K  ‘[01m[KEigen::placeholders::end[m[K’
[4.463s]   181 |   EIGEN_DEPRECATED static const end_t  [01;36m[Kend[m[K  = Eigen::lastp1; // PLEASE use Eigen::lastp1 instead of Eigen::placeholders::end
[4.463s]       |                                        [01;36m[K^~~[m[K
[7.225s] gmake[2]: *** [CMakeFiles/wstta_robot_bt_node.dir/build.make:104: CMakeFiles/wstta_robot_bt_node.dir/src/mm_moveit_actions.cpp.o] Error 1
[7.396s] gmake[2]: *** [CMakeFiles/wstta_robot_bt_node.dir/build.make:76: CMakeFiles/wstta_robot_bt_node.dir/src/mm_bt_node.cpp.o] Error 1
[7.396s] gmake[1]: *** [CMakeFiles/Makefile2:137: CMakeFiles/wstta_robot_bt_node.dir/all] Error 2
[7.396s] gmake: *** [Makefile:146: all] Error 2
[7.399s] Invoked command in '/home/kafando/Ros2_ws/build/mm_behaviors' returned '2': CMAKE_PREFIX_PATH=${CMAKE_PREFIX_PATH}:/home/kafando/ws_moveit/install/moveit_configs_utils:/opt/ros/jazzy DEBUGINFOD_URLS=https://debuginfod.ubuntu.com /usr/bin/cmake --build /home/kafando/Ros2_ws/build/mm_behaviors -- -j16 -l16
