[0.102s] Invoking command in '/home/kafando/Ros2_ws/build/custom_interfaces': CMAKE_PREFIX_PATH=${CMAKE_PREFIX_PATH}:/home/kafando/ws_moveit/install/moveit_configs_utils:/opt/ros/jazzy DEBUGINFOD_URLS=https://debuginfod.ubuntu.com /usr/bin/cmake --build /home/kafando/Ros2_ws/build/custom_interfaces -- -j16 -l16
[0.240s] [  1%] Built target custom_interfaces__rosidl_generator_type_description
[0.240s] [  3%] Built target custom_interfaces__rs
[0.263s] [  3%] Built target ament_cmake_python_copy_custom_interfaces
[0.288s] [  4%] Built target custom_interfaces__cpp
[0.289s] [ 26%] Built target custom_interfaces__rosidl_generator_c
[0.347s] [ 40%] Built target custom_interfaces__rosidl_typesupport_cpp
[0.347s] [ 44%] Built target custom_interfaces__rosidl_typesupport_fastrtps_c
[0.412s] [ 53%] Built target custom_interfaces__rosidl_typesupport_introspection_cpp
[0.413s] [ 63%] Built target custom_interfaces__rosidl_typesupport_fastrtps_cpp
[0.469s] [ 81%] Built target custom_interfaces__rosidl_typesupport_c
[0.469s] [ 81%] Built target custom_interfaces__rosidl_typesupport_introspection_c
[0.521s] [ 81%] Built target custom_interfaces
[0.575s] [ 83%] Built target custom_interfaces__py
[0.626s] [ 90%] Built target custom_interfaces__rosidl_generator_py
[0.674s] [ 96%] Built target custom_interfaces_s__rosidl_typesupport_fastrtps_c
[0.674s] [ 96%] Built target custom_interfaces_s__rosidl_typesupport_introspection_c
[0.724s] [100%] Built target custom_interfaces_s__rosidl_typesupport_c
[0.769s] running egg_info
[0.815s] writing custom_interfaces.egg-info/PKG-INFO
[0.816s] writing dependency_links to custom_interfaces.egg-info/dependency_links.txt
[0.816s] writing top-level names to custom_interfaces.egg-info/top_level.txt
[0.957s] reading manifest file 'custom_interfaces.egg-info/SOURCES.txt'
[0.958s] writing manifest file 'custom_interfaces.egg-info/SOURCES.txt'
[1.023s] [100%] Built target ament_cmake_python_build_custom_interfaces_egg
[1.047s] Invoked command in '/home/kafando/Ros2_ws/build/custom_interfaces' returned '0': CMAKE_PREFIX_PATH=${CMAKE_PREFIX_PATH}:/home/kafando/ws_moveit/install/moveit_configs_utils:/opt/ros/jazzy DEBUGINFOD_URLS=https://debuginfod.ubuntu.com /usr/bin/cmake --build /home/kafando/Ros2_ws/build/custom_interfaces -- -j16 -l16
[1.049s] Invoking command in '/home/kafando/Ros2_ws/build/custom_interfaces': CMAKE_PREFIX_PATH=${CMAKE_PREFIX_PATH}:/home/kafando/ws_moveit/install/moveit_configs_utils:/opt/ros/jazzy DEBUGINFOD_URLS=https://debuginfod.ubuntu.com /usr/bin/cmake --install /home/kafando/Ros2_ws/build/custom_interfaces
[1.068s] -- Install configuration: ""
[1.069s] -- Up-to-date: /home/kafando/Ros2_ws/install/custom_interfaces/share/ament_index/resource_index/rosidl_interfaces/custom_interfaces
[1.069s] -- Up-to-date: /home/kafando/Ros2_ws/install/custom_interfaces/share/custom_interfaces/msg/CustomMessage.json
[1.069s] -- Up-to-date: /home/kafando/Ros2_ws/install/custom_interfaces/share/custom_interfaces/srv/ConcatStrings.json
[1.069s] -- Up-to-date: /home/kafando/Ros2_ws/install/custom_interfaces/share/custom_interfaces/action/CustomAction.json
[1.069s] -- Up-to-date: /home/kafando/Ros2_ws/install/custom_interfaces/share/custom_interfaces/action/ReachLocation.json
[1.069s] -- Up-to-date: /home/kafando/Ros2_ws/install/custom_interfaces/include/custom_interfaces/custom_interfaces
[1.069s] -- Up-to-date: /home/kafando/Ros2_ws/install/custom_interfaces/include/custom_interfaces/custom_interfaces/msg
[1.069s] -- Up-to-date: /home/kafando/Ros2_ws/install/custom_interfaces/include/custom_interfaces/custom_interfaces/msg/detail
[1.070s] -- Up-to-date: /home/kafando/Ros2_ws/install/custom_interfaces/include/custom_interfaces/custom_interfaces/msg/detail/custom_message__functions.h
[1.070s] -- Up-to-date: /home/kafando/Ros2_ws/install/custom_interfaces/include/custom_interfaces/custom_interfaces/msg/detail/custom_message__type_support.h
[1.070s] -- Up-to-date: /home/kafando/Ros2_ws/install/custom_interfaces/include/custom_interfaces/custom_interfaces/msg/detail/custom_message__type_support.c
[1.070s] -- Up-to-date: /home/kafando/Ros2_ws/install/custom_interfaces/include/custom_interfaces/custom_interfaces/msg/detail/custom_message__functions.c
[1.072s] -- Up-to-date: /home/kafando/Ros2_ws/install/custom_interfaces/include/custom_interfaces/custom_interfaces/msg/detail/custom_message__struct.h
[1.072s] -- Up-to-date: /home/kafando/Ros2_ws/install/custom_interfaces/include/custom_interfaces/custom_interfaces/msg/detail/custom_message__description.c
[1.072s] -- Up-to-date: /home/kafando/Ros2_ws/install/custom_interfaces/include/custom_interfaces/custom_interfaces/msg/custom_message.h
[1.073s] -- Up-to-date: /home/kafando/Ros2_ws/install/custom_interfaces/include/custom_interfaces/custom_interfaces/msg/rosidl_generator_c__visibility_control.h
[1.073s] -- Up-to-date: /home/kafando/Ros2_ws/install/custom_interfaces/include/custom_interfaces/custom_interfaces/srv
[1.073s] -- Up-to-date: /home/kafando/Ros2_ws/install/custom_interfaces/include/custom_interfaces/custom_interfaces/srv/detail
[1.073s] -- Up-to-date: /home/kafando/Ros2_ws/install/custom_interfaces/include/custom_interfaces/custom_interfaces/srv/detail/concat_strings__type_support.h
[1.073s] -- Up-to-date: /home/kafando/Ros2_ws/install/custom_interfaces/include/custom_interfaces/custom_interfaces/srv/detail/concat_strings__type_support.c
[1.073s] -- Up-to-date: /home/kafando/Ros2_ws/install/custom_interfaces/include/custom_interfaces/custom_interfaces/srv/detail/concat_strings__functions.h
[1.073s] -- Up-to-date: /home/kafando/Ros2_ws/install/custom_interfaces/include/custom_interfaces/custom_interfaces/srv/detail/concat_strings__functions.c
[1.073s] -- Up-to-date: /home/kafando/Ros2_ws/install/custom_interfaces/include/custom_interfaces/custom_interfaces/srv/detail/concat_strings__struct.h
[1.074s] -- Up-to-date: /home/kafando/Ros2_ws/install/custom_interfaces/include/custom_interfaces/custom_interfaces/srv/detail/concat_strings__description.c
[1.074s] -- Up-to-date: /home/kafando/Ros2_ws/install/custom_interfaces/include/custom_interfaces/custom_interfaces/srv/concat_strings.h
[1.074s] -- Up-to-date: /home/kafando/Ros2_ws/install/custom_interfaces/include/custom_interfaces/custom_interfaces/action
[1.074s] -- Up-to-date: /home/kafando/Ros2_ws/install/custom_interfaces/include/custom_interfaces/custom_interfaces/action/detail
[1.074s] -- Up-to-date: /home/kafando/Ros2_ws/install/custom_interfaces/include/custom_interfaces/custom_interfaces/action/detail/custom_action__description.c
[1.074s] -- Up-to-date: /home/kafando/Ros2_ws/install/custom_interfaces/include/custom_interfaces/custom_interfaces/action/detail/reach_location__functions.c
[1.075s] -- Up-to-date: /home/kafando/Ros2_ws/install/custom_interfaces/include/custom_interfaces/custom_interfaces/action/detail/reach_location__struct.h
[1.075s] -- Up-to-date: /home/kafando/Ros2_ws/install/custom_interfaces/include/custom_interfaces/custom_interfaces/action/detail/reach_location__type_support.h
[1.075s] -- Up-to-date: /home/kafando/Ros2_ws/install/custom_interfaces/include/custom_interfaces/custom_interfaces/action/detail/custom_action__functions.h
[1.075s] -- Up-to-date: /home/kafando/Ros2_ws/install/custom_interfaces/include/custom_interfaces/custom_interfaces/action/detail/reach_location__functions.h
[1.075s] -- Up-to-date: /home/kafando/Ros2_ws/install/custom_interfaces/include/custom_interfaces/custom_interfaces/action/detail/reach_location__type_support.c
[1.075s] -- Up-to-date: /home/kafando/Ros2_ws/install/custom_interfaces/include/custom_interfaces/custom_interfaces/action/detail/reach_location__description.c
[1.075s] -- Up-to-date: /home/kafando/Ros2_ws/install/custom_interfaces/include/custom_interfaces/custom_interfaces/action/detail/custom_action__functions.c
[1.076s] -- Up-to-date: /home/kafando/Ros2_ws/install/custom_interfaces/include/custom_interfaces/custom_interfaces/action/detail/custom_action__type_support.c
[1.076s] -- Up-to-date: /home/kafando/Ros2_ws/install/custom_interfaces/include/custom_interfaces/custom_interfaces/action/detail/custom_action__type_support.h
[1.076s] -- Up-to-date: /home/kafando/Ros2_ws/install/custom_interfaces/include/custom_interfaces/custom_interfaces/action/detail/custom_action__struct.h
[1.076s] -- Up-to-date: /home/kafando/Ros2_ws/install/custom_interfaces/include/custom_interfaces/custom_interfaces/action/reach_location.h
[1.076s] -- Up-to-date: /home/kafando/Ros2_ws/install/custom_interfaces/include/custom_interfaces/custom_interfaces/action/custom_action.h
[1.077s] -- Up-to-date: /home/kafando/Ros2_ws/install/custom_interfaces/share/custom_interfaces/environment/library_path.sh
[1.077s] -- Up-to-date: /home/kafando/Ros2_ws/install/custom_interfaces/share/custom_interfaces/environment/library_path.dsv
[1.077s] -- Up-to-date: /home/kafando/Ros2_ws/install/custom_interfaces/lib/libcustom_interfaces__rosidl_generator_c.so
[1.077s] -- Up-to-date: /home/kafando/Ros2_ws/install/custom_interfaces/include/custom_interfaces/custom_interfaces
[1.077s] -- Up-to-date: /home/kafando/Ros2_ws/install/custom_interfaces/include/custom_interfaces/custom_interfaces/msg
[1.077s] -- Up-to-date: /home/kafando/Ros2_ws/install/custom_interfaces/include/custom_interfaces/custom_interfaces/msg/detail
[1.077s] -- Up-to-date: /home/kafando/Ros2_ws/install/custom_interfaces/include/custom_interfaces/custom_interfaces/msg/detail/custom_message__rosidl_typesupport_fastrtps_c.h
[1.077s] -- Up-to-date: /home/kafando/Ros2_ws/install/custom_interfaces/include/custom_interfaces/custom_interfaces/msg/rosidl_typesupport_fastrtps_c__visibility_control.h
[1.077s] -- Up-to-date: /home/kafando/Ros2_ws/install/custom_interfaces/include/custom_interfaces/custom_interfaces/srv
[1.077s] -- Up-to-date: /home/kafando/Ros2_ws/install/custom_interfaces/include/custom_interfaces/custom_interfaces/srv/detail
[1.077s] -- Up-to-date: /home/kafando/Ros2_ws/install/custom_interfaces/include/custom_interfaces/custom_interfaces/srv/detail/concat_strings__rosidl_typesupport_fastrtps_c.h
[1.077s] -- Up-to-date: /home/kafando/Ros2_ws/install/custom_interfaces/include/custom_interfaces/custom_interfaces/action
[1.078s] -- Up-to-date: /home/kafando/Ros2_ws/install/custom_interfaces/include/custom_interfaces/custom_interfaces/action/detail
[1.078s] -- Up-to-date: /home/kafando/Ros2_ws/install/custom_interfaces/include/custom_interfaces/custom_interfaces/action/detail/reach_location__rosidl_typesupport_fastrtps_c.h
[1.078s] -- Up-to-date: /home/kafando/Ros2_ws/install/custom_interfaces/include/custom_interfaces/custom_interfaces/action/detail/custom_action__rosidl_typesupport_fastrtps_c.h
[1.078s] -- Up-to-date: /home/kafando/Ros2_ws/install/custom_interfaces/lib/libcustom_interfaces__rosidl_typesupport_fastrtps_c.so
[1.078s] -- Up-to-date: /home/kafando/Ros2_ws/install/custom_interfaces/include/custom_interfaces/custom_interfaces
[1.078s] -- Up-to-date: /home/kafando/Ros2_ws/install/custom_interfaces/include/custom_interfaces/custom_interfaces/msg
[1.078s] -- Up-to-date: /home/kafando/Ros2_ws/install/custom_interfaces/include/custom_interfaces/custom_interfaces/msg/detail
[1.078s] -- Up-to-date: /home/kafando/Ros2_ws/install/custom_interfaces/include/custom_interfaces/custom_interfaces/msg/detail/custom_message__type_support.c
[1.078s] -- Up-to-date: /home/kafando/Ros2_ws/install/custom_interfaces/include/custom_interfaces/custom_interfaces/msg/detail/custom_message__rosidl_typesupport_introspection_c.h
[1.078s] -- Up-to-date: /home/kafando/Ros2_ws/install/custom_interfaces/include/custom_interfaces/custom_interfaces/msg/rosidl_typesupport_introspection_c__visibility_control.h
[1.079s] -- Up-to-date: /home/kafando/Ros2_ws/install/custom_interfaces/include/custom_interfaces/custom_interfaces/srv
[1.079s] -- Up-to-date: /home/kafando/Ros2_ws/install/custom_interfaces/include/custom_interfaces/custom_interfaces/srv/detail
[1.079s] -- Up-to-date: /home/kafando/Ros2_ws/install/custom_interfaces/include/custom_interfaces/custom_interfaces/srv/detail/concat_strings__type_support.c
[1.079s] -- Up-to-date: /home/kafando/Ros2_ws/install/custom_interfaces/include/custom_interfaces/custom_interfaces/srv/detail/concat_strings__rosidl_typesupport_introspection_c.h
[1.079s] -- Up-to-date: /home/kafando/Ros2_ws/install/custom_interfaces/include/custom_interfaces/custom_interfaces/action
[1.079s] -- Up-to-date: /home/kafando/Ros2_ws/install/custom_interfaces/include/custom_interfaces/custom_interfaces/action/detail
[1.079s] -- Up-to-date: /home/kafando/Ros2_ws/install/custom_interfaces/include/custom_interfaces/custom_interfaces/action/detail/reach_location__rosidl_typesupport_introspection_c.h
[1.079s] -- Up-to-date: /home/kafando/Ros2_ws/install/custom_interfaces/include/custom_interfaces/custom_interfaces/action/detail/custom_action__rosidl_typesupport_introspection_c.h
[1.080s] -- Up-to-date: /home/kafando/Ros2_ws/install/custom_interfaces/include/custom_interfaces/custom_interfaces/action/detail/reach_location__type_support.c
[1.080s] -- Up-to-date: /home/kafando/Ros2_ws/install/custom_interfaces/include/custom_interfaces/custom_interfaces/action/detail/custom_action__type_support.c
[1.080s] -- Up-to-date: /home/kafando/Ros2_ws/install/custom_interfaces/lib/libcustom_interfaces__rosidl_typesupport_introspection_c.so
[1.080s] -- Up-to-date: /home/kafando/Ros2_ws/install/custom_interfaces/lib/libcustom_interfaces__rosidl_typesupport_c.so
[1.080s] -- Up-to-date: /home/kafando/Ros2_ws/install/custom_interfaces/include/custom_interfaces/custom_interfaces
[1.080s] -- Up-to-date: /home/kafando/Ros2_ws/install/custom_interfaces/include/custom_interfaces/custom_interfaces/msg
[1.081s] -- Up-to-date: /home/kafando/Ros2_ws/install/custom_interfaces/include/custom_interfaces/custom_interfaces/msg/detail
[1.081s] -- Up-to-date: /home/kafando/Ros2_ws/install/custom_interfaces/include/custom_interfaces/custom_interfaces/msg/detail/custom_message__traits.hpp
[1.081s] -- Up-to-date: /home/kafando/Ros2_ws/install/custom_interfaces/include/custom_interfaces/custom_interfaces/msg/detail/custom_message__type_support.hpp
[1.081s] -- Up-to-date: /home/kafando/Ros2_ws/install/custom_interfaces/include/custom_interfaces/custom_interfaces/msg/detail/custom_message__builder.hpp
[1.081s] -- Up-to-date: /home/kafando/Ros2_ws/install/custom_interfaces/include/custom_interfaces/custom_interfaces/msg/detail/custom_message__struct.hpp
[1.081s] -- Up-to-date: /home/kafando/Ros2_ws/install/custom_interfaces/include/custom_interfaces/custom_interfaces/msg/rosidl_generator_cpp__visibility_control.hpp
[1.081s] -- Up-to-date: /home/kafando/Ros2_ws/install/custom_interfaces/include/custom_interfaces/custom_interfaces/msg/custom_message.hpp
[1.082s] -- Up-to-date: /home/kafando/Ros2_ws/install/custom_interfaces/include/custom_interfaces/custom_interfaces/srv
[1.082s] -- Up-to-date: /home/kafando/Ros2_ws/install/custom_interfaces/include/custom_interfaces/custom_interfaces/srv/detail
[1.082s] -- Up-to-date: /home/kafando/Ros2_ws/install/custom_interfaces/include/custom_interfaces/custom_interfaces/srv/detail/concat_strings__builder.hpp
[1.082s] -- Up-to-date: /home/kafando/Ros2_ws/install/custom_interfaces/include/custom_interfaces/custom_interfaces/srv/detail/concat_strings__type_support.hpp
[1.082s] -- Up-to-date: /home/kafando/Ros2_ws/install/custom_interfaces/include/custom_interfaces/custom_interfaces/srv/detail/concat_strings__struct.hpp
[1.082s] -- Up-to-date: /home/kafando/Ros2_ws/install/custom_interfaces/include/custom_interfaces/custom_interfaces/srv/detail/concat_strings__traits.hpp
[1.082s] -- Up-to-date: /home/kafando/Ros2_ws/install/custom_interfaces/include/custom_interfaces/custom_interfaces/srv/concat_strings.hpp
[1.082s] -- Up-to-date: /home/kafando/Ros2_ws/install/custom_interfaces/include/custom_interfaces/custom_interfaces/action
[1.082s] -- Up-to-date: /home/kafando/Ros2_ws/install/custom_interfaces/include/custom_interfaces/custom_interfaces/action/detail
[1.083s] -- Up-to-date: /home/kafando/Ros2_ws/install/custom_interfaces/include/custom_interfaces/custom_interfaces/action/detail/reach_location__traits.hpp
[1.083s] -- Up-to-date: /home/kafando/Ros2_ws/install/custom_interfaces/include/custom_interfaces/custom_interfaces/action/detail/reach_location__type_support.hpp
[1.083s] -- Up-to-date: /home/kafando/Ros2_ws/install/custom_interfaces/include/custom_interfaces/custom_interfaces/action/detail/custom_action__traits.hpp
[1.083s] -- Up-to-date: /home/kafando/Ros2_ws/install/custom_interfaces/include/custom_interfaces/custom_interfaces/action/detail/reach_location__builder.hpp
[1.083s] -- Up-to-date: /home/kafando/Ros2_ws/install/custom_interfaces/include/custom_interfaces/custom_interfaces/action/detail/reach_location__struct.hpp
[1.083s] -- Up-to-date: /home/kafando/Ros2_ws/install/custom_interfaces/include/custom_interfaces/custom_interfaces/action/detail/custom_action__type_support.hpp
[1.083s] -- Up-to-date: /home/kafando/Ros2_ws/install/custom_interfaces/include/custom_interfaces/custom_interfaces/action/detail/custom_action__builder.hpp
[1.083s] -- Up-to-date: /home/kafando/Ros2_ws/install/custom_interfaces/include/custom_interfaces/custom_interfaces/action/detail/custom_action__struct.hpp
[1.083s] -- Up-to-date: /home/kafando/Ros2_ws/install/custom_interfaces/include/custom_interfaces/custom_interfaces/action/reach_location.hpp
[1.083s] -- Up-to-date: /home/kafando/Ros2_ws/install/custom_interfaces/include/custom_interfaces/custom_interfaces/action/custom_action.hpp
[1.084s] -- Up-to-date: /home/kafando/Ros2_ws/install/custom_interfaces/include/custom_interfaces/custom_interfaces
[1.084s] -- Up-to-date: /home/kafando/Ros2_ws/install/custom_interfaces/include/custom_interfaces/custom_interfaces/msg
[1.084s] -- Up-to-date: /home/kafando/Ros2_ws/install/custom_interfaces/include/custom_interfaces/custom_interfaces/msg/detail
[1.084s] -- Up-to-date: /home/kafando/Ros2_ws/install/custom_interfaces/include/custom_interfaces/custom_interfaces/msg/detail/dds_fastrtps
[1.084s] -- Up-to-date: /home/kafando/Ros2_ws/install/custom_interfaces/include/custom_interfaces/custom_interfaces/msg/detail/custom_message__rosidl_typesupport_fastrtps_cpp.hpp
[1.084s] -- Up-to-date: /home/kafando/Ros2_ws/install/custom_interfaces/include/custom_interfaces/custom_interfaces/msg/rosidl_typesupport_fastrtps_cpp__visibility_control.h
[1.084s] -- Up-to-date: /home/kafando/Ros2_ws/install/custom_interfaces/include/custom_interfaces/custom_interfaces/srv
[1.084s] -- Up-to-date: /home/kafando/Ros2_ws/install/custom_interfaces/include/custom_interfaces/custom_interfaces/srv/detail
[1.084s] -- Up-to-date: /home/kafando/Ros2_ws/install/custom_interfaces/include/custom_interfaces/custom_interfaces/srv/detail/dds_fastrtps
[1.084s] -- Up-to-date: /home/kafando/Ros2_ws/install/custom_interfaces/include/custom_interfaces/custom_interfaces/srv/detail/concat_strings__rosidl_typesupport_fastrtps_cpp.hpp
[1.084s] -- Up-to-date: /home/kafando/Ros2_ws/install/custom_interfaces/include/custom_interfaces/custom_interfaces/action
[1.084s] -- Up-to-date: /home/kafando/Ros2_ws/install/custom_interfaces/include/custom_interfaces/custom_interfaces/action/detail
[1.085s] -- Up-to-date: /home/kafando/Ros2_ws/install/custom_interfaces/include/custom_interfaces/custom_interfaces/action/detail/reach_location__rosidl_typesupport_fastrtps_cpp.hpp
[1.085s] -- Up-to-date: /home/kafando/Ros2_ws/install/custom_interfaces/include/custom_interfaces/custom_interfaces/action/detail/dds_fastrtps
[1.085s] -- Up-to-date: /home/kafando/Ros2_ws/install/custom_interfaces/include/custom_interfaces/custom_interfaces/action/detail/custom_action__rosidl_typesupport_fastrtps_cpp.hpp
[1.085s] -- Up-to-date: /home/kafando/Ros2_ws/install/custom_interfaces/lib/libcustom_interfaces__rosidl_typesupport_fastrtps_cpp.so
[1.085s] -- Up-to-date: /home/kafando/Ros2_ws/install/custom_interfaces/include/custom_interfaces/custom_interfaces
[1.085s] -- Up-to-date: /home/kafando/Ros2_ws/install/custom_interfaces/include/custom_interfaces/custom_interfaces/msg
[1.085s] -- Up-to-date: /home/kafando/Ros2_ws/install/custom_interfaces/include/custom_interfaces/custom_interfaces/msg/detail
[1.085s] -- Up-to-date: /home/kafando/Ros2_ws/install/custom_interfaces/include/custom_interfaces/custom_interfaces/msg/detail/custom_message__rosidl_typesupport_introspection_cpp.hpp
[1.085s] -- Up-to-date: /home/kafando/Ros2_ws/install/custom_interfaces/include/custom_interfaces/custom_interfaces/msg/detail/custom_message__type_support.cpp
[1.085s] -- Up-to-date: /home/kafando/Ros2_ws/install/custom_interfaces/include/custom_interfaces/custom_interfaces/srv
[1.085s] -- Up-to-date: /home/kafando/Ros2_ws/install/custom_interfaces/include/custom_interfaces/custom_interfaces/srv/detail
[1.085s] -- Up-to-date: /home/kafando/Ros2_ws/install/custom_interfaces/include/custom_interfaces/custom_interfaces/srv/detail/concat_strings__type_support.cpp
[1.086s] -- Up-to-date: /home/kafando/Ros2_ws/install/custom_interfaces/include/custom_interfaces/custom_interfaces/srv/detail/concat_strings__rosidl_typesupport_introspection_cpp.hpp
[1.086s] -- Up-to-date: /home/kafando/Ros2_ws/install/custom_interfaces/include/custom_interfaces/custom_interfaces/action
[1.086s] -- Up-to-date: /home/kafando/Ros2_ws/install/custom_interfaces/include/custom_interfaces/custom_interfaces/action/detail
[1.086s] -- Up-to-date: /home/kafando/Ros2_ws/install/custom_interfaces/include/custom_interfaces/custom_interfaces/action/detail/reach_location__type_support.cpp
[1.086s] -- Up-to-date: /home/kafando/Ros2_ws/install/custom_interfaces/include/custom_interfaces/custom_interfaces/action/detail/reach_location__rosidl_typesupport_introspection_cpp.hpp
[1.086s] -- Up-to-date: /home/kafando/Ros2_ws/install/custom_interfaces/include/custom_interfaces/custom_interfaces/action/detail/custom_action__rosidl_typesupport_introspection_cpp.hpp
[1.086s] -- Up-to-date: /home/kafando/Ros2_ws/install/custom_interfaces/include/custom_interfaces/custom_interfaces/action/detail/custom_action__type_support.cpp
[1.086s] -- Up-to-date: /home/kafando/Ros2_ws/install/custom_interfaces/lib/libcustom_interfaces__rosidl_typesupport_introspection_cpp.so
[1.086s] -- Up-to-date: /home/kafando/Ros2_ws/install/custom_interfaces/lib/libcustom_interfaces__rosidl_typesupport_cpp.so
[1.086s] -- Up-to-date: /home/kafando/Ros2_ws/install/custom_interfaces/share/custom_interfaces/environment/pythonpath.sh
[1.086s] -- Up-to-date: /home/kafando/Ros2_ws/install/custom_interfaces/share/custom_interfaces/environment/pythonpath.dsv
[1.087s] -- Up-to-date: /home/kafando/Ros2_ws/install/custom_interfaces/lib/python3.12/site-packages/custom_interfaces-0.0.0-py3.12.egg-info
[1.087s] -- Installing: /home/kafando/Ros2_ws/install/custom_interfaces/lib/python3.12/site-packages/custom_interfaces-0.0.0-py3.12.egg-info/top_level.txt
[1.087s] -- Installing: /home/kafando/Ros2_ws/install/custom_interfaces/lib/python3.12/site-packages/custom_interfaces-0.0.0-py3.12.egg-info/PKG-INFO
[1.087s] -- Installing: /home/kafando/Ros2_ws/install/custom_interfaces/lib/python3.12/site-packages/custom_interfaces-0.0.0-py3.12.egg-info/SOURCES.txt
[1.087s] -- Installing: /home/kafando/Ros2_ws/install/custom_interfaces/lib/python3.12/site-packages/custom_interfaces-0.0.0-py3.12.egg-info/dependency_links.txt
[1.087s] -- Up-to-date: /home/kafando/Ros2_ws/install/custom_interfaces/lib/python3.12/site-packages/custom_interfaces
[1.087s] -- Up-to-date: /home/kafando/Ros2_ws/install/custom_interfaces/lib/python3.12/site-packages/custom_interfaces/custom_interfaces_s__rosidl_typesupport_fastrtps_c.so
[1.087s] -- Up-to-date: /home/kafando/Ros2_ws/install/custom_interfaces/lib/python3.12/site-packages/custom_interfaces/msg
[1.087s] -- Up-to-date: /home/kafando/Ros2_ws/install/custom_interfaces/lib/python3.12/site-packages/custom_interfaces/msg/__init__.py
[1.087s] -- Up-to-date: /home/kafando/Ros2_ws/install/custom_interfaces/lib/python3.12/site-packages/custom_interfaces/msg/_custom_message.py
[1.087s] -- Up-to-date: /home/kafando/Ros2_ws/install/custom_interfaces/lib/python3.12/site-packages/custom_interfaces/msg/_custom_message_s.c
[1.087s] -- Up-to-date: /home/kafando/Ros2_ws/install/custom_interfaces/lib/python3.12/site-packages/custom_interfaces/__init__.py
[1.087s] -- Up-to-date: /home/kafando/Ros2_ws/install/custom_interfaces/lib/python3.12/site-packages/custom_interfaces/custom_interfaces_s__rosidl_typesupport_introspection_c.so
[1.087s] -- Up-to-date: /home/kafando/Ros2_ws/install/custom_interfaces/lib/python3.12/site-packages/custom_interfaces/_custom_interfaces_s.ep.rosidl_typesupport_introspection_c.c
[1.088s] -- Up-to-date: /home/kafando/Ros2_ws/install/custom_interfaces/lib/python3.12/site-packages/custom_interfaces/srv
[1.088s] -- Up-to-date: /home/kafando/Ros2_ws/install/custom_interfaces/lib/python3.12/site-packages/custom_interfaces/srv/_concat_strings_s.c
[1.088s] -- Up-to-date: /home/kafando/Ros2_ws/install/custom_interfaces/lib/python3.12/site-packages/custom_interfaces/srv/_concat_strings.py
[1.088s] -- Up-to-date: /home/kafando/Ros2_ws/install/custom_interfaces/lib/python3.12/site-packages/custom_interfaces/srv/__init__.py
[1.088s] -- Up-to-date: /home/kafando/Ros2_ws/install/custom_interfaces/lib/python3.12/site-packages/custom_interfaces/action
[1.088s] -- Up-to-date: /home/kafando/Ros2_ws/install/custom_interfaces/lib/python3.12/site-packages/custom_interfaces/action/__init__.py
[1.088s] -- Up-to-date: /home/kafando/Ros2_ws/install/custom_interfaces/lib/python3.12/site-packages/custom_interfaces/action/_custom_action_s.c
[1.088s] -- Up-to-date: /home/kafando/Ros2_ws/install/custom_interfaces/lib/python3.12/site-packages/custom_interfaces/action/_reach_location.py
[1.088s] -- Up-to-date: /home/kafando/Ros2_ws/install/custom_interfaces/lib/python3.12/site-packages/custom_interfaces/action/_reach_location_s.c
[1.088s] -- Up-to-date: /home/kafando/Ros2_ws/install/custom_interfaces/lib/python3.12/site-packages/custom_interfaces/action/_custom_action.py
[1.088s] -- Up-to-date: /home/kafando/Ros2_ws/install/custom_interfaces/lib/python3.12/site-packages/custom_interfaces/_custom_interfaces_s.ep.rosidl_typesupport_fastrtps_c.c
[1.088s] -- Up-to-date: /home/kafando/Ros2_ws/install/custom_interfaces/lib/python3.12/site-packages/custom_interfaces/_custom_interfaces_s.ep.rosidl_typesupport_c.c
[1.088s] -- Up-to-date: /home/kafando/Ros2_ws/install/custom_interfaces/lib/python3.12/site-packages/custom_interfaces/custom_interfaces_s__rosidl_typesupport_c.so
[1.141s] Listing '/home/kafando/Ros2_ws/install/custom_interfaces/lib/python3.12/site-packages/custom_interfaces'...
[1.141s] Listing '/home/kafando/Ros2_ws/install/custom_interfaces/lib/python3.12/site-packages/custom_interfaces/action'...
[1.141s] Listing '/home/kafando/Ros2_ws/install/custom_interfaces/lib/python3.12/site-packages/custom_interfaces/msg'...
[1.141s] Listing '/home/kafando/Ros2_ws/install/custom_interfaces/lib/python3.12/site-packages/custom_interfaces/srv'...
[1.150s] -- Up-to-date: /home/kafando/Ros2_ws/install/custom_interfaces/lib/python3.12/site-packages/custom_interfaces/custom_interfaces_s__rosidl_typesupport_fastrtps_c.so
[1.151s] -- Up-to-date: /home/kafando/Ros2_ws/install/custom_interfaces/lib/python3.12/site-packages/custom_interfaces/custom_interfaces_s__rosidl_typesupport_introspection_c.so
[1.151s] -- Up-to-date: /home/kafando/Ros2_ws/install/custom_interfaces/lib/python3.12/site-packages/custom_interfaces/custom_interfaces_s__rosidl_typesupport_c.so
[1.151s] -- Up-to-date: /home/kafando/Ros2_ws/install/custom_interfaces/lib/libcustom_interfaces__rosidl_generator_py.so
[1.151s] -- Up-to-date: /home/kafando/Ros2_ws/install/custom_interfaces/share/ament_index/resource_index/rust_packages/custom_interfaces
[1.152s] -- Up-to-date: /home/kafando/Ros2_ws/install/custom_interfaces/share/custom_interfaces/rust
[1.152s] -- Up-to-date: /home/kafando/Ros2_ws/install/custom_interfaces/share/custom_interfaces/rust/Cargo.toml
[1.152s] -- Up-to-date: /home/kafando/Ros2_ws/install/custom_interfaces/share/custom_interfaces/rust/src
[1.152s] -- Up-to-date: /home/kafando/Ros2_ws/install/custom_interfaces/share/custom_interfaces/rust/src/msg
[1.152s] -- Up-to-date: /home/kafando/Ros2_ws/install/custom_interfaces/share/custom_interfaces/rust/src/msg/rmw.rs
[1.152s] -- Up-to-date: /home/kafando/Ros2_ws/install/custom_interfaces/share/custom_interfaces/rust/src/srv.rs
[1.153s] -- Up-to-date: /home/kafando/Ros2_ws/install/custom_interfaces/share/custom_interfaces/rust/src/srv
[1.153s] -- Up-to-date: /home/kafando/Ros2_ws/install/custom_interfaces/share/custom_interfaces/rust/src/srv/rmw.rs
[1.153s] -- Up-to-date: /home/kafando/Ros2_ws/install/custom_interfaces/share/custom_interfaces/rust/src/action
[1.153s] -- Up-to-date: /home/kafando/Ros2_ws/install/custom_interfaces/share/custom_interfaces/rust/src/action/rmw.rs
[1.153s] -- Up-to-date: /home/kafando/Ros2_ws/install/custom_interfaces/share/custom_interfaces/rust/src/msg.rs
[1.153s] -- Up-to-date: /home/kafando/Ros2_ws/install/custom_interfaces/share/custom_interfaces/rust/src/lib.rs
[1.154s] -- Up-to-date: /home/kafando/Ros2_ws/install/custom_interfaces/share/custom_interfaces/rust/src/action.rs
[1.154s] -- Up-to-date: /home/kafando/Ros2_ws/install/custom_interfaces/share/custom_interfaces/rust/build.rs
[1.154s] -- Up-to-date: /home/kafando/Ros2_ws/install/custom_interfaces/share/custom_interfaces/msg/CustomMessage.idl
[1.154s] -- Up-to-date: /home/kafando/Ros2_ws/install/custom_interfaces/share/custom_interfaces/srv/ConcatStrings.idl
[1.154s] -- Up-to-date: /home/kafando/Ros2_ws/install/custom_interfaces/share/custom_interfaces/action/CustomAction.idl
[1.154s] -- Up-to-date: /home/kafando/Ros2_ws/install/custom_interfaces/share/custom_interfaces/action/ReachLocation.idl
[1.154s] -- Up-to-date: /home/kafando/Ros2_ws/install/custom_interfaces/share/custom_interfaces/msg/CustomMessage.msg
[1.155s] -- Up-to-date: /home/kafando/Ros2_ws/install/custom_interfaces/share/custom_interfaces/srv/ConcatStrings.srv
[1.155s] -- Up-to-date: /home/kafando/Ros2_ws/install/custom_interfaces/share/custom_interfaces/action/CustomAction.action
[1.155s] -- Up-to-date: /home/kafando/Ros2_ws/install/custom_interfaces/share/custom_interfaces/action/ReachLocation.action
[1.155s] -- Up-to-date: /home/kafando/Ros2_ws/install/custom_interfaces/share/ament_index/resource_index/package_run_dependencies/custom_interfaces
[1.155s] -- Up-to-date: /home/kafando/Ros2_ws/install/custom_interfaces/share/ament_index/resource_index/parent_prefix_path/custom_interfaces
[1.155s] -- Up-to-date: /home/kafando/Ros2_ws/install/custom_interfaces/share/custom_interfaces/environment/ament_prefix_path.sh
[1.156s] -- Up-to-date: /home/kafando/Ros2_ws/install/custom_interfaces/share/custom_interfaces/environment/ament_prefix_path.dsv
[1.156s] -- Up-to-date: /home/kafando/Ros2_ws/install/custom_interfaces/share/custom_interfaces/environment/path.sh
[1.156s] -- Up-to-date: /home/kafando/Ros2_ws/install/custom_interfaces/share/custom_interfaces/environment/path.dsv
[1.156s] -- Up-to-date: /home/kafando/Ros2_ws/install/custom_interfaces/share/custom_interfaces/local_setup.bash
[1.156s] -- Up-to-date: /home/kafando/Ros2_ws/install/custom_interfaces/share/custom_interfaces/local_setup.sh
[1.156s] -- Up-to-date: /home/kafando/Ros2_ws/install/custom_interfaces/share/custom_interfaces/local_setup.zsh
[1.157s] -- Up-to-date: /home/kafando/Ros2_ws/install/custom_interfaces/share/custom_interfaces/local_setup.dsv
[1.157s] -- Installing: /home/kafando/Ros2_ws/install/custom_interfaces/share/custom_interfaces/package.dsv
[1.157s] -- Up-to-date: /home/kafando/Ros2_ws/install/custom_interfaces/share/ament_index/resource_index/packages/custom_interfaces
[1.157s] -- Up-to-date: /home/kafando/Ros2_ws/install/custom_interfaces/share/custom_interfaces/cmake/export_custom_interfaces__rosidl_generator_cExport.cmake
[1.157s] -- Up-to-date: /home/kafando/Ros2_ws/install/custom_interfaces/share/custom_interfaces/cmake/export_custom_interfaces__rosidl_generator_cExport-noconfig.cmake
[1.157s] -- Up-to-date: /home/kafando/Ros2_ws/install/custom_interfaces/share/custom_interfaces/cmake/export_custom_interfaces__rosidl_typesupport_fastrtps_cExport.cmake
[1.157s] -- Up-to-date: /home/kafando/Ros2_ws/install/custom_interfaces/share/custom_interfaces/cmake/export_custom_interfaces__rosidl_typesupport_fastrtps_cExport-noconfig.cmake
[1.157s] -- Up-to-date: /home/kafando/Ros2_ws/install/custom_interfaces/share/custom_interfaces/cmake/custom_interfaces__rosidl_typesupport_introspection_cExport.cmake
[1.157s] -- Up-to-date: /home/kafando/Ros2_ws/install/custom_interfaces/share/custom_interfaces/cmake/custom_interfaces__rosidl_typesupport_introspection_cExport-noconfig.cmake
[1.157s] -- Up-to-date: /home/kafando/Ros2_ws/install/custom_interfaces/share/custom_interfaces/cmake/custom_interfaces__rosidl_typesupport_cExport.cmake
[1.157s] -- Up-to-date: /home/kafando/Ros2_ws/install/custom_interfaces/share/custom_interfaces/cmake/custom_interfaces__rosidl_typesupport_cExport-noconfig.cmake
[1.157s] -- Up-to-date: /home/kafando/Ros2_ws/install/custom_interfaces/share/custom_interfaces/cmake/export_custom_interfaces__rosidl_generator_cppExport.cmake
[1.157s] -- Up-to-date: /home/kafando/Ros2_ws/install/custom_interfaces/share/custom_interfaces/cmake/export_custom_interfaces__rosidl_typesupport_fastrtps_cppExport.cmake
[1.158s] -- Up-to-date: /home/kafando/Ros2_ws/install/custom_interfaces/share/custom_interfaces/cmake/export_custom_interfaces__rosidl_typesupport_fastrtps_cppExport-noconfig.cmake
[1.158s] -- Up-to-date: /home/kafando/Ros2_ws/install/custom_interfaces/share/custom_interfaces/cmake/custom_interfaces__rosidl_typesupport_introspection_cppExport.cmake
[1.158s] -- Up-to-date: /home/kafando/Ros2_ws/install/custom_interfaces/share/custom_interfaces/cmake/custom_interfaces__rosidl_typesupport_introspection_cppExport-noconfig.cmake
[1.158s] -- Up-to-date: /home/kafando/Ros2_ws/install/custom_interfaces/share/custom_interfaces/cmake/custom_interfaces__rosidl_typesupport_cppExport.cmake
[1.158s] -- Up-to-date: /home/kafando/Ros2_ws/install/custom_interfaces/share/custom_interfaces/cmake/custom_interfaces__rosidl_typesupport_cppExport-noconfig.cmake
[1.158s] -- Up-to-date: /home/kafando/Ros2_ws/install/custom_interfaces/share/custom_interfaces/cmake/export_custom_interfaces__rosidl_generator_pyExport.cmake
[1.158s] -- Up-to-date: /home/kafando/Ros2_ws/install/custom_interfaces/share/custom_interfaces/cmake/export_custom_interfaces__rosidl_generator_pyExport-noconfig.cmake
[1.158s] -- Up-to-date: /home/kafando/Ros2_ws/install/custom_interfaces/share/custom_interfaces/cmake/rosidl_cmake-extras.cmake
[1.158s] -- Up-to-date: /home/kafando/Ros2_ws/install/custom_interfaces/share/custom_interfaces/cmake/ament_cmake_export_dependencies-extras.cmake
[1.158s] -- Up-to-date: /home/kafando/Ros2_ws/install/custom_interfaces/share/custom_interfaces/cmake/ament_cmake_export_include_directories-extras.cmake
[1.158s] -- Up-to-date: /home/kafando/Ros2_ws/install/custom_interfaces/share/custom_interfaces/cmake/ament_cmake_export_libraries-extras.cmake
[1.159s] -- Up-to-date: /home/kafando/Ros2_ws/install/custom_interfaces/share/custom_interfaces/cmake/ament_cmake_export_targets-extras.cmake
[1.159s] -- Up-to-date: /home/kafando/Ros2_ws/install/custom_interfaces/share/custom_interfaces/cmake/rosidl_cmake_export_typesupport_targets-extras.cmake
[1.159s] -- Up-to-date: /home/kafando/Ros2_ws/install/custom_interfaces/share/custom_interfaces/cmake/rosidl_cmake_export_typesupport_libraries-extras.cmake
[1.159s] -- Up-to-date: /home/kafando/Ros2_ws/install/custom_interfaces/share/custom_interfaces/cmake/custom_interfacesConfig.cmake
[1.159s] -- Up-to-date: /home/kafando/Ros2_ws/install/custom_interfaces/share/custom_interfaces/cmake/custom_interfacesConfig-version.cmake
[1.159s] -- Up-to-date: /home/kafando/Ros2_ws/install/custom_interfaces/share/custom_interfaces/package.xml
[1.162s] Invoked command in '/home/kafando/Ros2_ws/build/custom_interfaces' returned '0': CMAKE_PREFIX_PATH=${CMAKE_PREFIX_PATH}:/home/kafando/ws_moveit/install/moveit_configs_utils:/opt/ros/jazzy DEBUGINFOD_URLS=https://debuginfod.ubuntu.com /usr/bin/cmake --install /home/kafando/Ros2_ws/build/custom_interfaces
