[0.100s] Invoking command in '/home/kafando/Ros2_ws/build/custom_interfaces': CMAKE_PREFIX_PATH=${CMAKE_PREFIX_PATH}:/home/kafando/ws_moveit/install/moveit_configs_utils:/opt/ros/jazzy DEBUGINFOD_URLS=https://debuginfod.ubuntu.com /usr/bin/cmake --build /home/kafando/Ros2_ws/build/custom_interfaces -- -j16 -l16
[0.240s] [  1%] Built target custom_interfaces__rs
[0.321s] [  1%] Built target ament_cmake_python_copy_custom_interfaces
[0.385s] [  3%] Built target custom_interfaces__rosidl_generator_type_description
[0.883s] running egg_info
[0.932s] writing custom_interfaces.egg-info/PKG-INFO
[0.933s] writing dependency_links to custom_interfaces.egg-info/dependency_links.txt
[0.933s] writing top-level names to custom_interfaces.egg-info/top_level.txt
[1.079s] reading manifest file 'custom_interfaces.egg-info/SOURCES.txt'
[1.080s] writing manifest file 'custom_interfaces.egg-info/SOURCES.txt'
[1.161s] [  3%] Built target ament_cmake_python_build_custom_interfaces_egg
[1.206s] [  4%] Built target custom_interfaces__cpp
[1.264s] [ 26%] Built target custom_interfaces__rosidl_generator_c
[1.316s] [ 35%] Built target custom_interfaces__rosidl_typesupport_fastrtps_c
[1.377s] [ 44%] Built target custom_interfaces__rosidl_typesupport_cpp
[1.437s] [ 53%] Built target custom_interfaces__rosidl_typesupport_introspection_cpp
[1.501s] [ 63%] Built target custom_interfaces__rosidl_typesupport_fastrtps_cpp
[1.560s] [ 72%] Built target custom_interfaces__rosidl_typesupport_c
[1.620s] [ 81%] Built target custom_interfaces__rosidl_typesupport_introspection_c
[1.671s] [ 81%] Built target custom_interfaces
[1.725s] [ 83%] Built target custom_interfaces__py
[1.782s] [ 90%] Built target custom_interfaces__rosidl_generator_py
[1.831s] [ 93%] Built target custom_interfaces_s__rosidl_typesupport_fastrtps_c
[1.884s] [ 96%] Built target custom_interfaces_s__rosidl_typesupport_c
[1.941s] [100%] Built target custom_interfaces_s__rosidl_typesupport_introspection_c
[1.970s] Invoked command in '/home/kafando/Ros2_ws/build/custom_interfaces' returned '0': CMAKE_PREFIX_PATH=${CMAKE_PREFIX_PATH}:/home/kafando/ws_moveit/install/moveit_configs_utils:/opt/ros/jazzy DEBUGINFOD_URLS=https://debuginfod.ubuntu.com /usr/bin/cmake --build /home/kafando/Ros2_ws/build/custom_interfaces -- -j16 -l16
[1.973s] Invoking command in '/home/kafando/Ros2_ws/build/custom_interfaces': CMAKE_PREFIX_PATH=${CMAKE_PREFIX_PATH}:/home/kafando/ws_moveit/install/moveit_configs_utils:/opt/ros/jazzy DEBUGINFOD_URLS=https://debuginfod.ubuntu.com /usr/bin/cmake --install /home/kafando/Ros2_ws/build/custom_interfaces
[1.997s] -- Install configuration: "Debug"
[1.997s] -- Up-to-date: /home/kafando/Ros2_ws/install/custom_interfaces/share/ament_index/resource_index/rosidl_interfaces/custom_interfaces
[1.998s] -- Up-to-date: /home/kafando/Ros2_ws/install/custom_interfaces/share/custom_interfaces/msg/CustomMessage.json
[1.998s] -- Up-to-date: /home/kafando/Ros2_ws/install/custom_interfaces/share/custom_interfaces/srv/ConcatStrings.json
[1.998s] -- Up-to-date: /home/kafando/Ros2_ws/install/custom_interfaces/share/custom_interfaces/action/CustomAction.json
[1.998s] -- Up-to-date: /home/kafando/Ros2_ws/install/custom_interfaces/share/custom_interfaces/action/ReachLocation.json
[1.998s] -- Up-to-date: /home/kafando/Ros2_ws/install/custom_interfaces/include/custom_interfaces/custom_interfaces
[1.998s] -- Up-to-date: /home/kafando/Ros2_ws/install/custom_interfaces/include/custom_interfaces/custom_interfaces/msg
[1.998s] -- Up-to-date: /home/kafando/Ros2_ws/install/custom_interfaces/include/custom_interfaces/custom_interfaces/msg/detail
[1.998s] -- Up-to-date: /home/kafando/Ros2_ws/install/custom_interfaces/include/custom_interfaces/custom_interfaces/msg/detail/custom_message__functions.h
[1.998s] -- Up-to-date: /home/kafando/Ros2_ws/install/custom_interfaces/include/custom_interfaces/custom_interfaces/msg/detail/custom_message__type_support.h
[1.998s] -- Up-to-date: /home/kafando/Ros2_ws/install/custom_interfaces/include/custom_interfaces/custom_interfaces/msg/detail/custom_message__type_support.c
[1.998s] -- Up-to-date: /home/kafando/Ros2_ws/install/custom_interfaces/include/custom_interfaces/custom_interfaces/msg/detail/custom_message__functions.c
[1.998s] -- Up-to-date: /home/kafando/Ros2_ws/install/custom_interfaces/include/custom_interfaces/custom_interfaces/msg/detail/custom_message__struct.h
[1.999s] -- Up-to-date: /home/kafando/Ros2_ws/install/custom_interfaces/include/custom_interfaces/custom_interfaces/msg/detail/custom_message__description.c
[1.999s] -- Up-to-date: /home/kafando/Ros2_ws/install/custom_interfaces/include/custom_interfaces/custom_interfaces/msg/custom_message.h
[1.999s] -- Up-to-date: /home/kafando/Ros2_ws/install/custom_interfaces/include/custom_interfaces/custom_interfaces/msg/rosidl_generator_c__visibility_control.h
[1.999s] -- Up-to-date: /home/kafando/Ros2_ws/install/custom_interfaces/include/custom_interfaces/custom_interfaces/srv
[1.999s] -- Up-to-date: /home/kafando/Ros2_ws/install/custom_interfaces/include/custom_interfaces/custom_interfaces/srv/detail
[1.999s] -- Up-to-date: /home/kafando/Ros2_ws/install/custom_interfaces/include/custom_interfaces/custom_interfaces/srv/detail/concat_strings__type_support.h
[1.999s] -- Up-to-date: /home/kafando/Ros2_ws/install/custom_interfaces/include/custom_interfaces/custom_interfaces/srv/detail/concat_strings__type_support.c
[2.000s] -- Up-to-date: /home/kafando/Ros2_ws/install/custom_interfaces/include/custom_interfaces/custom_interfaces/srv/detail/concat_strings__functions.h
[2.000s] -- Up-to-date: /home/kafando/Ros2_ws/install/custom_interfaces/include/custom_interfaces/custom_interfaces/srv/detail/concat_strings__functions.c
[2.000s] -- Up-to-date: /home/kafando/Ros2_ws/install/custom_interfaces/include/custom_interfaces/custom_interfaces/srv/detail/concat_strings__struct.h
[2.000s] -- Up-to-date: /home/kafando/Ros2_ws/install/custom_interfaces/include/custom_interfaces/custom_interfaces/srv/detail/concat_strings__description.c
[2.001s] -- Up-to-date: /home/kafando/Ros2_ws/install/custom_interfaces/include/custom_interfaces/custom_interfaces/srv/concat_strings.h
[2.001s] -- Up-to-date: /home/kafando/Ros2_ws/install/custom_interfaces/include/custom_interfaces/custom_interfaces/action
[2.001s] -- Up-to-date: /home/kafando/Ros2_ws/install/custom_interfaces/include/custom_interfaces/custom_interfaces/action/detail
[2.001s] -- Up-to-date: /home/kafando/Ros2_ws/install/custom_interfaces/include/custom_interfaces/custom_interfaces/action/detail/custom_action__description.c
[2.001s] -- Up-to-date: /home/kafando/Ros2_ws/install/custom_interfaces/include/custom_interfaces/custom_interfaces/action/detail/reach_location__functions.c
[2.001s] -- Up-to-date: /home/kafando/Ros2_ws/install/custom_interfaces/include/custom_interfaces/custom_interfaces/action/detail/reach_location__struct.h
[2.001s] -- Up-to-date: /home/kafando/Ros2_ws/install/custom_interfaces/include/custom_interfaces/custom_interfaces/action/detail/reach_location__type_support.h
[2.001s] -- Up-to-date: /home/kafando/Ros2_ws/install/custom_interfaces/include/custom_interfaces/custom_interfaces/action/detail/custom_action__functions.h
[2.001s] -- Up-to-date: /home/kafando/Ros2_ws/install/custom_interfaces/include/custom_interfaces/custom_interfaces/action/detail/reach_location__functions.h
[2.002s] -- Up-to-date: /home/kafando/Ros2_ws/install/custom_interfaces/include/custom_interfaces/custom_interfaces/action/detail/reach_location__type_support.c
[2.002s] -- Up-to-date: /home/kafando/Ros2_ws/install/custom_interfaces/include/custom_interfaces/custom_interfaces/action/detail/reach_location__description.c
[2.002s] -- Up-to-date: /home/kafando/Ros2_ws/install/custom_interfaces/include/custom_interfaces/custom_interfaces/action/detail/custom_action__functions.c
[2.002s] -- Up-to-date: /home/kafando/Ros2_ws/install/custom_interfaces/include/custom_interfaces/custom_interfaces/action/detail/custom_action__type_support.c
[2.002s] -- Up-to-date: /home/kafando/Ros2_ws/install/custom_interfaces/include/custom_interfaces/custom_interfaces/action/detail/custom_action__type_support.h
[2.002s] -- Up-to-date: /home/kafando/Ros2_ws/install/custom_interfaces/include/custom_interfaces/custom_interfaces/action/detail/custom_action__struct.h
[2.002s] -- Up-to-date: /home/kafando/Ros2_ws/install/custom_interfaces/include/custom_interfaces/custom_interfaces/action/reach_location.h
[2.002s] -- Up-to-date: /home/kafando/Ros2_ws/install/custom_interfaces/include/custom_interfaces/custom_interfaces/action/custom_action.h
[2.002s] -- Up-to-date: /home/kafando/Ros2_ws/install/custom_interfaces/share/custom_interfaces/environment/library_path.sh
[2.003s] -- Up-to-date: /home/kafando/Ros2_ws/install/custom_interfaces/share/custom_interfaces/environment/library_path.dsv
[2.003s] -- Up-to-date: /home/kafando/Ros2_ws/install/custom_interfaces/lib/libcustom_interfaces__rosidl_generator_c.so
[2.003s] -- Up-to-date: /home/kafando/Ros2_ws/install/custom_interfaces/include/custom_interfaces/custom_interfaces
[2.003s] -- Up-to-date: /home/kafando/Ros2_ws/install/custom_interfaces/include/custom_interfaces/custom_interfaces/msg
[2.003s] -- Up-to-date: /home/kafando/Ros2_ws/install/custom_interfaces/include/custom_interfaces/custom_interfaces/msg/detail
[2.003s] -- Up-to-date: /home/kafando/Ros2_ws/install/custom_interfaces/include/custom_interfaces/custom_interfaces/msg/detail/custom_message__rosidl_typesupport_fastrtps_c.h
[2.003s] -- Up-to-date: /home/kafando/Ros2_ws/install/custom_interfaces/include/custom_interfaces/custom_interfaces/msg/rosidl_typesupport_fastrtps_c__visibility_control.h
[2.003s] -- Up-to-date: /home/kafando/Ros2_ws/install/custom_interfaces/include/custom_interfaces/custom_interfaces/srv
[2.003s] -- Up-to-date: /home/kafando/Ros2_ws/install/custom_interfaces/include/custom_interfaces/custom_interfaces/srv/detail
[2.003s] -- Up-to-date: /home/kafando/Ros2_ws/install/custom_interfaces/include/custom_interfaces/custom_interfaces/srv/detail/concat_strings__rosidl_typesupport_fastrtps_c.h
[2.004s] -- Up-to-date: /home/kafando/Ros2_ws/install/custom_interfaces/include/custom_interfaces/custom_interfaces/action
[2.004s] -- Up-to-date: /home/kafando/Ros2_ws/install/custom_interfaces/include/custom_interfaces/custom_interfaces/action/detail
[2.005s] -- Up-to-date: /home/kafando/Ros2_ws/install/custom_interfaces/include/custom_interfaces/custom_interfaces/action/detail/reach_location__rosidl_typesupport_fastrtps_c.h
[2.005s] -- Up-to-date: /home/kafando/Ros2_ws/install/custom_interfaces/include/custom_interfaces/custom_interfaces/action/detail/custom_action__rosidl_typesupport_fastrtps_c.h
[2.005s] -- Up-to-date: /home/kafando/Ros2_ws/install/custom_interfaces/lib/libcustom_interfaces__rosidl_typesupport_fastrtps_c.so
[2.005s] -- Up-to-date: /home/kafando/Ros2_ws/install/custom_interfaces/include/custom_interfaces/custom_interfaces
[2.005s] -- Up-to-date: /home/kafando/Ros2_ws/install/custom_interfaces/include/custom_interfaces/custom_interfaces/msg
[2.005s] -- Up-to-date: /home/kafando/Ros2_ws/install/custom_interfaces/include/custom_interfaces/custom_interfaces/msg/detail
[2.005s] -- Up-to-date: /home/kafando/Ros2_ws/install/custom_interfaces/include/custom_interfaces/custom_interfaces/msg/detail/custom_message__type_support.c
[2.005s] -- Up-to-date: /home/kafando/Ros2_ws/install/custom_interfaces/include/custom_interfaces/custom_interfaces/msg/detail/custom_message__rosidl_typesupport_introspection_c.h
[2.006s] -- Up-to-date: /home/kafando/Ros2_ws/install/custom_interfaces/include/custom_interfaces/custom_interfaces/msg/rosidl_typesupport_introspection_c__visibility_control.h
[2.006s] -- Up-to-date: /home/kafando/Ros2_ws/install/custom_interfaces/include/custom_interfaces/custom_interfaces/srv
[2.006s] -- Up-to-date: /home/kafando/Ros2_ws/install/custom_interfaces/include/custom_interfaces/custom_interfaces/srv/detail
[2.006s] -- Up-to-date: /home/kafando/Ros2_ws/install/custom_interfaces/include/custom_interfaces/custom_interfaces/srv/detail/concat_strings__type_support.c
[2.006s] -- Up-to-date: /home/kafando/Ros2_ws/install/custom_interfaces/include/custom_interfaces/custom_interfaces/srv/detail/concat_strings__rosidl_typesupport_introspection_c.h
[2.006s] -- Up-to-date: /home/kafando/Ros2_ws/install/custom_interfaces/include/custom_interfaces/custom_interfaces/action
[2.006s] -- Up-to-date: /home/kafando/Ros2_ws/install/custom_interfaces/include/custom_interfaces/custom_interfaces/action/detail
[2.006s] -- Up-to-date: /home/kafando/Ros2_ws/install/custom_interfaces/include/custom_interfaces/custom_interfaces/action/detail/reach_location__rosidl_typesupport_introspection_c.h
[2.006s] -- Up-to-date: /home/kafando/Ros2_ws/install/custom_interfaces/include/custom_interfaces/custom_interfaces/action/detail/custom_action__rosidl_typesupport_introspection_c.h
[2.006s] -- Up-to-date: /home/kafando/Ros2_ws/install/custom_interfaces/include/custom_interfaces/custom_interfaces/action/detail/reach_location__type_support.c
[2.007s] -- Up-to-date: /home/kafando/Ros2_ws/install/custom_interfaces/include/custom_interfaces/custom_interfaces/action/detail/custom_action__type_support.c
[2.007s] -- Up-to-date: /home/kafando/Ros2_ws/install/custom_interfaces/lib/libcustom_interfaces__rosidl_typesupport_introspection_c.so
[2.007s] -- Up-to-date: /home/kafando/Ros2_ws/install/custom_interfaces/lib/libcustom_interfaces__rosidl_typesupport_c.so
[2.007s] -- Up-to-date: /home/kafando/Ros2_ws/install/custom_interfaces/include/custom_interfaces/custom_interfaces
[2.007s] -- Up-to-date: /home/kafando/Ros2_ws/install/custom_interfaces/include/custom_interfaces/custom_interfaces/msg
[2.007s] -- Up-to-date: /home/kafando/Ros2_ws/install/custom_interfaces/include/custom_interfaces/custom_interfaces/msg/detail
[2.007s] -- Up-to-date: /home/kafando/Ros2_ws/install/custom_interfaces/include/custom_interfaces/custom_interfaces/msg/detail/custom_message__traits.hpp
[2.007s] -- Up-to-date: /home/kafando/Ros2_ws/install/custom_interfaces/include/custom_interfaces/custom_interfaces/msg/detail/custom_message__type_support.hpp
[2.008s] -- Up-to-date: /home/kafando/Ros2_ws/install/custom_interfaces/include/custom_interfaces/custom_interfaces/msg/detail/custom_message__builder.hpp
[2.008s] -- Up-to-date: /home/kafando/Ros2_ws/install/custom_interfaces/include/custom_interfaces/custom_interfaces/msg/detail/custom_message__struct.hpp
[2.008s] -- Up-to-date: /home/kafando/Ros2_ws/install/custom_interfaces/include/custom_interfaces/custom_interfaces/msg/rosidl_generator_cpp__visibility_control.hpp
[2.008s] -- Up-to-date: /home/kafando/Ros2_ws/install/custom_interfaces/include/custom_interfaces/custom_interfaces/msg/custom_message.hpp
[2.008s] -- Up-to-date: /home/kafando/Ros2_ws/install/custom_interfaces/include/custom_interfaces/custom_interfaces/srv
[2.008s] -- Up-to-date: /home/kafando/Ros2_ws/install/custom_interfaces/include/custom_interfaces/custom_interfaces/srv/detail
[2.008s] -- Up-to-date: /home/kafando/Ros2_ws/install/custom_interfaces/include/custom_interfaces/custom_interfaces/srv/detail/concat_strings__builder.hpp
[2.008s] -- Up-to-date: /home/kafando/Ros2_ws/install/custom_interfaces/include/custom_interfaces/custom_interfaces/srv/detail/concat_strings__type_support.hpp
[2.009s] -- Up-to-date: /home/kafando/Ros2_ws/install/custom_interfaces/include/custom_interfaces/custom_interfaces/srv/detail/concat_strings__struct.hpp
[2.009s] -- Up-to-date: /home/kafando/Ros2_ws/install/custom_interfaces/include/custom_interfaces/custom_interfaces/srv/detail/concat_strings__traits.hpp
[2.009s] -- Up-to-date: /home/kafando/Ros2_ws/install/custom_interfaces/include/custom_interfaces/custom_interfaces/srv/concat_strings.hpp
[2.009s] -- Up-to-date: /home/kafando/Ros2_ws/install/custom_interfaces/include/custom_interfaces/custom_interfaces/action
[2.009s] -- Up-to-date: /home/kafando/Ros2_ws/install/custom_interfaces/include/custom_interfaces/custom_interfaces/action/detail
[2.009s] -- Up-to-date: /home/kafando/Ros2_ws/install/custom_interfaces/include/custom_interfaces/custom_interfaces/action/detail/reach_location__traits.hpp
[2.009s] -- Up-to-date: /home/kafando/Ros2_ws/install/custom_interfaces/include/custom_interfaces/custom_interfaces/action/detail/reach_location__type_support.hpp
[2.009s] -- Up-to-date: /home/kafando/Ros2_ws/install/custom_interfaces/include/custom_interfaces/custom_interfaces/action/detail/custom_action__traits.hpp
[2.009s] -- Up-to-date: /home/kafando/Ros2_ws/install/custom_interfaces/include/custom_interfaces/custom_interfaces/action/detail/reach_location__builder.hpp
[2.009s] -- Up-to-date: /home/kafando/Ros2_ws/install/custom_interfaces/include/custom_interfaces/custom_interfaces/action/detail/reach_location__struct.hpp
[2.010s] -- Up-to-date: /home/kafando/Ros2_ws/install/custom_interfaces/include/custom_interfaces/custom_interfaces/action/detail/custom_action__type_support.hpp
[2.010s] -- Up-to-date: /home/kafando/Ros2_ws/install/custom_interfaces/include/custom_interfaces/custom_interfaces/action/detail/custom_action__builder.hpp
[2.010s] -- Up-to-date: /home/kafando/Ros2_ws/install/custom_interfaces/include/custom_interfaces/custom_interfaces/action/detail/custom_action__struct.hpp
[2.010s] -- Up-to-date: /home/kafando/Ros2_ws/install/custom_interfaces/include/custom_interfaces/custom_interfaces/action/reach_location.hpp
[2.010s] -- Up-to-date: /home/kafando/Ros2_ws/install/custom_interfaces/include/custom_interfaces/custom_interfaces/action/custom_action.hpp
[2.010s] -- Up-to-date: /home/kafando/Ros2_ws/install/custom_interfaces/include/custom_interfaces/custom_interfaces
[2.010s] -- Up-to-date: /home/kafando/Ros2_ws/install/custom_interfaces/include/custom_interfaces/custom_interfaces/msg
[2.010s] -- Up-to-date: /home/kafando/Ros2_ws/install/custom_interfaces/include/custom_interfaces/custom_interfaces/msg/detail
[2.010s] -- Up-to-date: /home/kafando/Ros2_ws/install/custom_interfaces/include/custom_interfaces/custom_interfaces/msg/detail/dds_fastrtps
[2.010s] -- Up-to-date: /home/kafando/Ros2_ws/install/custom_interfaces/include/custom_interfaces/custom_interfaces/msg/detail/custom_message__rosidl_typesupport_fastrtps_cpp.hpp
[2.010s] -- Up-to-date: /home/kafando/Ros2_ws/install/custom_interfaces/include/custom_interfaces/custom_interfaces/msg/rosidl_typesupport_fastrtps_cpp__visibility_control.h
[2.010s] -- Up-to-date: /home/kafando/Ros2_ws/install/custom_interfaces/include/custom_interfaces/custom_interfaces/srv
[2.010s] -- Up-to-date: /home/kafando/Ros2_ws/install/custom_interfaces/include/custom_interfaces/custom_interfaces/srv/detail
[2.011s] -- Up-to-date: /home/kafando/Ros2_ws/install/custom_interfaces/include/custom_interfaces/custom_interfaces/srv/detail/dds_fastrtps
[2.011s] -- Up-to-date: /home/kafando/Ros2_ws/install/custom_interfaces/include/custom_interfaces/custom_interfaces/srv/detail/concat_strings__rosidl_typesupport_fastrtps_cpp.hpp
[2.011s] -- Up-to-date: /home/kafando/Ros2_ws/install/custom_interfaces/include/custom_interfaces/custom_interfaces/action
[2.011s] -- Up-to-date: /home/kafando/Ros2_ws/install/custom_interfaces/include/custom_interfaces/custom_interfaces/action/detail
[2.011s] -- Up-to-date: /home/kafando/Ros2_ws/install/custom_interfaces/include/custom_interfaces/custom_interfaces/action/detail/reach_location__rosidl_typesupport_fastrtps_cpp.hpp
[2.011s] -- Up-to-date: /home/kafando/Ros2_ws/install/custom_interfaces/include/custom_interfaces/custom_interfaces/action/detail/dds_fastrtps
[2.011s] -- Up-to-date: /home/kafando/Ros2_ws/install/custom_interfaces/include/custom_interfaces/custom_interfaces/action/detail/custom_action__rosidl_typesupport_fastrtps_cpp.hpp
[2.011s] -- Up-to-date: /home/kafando/Ros2_ws/install/custom_interfaces/lib/libcustom_interfaces__rosidl_typesupport_fastrtps_cpp.so
[2.011s] -- Up-to-date: /home/kafando/Ros2_ws/install/custom_interfaces/include/custom_interfaces/custom_interfaces
[2.011s] -- Up-to-date: /home/kafando/Ros2_ws/install/custom_interfaces/include/custom_interfaces/custom_interfaces/msg
[2.011s] -- Up-to-date: /home/kafando/Ros2_ws/install/custom_interfaces/include/custom_interfaces/custom_interfaces/msg/detail
[2.011s] -- Up-to-date: /home/kafando/Ros2_ws/install/custom_interfaces/include/custom_interfaces/custom_interfaces/msg/detail/custom_message__rosidl_typesupport_introspection_cpp.hpp
[2.011s] -- Up-to-date: /home/kafando/Ros2_ws/install/custom_interfaces/include/custom_interfaces/custom_interfaces/msg/detail/custom_message__type_support.cpp
[2.011s] -- Up-to-date: /home/kafando/Ros2_ws/install/custom_interfaces/include/custom_interfaces/custom_interfaces/srv
[2.012s] -- Up-to-date: /home/kafando/Ros2_ws/install/custom_interfaces/include/custom_interfaces/custom_interfaces/srv/detail
[2.012s] -- Up-to-date: /home/kafando/Ros2_ws/install/custom_interfaces/include/custom_interfaces/custom_interfaces/srv/detail/concat_strings__type_support.cpp
[2.012s] -- Up-to-date: /home/kafando/Ros2_ws/install/custom_interfaces/include/custom_interfaces/custom_interfaces/srv/detail/concat_strings__rosidl_typesupport_introspection_cpp.hpp
[2.012s] -- Up-to-date: /home/kafando/Ros2_ws/install/custom_interfaces/include/custom_interfaces/custom_interfaces/action
[2.012s] -- Up-to-date: /home/kafando/Ros2_ws/install/custom_interfaces/include/custom_interfaces/custom_interfaces/action/detail
[2.012s] -- Up-to-date: /home/kafando/Ros2_ws/install/custom_interfaces/include/custom_interfaces/custom_interfaces/action/detail/reach_location__type_support.cpp
[2.012s] -- Up-to-date: /home/kafando/Ros2_ws/install/custom_interfaces/include/custom_interfaces/custom_interfaces/action/detail/reach_location__rosidl_typesupport_introspection_cpp.hpp
[2.012s] -- Up-to-date: /home/kafando/Ros2_ws/install/custom_interfaces/include/custom_interfaces/custom_interfaces/action/detail/custom_action__rosidl_typesupport_introspection_cpp.hpp
[2.013s] -- Up-to-date: /home/kafando/Ros2_ws/install/custom_interfaces/include/custom_interfaces/custom_interfaces/action/detail/custom_action__type_support.cpp
[2.013s] -- Up-to-date: /home/kafando/Ros2_ws/install/custom_interfaces/lib/libcustom_interfaces__rosidl_typesupport_introspection_cpp.so
[2.013s] -- Up-to-date: /home/kafando/Ros2_ws/install/custom_interfaces/lib/libcustom_interfaces__rosidl_typesupport_cpp.so
[2.013s] -- Up-to-date: /home/kafando/Ros2_ws/install/custom_interfaces/share/custom_interfaces/environment/pythonpath.sh
[2.013s] -- Up-to-date: /home/kafando/Ros2_ws/install/custom_interfaces/share/custom_interfaces/environment/pythonpath.dsv
[2.013s] -- Up-to-date: /home/kafando/Ros2_ws/install/custom_interfaces/lib/python3.12/site-packages/custom_interfaces-0.0.0-py3.12.egg-info
[2.013s] -- Installing: /home/kafando/Ros2_ws/install/custom_interfaces/lib/python3.12/site-packages/custom_interfaces-0.0.0-py3.12.egg-info/top_level.txt
[2.013s] -- Installing: /home/kafando/Ros2_ws/install/custom_interfaces/lib/python3.12/site-packages/custom_interfaces-0.0.0-py3.12.egg-info/PKG-INFO
[2.013s] -- Installing: /home/kafando/Ros2_ws/install/custom_interfaces/lib/python3.12/site-packages/custom_interfaces-0.0.0-py3.12.egg-info/SOURCES.txt
[2.013s] -- Installing: /home/kafando/Ros2_ws/install/custom_interfaces/lib/python3.12/site-packages/custom_interfaces-0.0.0-py3.12.egg-info/dependency_links.txt
[2.013s] -- Up-to-date: /home/kafando/Ros2_ws/install/custom_interfaces/lib/python3.12/site-packages/custom_interfaces
[2.014s] -- Up-to-date: /home/kafando/Ros2_ws/install/custom_interfaces/lib/python3.12/site-packages/custom_interfaces/custom_interfaces_s__rosidl_typesupport_fastrtps_c.so
[2.014s] -- Up-to-date: /home/kafando/Ros2_ws/install/custom_interfaces/lib/python3.12/site-packages/custom_interfaces/msg
[2.014s] -- Up-to-date: /home/kafando/Ros2_ws/install/custom_interfaces/lib/python3.12/site-packages/custom_interfaces/msg/__init__.py
[2.014s] -- Up-to-date: /home/kafando/Ros2_ws/install/custom_interfaces/lib/python3.12/site-packages/custom_interfaces/msg/_custom_message.py
[2.014s] -- Up-to-date: /home/kafando/Ros2_ws/install/custom_interfaces/lib/python3.12/site-packages/custom_interfaces/msg/_custom_message_s.c
[2.014s] -- Up-to-date: /home/kafando/Ros2_ws/install/custom_interfaces/lib/python3.12/site-packages/custom_interfaces/__init__.py
[2.014s] -- Up-to-date: /home/kafando/Ros2_ws/install/custom_interfaces/lib/python3.12/site-packages/custom_interfaces/custom_interfaces_s__rosidl_typesupport_introspection_c.so
[2.014s] -- Up-to-date: /home/kafando/Ros2_ws/install/custom_interfaces/lib/python3.12/site-packages/custom_interfaces/_custom_interfaces_s.ep.rosidl_typesupport_introspection_c.c
[2.014s] -- Up-to-date: /home/kafando/Ros2_ws/install/custom_interfaces/lib/python3.12/site-packages/custom_interfaces/srv
[2.014s] -- Up-to-date: /home/kafando/Ros2_ws/install/custom_interfaces/lib/python3.12/site-packages/custom_interfaces/srv/_concat_strings_s.c
[2.014s] -- Up-to-date: /home/kafando/Ros2_ws/install/custom_interfaces/lib/python3.12/site-packages/custom_interfaces/srv/_concat_strings.py
[2.014s] -- Up-to-date: /home/kafando/Ros2_ws/install/custom_interfaces/lib/python3.12/site-packages/custom_interfaces/srv/__init__.py
[2.015s] -- Up-to-date: /home/kafando/Ros2_ws/install/custom_interfaces/lib/python3.12/site-packages/custom_interfaces/action
[2.015s] -- Up-to-date: /home/kafando/Ros2_ws/install/custom_interfaces/lib/python3.12/site-packages/custom_interfaces/action/__init__.py
[2.015s] -- Up-to-date: /home/kafando/Ros2_ws/install/custom_interfaces/lib/python3.12/site-packages/custom_interfaces/action/_custom_action_s.c
[2.015s] -- Up-to-date: /home/kafando/Ros2_ws/install/custom_interfaces/lib/python3.12/site-packages/custom_interfaces/action/_reach_location.py
[2.015s] -- Up-to-date: /home/kafando/Ros2_ws/install/custom_interfaces/lib/python3.12/site-packages/custom_interfaces/action/_reach_location_s.c
[2.015s] -- Up-to-date: /home/kafando/Ros2_ws/install/custom_interfaces/lib/python3.12/site-packages/custom_interfaces/action/_custom_action.py
[2.015s] -- Up-to-date: /home/kafando/Ros2_ws/install/custom_interfaces/lib/python3.12/site-packages/custom_interfaces/_custom_interfaces_s.ep.rosidl_typesupport_fastrtps_c.c
[2.016s] -- Up-to-date: /home/kafando/Ros2_ws/install/custom_interfaces/lib/python3.12/site-packages/custom_interfaces/_custom_interfaces_s.ep.rosidl_typesupport_c.c
[2.016s] -- Up-to-date: /home/kafando/Ros2_ws/install/custom_interfaces/lib/python3.12/site-packages/custom_interfaces/custom_interfaces_s__rosidl_typesupport_c.so
[2.073s] Listing '/home/kafando/Ros2_ws/install/custom_interfaces/lib/python3.12/site-packages/custom_interfaces'...
[2.073s] Listing '/home/kafando/Ros2_ws/install/custom_interfaces/lib/python3.12/site-packages/custom_interfaces/action'...
[2.073s] Listing '/home/kafando/Ros2_ws/install/custom_interfaces/lib/python3.12/site-packages/custom_interfaces/msg'...
[2.073s] Listing '/home/kafando/Ros2_ws/install/custom_interfaces/lib/python3.12/site-packages/custom_interfaces/srv'...
[2.086s] -- Up-to-date: /home/kafando/Ros2_ws/install/custom_interfaces/lib/python3.12/site-packages/custom_interfaces/custom_interfaces_s__rosidl_typesupport_fastrtps_c.so
[2.086s] -- Up-to-date: /home/kafando/Ros2_ws/install/custom_interfaces/lib/python3.12/site-packages/custom_interfaces/custom_interfaces_s__rosidl_typesupport_introspection_c.so
[2.086s] -- Up-to-date: /home/kafando/Ros2_ws/install/custom_interfaces/lib/python3.12/site-packages/custom_interfaces/custom_interfaces_s__rosidl_typesupport_c.so
[2.087s] -- Up-to-date: /home/kafando/Ros2_ws/install/custom_interfaces/lib/libcustom_interfaces__rosidl_generator_py.so
[2.087s] -- Up-to-date: /home/kafando/Ros2_ws/install/custom_interfaces/share/ament_index/resource_index/rust_packages/custom_interfaces
[2.087s] -- Up-to-date: /home/kafando/Ros2_ws/install/custom_interfaces/share/custom_interfaces/rust
[2.087s] -- Up-to-date: /home/kafando/Ros2_ws/install/custom_interfaces/share/custom_interfaces/rust/Cargo.toml
[2.087s] -- Up-to-date: /home/kafando/Ros2_ws/install/custom_interfaces/share/custom_interfaces/rust/src
[2.087s] -- Up-to-date: /home/kafando/Ros2_ws/install/custom_interfaces/share/custom_interfaces/rust/src/msg
[2.087s] -- Up-to-date: /home/kafando/Ros2_ws/install/custom_interfaces/share/custom_interfaces/rust/src/msg/rmw.rs
[2.087s] -- Up-to-date: /home/kafando/Ros2_ws/install/custom_interfaces/share/custom_interfaces/rust/src/srv.rs
[2.088s] -- Up-to-date: /home/kafando/Ros2_ws/install/custom_interfaces/share/custom_interfaces/rust/src/srv
[2.088s] -- Up-to-date: /home/kafando/Ros2_ws/install/custom_interfaces/share/custom_interfaces/rust/src/srv/rmw.rs
[2.088s] -- Up-to-date: /home/kafando/Ros2_ws/install/custom_interfaces/share/custom_interfaces/rust/src/action
[2.088s] -- Up-to-date: /home/kafando/Ros2_ws/install/custom_interfaces/share/custom_interfaces/rust/src/action/rmw.rs
[2.088s] -- Up-to-date: /home/kafando/Ros2_ws/install/custom_interfaces/share/custom_interfaces/rust/src/msg.rs
[2.088s] -- Up-to-date: /home/kafando/Ros2_ws/install/custom_interfaces/share/custom_interfaces/rust/src/lib.rs
[2.088s] -- Up-to-date: /home/kafando/Ros2_ws/install/custom_interfaces/share/custom_interfaces/rust/src/action.rs
[2.088s] -- Up-to-date: /home/kafando/Ros2_ws/install/custom_interfaces/share/custom_interfaces/rust/build.rs
[2.088s] -- Up-to-date: /home/kafando/Ros2_ws/install/custom_interfaces/share/custom_interfaces/msg/CustomMessage.idl
[2.089s] -- Up-to-date: /home/kafando/Ros2_ws/install/custom_interfaces/share/custom_interfaces/srv/ConcatStrings.idl
[2.089s] -- Up-to-date: /home/kafando/Ros2_ws/install/custom_interfaces/share/custom_interfaces/action/CustomAction.idl
[2.089s] -- Up-to-date: /home/kafando/Ros2_ws/install/custom_interfaces/share/custom_interfaces/action/ReachLocation.idl
[2.089s] -- Up-to-date: /home/kafando/Ros2_ws/install/custom_interfaces/share/custom_interfaces/msg/CustomMessage.msg
[2.089s] -- Up-to-date: /home/kafando/Ros2_ws/install/custom_interfaces/share/custom_interfaces/srv/ConcatStrings.srv
[2.089s] -- Up-to-date: /home/kafando/Ros2_ws/install/custom_interfaces/share/custom_interfaces/action/CustomAction.action
[2.089s] -- Up-to-date: /home/kafando/Ros2_ws/install/custom_interfaces/share/custom_interfaces/action/ReachLocation.action
[2.089s] -- Up-to-date: /home/kafando/Ros2_ws/install/custom_interfaces/share/ament_index/resource_index/package_run_dependencies/custom_interfaces
[2.089s] -- Up-to-date: /home/kafando/Ros2_ws/install/custom_interfaces/share/ament_index/resource_index/parent_prefix_path/custom_interfaces
[2.089s] -- Up-to-date: /home/kafando/Ros2_ws/install/custom_interfaces/share/custom_interfaces/environment/ament_prefix_path.sh
[2.090s] -- Up-to-date: /home/kafando/Ros2_ws/install/custom_interfaces/share/custom_interfaces/environment/ament_prefix_path.dsv
[2.090s] -- Up-to-date: /home/kafando/Ros2_ws/install/custom_interfaces/share/custom_interfaces/environment/path.sh
[2.090s] -- Up-to-date: /home/kafando/Ros2_ws/install/custom_interfaces/share/custom_interfaces/environment/path.dsv
[2.090s] -- Up-to-date: /home/kafando/Ros2_ws/install/custom_interfaces/share/custom_interfaces/local_setup.bash
[2.090s] -- Up-to-date: /home/kafando/Ros2_ws/install/custom_interfaces/share/custom_interfaces/local_setup.sh
[2.090s] -- Up-to-date: /home/kafando/Ros2_ws/install/custom_interfaces/share/custom_interfaces/local_setup.zsh
[2.090s] -- Up-to-date: /home/kafando/Ros2_ws/install/custom_interfaces/share/custom_interfaces/local_setup.dsv
[2.090s] -- Installing: /home/kafando/Ros2_ws/install/custom_interfaces/share/custom_interfaces/package.dsv
[2.090s] -- Up-to-date: /home/kafando/Ros2_ws/install/custom_interfaces/share/ament_index/resource_index/packages/custom_interfaces
[2.091s] -- Up-to-date: /home/kafando/Ros2_ws/install/custom_interfaces/share/custom_interfaces/cmake/export_custom_interfaces__rosidl_generator_cExport.cmake
[2.091s] -- Up-to-date: /home/kafando/Ros2_ws/install/custom_interfaces/share/custom_interfaces/cmake/export_custom_interfaces__rosidl_generator_cExport-debug.cmake
[2.091s] -- Up-to-date: /home/kafando/Ros2_ws/install/custom_interfaces/share/custom_interfaces/cmake/export_custom_interfaces__rosidl_typesupport_fastrtps_cExport.cmake
[2.091s] -- Up-to-date: /home/kafando/Ros2_ws/install/custom_interfaces/share/custom_interfaces/cmake/export_custom_interfaces__rosidl_typesupport_fastrtps_cExport-debug.cmake
[2.091s] -- Up-to-date: /home/kafando/Ros2_ws/install/custom_interfaces/share/custom_interfaces/cmake/custom_interfaces__rosidl_typesupport_introspection_cExport.cmake
[2.092s] -- Up-to-date: /home/kafando/Ros2_ws/install/custom_interfaces/share/custom_interfaces/cmake/custom_interfaces__rosidl_typesupport_introspection_cExport-debug.cmake
[2.092s] -- Up-to-date: /home/kafando/Ros2_ws/install/custom_interfaces/share/custom_interfaces/cmake/custom_interfaces__rosidl_typesupport_cExport.cmake
[2.092s] -- Up-to-date: /home/kafando/Ros2_ws/install/custom_interfaces/share/custom_interfaces/cmake/custom_interfaces__rosidl_typesupport_cExport-debug.cmake
[2.092s] -- Up-to-date: /home/kafando/Ros2_ws/install/custom_interfaces/share/custom_interfaces/cmake/export_custom_interfaces__rosidl_generator_cppExport.cmake
[2.092s] -- Up-to-date: /home/kafando/Ros2_ws/install/custom_interfaces/share/custom_interfaces/cmake/export_custom_interfaces__rosidl_typesupport_fastrtps_cppExport.cmake
[2.092s] -- Up-to-date: /home/kafando/Ros2_ws/install/custom_interfaces/share/custom_interfaces/cmake/export_custom_interfaces__rosidl_typesupport_fastrtps_cppExport-debug.cmake
[2.092s] -- Up-to-date: /home/kafando/Ros2_ws/install/custom_interfaces/share/custom_interfaces/cmake/custom_interfaces__rosidl_typesupport_introspection_cppExport.cmake
[2.092s] -- Up-to-date: /home/kafando/Ros2_ws/install/custom_interfaces/share/custom_interfaces/cmake/custom_interfaces__rosidl_typesupport_introspection_cppExport-debug.cmake
[2.092s] -- Up-to-date: /home/kafando/Ros2_ws/install/custom_interfaces/share/custom_interfaces/cmake/custom_interfaces__rosidl_typesupport_cppExport.cmake
[2.093s] -- Up-to-date: /home/kafando/Ros2_ws/install/custom_interfaces/share/custom_interfaces/cmake/custom_interfaces__rosidl_typesupport_cppExport-debug.cmake
[2.093s] -- Up-to-date: /home/kafando/Ros2_ws/install/custom_interfaces/share/custom_interfaces/cmake/export_custom_interfaces__rosidl_generator_pyExport.cmake
[2.093s] -- Up-to-date: /home/kafando/Ros2_ws/install/custom_interfaces/share/custom_interfaces/cmake/export_custom_interfaces__rosidl_generator_pyExport-debug.cmake
[2.093s] -- Up-to-date: /home/kafando/Ros2_ws/install/custom_interfaces/share/custom_interfaces/cmake/rosidl_cmake-extras.cmake
[2.093s] -- Up-to-date: /home/kafando/Ros2_ws/install/custom_interfaces/share/custom_interfaces/cmake/ament_cmake_export_dependencies-extras.cmake
[2.093s] -- Up-to-date: /home/kafando/Ros2_ws/install/custom_interfaces/share/custom_interfaces/cmake/ament_cmake_export_include_directories-extras.cmake
[2.093s] -- Up-to-date: /home/kafando/Ros2_ws/install/custom_interfaces/share/custom_interfaces/cmake/ament_cmake_export_libraries-extras.cmake
[2.093s] -- Up-to-date: /home/kafando/Ros2_ws/install/custom_interfaces/share/custom_interfaces/cmake/ament_cmake_export_targets-extras.cmake
[2.093s] -- Up-to-date: /home/kafando/Ros2_ws/install/custom_interfaces/share/custom_interfaces/cmake/rosidl_cmake_export_typesupport_targets-extras.cmake
[2.093s] -- Up-to-date: /home/kafando/Ros2_ws/install/custom_interfaces/share/custom_interfaces/cmake/rosidl_cmake_export_typesupport_libraries-extras.cmake
[2.094s] -- Up-to-date: /home/kafando/Ros2_ws/install/custom_interfaces/share/custom_interfaces/cmake/custom_interfacesConfig.cmake
[2.094s] -- Up-to-date: /home/kafando/Ros2_ws/install/custom_interfaces/share/custom_interfaces/cmake/custom_interfacesConfig-version.cmake
[2.094s] -- Up-to-date: /home/kafando/Ros2_ws/install/custom_interfaces/share/custom_interfaces/package.xml
[2.096s] Invoked command in '/home/kafando/Ros2_ws/build/custom_interfaces' returned '0': CMAKE_PREFIX_PATH=${CMAKE_PREFIX_PATH}:/home/kafando/ws_moveit/install/moveit_configs_utils:/opt/ros/jazzy DEBUGINFOD_URLS=https://debuginfod.ubuntu.com /usr/bin/cmake --install /home/kafando/Ros2_ws/build/custom_interfaces
