[0.041s] Invoking command in '/home/kafando/Ros2_ws/build/mm_nav': CMAKE_PREFIX_PATH=${CMAKE_PREFIX_PATH}:/home/kafando/ws_moveit/install/moveit_configs_utils:/opt/ros/jazzy DEBUGINFOD_URLS=https://debuginfod.ubuntu.com /usr/bin/cmake /home/kafando/Ros2_ws/src/mm_nav -DCMAKE_BUILD_TYPE=Debug -DCMAKE_CXX_FLAGS=-fsanitize=address -fno-omit-frame-pointer -DCMAKE_INSTALL_PREFIX=/home/kafando/Ros2_ws/install/mm_nav
[0.072s] -- Found ament_cmake: 2.5.6 (/opt/ros/jazzy/share/ament_cmake/cmake)
[0.527s] -- Found rclcpp: 28.1.18 (/opt/ros/jazzy/share/rclcpp/cmake)
[0.584s] -- Found rosidl_generator_c: 4.6.7 (/opt/ros/jazzy/share/rosidl_generator_c/cmake)
[0.600s] -- Found rosidl_generator_cpp: 4.6.7 (/opt/ros/jazzy/share/rosidl_generator_cpp/cmake)
[0.624s] -- Using all available rosidl_typesupport_c: rosidl_typesupport_fastrtps_c;rosidl_typesupport_introspection_c
[0.654s] -- Using all available rosidl_typesupport_cpp: rosidl_typesupport_fastrtps_cpp;rosidl_typesupport_introspection_cpp
[0.772s] -- Found rmw_implementation_cmake: 7.3.3 (/opt/ros/jazzy/share/rmw_implementation_cmake/cmake)
[0.779s] -- Found rmw_fastrtps_cpp: 8.4.3 (/opt/ros/jazzy/share/rmw_fastrtps_cpp/cmake)
[0.923s] -- Using RMW implementation 'rmw_fastrtps_cpp' as default
[1.047s] -- Found rclcpp_action: 28.1.18 (/opt/ros/jazzy/share/rclcpp_action/cmake)
[1.130s] -- Found nav2_msgs: 1.3.11 (/opt/ros/jazzy/share/nav2_msgs/cmake)
[1.405s] -- Found nav2_common: 1.3.11 (/opt/ros/jazzy/share/nav2_common/cmake)
[1.405s] -- Found navigation2: 1.3.11 (/opt/ros/jazzy/share/navigation2/cmake)
[1.626s] -- Configuring done (1.6s)
[1.661s] -- Generating done (0.0s)
[1.672s] -- Build files have been written to: /home/kafando/Ros2_ws/build/mm_nav
[1.704s] Invoked command in '/home/kafando/Ros2_ws/build/mm_nav' returned '0': CMAKE_PREFIX_PATH=${CMAKE_PREFIX_PATH}:/home/kafando/ws_moveit/install/moveit_configs_utils:/opt/ros/jazzy DEBUGINFOD_URLS=https://debuginfod.ubuntu.com /usr/bin/cmake /home/kafando/Ros2_ws/src/mm_nav -DCMAKE_BUILD_TYPE=Debug -DCMAKE_CXX_FLAGS=-fsanitize=address -fno-omit-frame-pointer -DCMAKE_INSTALL_PREFIX=/home/kafando/Ros2_ws/install/mm_nav
[1.706s] Invoking command in '/home/kafando/Ros2_ws/build/mm_nav': CMAKE_PREFIX_PATH=${CMAKE_PREFIX_PATH}:/home/kafando/ws_moveit/install/moveit_configs_utils:/opt/ros/jazzy DEBUGINFOD_URLS=https://debuginfod.ubuntu.com /usr/bin/cmake --build /home/kafando/Ros2_ws/build/mm_nav -- -j16 -l16
[1.850s] [ 33%] [32mBuilding CXX object CMakeFiles/navigation_client.dir/src/navigation_client.cpp.o[0m
[1.850s] [ 66%] [32mBuilding CXX object CMakeFiles/navigation_client.dir/src/main.cpp.o[0m
[19.388s] [100%] [32m[1mLinking CXX executable navigation_client[0m
[20.214s] [100%] Built target navigation_client
[20.249s] Invoked command in '/home/kafando/Ros2_ws/build/mm_nav' returned '0': CMAKE_PREFIX_PATH=${CMAKE_PREFIX_PATH}:/home/kafando/ws_moveit/install/moveit_configs_utils:/opt/ros/jazzy DEBUGINFOD_URLS=https://debuginfod.ubuntu.com /usr/bin/cmake --build /home/kafando/Ros2_ws/build/mm_nav -- -j16 -l16
[20.250s] Invoking command in '/home/kafando/Ros2_ws/build/mm_nav': CMAKE_PREFIX_PATH=${CMAKE_PREFIX_PATH}:/home/kafando/ws_moveit/install/moveit_configs_utils:/opt/ros/jazzy DEBUGINFOD_URLS=https://debuginfod.ubuntu.com /usr/bin/cmake --install /home/kafando/Ros2_ws/build/mm_nav
[20.280s] -- Install configuration: "Debug"
[20.281s] -- Up-to-date: /home/kafando/Ros2_ws/install/mm_nav/share/mm_nav/launch
[20.281s] -- Up-to-date: /home/kafando/Ros2_ws/install/mm_nav/share/mm_nav/launch/slam_online_async.launch.py
[20.281s] -- Up-to-date: /home/kafando/Ros2_ws/install/mm_nav/share/mm_nav/launch/slam_nav2.launch.py
[20.281s] -- Up-to-date: /home/kafando/Ros2_ws/install/mm_nav/share/mm_nav/launch/nav2.launch.py
[20.281s] -- Up-to-date: /home/kafando/Ros2_ws/install/mm_nav/share/mm_nav/launch/slam_online_sync.launch.py
[20.281s] -- Up-to-date: /home/kafando/Ros2_ws/install/mm_nav/share/mm_nav/maps
[20.282s] -- Up-to-date: /home/kafando/Ros2_ws/install/mm_nav/share/mm_nav/maps/hospital.pgm
[20.282s] -- Up-to-date: /home/kafando/Ros2_ws/install/mm_nav/share/mm_nav/maps/hospital.yaml
[20.282s] -- Up-to-date: /home/kafando/Ros2_ws/install/mm_nav/share/mm_nav/rviz
[20.282s] -- Up-to-date: /home/kafando/Ros2_ws/install/mm_nav/share/mm_nav/rviz/nav2_moveit2_view.rviz
[20.282s] -- Up-to-date: /home/kafando/Ros2_ws/install/mm_nav/share/mm_nav/rviz/nav2_default_view.rviz
[20.283s] -- Up-to-date: /home/kafando/Ros2_ws/install/mm_nav/share/mm_nav/params
[20.283s] -- Up-to-date: /home/kafando/Ros2_ws/install/mm_nav/share/mm_nav/params/nav2_params.yaml
[20.283s] -- Up-to-date: /home/kafando/Ros2_ws/install/mm_nav/share/mm_nav/params/slam_toolbox_async.yaml
[20.283s] -- Up-to-date: /home/kafando/Ros2_ws/install/mm_nav/share/mm_nav/params/slam_toolbox_sync.yaml
[20.283s] -- Up-to-date: /home/kafando/Ros2_ws/install/mm_nav/share/mm_nav/params/amcl_params.yaml
[20.283s] -- Installing: /home/kafando/Ros2_ws/install/mm_nav/lib/mm_nav/navigation_client
[20.291s] -- Set non-toolchain portion of runtime path of "/home/kafando/Ros2_ws/install/mm_nav/lib/mm_nav/navigation_client" to ""
[20.291s] -- Up-to-date: /home/kafando/Ros2_ws/install/mm_nav/share/ament_index/resource_index/package_run_dependencies/mm_nav
[20.292s] -- Up-to-date: /home/kafando/Ros2_ws/install/mm_nav/share/ament_index/resource_index/parent_prefix_path/mm_nav
[20.293s] -- Up-to-date: /home/kafando/Ros2_ws/install/mm_nav/share/mm_nav/environment/ament_prefix_path.sh
[20.293s] -- Up-to-date: /home/kafando/Ros2_ws/install/mm_nav/share/mm_nav/environment/ament_prefix_path.dsv
[20.294s] -- Up-to-date: /home/kafando/Ros2_ws/install/mm_nav/share/mm_nav/environment/path.sh
[20.294s] -- Up-to-date: /home/kafando/Ros2_ws/install/mm_nav/share/mm_nav/environment/path.dsv
[20.294s] -- Up-to-date: /home/kafando/Ros2_ws/install/mm_nav/share/mm_nav/local_setup.bash
[20.294s] -- Up-to-date: /home/kafando/Ros2_ws/install/mm_nav/share/mm_nav/local_setup.sh
[20.294s] -- Up-to-date: /home/kafando/Ros2_ws/install/mm_nav/share/mm_nav/local_setup.zsh
[20.294s] -- Up-to-date: /home/kafando/Ros2_ws/install/mm_nav/share/mm_nav/local_setup.dsv
[20.294s] -- Installing: /home/kafando/Ros2_ws/install/mm_nav/share/mm_nav/package.dsv
[20.294s] -- Up-to-date: /home/kafando/Ros2_ws/install/mm_nav/share/ament_index/resource_index/packages/mm_nav
[20.295s] -- Up-to-date: /home/kafando/Ros2_ws/install/mm_nav/share/mm_nav/cmake/mm_navConfig.cmake
[20.295s] -- Up-to-date: /home/kafando/Ros2_ws/install/mm_nav/share/mm_nav/cmake/mm_navConfig-version.cmake
[20.295s] -- Up-to-date: /home/kafando/Ros2_ws/install/mm_nav/share/mm_nav/package.xml
[20.306s] Invoked command in '/home/kafando/Ros2_ws/build/mm_nav' returned '0': CMAKE_PREFIX_PATH=${CMAKE_PREFIX_PATH}:/home/kafando/ws_moveit/install/moveit_configs_utils:/opt/ros/jazzy DEBUGINFOD_URLS=https://debuginfod.ubuntu.com /usr/bin/cmake --install /home/kafando/Ros2_ws/build/mm_nav
