[01m[K/home/kafando/Ros2_ws/src/mm_behaviors/src/mm_moveit_actions.cpp:[m[K In member function ‘[01m[Kvirtual BT::NodeStatus PlanForTheArm::[01;32m[KonStart[m[K()[m[K’:
[01m[K/home/kafando/Ros2_ws/src/mm_behaviors/src/mm_moveit_actions.cpp:222:52:[m[K [01;31m[Kerror: [m[Kno matching function for call to ‘[01m[KtransformToEigen(geometry_msgs::msg::Pose&)[m[K’
  222 |                               [01;31m[Ktf2::transformToEigen(ee_target_pose)[m[K,10, 0.1);
      |                               [01;31m[K~~~~~~~~~~~~~~~~~~~~~^~~~~~~~~~~~~~~~[m[K
In file included from [01m[K/home/kafando/Ros2_ws/src/mm_behaviors/include/mm_behaviors/mm_moveit_actions.hpp:15[m[K,
                 from [01m[K/home/kafando/Ros2_ws/src/mm_behaviors/src/mm_moveit_actions.cpp:1[m[K:
[01m[K/opt/ros/jazzy/include/tf2_eigen/tf2_eigen/tf2_eigen.hpp:56:19:[m[K [01;36m[Knote: [m[Kcandidate: ‘[01m[KEigen::Isometry3d tf2::[01;32m[KtransformToEigen[m[K(const geometry_msgs::msg::Transform&)[m[K’
   56 | Eigen::Isometry3d [01;36m[KtransformToEigen[m[K(const geometry_msgs::msg::Transform & t)
      |                   [01;36m[K^~~~~~~~~~~~~~~~[m[K
[01m[K/opt/ros/jazzy/include/tf2_eigen/tf2_eigen/tf2_eigen.hpp:56:74:[m[K [01;36m[Knote: [m[K  no known conversion for argument 1 from ‘[01m[Kgeometry_msgs::msg::Pose[m[K’ {aka ‘[01m[Kgeometry_msgs::msg::Pose_<std::allocator<void> >[m[K’} to ‘[01m[Kconst geometry_msgs::msg::Transform&[m[K’ {aka ‘[01m[Kconst geometry_msgs::msg::Transform_<std::allocator<void> >&[m[K’}
   56 | Eigen::Isometry3d transformToEigen([01;36m[Kconst geometry_msgs::msg::Transform & t[m[K)
      |                                    [01;36m[K~~~~~~~~~~~~~~~~~~~~~~~~~~~~~~~~~~~~~~^[m[K
[01m[K/opt/ros/jazzy/include/tf2_eigen/tf2_eigen/tf2_eigen.hpp:70:19:[m[K [01;36m[Knote: [m[Kcandidate: ‘[01m[KEigen::Isometry3d tf2::[01;32m[KtransformToEigen[m[K(const geometry_msgs::msg::TransformStamped&)[m[K’
   70 | Eigen::Isometry3d [01;36m[KtransformToEigen[m[K(const geometry_msgs::msg::TransformStamped & t)
      |                   [01;36m[K^~~~~~~~~~~~~~~~[m[K
[01m[K/opt/ros/jazzy/include/tf2_eigen/tf2_eigen/tf2_eigen.hpp:70:81:[m[K [01;36m[Knote: [m[K  no known conversion for argument 1 from ‘[01m[Kgeometry_msgs::msg::Pose[m[K’ {aka ‘[01m[Kgeometry_msgs::msg::Pose_<std::allocator<void> >[m[K’} to ‘[01m[Kconst geometry_msgs::msg::TransformStamped&[m[K’ {aka ‘[01m[Kconst geometry_msgs::msg::TransformStamped_<std::allocator<void> >&[m[K’}
   70 | Eigen::Isometry3d transformToEigen([01;36m[Kconst geometry_msgs::msg::TransformStamped & t[m[K)
      |                                    [01;36m[K~~~~~~~~~~~~~~~~~~~~~~~~~~~~~~~~~~~~~~~~~~~~~^[m[K
gmake[2]: *** [CMakeFiles/wstta_robot_bt_node.dir/build.make:104: CMakeFiles/wstta_robot_bt_node.dir/src/mm_moveit_actions.cpp.o] Error 1
gmake[1]: *** [CMakeFiles/Makefile2:137: CMakeFiles/wstta_robot_bt_node.dir/all] Error 2
gmake: *** [Makefile:146: all] Error 2
