[0.020s] Invoking command in '/home/kafando/Ros2_ws/build/mm_behaviors': CMAKE_PREFIX_PATH=${CMAKE_PREFIX_PATH}:/home/kafando/ws_moveit/install/moveit_configs_utils:/opt/ros/jazzy DEBUGINFOD_URLS=https://debuginfod.ubuntu.com /usr/bin/cmake --build /home/kafando/Ros2_ws/build/mm_behaviors -- -j16 -l16
[0.098s] [ 16%] [32mBuilding CXX object CMakeFiles/wstta_robot_bt_node.dir/src/mm_moveit_actions.cpp.o[0m
[3.983s] [01m[K/home/kafando/Ros2_ws/src/mm_behaviors/src/mm_moveit_actions.cpp:[m[K In member function ‘[01m[Kvirtual BT::NodeStatus PlanForTheArm::[01;32m[KonStart[m[K()[m[K’:
[3.983s] [01m[K/home/kafando/Ros2_ws/src/mm_behaviors/src/mm_moveit_actions.cpp:222:52:[m[K [01;31m[Kerror: [m[Kno matching function for call to ‘[01m[KtransformToEigen(geometry_msgs::msg::Pose&)[m[K’
[3.983s]   222 |                               [01;31m[Ktf2::transformToEigen(ee_target_pose)[m[K,10, 0.1);
[3.983s]       |                               [01;31m[K~~~~~~~~~~~~~~~~~~~~~^~~~~~~~~~~~~~~~[m[K
[3.984s] In file included from [01m[K/home/kafando/Ros2_ws/src/mm_behaviors/include/mm_behaviors/mm_moveit_actions.hpp:15[m[K,
[3.984s]                  from [01m[K/home/kafando/Ros2_ws/src/mm_behaviors/src/mm_moveit_actions.cpp:1[m[K:
[3.984s] [01m[K/opt/ros/jazzy/include/tf2_eigen/tf2_eigen/tf2_eigen.hpp:56:19:[m[K [01;36m[Knote: [m[Kcandidate: ‘[01m[KEigen::Isometry3d tf2::[01;32m[KtransformToEigen[m[K(const geometry_msgs::msg::Transform&)[m[K’
[3.984s]    56 | Eigen::Isometry3d [01;36m[KtransformToEigen[m[K(const geometry_msgs::msg::Transform & t)
[3.984s]       |                   [01;36m[K^~~~~~~~~~~~~~~~[m[K
[3.984s] [01m[K/opt/ros/jazzy/include/tf2_eigen/tf2_eigen/tf2_eigen.hpp:56:74:[m[K [01;36m[Knote: [m[K  no known conversion for argument 1 from ‘[01m[Kgeometry_msgs::msg::Pose[m[K’ {aka ‘[01m[Kgeometry_msgs::msg::Pose_<std::allocator<void> >[m[K’} to ‘[01m[Kconst geometry_msgs::msg::Transform&[m[K’ {aka ‘[01m[Kconst geometry_msgs::msg::Transform_<std::allocator<void> >&[m[K’}
[3.984s]    56 | Eigen::Isometry3d transformToEigen([01;36m[Kconst geometry_msgs::msg::Transform & t[m[K)
[3.984s]       |                                    [01;36m[K~~~~~~~~~~~~~~~~~~~~~~~~~~~~~~~~~~~~~~^[m[K
[3.984s] [01m[K/opt/ros/jazzy/include/tf2_eigen/tf2_eigen/tf2_eigen.hpp:70:19:[m[K [01;36m[Knote: [m[Kcandidate: ‘[01m[KEigen::Isometry3d tf2::[01;32m[KtransformToEigen[m[K(const geometry_msgs::msg::TransformStamped&)[m[K’
[3.984s]    70 | Eigen::Isometry3d [01;36m[KtransformToEigen[m[K(const geometry_msgs::msg::TransformStamped & t)
[3.984s]       |                   [01;36m[K^~~~~~~~~~~~~~~~[m[K
[3.984s] [01m[K/opt/ros/jazzy/include/tf2_eigen/tf2_eigen/tf2_eigen.hpp:70:81:[m[K [01;36m[Knote: [m[K  no known conversion for argument 1 from ‘[01m[Kgeometry_msgs::msg::Pose[m[K’ {aka ‘[01m[Kgeometry_msgs::msg::Pose_<std::allocator<void> >[m[K’} to ‘[01m[Kconst geometry_msgs::msg::TransformStamped&[m[K’ {aka ‘[01m[Kconst geometry_msgs::msg::TransformStamped_<std::allocator<void> >&[m[K’}
[3.984s]    70 | Eigen::Isometry3d transformToEigen([01;36m[Kconst geometry_msgs::msg::TransformStamped & t[m[K)
[3.984s]       |                                    [01;36m[K~~~~~~~~~~~~~~~~~~~~~~~~~~~~~~~~~~~~~~~~~~~~~^[m[K
[7.252s] gmake[2]: *** [CMakeFiles/wstta_robot_bt_node.dir/build.make:104: CMakeFiles/wstta_robot_bt_node.dir/src/mm_moveit_actions.cpp.o] Error 1
[7.253s] gmake[1]: *** [CMakeFiles/Makefile2:137: CMakeFiles/wstta_robot_bt_node.dir/all] Error 2
[7.253s] gmake: *** [Makefile:146: all] Error 2
[7.255s] Invoked command in '/home/kafando/Ros2_ws/build/mm_behaviors' returned '2': CMAKE_PREFIX_PATH=${CMAKE_PREFIX_PATH}:/home/kafando/ws_moveit/install/moveit_configs_utils:/opt/ros/jazzy DEBUGINFOD_URLS=https://debuginfod.ubuntu.com /usr/bin/cmake --build /home/kafando/Ros2_ws/build/mm_behaviors -- -j16 -l16
