[ 16%] [32mBuilding CXX object CMakeFiles/wstta_robot_bt_node.dir/src/mm_bt_node.cpp.o[0m
In file included from [01m[K/home/kafando/Ros2_ws/src/mm_behaviors/include/mm_behaviors/mm_bt_node.hpp:11[m[K,
                 from [01m[K/home/kafando/Ros2_ws/src/mm_behaviors/src/mm_bt_node.cpp:1[m[K:
[01m[K/home/kafando/Ros2_ws/src/mm_behaviors/include/mm_behaviors/actions_nodes.hpp:[m[K In member function ‘[01m[Kvirtual BT::NodeStatus UnLoad::[01;32m[KonStart[m[K()[m[K’:
[01m[K/home/kafando/Ros2_ws/src/mm_behaviors/include/mm_behaviors/actions_nodes.hpp:56:17:[m[K [01;35m[Kwarning: [m[Kunused variable ‘[01m[Kt[m[K’ [[01;35m[K]8;;https://gcc.gnu.org/onlinedocs/gcc/Warning-Options.html#index-Wunused-variable-Wunused-variable]8;;[m[K]
   56 |         if(bool [01;35m[Kt[m[K = getInput<bool>("is_container_full").value()){
      |                 [01;35m[K^[m[K
[ 33%] [32mBuilding CXX object CMakeFiles/wstta_robot_bt_node.dir/src/actions_nodes.cpp.o[0m
In file included from [01m[K/home/kafando/Ros2_ws/src/mm_behaviors/src/actions_nodes.cpp:1[m[K:
[01m[K/home/kafando/Ros2_ws/src/mm_behaviors/include/mm_behaviors/actions_nodes.hpp:[m[K In member function ‘[01m[Kvirtual BT::NodeStatus UnLoad::[01;32m[KonStart[m[K()[m[K’:
[01m[K/home/kafando/Ros2_ws/src/mm_behaviors/include/mm_behaviors/actions_nodes.hpp:56:17:[m[K [01;35m[Kwarning: [m[Kunused variable ‘[01m[Kt[m[K’ [[01;35m[K]8;;https://gcc.gnu.org/onlinedocs/gcc/Warning-Options.html#index-Wunused-variable-Wunused-variable]8;;[m[K]
   56 |         if(bool [01;35m[Kt[m[K = getInput<bool>("is_container_full").value()){
      |                 [01;35m[K^[m[K
[01m[K/home/kafando/Ros2_ws/src/mm_behaviors/src/actions_nodes.cpp:[m[K At global scope:
[01m[K/home/kafando/Ros2_ws/src/mm_behaviors/src/actions_nodes.cpp:2:16:[m[K [01;31m[Kerror: [m[K‘[01m[KStackObjectPose[m[K’ has not been declared
    2 | BT::NodeStatus [01;31m[KStackObjectPose[m[K::tick(){
      |                [01;31m[K^~~~~~~~~~~~~~~[m[K
[01m[K/home/kafando/Ros2_ws/src/mm_behaviors/src/actions_nodes.cpp:[m[K In function ‘[01m[KBT::NodeStatus[01;32m[K tick[m[K()[m[K’:
[01m[K/home/kafando/Ros2_ws/src/mm_behaviors/src/actions_nodes.cpp:9:5:[m[K [01;31m[Kerror: [m[K‘[01m[KObjects_poses[m[K’ was not declared in this scope
    9 |     [01;31m[KObjects_poses[m[K.push_back(t);
      |     [01;31m[K^~~~~~~~~~~~~[m[K
[01m[K/home/kafando/Ros2_ws/src/mm_behaviors/src/actions_nodes.cpp:11:26:[m[K [01;31m[Kerror: [m[K‘[01m[KgetLockedPortContent[m[K’ was not declared in this scope
   11 |     if(auto any_locked = [01;31m[KgetLockedPortContent[m[K("objects_poses_vect")){
      |                          [01;31m[K^~~~~~~~~~~~~~~~~~~~[m[K
In file included from [01m[K/opt/ros/jazzy/include/rclcpp/rclcpp/copy_all_parameter_values.hpp:27[m[K,
                 from [01m[K/opt/ros/jazzy/include/rclcpp/rclcpp/rclcpp.hpp:171[m[K,
                 from [01m[K/home/kafando/Ros2_ws/src/mm_behaviors/include/mm_behaviors/actions_nodes.hpp:1[m[K:
[01m[K/home/kafando/Ros2_ws/src/mm_behaviors/src/actions_nodes.cpp:12:21:[m[K [01;31m[Kerror: [m[Kinvalid use of ‘[01m[Kthis[m[K’ in non-member function
   12 |         RCLCPP_INFO([01;31m[Kthis[m[K->node_ptr_->get_logger(),"stacking the object pose !");
      |                     [01;31m[K^~~~[m[K
[01m[K/home/kafando/Ros2_ws/src/mm_behaviors/src/actions_nodes.cpp:12:21:[m[K [01;31m[Kerror: [m[Kinvalid use of ‘[01m[Kthis[m[K’ in non-member function
[01m[K/home/kafando/Ros2_ws/src/mm_behaviors/src/actions_nodes.cpp:12:9:[m[K [01;31m[Kerror: [m[Ktemplate argument 1 is invalid
   12 |         [01;31m[KRCLCPP_INFO[m[K(this->node_ptr_->get_logger(),"stacking the object pose !");
      |         [01;31m[K^~~~~~~~~~~[m[K
In file included from [01m[K/opt/ros/jazzy/include/rclcpp/rclcpp/logging.hpp:24[m[K:
[01m[K/home/kafando/Ros2_ws/src/mm_behaviors/src/actions_nodes.cpp:12:21:[m[K [01;31m[Kerror: [m[Kinvalid use of ‘[01m[Kthis[m[K’ in non-member function
   12 |         RCLCPP_INFO([01;31m[Kthis[m[K->node_ptr_->get_logger(),"stacking the object pose !");
      |                     [01;31m[K^~~~[m[K
[01m[K/home/kafando/Ros2_ws/src/mm_behaviors/src/actions_nodes.cpp:12:21:[m[K [01;31m[Kerror: [m[Kinvalid use of ‘[01m[Kthis[m[K’ in non-member function
   12 |         RCLCPP_INFO([01;31m[Kthis[m[K->node_ptr_->get_logger(),"stacking the object pose !");
      |                     [01;31m[K^~~~[m[K
[01m[K/home/kafando/Ros2_ws/src/mm_behaviors/src/actions_nodes.cpp:14:80:[m[K [01;31m[Kerror: [m[Kexpected primary-expression before ‘[01m[K>[m[K’ token
   14 |             std::vector<Pose3D>* Poses = any_locked->castPtr<std::vector<Pose3D[01;31m[K>>[m[K();
      |                                                                                [01;31m[K^~[m[K
[01m[K/home/kafando/Ros2_ws/src/mm_behaviors/src/actions_nodes.cpp:14:83:[m[K [01;31m[Kerror: [m[Kexpected primary-expression before ‘[01m[K)[m[K’ token
   14 |             std::vector<Pose3D>* Poses = any_locked->castPtr<std::vector<Pose3D>>([01;31m[K)[m[K;
      |                                                                                   [01;31m[K^[m[K
gmake[2]: *** [CMakeFiles/wstta_robot_bt_node.dir/build.make:118: CMakeFiles/wstta_robot_bt_node.dir/src/actions_nodes.cpp.o] Error 1
gmake[1]: *** [CMakeFiles/Makefile2:137: CMakeFiles/wstta_robot_bt_node.dir/all] Error 2
gmake: *** [Makefile:146: all] Error 2
