[0.073s] Invoking command in '/home/kafando/Ros2_ws/build/custom_interfaces': CMAKE_PREFIX_PATH=${CMAKE_PREFIX_PATH}:/home/kafando/ws_moveit/install/moveit_configs_utils:/opt/ros/jazzy DEBUGINFOD_URLS=https://debuginfod.ubuntu.com /usr/bin/cmake --build /home/kafando/Ros2_ws/build/custom_interfaces -- -j16 -l16
[0.170s] [  1%] Built target custom_interfaces__rosidl_generator_type_description
[0.172s] [  3%] Built target custom_interfaces__rs
[0.204s] [  3%] Built target ament_cmake_python_copy_custom_interfaces
[0.215s] [  4%] Built target custom_interfaces__cpp
[0.219s] [ 26%] Built target custom_interfaces__rosidl_generator_c
[0.266s] [ 35%] Built target custom_interfaces__rosidl_typesupport_introspection_c
[0.267s] [ 44%] Built target custom_interfaces__rosidl_typesupport_c
[0.279s] [ 53%] Built target custom_interfaces__rosidl_typesupport_cpp
[0.279s] [ 69%] Built target custom_interfaces__rosidl_typesupport_fastrtps_cpp
[0.281s] [ 72%] Built target custom_interfaces__rosidl_typesupport_fastrtps_c
[0.284s] [ 81%] Built target custom_interfaces__rosidl_typesupport_introspection_cpp
[0.329s] [ 81%] Built target custom_interfaces
[0.371s] [ 83%] Built target custom_interfaces__py
[0.419s] [ 90%] Built target custom_interfaces__rosidl_generator_py
[0.460s] [ 96%] Built target custom_interfaces_s__rosidl_typesupport_c
[0.461s] [ 96%] Built target custom_interfaces_s__rosidl_typesupport_fastrtps_c
[0.463s] [100%] Built target custom_interfaces_s__rosidl_typesupport_introspection_c
[0.636s] running egg_info
[0.679s] writing custom_interfaces.egg-info/PKG-INFO
[0.679s] writing dependency_links to custom_interfaces.egg-info/dependency_links.txt
[0.680s] writing top-level names to custom_interfaces.egg-info/top_level.txt
[0.815s] reading manifest file 'custom_interfaces.egg-info/SOURCES.txt'
[0.815s] writing manifest file 'custom_interfaces.egg-info/SOURCES.txt'
[0.864s] [100%] Built target ament_cmake_python_build_custom_interfaces_egg
[0.884s] Invoked command in '/home/kafando/Ros2_ws/build/custom_interfaces' returned '0': CMAKE_PREFIX_PATH=${CMAKE_PREFIX_PATH}:/home/kafando/ws_moveit/install/moveit_configs_utils:/opt/ros/jazzy DEBUGINFOD_URLS=https://debuginfod.ubuntu.com /usr/bin/cmake --build /home/kafando/Ros2_ws/build/custom_interfaces -- -j16 -l16
[0.885s] Invoking command in '/home/kafando/Ros2_ws/build/custom_interfaces': CMAKE_PREFIX_PATH=${CMAKE_PREFIX_PATH}:/home/kafando/ws_moveit/install/moveit_configs_utils:/opt/ros/jazzy DEBUGINFOD_URLS=https://debuginfod.ubuntu.com /usr/bin/cmake --install /home/kafando/Ros2_ws/build/custom_interfaces
[0.901s] -- Install configuration: "Debug"
[0.901s] -- Up-to-date: /home/kafando/Ros2_ws/install/custom_interfaces/share/ament_index/resource_index/rosidl_interfaces/custom_interfaces
[0.901s] -- Up-to-date: /home/kafando/Ros2_ws/install/custom_interfaces/share/custom_interfaces/msg/CustomMessage.json
[0.901s] -- Up-to-date: /home/kafando/Ros2_ws/install/custom_interfaces/share/custom_interfaces/srv/ConcatStrings.json
[0.902s] -- Up-to-date: /home/kafando/Ros2_ws/install/custom_interfaces/share/custom_interfaces/action/CustomAction.json
[0.902s] -- Up-to-date: /home/kafando/Ros2_ws/install/custom_interfaces/share/custom_interfaces/action/ReachLocation.json
[0.902s] -- Up-to-date: /home/kafando/Ros2_ws/install/custom_interfaces/include/custom_interfaces/custom_interfaces
[0.902s] -- Up-to-date: /home/kafando/Ros2_ws/install/custom_interfaces/include/custom_interfaces/custom_interfaces/msg
[0.902s] -- Up-to-date: /home/kafando/Ros2_ws/install/custom_interfaces/include/custom_interfaces/custom_interfaces/msg/detail
[0.902s] -- Up-to-date: /home/kafando/Ros2_ws/install/custom_interfaces/include/custom_interfaces/custom_interfaces/msg/detail/custom_message__functions.h
[0.902s] -- Up-to-date: /home/kafando/Ros2_ws/install/custom_interfaces/include/custom_interfaces/custom_interfaces/msg/detail/custom_message__type_support.h
[0.902s] -- Up-to-date: /home/kafando/Ros2_ws/install/custom_interfaces/include/custom_interfaces/custom_interfaces/msg/detail/custom_message__type_support.c
[0.902s] -- Up-to-date: /home/kafando/Ros2_ws/install/custom_interfaces/include/custom_interfaces/custom_interfaces/msg/detail/custom_message__functions.c
[0.902s] -- Up-to-date: /home/kafando/Ros2_ws/install/custom_interfaces/include/custom_interfaces/custom_interfaces/msg/detail/custom_message__struct.h
[0.902s] -- Up-to-date: /home/kafando/Ros2_ws/install/custom_interfaces/include/custom_interfaces/custom_interfaces/msg/detail/custom_message__description.c
[0.903s] -- Up-to-date: /home/kafando/Ros2_ws/install/custom_interfaces/include/custom_interfaces/custom_interfaces/msg/custom_message.h
[0.903s] -- Up-to-date: /home/kafando/Ros2_ws/install/custom_interfaces/include/custom_interfaces/custom_interfaces/msg/rosidl_generator_c__visibility_control.h
[0.903s] -- Up-to-date: /home/kafando/Ros2_ws/install/custom_interfaces/include/custom_interfaces/custom_interfaces/srv
[0.903s] -- Up-to-date: /home/kafando/Ros2_ws/install/custom_interfaces/include/custom_interfaces/custom_interfaces/srv/detail
[0.903s] -- Up-to-date: /home/kafando/Ros2_ws/install/custom_interfaces/include/custom_interfaces/custom_interfaces/srv/detail/concat_strings__type_support.h
[0.903s] -- Up-to-date: /home/kafando/Ros2_ws/install/custom_interfaces/include/custom_interfaces/custom_interfaces/srv/detail/concat_strings__type_support.c
[0.904s] -- Up-to-date: /home/kafando/Ros2_ws/install/custom_interfaces/include/custom_interfaces/custom_interfaces/srv/detail/concat_strings__functions.h
[0.904s] -- Up-to-date: /home/kafando/Ros2_ws/install/custom_interfaces/include/custom_interfaces/custom_interfaces/srv/detail/concat_strings__functions.c
[0.904s] -- Up-to-date: /home/kafando/Ros2_ws/install/custom_interfaces/include/custom_interfaces/custom_interfaces/srv/detail/concat_strings__struct.h
[0.904s] -- Up-to-date: /home/kafando/Ros2_ws/install/custom_interfaces/include/custom_interfaces/custom_interfaces/srv/detail/concat_strings__description.c
[0.904s] -- Up-to-date: /home/kafando/Ros2_ws/install/custom_interfaces/include/custom_interfaces/custom_interfaces/srv/concat_strings.h
[0.904s] -- Up-to-date: /home/kafando/Ros2_ws/install/custom_interfaces/include/custom_interfaces/custom_interfaces/action
[0.905s] -- Up-to-date: /home/kafando/Ros2_ws/install/custom_interfaces/include/custom_interfaces/custom_interfaces/action/detail
[0.905s] -- Up-to-date: /home/kafando/Ros2_ws/install/custom_interfaces/include/custom_interfaces/custom_interfaces/action/detail/custom_action__description.c
[0.905s] -- Up-to-date: /home/kafando/Ros2_ws/install/custom_interfaces/include/custom_interfaces/custom_interfaces/action/detail/reach_location__functions.c
[0.905s] -- Up-to-date: /home/kafando/Ros2_ws/install/custom_interfaces/include/custom_interfaces/custom_interfaces/action/detail/reach_location__struct.h
[0.905s] -- Up-to-date: /home/kafando/Ros2_ws/install/custom_interfaces/include/custom_interfaces/custom_interfaces/action/detail/reach_location__type_support.h
[0.905s] -- Up-to-date: /home/kafando/Ros2_ws/install/custom_interfaces/include/custom_interfaces/custom_interfaces/action/detail/custom_action__functions.h
[0.905s] -- Up-to-date: /home/kafando/Ros2_ws/install/custom_interfaces/include/custom_interfaces/custom_interfaces/action/detail/reach_location__functions.h
[0.905s] -- Up-to-date: /home/kafando/Ros2_ws/install/custom_interfaces/include/custom_interfaces/custom_interfaces/action/detail/reach_location__type_support.c
[0.905s] -- Up-to-date: /home/kafando/Ros2_ws/install/custom_interfaces/include/custom_interfaces/custom_interfaces/action/detail/reach_location__description.c
[0.905s] -- Up-to-date: /home/kafando/Ros2_ws/install/custom_interfaces/include/custom_interfaces/custom_interfaces/action/detail/custom_action__functions.c
[0.905s] -- Up-to-date: /home/kafando/Ros2_ws/install/custom_interfaces/include/custom_interfaces/custom_interfaces/action/detail/custom_action__type_support.c
[0.906s] -- Up-to-date: /home/kafando/Ros2_ws/install/custom_interfaces/include/custom_interfaces/custom_interfaces/action/detail/custom_action__type_support.h
[0.906s] -- Up-to-date: /home/kafando/Ros2_ws/install/custom_interfaces/include/custom_interfaces/custom_interfaces/action/detail/custom_action__struct.h
[0.906s] -- Up-to-date: /home/kafando/Ros2_ws/install/custom_interfaces/include/custom_interfaces/custom_interfaces/action/reach_location.h
[0.906s] -- Up-to-date: /home/kafando/Ros2_ws/install/custom_interfaces/include/custom_interfaces/custom_interfaces/action/custom_action.h
[0.906s] -- Up-to-date: /home/kafando/Ros2_ws/install/custom_interfaces/share/custom_interfaces/environment/library_path.sh
[0.906s] -- Up-to-date: /home/kafando/Ros2_ws/install/custom_interfaces/share/custom_interfaces/environment/library_path.dsv
[0.906s] -- Up-to-date: /home/kafando/Ros2_ws/install/custom_interfaces/lib/libcustom_interfaces__rosidl_generator_c.so
[0.906s] -- Up-to-date: /home/kafando/Ros2_ws/install/custom_interfaces/include/custom_interfaces/custom_interfaces
[0.906s] -- Up-to-date: /home/kafando/Ros2_ws/install/custom_interfaces/include/custom_interfaces/custom_interfaces/msg
[0.906s] -- Up-to-date: /home/kafando/Ros2_ws/install/custom_interfaces/include/custom_interfaces/custom_interfaces/msg/detail
[0.907s] -- Up-to-date: /home/kafando/Ros2_ws/install/custom_interfaces/include/custom_interfaces/custom_interfaces/msg/detail/custom_message__rosidl_typesupport_fastrtps_c.h
[0.907s] -- Up-to-date: /home/kafando/Ros2_ws/install/custom_interfaces/include/custom_interfaces/custom_interfaces/msg/rosidl_typesupport_fastrtps_c__visibility_control.h
[0.907s] -- Up-to-date: /home/kafando/Ros2_ws/install/custom_interfaces/include/custom_interfaces/custom_interfaces/srv
[0.907s] -- Up-to-date: /home/kafando/Ros2_ws/install/custom_interfaces/include/custom_interfaces/custom_interfaces/srv/detail
[0.907s] -- Up-to-date: /home/kafando/Ros2_ws/install/custom_interfaces/include/custom_interfaces/custom_interfaces/srv/detail/concat_strings__rosidl_typesupport_fastrtps_c.h
[0.907s] -- Up-to-date: /home/kafando/Ros2_ws/install/custom_interfaces/include/custom_interfaces/custom_interfaces/action
[0.907s] -- Up-to-date: /home/kafando/Ros2_ws/install/custom_interfaces/include/custom_interfaces/custom_interfaces/action/detail
[0.908s] -- Up-to-date: /home/kafando/Ros2_ws/install/custom_interfaces/include/custom_interfaces/custom_interfaces/action/detail/reach_location__rosidl_typesupport_fastrtps_c.h
[0.908s] -- Up-to-date: /home/kafando/Ros2_ws/install/custom_interfaces/include/custom_interfaces/custom_interfaces/action/detail/custom_action__rosidl_typesupport_fastrtps_c.h
[0.908s] -- Up-to-date: /home/kafando/Ros2_ws/install/custom_interfaces/lib/libcustom_interfaces__rosidl_typesupport_fastrtps_c.so
[0.908s] -- Up-to-date: /home/kafando/Ros2_ws/install/custom_interfaces/include/custom_interfaces/custom_interfaces
[0.908s] -- Up-to-date: /home/kafando/Ros2_ws/install/custom_interfaces/include/custom_interfaces/custom_interfaces/msg
[0.908s] -- Up-to-date: /home/kafando/Ros2_ws/install/custom_interfaces/include/custom_interfaces/custom_interfaces/msg/detail
[0.908s] -- Up-to-date: /home/kafando/Ros2_ws/install/custom_interfaces/include/custom_interfaces/custom_interfaces/msg/detail/custom_message__type_support.c
[0.908s] -- Up-to-date: /home/kafando/Ros2_ws/install/custom_interfaces/include/custom_interfaces/custom_interfaces/msg/detail/custom_message__rosidl_typesupport_introspection_c.h
[0.908s] -- Up-to-date: /home/kafando/Ros2_ws/install/custom_interfaces/include/custom_interfaces/custom_interfaces/msg/rosidl_typesupport_introspection_c__visibility_control.h
[0.908s] -- Up-to-date: /home/kafando/Ros2_ws/install/custom_interfaces/include/custom_interfaces/custom_interfaces/srv
[0.908s] -- Up-to-date: /home/kafando/Ros2_ws/install/custom_interfaces/include/custom_interfaces/custom_interfaces/srv/detail
[0.908s] -- Up-to-date: /home/kafando/Ros2_ws/install/custom_interfaces/include/custom_interfaces/custom_interfaces/srv/detail/concat_strings__type_support.c
[0.909s] -- Up-to-date: /home/kafando/Ros2_ws/install/custom_interfaces/include/custom_interfaces/custom_interfaces/srv/detail/concat_strings__rosidl_typesupport_introspection_c.h
[0.909s] -- Up-to-date: /home/kafando/Ros2_ws/install/custom_interfaces/include/custom_interfaces/custom_interfaces/action
[0.909s] -- Up-to-date: /home/kafando/Ros2_ws/install/custom_interfaces/include/custom_interfaces/custom_interfaces/action/detail
[0.909s] -- Up-to-date: /home/kafando/Ros2_ws/install/custom_interfaces/include/custom_interfaces/custom_interfaces/action/detail/reach_location__rosidl_typesupport_introspection_c.h
[0.909s] -- Up-to-date: /home/kafando/Ros2_ws/install/custom_interfaces/include/custom_interfaces/custom_interfaces/action/detail/custom_action__rosidl_typesupport_introspection_c.h
[0.909s] -- Up-to-date: /home/kafando/Ros2_ws/install/custom_interfaces/include/custom_interfaces/custom_interfaces/action/detail/reach_location__type_support.c
[0.909s] -- Up-to-date: /home/kafando/Ros2_ws/install/custom_interfaces/include/custom_interfaces/custom_interfaces/action/detail/custom_action__type_support.c
[0.909s] -- Up-to-date: /home/kafando/Ros2_ws/install/custom_interfaces/lib/libcustom_interfaces__rosidl_typesupport_introspection_c.so
[0.909s] -- Up-to-date: /home/kafando/Ros2_ws/install/custom_interfaces/lib/libcustom_interfaces__rosidl_typesupport_c.so
[0.909s] -- Up-to-date: /home/kafando/Ros2_ws/install/custom_interfaces/include/custom_interfaces/custom_interfaces
[0.910s] -- Up-to-date: /home/kafando/Ros2_ws/install/custom_interfaces/include/custom_interfaces/custom_interfaces/msg
[0.910s] -- Up-to-date: /home/kafando/Ros2_ws/install/custom_interfaces/include/custom_interfaces/custom_interfaces/msg/detail
[0.910s] -- Up-to-date: /home/kafando/Ros2_ws/install/custom_interfaces/include/custom_interfaces/custom_interfaces/msg/detail/custom_message__traits.hpp
[0.910s] -- Up-to-date: /home/kafando/Ros2_ws/install/custom_interfaces/include/custom_interfaces/custom_interfaces/msg/detail/custom_message__type_support.hpp
[0.910s] -- Up-to-date: /home/kafando/Ros2_ws/install/custom_interfaces/include/custom_interfaces/custom_interfaces/msg/detail/custom_message__builder.hpp
[0.910s] -- Up-to-date: /home/kafando/Ros2_ws/install/custom_interfaces/include/custom_interfaces/custom_interfaces/msg/detail/custom_message__struct.hpp
[0.910s] -- Up-to-date: /home/kafando/Ros2_ws/install/custom_interfaces/include/custom_interfaces/custom_interfaces/msg/rosidl_generator_cpp__visibility_control.hpp
[0.910s] -- Up-to-date: /home/kafando/Ros2_ws/install/custom_interfaces/include/custom_interfaces/custom_interfaces/msg/custom_message.hpp
[0.911s] -- Up-to-date: /home/kafando/Ros2_ws/install/custom_interfaces/include/custom_interfaces/custom_interfaces/srv
[0.911s] -- Up-to-date: /home/kafando/Ros2_ws/install/custom_interfaces/include/custom_interfaces/custom_interfaces/srv/detail
[0.911s] -- Up-to-date: /home/kafando/Ros2_ws/install/custom_interfaces/include/custom_interfaces/custom_interfaces/srv/detail/concat_strings__builder.hpp
[0.911s] -- Up-to-date: /home/kafando/Ros2_ws/install/custom_interfaces/include/custom_interfaces/custom_interfaces/srv/detail/concat_strings__type_support.hpp
[0.911s] -- Up-to-date: /home/kafando/Ros2_ws/install/custom_interfaces/include/custom_interfaces/custom_interfaces/srv/detail/concat_strings__struct.hpp
[0.911s] -- Up-to-date: /home/kafando/Ros2_ws/install/custom_interfaces/include/custom_interfaces/custom_interfaces/srv/detail/concat_strings__traits.hpp
[0.911s] -- Up-to-date: /home/kafando/Ros2_ws/install/custom_interfaces/include/custom_interfaces/custom_interfaces/srv/concat_strings.hpp
[0.911s] -- Up-to-date: /home/kafando/Ros2_ws/install/custom_interfaces/include/custom_interfaces/custom_interfaces/action
[0.911s] -- Up-to-date: /home/kafando/Ros2_ws/install/custom_interfaces/include/custom_interfaces/custom_interfaces/action/detail
[0.911s] -- Up-to-date: /home/kafando/Ros2_ws/install/custom_interfaces/include/custom_interfaces/custom_interfaces/action/detail/reach_location__traits.hpp
[0.911s] -- Up-to-date: /home/kafando/Ros2_ws/install/custom_interfaces/include/custom_interfaces/custom_interfaces/action/detail/reach_location__type_support.hpp
[0.911s] -- Up-to-date: /home/kafando/Ros2_ws/install/custom_interfaces/include/custom_interfaces/custom_interfaces/action/detail/custom_action__traits.hpp
[0.912s] -- Up-to-date: /home/kafando/Ros2_ws/install/custom_interfaces/include/custom_interfaces/custom_interfaces/action/detail/reach_location__builder.hpp
[0.912s] -- Up-to-date: /home/kafando/Ros2_ws/install/custom_interfaces/include/custom_interfaces/custom_interfaces/action/detail/reach_location__struct.hpp
[0.912s] -- Up-to-date: /home/kafando/Ros2_ws/install/custom_interfaces/include/custom_interfaces/custom_interfaces/action/detail/custom_action__type_support.hpp
[0.912s] -- Up-to-date: /home/kafando/Ros2_ws/install/custom_interfaces/include/custom_interfaces/custom_interfaces/action/detail/custom_action__builder.hpp
[0.912s] -- Up-to-date: /home/kafando/Ros2_ws/install/custom_interfaces/include/custom_interfaces/custom_interfaces/action/detail/custom_action__struct.hpp
[0.912s] -- Up-to-date: /home/kafando/Ros2_ws/install/custom_interfaces/include/custom_interfaces/custom_interfaces/action/reach_location.hpp
[0.912s] -- Up-to-date: /home/kafando/Ros2_ws/install/custom_interfaces/include/custom_interfaces/custom_interfaces/action/custom_action.hpp
[0.912s] -- Up-to-date: /home/kafando/Ros2_ws/install/custom_interfaces/include/custom_interfaces/custom_interfaces
[0.912s] -- Up-to-date: /home/kafando/Ros2_ws/install/custom_interfaces/include/custom_interfaces/custom_interfaces/msg
[0.912s] -- Up-to-date: /home/kafando/Ros2_ws/install/custom_interfaces/include/custom_interfaces/custom_interfaces/msg/detail
[0.912s] -- Up-to-date: /home/kafando/Ros2_ws/install/custom_interfaces/include/custom_interfaces/custom_interfaces/msg/detail/dds_fastrtps
[0.912s] -- Up-to-date: /home/kafando/Ros2_ws/install/custom_interfaces/include/custom_interfaces/custom_interfaces/msg/detail/custom_message__rosidl_typesupport_fastrtps_cpp.hpp
[0.913s] -- Up-to-date: /home/kafando/Ros2_ws/install/custom_interfaces/include/custom_interfaces/custom_interfaces/msg/rosidl_typesupport_fastrtps_cpp__visibility_control.h
[0.913s] -- Up-to-date: /home/kafando/Ros2_ws/install/custom_interfaces/include/custom_interfaces/custom_interfaces/srv
[0.913s] -- Up-to-date: /home/kafando/Ros2_ws/install/custom_interfaces/include/custom_interfaces/custom_interfaces/srv/detail
[0.913s] -- Up-to-date: /home/kafando/Ros2_ws/install/custom_interfaces/include/custom_interfaces/custom_interfaces/srv/detail/dds_fastrtps
[0.913s] -- Up-to-date: /home/kafando/Ros2_ws/install/custom_interfaces/include/custom_interfaces/custom_interfaces/srv/detail/concat_strings__rosidl_typesupport_fastrtps_cpp.hpp
[0.913s] -- Up-to-date: /home/kafando/Ros2_ws/install/custom_interfaces/include/custom_interfaces/custom_interfaces/action
[0.913s] -- Up-to-date: /home/kafando/Ros2_ws/install/custom_interfaces/include/custom_interfaces/custom_interfaces/action/detail
[0.913s] -- Up-to-date: /home/kafando/Ros2_ws/install/custom_interfaces/include/custom_interfaces/custom_interfaces/action/detail/reach_location__rosidl_typesupport_fastrtps_cpp.hpp
[0.913s] -- Up-to-date: /home/kafando/Ros2_ws/install/custom_interfaces/include/custom_interfaces/custom_interfaces/action/detail/dds_fastrtps
[0.913s] -- Up-to-date: /home/kafando/Ros2_ws/install/custom_interfaces/include/custom_interfaces/custom_interfaces/action/detail/custom_action__rosidl_typesupport_fastrtps_cpp.hpp
[0.913s] -- Up-to-date: /home/kafando/Ros2_ws/install/custom_interfaces/lib/libcustom_interfaces__rosidl_typesupport_fastrtps_cpp.so
[0.913s] -- Up-to-date: /home/kafando/Ros2_ws/install/custom_interfaces/include/custom_interfaces/custom_interfaces
[0.914s] -- Up-to-date: /home/kafando/Ros2_ws/install/custom_interfaces/include/custom_interfaces/custom_interfaces/msg
[0.914s] -- Up-to-date: /home/kafando/Ros2_ws/install/custom_interfaces/include/custom_interfaces/custom_interfaces/msg/detail
[0.914s] -- Up-to-date: /home/kafando/Ros2_ws/install/custom_interfaces/include/custom_interfaces/custom_interfaces/msg/detail/custom_message__rosidl_typesupport_introspection_cpp.hpp
[0.914s] -- Up-to-date: /home/kafando/Ros2_ws/install/custom_interfaces/include/custom_interfaces/custom_interfaces/msg/detail/custom_message__type_support.cpp
[0.914s] -- Up-to-date: /home/kafando/Ros2_ws/install/custom_interfaces/include/custom_interfaces/custom_interfaces/srv
[0.914s] -- Up-to-date: /home/kafando/Ros2_ws/install/custom_interfaces/include/custom_interfaces/custom_interfaces/srv/detail
[0.914s] -- Up-to-date: /home/kafando/Ros2_ws/install/custom_interfaces/include/custom_interfaces/custom_interfaces/srv/detail/concat_strings__type_support.cpp
[0.914s] -- Up-to-date: /home/kafando/Ros2_ws/install/custom_interfaces/include/custom_interfaces/custom_interfaces/srv/detail/concat_strings__rosidl_typesupport_introspection_cpp.hpp
[0.914s] -- Up-to-date: /home/kafando/Ros2_ws/install/custom_interfaces/include/custom_interfaces/custom_interfaces/action
[0.914s] -- Up-to-date: /home/kafando/Ros2_ws/install/custom_interfaces/include/custom_interfaces/custom_interfaces/action/detail
[0.914s] -- Up-to-date: /home/kafando/Ros2_ws/install/custom_interfaces/include/custom_interfaces/custom_interfaces/action/detail/reach_location__type_support.cpp
[0.914s] -- Up-to-date: /home/kafando/Ros2_ws/install/custom_interfaces/include/custom_interfaces/custom_interfaces/action/detail/reach_location__rosidl_typesupport_introspection_cpp.hpp
[0.915s] -- Up-to-date: /home/kafando/Ros2_ws/install/custom_interfaces/include/custom_interfaces/custom_interfaces/action/detail/custom_action__rosidl_typesupport_introspection_cpp.hpp
[0.915s] -- Up-to-date: /home/kafando/Ros2_ws/install/custom_interfaces/include/custom_interfaces/custom_interfaces/action/detail/custom_action__type_support.cpp
[0.915s] -- Up-to-date: /home/kafando/Ros2_ws/install/custom_interfaces/lib/libcustom_interfaces__rosidl_typesupport_introspection_cpp.so
[0.915s] -- Up-to-date: /home/kafando/Ros2_ws/install/custom_interfaces/lib/libcustom_interfaces__rosidl_typesupport_cpp.so
[0.915s] -- Up-to-date: /home/kafando/Ros2_ws/install/custom_interfaces/share/custom_interfaces/environment/pythonpath.sh
[0.915s] -- Up-to-date: /home/kafando/Ros2_ws/install/custom_interfaces/share/custom_interfaces/environment/pythonpath.dsv
[0.915s] -- Up-to-date: /home/kafando/Ros2_ws/install/custom_interfaces/lib/python3.12/site-packages/custom_interfaces-0.0.0-py3.12.egg-info
[0.915s] -- Installing: /home/kafando/Ros2_ws/install/custom_interfaces/lib/python3.12/site-packages/custom_interfaces-0.0.0-py3.12.egg-info/top_level.txt
[0.915s] -- Installing: /home/kafando/Ros2_ws/install/custom_interfaces/lib/python3.12/site-packages/custom_interfaces-0.0.0-py3.12.egg-info/PKG-INFO
[0.915s] -- Installing: /home/kafando/Ros2_ws/install/custom_interfaces/lib/python3.12/site-packages/custom_interfaces-0.0.0-py3.12.egg-info/SOURCES.txt
[0.915s] -- Installing: /home/kafando/Ros2_ws/install/custom_interfaces/lib/python3.12/site-packages/custom_interfaces-0.0.0-py3.12.egg-info/dependency_links.txt
[0.916s] -- Up-to-date: /home/kafando/Ros2_ws/install/custom_interfaces/lib/python3.12/site-packages/custom_interfaces
[0.916s] -- Up-to-date: /home/kafando/Ros2_ws/install/custom_interfaces/lib/python3.12/site-packages/custom_interfaces/custom_interfaces_s__rosidl_typesupport_fastrtps_c.so
[0.916s] -- Up-to-date: /home/kafando/Ros2_ws/install/custom_interfaces/lib/python3.12/site-packages/custom_interfaces/msg
[0.916s] -- Up-to-date: /home/kafando/Ros2_ws/install/custom_interfaces/lib/python3.12/site-packages/custom_interfaces/msg/__init__.py
[0.916s] -- Up-to-date: /home/kafando/Ros2_ws/install/custom_interfaces/lib/python3.12/site-packages/custom_interfaces/msg/_custom_message.py
[0.916s] -- Up-to-date: /home/kafando/Ros2_ws/install/custom_interfaces/lib/python3.12/site-packages/custom_interfaces/msg/_custom_message_s.c
[0.916s] -- Up-to-date: /home/kafando/Ros2_ws/install/custom_interfaces/lib/python3.12/site-packages/custom_interfaces/__init__.py
[0.916s] -- Up-to-date: /home/kafando/Ros2_ws/install/custom_interfaces/lib/python3.12/site-packages/custom_interfaces/custom_interfaces_s__rosidl_typesupport_introspection_c.so
[0.916s] -- Up-to-date: /home/kafando/Ros2_ws/install/custom_interfaces/lib/python3.12/site-packages/custom_interfaces/_custom_interfaces_s.ep.rosidl_typesupport_introspection_c.c
[0.916s] -- Up-to-date: /home/kafando/Ros2_ws/install/custom_interfaces/lib/python3.12/site-packages/custom_interfaces/srv
[0.916s] -- Up-to-date: /home/kafando/Ros2_ws/install/custom_interfaces/lib/python3.12/site-packages/custom_interfaces/srv/_concat_strings_s.c
[0.916s] -- Up-to-date: /home/kafando/Ros2_ws/install/custom_interfaces/lib/python3.12/site-packages/custom_interfaces/srv/_concat_strings.py
[0.917s] -- Up-to-date: /home/kafando/Ros2_ws/install/custom_interfaces/lib/python3.12/site-packages/custom_interfaces/srv/__init__.py
[0.917s] -- Up-to-date: /home/kafando/Ros2_ws/install/custom_interfaces/lib/python3.12/site-packages/custom_interfaces/action
[0.917s] -- Up-to-date: /home/kafando/Ros2_ws/install/custom_interfaces/lib/python3.12/site-packages/custom_interfaces/action/__init__.py
[0.917s] -- Up-to-date: /home/kafando/Ros2_ws/install/custom_interfaces/lib/python3.12/site-packages/custom_interfaces/action/_custom_action_s.c
[0.917s] -- Up-to-date: /home/kafando/Ros2_ws/install/custom_interfaces/lib/python3.12/site-packages/custom_interfaces/action/_reach_location.py
[0.917s] -- Up-to-date: /home/kafando/Ros2_ws/install/custom_interfaces/lib/python3.12/site-packages/custom_interfaces/action/_reach_location_s.c
[0.917s] -- Up-to-date: /home/kafando/Ros2_ws/install/custom_interfaces/lib/python3.12/site-packages/custom_interfaces/action/_custom_action.py
[0.917s] -- Up-to-date: /home/kafando/Ros2_ws/install/custom_interfaces/lib/python3.12/site-packages/custom_interfaces/_custom_interfaces_s.ep.rosidl_typesupport_fastrtps_c.c
[0.917s] -- Up-to-date: /home/kafando/Ros2_ws/install/custom_interfaces/lib/python3.12/site-packages/custom_interfaces/_custom_interfaces_s.ep.rosidl_typesupport_c.c
[0.917s] -- Up-to-date: /home/kafando/Ros2_ws/install/custom_interfaces/lib/python3.12/site-packages/custom_interfaces/custom_interfaces_s__rosidl_typesupport_c.so
[0.962s] Listing '/home/kafando/Ros2_ws/install/custom_interfaces/lib/python3.12/site-packages/custom_interfaces'...
[0.962s] Listing '/home/kafando/Ros2_ws/install/custom_interfaces/lib/python3.12/site-packages/custom_interfaces/action'...
[0.962s] Listing '/home/kafando/Ros2_ws/install/custom_interfaces/lib/python3.12/site-packages/custom_interfaces/msg'...
[0.962s] Listing '/home/kafando/Ros2_ws/install/custom_interfaces/lib/python3.12/site-packages/custom_interfaces/srv'...
[0.969s] -- Up-to-date: /home/kafando/Ros2_ws/install/custom_interfaces/lib/python3.12/site-packages/custom_interfaces/custom_interfaces_s__rosidl_typesupport_fastrtps_c.so
[0.969s] -- Up-to-date: /home/kafando/Ros2_ws/install/custom_interfaces/lib/python3.12/site-packages/custom_interfaces/custom_interfaces_s__rosidl_typesupport_introspection_c.so
[0.969s] -- Up-to-date: /home/kafando/Ros2_ws/install/custom_interfaces/lib/python3.12/site-packages/custom_interfaces/custom_interfaces_s__rosidl_typesupport_c.so
[0.969s] -- Up-to-date: /home/kafando/Ros2_ws/install/custom_interfaces/lib/libcustom_interfaces__rosidl_generator_py.so
[0.970s] -- Up-to-date: /home/kafando/Ros2_ws/install/custom_interfaces/share/ament_index/resource_index/rust_packages/custom_interfaces
[0.970s] -- Up-to-date: /home/kafando/Ros2_ws/install/custom_interfaces/share/custom_interfaces/rust
[0.970s] -- Up-to-date: /home/kafando/Ros2_ws/install/custom_interfaces/share/custom_interfaces/rust/Cargo.toml
[0.970s] -- Up-to-date: /home/kafando/Ros2_ws/install/custom_interfaces/share/custom_interfaces/rust/src
[0.970s] -- Up-to-date: /home/kafando/Ros2_ws/install/custom_interfaces/share/custom_interfaces/rust/src/msg
[0.970s] -- Up-to-date: /home/kafando/Ros2_ws/install/custom_interfaces/share/custom_interfaces/rust/src/msg/rmw.rs
[0.970s] -- Up-to-date: /home/kafando/Ros2_ws/install/custom_interfaces/share/custom_interfaces/rust/src/srv.rs
[0.970s] -- Up-to-date: /home/kafando/Ros2_ws/install/custom_interfaces/share/custom_interfaces/rust/src/srv
[0.971s] -- Up-to-date: /home/kafando/Ros2_ws/install/custom_interfaces/share/custom_interfaces/rust/src/srv/rmw.rs
[0.971s] -- Up-to-date: /home/kafando/Ros2_ws/install/custom_interfaces/share/custom_interfaces/rust/src/action
[0.971s] -- Up-to-date: /home/kafando/Ros2_ws/install/custom_interfaces/share/custom_interfaces/rust/src/action/rmw.rs
[0.971s] -- Up-to-date: /home/kafando/Ros2_ws/install/custom_interfaces/share/custom_interfaces/rust/src/msg.rs
[0.971s] -- Up-to-date: /home/kafando/Ros2_ws/install/custom_interfaces/share/custom_interfaces/rust/src/lib.rs
[0.971s] -- Up-to-date: /home/kafando/Ros2_ws/install/custom_interfaces/share/custom_interfaces/rust/src/action.rs
[0.971s] -- Up-to-date: /home/kafando/Ros2_ws/install/custom_interfaces/share/custom_interfaces/rust/build.rs
[0.971s] -- Up-to-date: /home/kafando/Ros2_ws/install/custom_interfaces/share/custom_interfaces/msg/CustomMessage.idl
[0.971s] -- Up-to-date: /home/kafando/Ros2_ws/install/custom_interfaces/share/custom_interfaces/srv/ConcatStrings.idl
[0.972s] -- Up-to-date: /home/kafando/Ros2_ws/install/custom_interfaces/share/custom_interfaces/action/CustomAction.idl
[0.972s] -- Up-to-date: /home/kafando/Ros2_ws/install/custom_interfaces/share/custom_interfaces/action/ReachLocation.idl
[0.972s] -- Up-to-date: /home/kafando/Ros2_ws/install/custom_interfaces/share/custom_interfaces/msg/CustomMessage.msg
[0.972s] -- Up-to-date: /home/kafando/Ros2_ws/install/custom_interfaces/share/custom_interfaces/srv/ConcatStrings.srv
[0.972s] -- Up-to-date: /home/kafando/Ros2_ws/install/custom_interfaces/share/custom_interfaces/action/CustomAction.action
[0.972s] -- Up-to-date: /home/kafando/Ros2_ws/install/custom_interfaces/share/custom_interfaces/action/ReachLocation.action
[0.972s] -- Up-to-date: /home/kafando/Ros2_ws/install/custom_interfaces/share/ament_index/resource_index/package_run_dependencies/custom_interfaces
[0.972s] -- Up-to-date: /home/kafando/Ros2_ws/install/custom_interfaces/share/ament_index/resource_index/parent_prefix_path/custom_interfaces
[0.973s] -- Up-to-date: /home/kafando/Ros2_ws/install/custom_interfaces/share/custom_interfaces/environment/ament_prefix_path.sh
[0.973s] -- Up-to-date: /home/kafando/Ros2_ws/install/custom_interfaces/share/custom_interfaces/environment/ament_prefix_path.dsv
[0.973s] -- Up-to-date: /home/kafando/Ros2_ws/install/custom_interfaces/share/custom_interfaces/environment/path.sh
[0.973s] -- Up-to-date: /home/kafando/Ros2_ws/install/custom_interfaces/share/custom_interfaces/environment/path.dsv
[0.973s] -- Up-to-date: /home/kafando/Ros2_ws/install/custom_interfaces/share/custom_interfaces/local_setup.bash
[0.973s] -- Up-to-date: /home/kafando/Ros2_ws/install/custom_interfaces/share/custom_interfaces/local_setup.sh
[0.973s] -- Up-to-date: /home/kafando/Ros2_ws/install/custom_interfaces/share/custom_interfaces/local_setup.zsh
[0.973s] -- Up-to-date: /home/kafando/Ros2_ws/install/custom_interfaces/share/custom_interfaces/local_setup.dsv
[0.973s] -- Installing: /home/kafando/Ros2_ws/install/custom_interfaces/share/custom_interfaces/package.dsv
[0.974s] -- Up-to-date: /home/kafando/Ros2_ws/install/custom_interfaces/share/ament_index/resource_index/packages/custom_interfaces
[0.974s] -- Up-to-date: /home/kafando/Ros2_ws/install/custom_interfaces/share/custom_interfaces/cmake/export_custom_interfaces__rosidl_generator_cExport.cmake
[0.974s] -- Up-to-date: /home/kafando/Ros2_ws/install/custom_interfaces/share/custom_interfaces/cmake/export_custom_interfaces__rosidl_generator_cExport-debug.cmake
[0.974s] -- Up-to-date: /home/kafando/Ros2_ws/install/custom_interfaces/share/custom_interfaces/cmake/export_custom_interfaces__rosidl_typesupport_fastrtps_cExport.cmake
[0.974s] -- Up-to-date: /home/kafando/Ros2_ws/install/custom_interfaces/share/custom_interfaces/cmake/export_custom_interfaces__rosidl_typesupport_fastrtps_cExport-debug.cmake
[0.974s] -- Up-to-date: /home/kafando/Ros2_ws/install/custom_interfaces/share/custom_interfaces/cmake/custom_interfaces__rosidl_typesupport_introspection_cExport.cmake
[0.974s] -- Up-to-date: /home/kafando/Ros2_ws/install/custom_interfaces/share/custom_interfaces/cmake/custom_interfaces__rosidl_typesupport_introspection_cExport-debug.cmake
[0.975s] -- Up-to-date: /home/kafando/Ros2_ws/install/custom_interfaces/share/custom_interfaces/cmake/custom_interfaces__rosidl_typesupport_cExport.cmake
[0.975s] -- Up-to-date: /home/kafando/Ros2_ws/install/custom_interfaces/share/custom_interfaces/cmake/custom_interfaces__rosidl_typesupport_cExport-debug.cmake
[0.975s] -- Up-to-date: /home/kafando/Ros2_ws/install/custom_interfaces/share/custom_interfaces/cmake/export_custom_interfaces__rosidl_generator_cppExport.cmake
[0.975s] -- Up-to-date: /home/kafando/Ros2_ws/install/custom_interfaces/share/custom_interfaces/cmake/export_custom_interfaces__rosidl_typesupport_fastrtps_cppExport.cmake
[0.975s] -- Up-to-date: /home/kafando/Ros2_ws/install/custom_interfaces/share/custom_interfaces/cmake/export_custom_interfaces__rosidl_typesupport_fastrtps_cppExport-debug.cmake
[0.975s] -- Up-to-date: /home/kafando/Ros2_ws/install/custom_interfaces/share/custom_interfaces/cmake/custom_interfaces__rosidl_typesupport_introspection_cppExport.cmake
[0.975s] -- Up-to-date: /home/kafando/Ros2_ws/install/custom_interfaces/share/custom_interfaces/cmake/custom_interfaces__rosidl_typesupport_introspection_cppExport-debug.cmake
[0.975s] -- Up-to-date: /home/kafando/Ros2_ws/install/custom_interfaces/share/custom_interfaces/cmake/custom_interfaces__rosidl_typesupport_cppExport.cmake
[0.975s] -- Up-to-date: /home/kafando/Ros2_ws/install/custom_interfaces/share/custom_interfaces/cmake/custom_interfaces__rosidl_typesupport_cppExport-debug.cmake
[0.976s] -- Up-to-date: /home/kafando/Ros2_ws/install/custom_interfaces/share/custom_interfaces/cmake/export_custom_interfaces__rosidl_generator_pyExport.cmake
[0.976s] -- Up-to-date: /home/kafando/Ros2_ws/install/custom_interfaces/share/custom_interfaces/cmake/export_custom_interfaces__rosidl_generator_pyExport-debug.cmake
[0.976s] -- Up-to-date: /home/kafando/Ros2_ws/install/custom_interfaces/share/custom_interfaces/cmake/rosidl_cmake-extras.cmake
[0.976s] -- Up-to-date: /home/kafando/Ros2_ws/install/custom_interfaces/share/custom_interfaces/cmake/ament_cmake_export_dependencies-extras.cmake
[0.976s] -- Up-to-date: /home/kafando/Ros2_ws/install/custom_interfaces/share/custom_interfaces/cmake/ament_cmake_export_include_directories-extras.cmake
[0.976s] -- Up-to-date: /home/kafando/Ros2_ws/install/custom_interfaces/share/custom_interfaces/cmake/ament_cmake_export_libraries-extras.cmake
[0.976s] -- Up-to-date: /home/kafando/Ros2_ws/install/custom_interfaces/share/custom_interfaces/cmake/ament_cmake_export_targets-extras.cmake
[0.976s] -- Up-to-date: /home/kafando/Ros2_ws/install/custom_interfaces/share/custom_interfaces/cmake/rosidl_cmake_export_typesupport_targets-extras.cmake
[0.976s] -- Up-to-date: /home/kafando/Ros2_ws/install/custom_interfaces/share/custom_interfaces/cmake/rosidl_cmake_export_typesupport_libraries-extras.cmake
[0.976s] -- Up-to-date: /home/kafando/Ros2_ws/install/custom_interfaces/share/custom_interfaces/cmake/custom_interfacesConfig.cmake
[0.977s] -- Up-to-date: /home/kafando/Ros2_ws/install/custom_interfaces/share/custom_interfaces/cmake/custom_interfacesConfig-version.cmake
[0.977s] -- Up-to-date: /home/kafando/Ros2_ws/install/custom_interfaces/share/custom_interfaces/package.xml
[0.981s] Invoked command in '/home/kafando/Ros2_ws/build/custom_interfaces' returned '0': CMAKE_PREFIX_PATH=${CMAKE_PREFIX_PATH}:/home/kafando/ws_moveit/install/moveit_configs_utils:/opt/ros/jazzy DEBUGINFOD_URLS=https://debuginfod.ubuntu.com /usr/bin/cmake --install /home/kafando/Ros2_ws/build/custom_interfaces
