[0.020s] Invoking command in '/home/kafando/Ros2_ws/build/mm_behaviors': CMAKE_PREFIX_PATH=${CMAKE_PREFIX_PATH}:/home/kafando/ws_moveit/install/moveit_configs_utils:/opt/ros/jazzy DEBUGINFOD_URLS=https://debuginfod.ubuntu.com /usr/bin/cmake --build /home/kafando/Ros2_ws/build/mm_behaviors -- -j16 -l16
[0.112s] [ 16%] [32mBuilding CXX object CMakeFiles/wstta_bt_node.dir/src/mm_moveit_bt_nodes.cpp.o[0m
[6.010s] In file included from [01m[K/usr/include/eigen3/Eigen/Core:164[m[K,
[6.010s]                  from [01m[K/usr/include/eigen3/Eigen/Geometry:11[m[K,
[6.010s]                  from [01m[K/home/kafando/ws_moveit/install/moveit_core/include/moveit_core/moveit/robot_model/joint_model.hpp:46[m[K,
[6.010s]                  from [01m[K/home/kafando/ws_moveit/install/moveit_core/include/moveit_core/moveit/robot_model/joint_model_group.hpp:40[m[K,
[6.010s]                  from [01m[K/home/kafando/ws_moveit/install/moveit_core/include/moveit_core/moveit/robot_model/robot_model.hpp:45[m[K,
[6.010s]                  from [01m[K/home/kafando/ws_moveit/install/moveit_core/include/moveit_core/moveit/robot_state/robot_state.hpp:40[m[K,
[6.010s]                  from [01m[K/home/kafando/ws_moveit/install/moveit_ros_planning_interface/include/moveit_ros_planning_interface/moveit/move_group_interface/move_group_interface.hpp:41[m[K,
[6.010s]                  from [01m[K/home/kafando/Ros2_ws/src/mm_behaviors/include/mm_behaviors/mm_moveit_bt_nodes.hpp:12[m[K,
[6.010s]                  from [01m[K/home/kafando/Ros2_ws/src/mm_behaviors/src/mm_moveit_bt_nodes.cpp:1[m[K:
[6.010s] /usr/include/eigen3/Eigen/src/Core/Matrix.h: In instantiation of ‘[01m[KEigen::Matrix<_Scalar, _Rows, _Cols, _Options, _MaxRows, _MaxCols>::[01;32m[KMatrix[m[K(const Scalar&, const Scalar&, const Scalar&, const Scalar&) [35m[K[with _Scalar = double; int _Rows = -1; int _Cols = 1; int _Options = 0; int _MaxRows = -1; int _MaxCols = 1; Scalar = double][m[K[m[K’:
[6.010s] [01m[K/home/kafando/Ros2_ws/src/mm_behaviors/src/mm_moveit_bt_nodes.cpp:234:58:[m[K   required from here
[6.010s] [01m[K/usr/include/eigen3/Eigen/src/Core/Matrix.h:404:7:[m[K [01;31m[Kerror: [m[Kstatic assertion failed: THIS_METHOD_IS_ONLY_FOR_VECTORS_OF_A_SPECIFIC_SIZE
[6.010s]   404 |       [01;31m[KE[m[KIGEN_STATIC_ASSERT_VECTOR_SPECIFIC_SIZE(Matrix, 4)
[6.010s]       |       [01;31m[K^[m[K
[6.010s] [01m[K/usr/include/eigen3/Eigen/src/Core/Matrix.h:404:7:[m[K [01;36m[Knote: [m[Kthe comparison reduces to ‘[01m[K(-1 == 4)[m[K’
[8.564s] gmake[2]: *** [CMakeFiles/wstta_bt_node.dir/build.make:104: CMakeFiles/wstta_bt_node.dir/src/mm_moveit_bt_nodes.cpp.o] Error 1
[8.564s] gmake[1]: *** [CMakeFiles/Makefile2:137: CMakeFiles/wstta_bt_node.dir/all] Error 2
[8.565s] gmake: *** [Makefile:146: all] Error 2
[8.566s] Invoked command in '/home/kafando/Ros2_ws/build/mm_behaviors' returned '2': CMAKE_PREFIX_PATH=${CMAKE_PREFIX_PATH}:/home/kafando/ws_moveit/install/moveit_configs_utils:/opt/ros/jazzy DEBUGINFOD_URLS=https://debuginfod.ubuntu.com /usr/bin/cmake --build /home/kafando/Ros2_ws/build/mm_behaviors -- -j16 -l16
