[0.066s] Invoking command in '/home/kafando/Ros2_ws/build/mm_behaviors': CMAKE_PREFIX_PATH=${CMAKE_PREFIX_PATH}:/home/kafando/ws_moveit/install/moveit_configs_utils:/opt/ros/jazzy DEBUGINFOD_URLS=https://debuginfod.ubuntu.com /usr/bin/cmake --build /home/kafando/Ros2_ws/build/mm_behaviors -- -j16 -l16
[0.166s] -- Found ament_cmake: 2.5.6 (/opt/ros/jazzy/share/ament_cmake/cmake)
[1.307s] -- Found rclcpp: 28.1.18 (/opt/ros/jazzy/share/rclcpp/cmake)
[1.507s] -- Found rosidl_generator_c: 4.6.7 (/opt/ros/jazzy/share/rosidl_generator_c/cmake)
[1.522s] -- Found rosidl_generator_cpp: 4.6.7 (/opt/ros/jazzy/share/rosidl_generator_cpp/cmake)
[1.607s] -- Using all available rosidl_typesupport_c: rosidl_typesupport_fastrtps_c;rosidl_typesupport_introspection_c
[1.697s] -- Using all available rosidl_typesupport_cpp: rosidl_typesupport_fastrtps_cpp;rosidl_typesupport_introspection_cpp
[2.015s] -- Found rmw_implementation_cmake: 7.3.3 (/opt/ros/jazzy/share/rmw_implementation_cmake/cmake)
[2.033s] -- Found rmw_cyclonedds_cpp: 2.2.3 (/opt/ros/jazzy/share/rmw_cyclonedds_cpp/cmake)
[2.181s] -- Using RMW implementation 'rmw_cyclonedds_cpp' as default
[2.457s] -- Found std_msgs: 5.3.7 (/opt/ros/jazzy/share/std_msgs/cmake)
[2.541s] -- Found rclcpp_action: 28.1.18 (/opt/ros/jazzy/share/rclcpp_action/cmake)
[2.667s] -- Found behaviortree_cpp: 4.9.0 (/opt/ros/jazzy/share/behaviortree_cpp/cmake)
[2.673s] -- Found tf2: 0.36.20 (/opt/ros/jazzy/share/tf2/cmake)
[2.726s] -- Found tf2_ros: 0.36.20 (/opt/ros/jazzy/share/tf2_ros/cmake)
[2.955s] -- Found tf2_geometry_msgs: 0.36.20 (/opt/ros/jazzy/share/tf2_geometry_msgs/cmake)
[2.984s] -- Found eigen3_cmake_module: 0.3.0 (/opt/ros/jazzy/share/eigen3_cmake_module/cmake)
[2.987s] -- Ensuring Eigen3 include directory is part of orocos-kdl CMake target
[2.990s] -- Found rosidl_default_generators: 1.6.0 (/opt/ros/jazzy/share/rosidl_default_generators/cmake)
[3.051s] -- Found rosidl_adapter: 4.6.7 (/opt/ros/jazzy/share/rosidl_adapter/cmake)
[3.071s] -- Found custom_interfaces: 0.0.0 (/home/kafando/Ros2_ws/install/custom_interfaces/share/custom_interfaces/cmake)
[3.127s] -- Found moveit: 2.14.1 (/home/kafando/ws_moveit/install/moveit/share/moveit/cmake)
[3.127s] -- Found moveit_msgs: 2.7.1 (/home/kafando/ws_moveit/install/moveit_msgs/share/moveit_msgs/cmake)
[3.531s] -- Found moveit_ros_planning: 2.14.1 (/home/kafando/ws_moveit/install/moveit_ros_planning/share/moveit_ros_planning/cmake)
[3.575s] -- Found Boost: /usr/lib/x86_64-linux-gnu/cmake/Boost-1.83.0/BoostConfig.cmake (found version "1.83.0") found components: system filesystem date_time program_options thread chrono 
[3.583s] -- Found parameter_traits: 0.7.1 (/opt/ros/jazzy/share/parameter_traits/cmake)
[3.595s] -- Found rclcpp_lifecycle: 28.1.18 (/opt/ros/jazzy/share/rclcpp_lifecycle/cmake)
[3.666s] -- Found Boost: /usr/lib/x86_64-linux-gnu/cmake/Boost-1.83.0/BoostConfig.cmake (found version "1.83.0") found components: chrono date_time filesystem iostreams program_options regex serialization system thread 
[3.786s] -- Found Boost: /usr/lib/x86_64-linux-gnu/cmake/Boost-1.83.0/BoostConfig.cmake (found version "1.83.0") found components: filesystem 
[3.909s] -- Found TinyXML2 via Config file: /usr/lib/x86_64-linux-gnu/cmake/tinyxml2
[4.054s] -- Found moveit_ros_planning_interface: 2.14.1 (/home/kafando/ws_moveit/install/moveit_ros_planning_interface/share/moveit_ros_planning_interface/cmake)
[4.064s] -- Found Boost: /usr/lib/x86_64-linux-gnu/cmake/Boost-1.83.0/BoostConfig.cmake (found version "1.83.0") found components: date_time filesystem program_options system thread 
[4.095s] -- Found Boost: /usr/lib/x86_64-linux-gnu/cmake/Boost-1.83.0/BoostConfig.cmake (found version "1.83.0") found components: thread system filesystem regex date_time program_options 
[4.179s] -- Found Boost: /usr/lib/x86_64-linux-gnu/cmake/Boost-1.83.0/BoostConfig.cmake (found version "1.83.0") found components: system filesystem date_time program_options thread 
[4.255s] -- Found nav2_common: 1.3.11 (/opt/ros/jazzy/share/nav2_common/cmake)
[4.255s] -- Found navigation2: 1.3.11 (/opt/ros/jazzy/share/navigation2/cmake)
[4.256s] -- Found nav2_msgs: 1.3.11 (/opt/ros/jazzy/share/nav2_msgs/cmake)
[4.612s] -- Found ament_lint_auto: 0.17.5 (/opt/ros/jazzy/share/ament_lint_auto/cmake)
[4.823s] -- Added test 'cppcheck' to perform static code analysis on C / C++ code
[4.823s] -- Configured cppcheck include dirs: /home/kafando/Ros2_ws/src/mm_behaviors/include
[4.824s] -- Configured cppcheck exclude dirs and/or files: 
[4.825s] -- Added test 'flake8' to check Python code syntax and style conventions
[4.826s] -- Configured 'flake8' exclude dirs and/or files: 
[4.826s] -- Added test 'lint_cmake' to check CMake code style
[4.827s] -- Added test 'pep257' to check Python code against some of the docstring style conventions in PEP 257
[4.827s] -- Added test 'uncrustify' to check C / C++ code style
[4.827s] -- Configured uncrustify additional arguments: 
[4.828s] -- Added test 'xmllint' to check XML markup files
[4.829s] -- Configuring done (4.7s)
[4.907s] -- Generating done (0.0s)
[4.922s] -- Build files have been written to: /home/kafando/Ros2_ws/build/mm_behaviors
[5.053s] [ 16%] [32mBuilding CXX object CMakeFiles/wstt_bt_node.dir/src/mm_bt_node.cpp.o[0m
[49.982s] [ 33%] [32mBuilding CXX object CMakeFiles/wstt_bt_node.dir/src/condition_nodes.cpp.o[0m
[64.137s] [ 50%] [32mBuilding CXX object CMakeFiles/wstt_bt_node.dir/src/actions_nodes.cpp.o[0m
[78.632s] [ 66%] [32mBuilding CXX object CMakeFiles/wstt_bt_node.dir/src/mm_moveit_bt_nodes.cpp.o[0m
[122.741s] [ 83%] [32mBuilding CXX object CMakeFiles/wstt_bt_node.dir/src/mm_nav_actions.cpp.o[0m
[141.084s] [100%] [32m[1mLinking CXX executable wstt_bt_node[0m
[143.058s] [100%] Built target wstt_bt_node
[143.085s] Invoked command in '/home/kafando/Ros2_ws/build/mm_behaviors' returned '0': CMAKE_PREFIX_PATH=${CMAKE_PREFIX_PATH}:/home/kafando/ws_moveit/install/moveit_configs_utils:/opt/ros/jazzy DEBUGINFOD_URLS=https://debuginfod.ubuntu.com /usr/bin/cmake --build /home/kafando/Ros2_ws/build/mm_behaviors -- -j16 -l16
[143.088s] Invoking command in '/home/kafando/Ros2_ws/build/mm_behaviors': CMAKE_PREFIX_PATH=${CMAKE_PREFIX_PATH}:/home/kafando/ws_moveit/install/moveit_configs_utils:/opt/ros/jazzy DEBUGINFOD_URLS=https://debuginfod.ubuntu.com /usr/bin/cmake --install /home/kafando/Ros2_ws/build/mm_behaviors
[143.118s] -- Install configuration: "Debug"
[143.118s] -- Up-to-date: /home/kafando/Ros2_ws/install/mm_behaviors/share/mm_behaviors/xml_tree
[143.119s] -- Up-to-date: /home/kafando/Ros2_ws/install/mm_behaviors/share/mm_behaviors/xml_tree/mm_behaviors.xml
[143.119s] -- Up-to-date: /home/kafando/Ros2_ws/install/mm_behaviors/share/mm_behaviors/launch
[143.119s] -- Installing: /home/kafando/Ros2_ws/install/mm_behaviors/share/mm_behaviors/launch/mm_bt_optimized.launch.py
[143.121s] -- Up-to-date: /home/kafando/Ros2_ws/install/mm_behaviors/share/mm_behaviors/launch/mm_bt_nodes.launch.py
[143.121s] -- Up-to-date: /home/kafando/Ros2_ws/install/mm_behaviors/share/mm_behaviors/config
[143.121s] -- Up-to-date: /home/kafando/Ros2_ws/install/mm_behaviors/share/mm_behaviors/config/mm_mveit_cpp.yaml
[143.121s] -- Up-to-date: /home/kafando/Ros2_ws/install/mm_behaviors/share/mm_behaviors/config/bt_parameters.yaml
[143.121s] -- Installing: /home/kafando/Ros2_ws/install/mm_behaviors/lib/mm_behaviors/wstt_bt_node
[143.156s] -- Set non-toolchain portion of runtime path of "/home/kafando/Ros2_ws/install/mm_behaviors/lib/mm_behaviors/wstt_bt_node" to ""
[143.157s] -- Up-to-date: /home/kafando/Ros2_ws/install/mm_behaviors/share/ament_index/resource_index/package_run_dependencies/mm_behaviors
[143.157s] -- Up-to-date: /home/kafando/Ros2_ws/install/mm_behaviors/share/ament_index/resource_index/parent_prefix_path/mm_behaviors
[143.157s] -- Up-to-date: /home/kafando/Ros2_ws/install/mm_behaviors/share/mm_behaviors/environment/ament_prefix_path.sh
[143.157s] -- Up-to-date: /home/kafando/Ros2_ws/install/mm_behaviors/share/mm_behaviors/environment/ament_prefix_path.dsv
[143.157s] -- Up-to-date: /home/kafando/Ros2_ws/install/mm_behaviors/share/mm_behaviors/environment/path.sh
[143.158s] -- Up-to-date: /home/kafando/Ros2_ws/install/mm_behaviors/share/mm_behaviors/environment/path.dsv
[143.158s] -- Up-to-date: /home/kafando/Ros2_ws/install/mm_behaviors/share/mm_behaviors/local_setup.bash
[143.158s] -- Up-to-date: /home/kafando/Ros2_ws/install/mm_behaviors/share/mm_behaviors/local_setup.sh
[143.158s] -- Up-to-date: /home/kafando/Ros2_ws/install/mm_behaviors/share/mm_behaviors/local_setup.zsh
[143.158s] -- Up-to-date: /home/kafando/Ros2_ws/install/mm_behaviors/share/mm_behaviors/local_setup.dsv
[143.158s] -- Installing: /home/kafando/Ros2_ws/install/mm_behaviors/share/mm_behaviors/package.dsv
[143.159s] -- Up-to-date: /home/kafando/Ros2_ws/install/mm_behaviors/share/ament_index/resource_index/packages/mm_behaviors
[143.159s] -- Up-to-date: /home/kafando/Ros2_ws/install/mm_behaviors/share/mm_behaviors/cmake/mm_behaviorsConfig.cmake
[143.159s] -- Up-to-date: /home/kafando/Ros2_ws/install/mm_behaviors/share/mm_behaviors/cmake/mm_behaviorsConfig-version.cmake
[143.159s] -- Up-to-date: /home/kafando/Ros2_ws/install/mm_behaviors/share/mm_behaviors/package.xml
[143.166s] Invoked command in '/home/kafando/Ros2_ws/build/mm_behaviors' returned '0': CMAKE_PREFIX_PATH=${CMAKE_PREFIX_PATH}:/home/kafando/ws_moveit/install/moveit_configs_utils:/opt/ros/jazzy DEBUGINFOD_URLS=https://debuginfod.ubuntu.com /usr/bin/cmake --install /home/kafando/Ros2_ws/build/mm_behaviors
