[0.020s] Invoking command in '/home/kafando/Ros2_ws/build/mm_behaviors': CMAKE_PREFIX_PATH=${CMAKE_PREFIX_PATH}:/home/kafando/ws_moveit/install/moveit_configs_utils:/opt/ros/jazzy DEBUGINFOD_URLS=https://debuginfod.ubuntu.com /usr/bin/cmake --build /home/kafando/Ros2_ws/build/mm_behaviors -- -j16 -l16
[0.098s] [ 16%] [32mBuilding CXX object CMakeFiles/wstta_robot_bt_node.dir/src/mm_moveit_actions.cpp.o[0m
[3.978s] [01m[K/home/kafando/Ros2_ws/src/mm_behaviors/src/mm_moveit_actions.cpp:[m[K In member function ‘[01m[Kvirtual BT::NodeStatus PlanForTheArm::[01;32m[KonStart[m[K()[m[K’:
[3.978s] [01m[K/home/kafando/Ros2_ws/src/mm_behaviors/src/mm_moveit_actions.cpp:222:59:[m[K [01;31m[Kerror: [m[Kno matching function for call to ‘[01m[KEigen::Transform<double, 3, 1>::Transform(<brace-enclosed initializer list>)[m[K’
[3.979s]   222 |                                       {0.0,0.0, 0.0, 1.0}}[01;31m[K)[m[K
[3.979s]       |                                                           [01;31m[K^[m[K
[3.979s] In file included from [01m[K/usr/include/eigen3/Eigen/Geometry:44[m[K,
[3.979s]                  from [01m[K/home/kafando/ws_moveit/install/moveit_core/include/moveit_core/moveit/robot_model/joint_model.hpp:46[m[K,
[3.979s]                  from [01m[K/home/kafando/ws_moveit/install/moveit_core/include/moveit_core/moveit/robot_model/joint_model_group.hpp:40[m[K,
[3.979s]                  from [01m[K/home/kafando/ws_moveit/install/moveit_core/include/moveit_core/moveit/robot_model/robot_model.hpp:45[m[K,
[3.979s]                  from [01m[K/home/kafando/ws_moveit/install/moveit_core/include/moveit_core/moveit/robot_state/robot_state.hpp:40[m[K,
[3.979s]                  from [01m[K/home/kafando/ws_moveit/install/moveit_ros_planning_interface/include/moveit_ros_planning_interface/moveit/move_group_interface/move_group_interface.hpp:41[m[K,
[3.979s]                  from [01m[K/home/kafando/Ros2_ws/src/mm_behaviors/include/mm_behaviors/mm_moveit_actions.hpp:6[m[K,
[3.979s]                  from [01m[K/home/kafando/Ros2_ws/src/mm_behaviors/src/mm_moveit_actions.cpp:1[m[K:
[3.979s] [01m[K/usr/include/eigen3/Eigen/src/Geometry/Transform.h:633:37:[m[K [01;36m[Knote: [m[Kcandidate: ‘[01m[Ktemplate<class OtherScalarType> Eigen::Transform<Scalar, Dim, Mode, _Options>::[01;32m[KTransform[m[K(const Eigen::Transform<NewScalarType, Dim, Mode, Options>&) [35m[K[with _Scalar = double; int _Dim = 3; int _Mode = 1; int _Options = 0][m[K[m[K’
[3.979s]   633 |   EIGEN_DEVICE_FUNC inline explicit [01;36m[KTransform[m[K(const Transform<OtherScalarType,Dim,Mode,Options>& other)
[3.979s]       |                                     [01;36m[K^~~~~~~~~[m[K
[3.979s] [01m[K/usr/include/eigen3/Eigen/src/Geometry/Transform.h:633:37:[m[K [01;36m[Knote: [m[K  template argument deduction/substitution failed:
[3.979s] [01m[K/home/kafando/Ros2_ws/src/mm_behaviors/src/mm_moveit_actions.cpp:222:59:[m[K [01;36m[Knote: [m[K  couldn’t deduce template parameter ‘[01m[KOtherScalarType[m[K’
[3.979s]   222 |                                       {0.0,0.0, 0.0, 1.0}}[01;36m[K)[m[K
[3.979s]       |                                                           [01;36m[K^[m[K
[3.979s] [01m[K/usr/include/eigen3/Eigen/src/Geometry/Transform.h:356:21:[m[K [01;36m[Knote: [m[Kcandidate: ‘[01m[Ktemplate<class OtherDerived> Eigen::Transform<Scalar, Dim, Mode, _Options>::[01;32m[KTransform[m[K(const Eigen::ReturnByValue<OtherDerived>&) [35m[K[with _Scalar = double; int _Dim = 3; int _Mode = 1; int _Options = 0][m[K[m[K’
[3.979s]   356 |   EIGEN_DEVICE_FUNC [01;36m[KTransform[m[K(const ReturnByValue<OtherDerived>& other)
[3.979s]       |                     [01;36m[K^~~~~~~~~[m[K
[3.979s] [01m[K/usr/include/eigen3/Eigen/src/Geometry/Transform.h:356:21:[m[K [01;36m[Knote: [m[K  template argument deduction/substitution failed:
[3.979s] [01m[K/home/kafando/Ros2_ws/src/mm_behaviors/src/mm_moveit_actions.cpp:222:59:[m[K [01;36m[Knote: [m[K  couldn’t deduce template parameter ‘[01m[KOtherDerived[m[K’
[3.979s]   222 |                                       {0.0,0.0, 0.0, 1.0}}[01;36m[K)[m[K
[3.979s]       |                                                           [01;36m[K^[m[K
[3.979s] [01m[K/usr/include/eigen3/Eigen/src/Geometry/Transform.h:315:28:[m[K [01;36m[Knote: [m[Kcandidate: ‘[01m[Ktemplate<int OtherMode, int OtherOptions> Eigen::Transform<Scalar, Dim, Mode, _Options>::[01;32m[KTransform[m[K(const Eigen::Transform<_Scalar, Dim, OtherMode, OtherOptions>&) [35m[K[with int OtherMode = OtherMode; int OtherOptions = OtherOptions; _Scalar = double; int _Dim = 3; int _Mode = 1; int _Options = 0][m[K[m[K’
[3.979s]   315 |   EIGEN_DEVICE_FUNC inline [01;36m[KTransform[m[K(const Transform<Scalar,Dim,OtherMode,OtherOptions>& other)
[3.980s]       |                            [01;36m[K^~~~~~~~~[m[K
[3.980s] [01m[K/usr/include/eigen3/Eigen/src/Geometry/Transform.h:315:28:[m[K [01;36m[Knote: [m[K  template argument deduction/substitution failed:
[3.980s] [01m[K/home/kafando/Ros2_ws/src/mm_behaviors/src/mm_moveit_actions.cpp:222:59:[m[K [01;36m[Knote: [m[K  couldn’t deduce template parameter ‘[01m[KOtherMode[m[K’
[3.980s]   222 |                                       {0.0,0.0, 0.0, 1.0}}[01;36m[K)[m[K
[3.980s]       |                                                           [01;36m[K^[m[K
[3.980s] [01m[K/usr/include/eigen3/Eigen/src/Geometry/Transform.h:307:28:[m[K [01;36m[Knote: [m[Kcandidate: ‘[01m[Ktemplate<int OtherOptions> Eigen::Transform<Scalar, Dim, Mode, _Options>::[01;32m[KTransform[m[K(const Eigen::Transform<_Scalar, Dim, Mode, OtherOptions>&) [35m[K[with int OtherOptions = OtherOptions; _Scalar = double; int _Dim = 3; int _Mode = 1; int _Options = 0][m[K[m[K’
[3.980s]   307 |   EIGEN_DEVICE_FUNC inline [01;36m[KTransform[m[K(const Transform<Scalar,Dim,Mode,OtherOptions>& other)
[3.980s]       |                            [01;36m[K^~~~~~~~~[m[K
[3.980s] [01m[K/usr/include/eigen3/Eigen/src/Geometry/Transform.h:307:28:[m[K [01;36m[Knote: [m[K  template argument deduction/substitution failed:
[3.980s] [01m[K/home/kafando/Ros2_ws/src/mm_behaviors/src/mm_moveit_actions.cpp:222:59:[m[K [01;36m[Knote: [m[K  couldn’t deduce template parameter ‘[01m[KOtherOptions[m[K’
[3.980s]   222 |                                       {0.0,0.0, 0.0, 1.0}}[01;36m[K)[m[K
[3.980s]       |                                                           [01;36m[K^[m[K
[3.980s] [01m[K/usr/include/eigen3/Eigen/src/Geometry/Transform.h:286:37:[m[K [01;36m[Knote: [m[Kcandidate: ‘[01m[Ktemplate<class OtherDerived> Eigen::Transform<Scalar, Dim, Mode, _Options>::[01;32m[KTransform[m[K(const Eigen::EigenBase<OtherDerived>&) [35m[K[with _Scalar = double; int _Dim = 3; int _Mode = 1; int _Options = 0][m[K[m[K’
[3.980s]   286 |   EIGEN_DEVICE_FUNC inline explicit [01;36m[KTransform[m[K(const EigenBase<OtherDerived>& other)
[3.980s]       |                                     [01;36m[K^~~~~~~~~[m[K
[3.980s] [01m[K/usr/include/eigen3/Eigen/src/Geometry/Transform.h:286:37:[m[K [01;36m[Knote: [m[K  template argument deduction/substitution failed:
[3.980s] [01m[K/home/kafando/Ros2_ws/src/mm_behaviors/src/mm_moveit_actions.cpp:222:59:[m[K [01;36m[Knote: [m[K  couldn’t deduce template parameter ‘[01m[KOtherDerived[m[K’
[3.980s]   222 |                                       {0.0,0.0, 0.0, 1.0}}[01;36m[K)[m[K
[3.980s]       |                                                           [01;36m[K^[m[K
[3.980s] [01m[K/usr/include/eigen3/Eigen/src/Geometry/Transform.h:276:37:[m[K [01;36m[Knote: [m[Kcandidate: ‘[01m[Ktemplate<class Derived> Eigen::Transform<Scalar, Dim, Mode, _Options>::[01;32m[KTransform[m[K(const Eigen::RotationBase<Derived, Dim>&) [35m[K[with _Scalar = double; int _Dim = 3; int _Mode = 1; int _Options = 0][m[K[m[K’
[3.980s]   276 |   EIGEN_DEVICE_FUNC inline explicit [01;36m[KTransform[m[K(const RotationBase<Derived, Dim>& r)
[3.980s]       |                                     [01;36m[K^~~~~~~~~[m[K
[3.980s] [01m[K/usr/include/eigen3/Eigen/src/Geometry/Transform.h:276:37:[m[K [01;36m[Knote: [m[K  template argument deduction/substitution failed:
[3.980s] [01m[K/home/kafando/Ros2_ws/src/mm_behaviors/src/mm_moveit_actions.cpp:222:59:[m[K [01;36m[Knote: [m[K  couldn’t deduce template parameter ‘[01m[KDerived[m[K’
[3.980s]   222 |                                       {0.0,0.0, 0.0, 1.0}}[01;36m[K)[m[K
[3.980s]       |                                                           [01;36m[K^[m[K
[3.980s] [01m[K/usr/include/eigen3/Eigen/src/Geometry/Transform.h:270:37:[m[K [01;36m[Knote: [m[Kcandidate: ‘[01m[KEigen::Transform<Scalar, Dim, Mode, _Options>::[01;32m[KTransform[m[K(const Eigen::UniformScaling<_Scalar>&) [35m[K[with _Scalar = double; int _Dim = 3; int _Mode = 1; int _Options = 0][m[K[m[K’
[3.980s]   270 |   EIGEN_DEVICE_FUNC inline explicit [01;36m[KTransform[m[K(const UniformScaling<Scalar>& s)
[3.981s]       |                                     [01;36m[K^~~~~~~~~[m[K
[3.981s] [01m[K/usr/include/eigen3/Eigen/src/Geometry/Transform.h:270:77:[m[K [01;36m[Knote: [m[K  no known conversion for argument 1 from ‘[01m[K<brace-enclosed initializer list>[m[K’ to ‘[01m[Kconst Eigen::UniformScaling<double>&[m[K’
[3.981s]   270 |   EIGEN_DEVICE_FUNC inline explicit Transform([01;36m[Kconst UniformScaling<Scalar>& s[m[K)
[3.981s]       |                                               [01;36m[K~~~~~~~~~~~~~~~~~~~~~~~~~~~~~~^[m[K
[3.981s] [01m[K/usr/include/eigen3/Eigen/src/Geometry/Transform.h:265:37:[m[K [01;36m[Knote: [m[Kcandidate: ‘[01m[KEigen::Transform<Scalar, Dim, Mode, _Options>::[01;32m[KTransform[m[K(const TranslationType&) [35m[K[with _Scalar = double; int _Dim = 3; int _Mode = 1; int _Options = 0; TranslationType = Eigen::Translation<double, 3>][m[K[m[K’
[3.981s]   265 |   EIGEN_DEVICE_FUNC inline explicit [01;36m[KTransform[m[K(const TranslationType& t)
[3.981s]       |                                     [01;36m[K^~~~~~~~~[m[K
[3.981s] [01m[K/usr/include/eigen3/Eigen/src/Geometry/Transform.h:265:70:[m[K [01;36m[Knote: [m[K  no known conversion for argument 1 from ‘[01m[K<brace-enclosed initializer list>[m[K’ to ‘[01m[Kconst Eigen::Transform<double, 3, 1>::TranslationType&[m[K’ {aka ‘[01m[Kconst Eigen::Translation<double, 3>&[m[K’}
[3.981s]   265 |   EIGEN_DEVICE_FUNC inline explicit Transform([01;36m[Kconst TranslationType& t[m[K)
[3.981s]       |                                               [01;36m[K~~~~~~~~~~~~~~~~~~~~~~~^[m[K
[3.981s] [01m[K/usr/include/eigen3/Eigen/src/Geometry/Transform.h:259:28:[m[K [01;36m[Knote: [m[Kcandidate: ‘[01m[KEigen::Transform<Scalar, Dim, Mode, _Options>::[01;32m[KTransform[m[K() [35m[K[with _Scalar = double; int _Dim = 3; int _Mode = 1; int _Options = 0][m[K[m[K’
[3.981s]   259 |   EIGEN_DEVICE_FUNC inline [01;36m[KTransform[m[K()
[3.981s]       |                            [01;36m[K^~~~~~~~~[m[K
[3.981s] [01m[K/usr/include/eigen3/Eigen/src/Geometry/Transform.h:259:28:[m[K [01;36m[Knote: [m[K  candidate expects 0 arguments, 1 provided
[3.981s] [01m[K/usr/include/eigen3/Eigen/src/Geometry/Transform.h:204:7:[m[K [01;36m[Knote: [m[Kcandidate: ‘[01m[KEigen::Transform<double, 3, 1>::[01;32m[KTransform[m[K(const Eigen::Transform<double, 3, 1>&)[m[K’
[3.981s]   204 | class [01;36m[KTransform[m[K
[3.981s]       |       [01;36m[K^~~~~~~~~[m[K
[3.981s] [01m[K/usr/include/eigen3/Eigen/src/Geometry/Transform.h:204:7:[m[K [01;36m[Knote: [m[K  no known conversion for argument 1 from ‘[01m[K<brace-enclosed initializer list>[m[K’ to ‘[01m[Kconst Eigen::Transform<double, 3, 1>&[m[K’
[3.981s] [01m[K/usr/include/eigen3/Eigen/src/Geometry/Transform.h:204:7:[m[K [01;36m[Knote: [m[Kcandidate: ‘[01m[KEigen::Transform<double, 3, 1>::[01;32m[KTransform[m[K(Eigen::Transform<double, 3, 1>&&)[m[K’
[3.981s] [01m[K/usr/include/eigen3/Eigen/src/Geometry/Transform.h:204:7:[m[K [01;36m[Knote: [m[K  no known conversion for argument 1 from ‘[01m[K<brace-enclosed initializer list>[m[K’ to ‘[01m[KEigen::Transform<double, 3, 1>&&[m[K’
[3.981s] [01m[K/home/kafando/Ros2_ws/src/mm_behaviors/src/mm_moveit_actions.cpp:223:5:[m[K [01;31m[Kerror: [m[Kexpected ‘[01m[K,[m[K’ or ‘[01m[K;[m[K’ before ‘[01m[Kconst[m[K’
[3.981s]   223 |     [01;31m[Kconst[m[K moveit::core::JointModelGroup* jmg = state_->getJointModelGroup("arm");
[3.981s]       |     [01;31m[K^~~~~[m[K
[3.984s] [01m[K/home/kafando/Ros2_ws/src/mm_behaviors/src/mm_moveit_actions.cpp:224:33:[m[K [01;31m[Kerror: [m[K‘[01m[Kjmg[m[K’ was not declared in this scope
[3.984s]   224 |     bool ok = state_->setFromIK([01;31m[Kjmg[m[K,virtual_joint_transform,10, 0.1);
[3.984s]       |                                 [01;31m[K^~~[m[K
[7.261s] gmake[2]: *** [CMakeFiles/wstta_robot_bt_node.dir/build.make:104: CMakeFiles/wstta_robot_bt_node.dir/src/mm_moveit_actions.cpp.o] Error 1
[7.262s] gmake[1]: *** [CMakeFiles/Makefile2:137: CMakeFiles/wstta_robot_bt_node.dir/all] Error 2
[7.262s] gmake: *** [Makefile:146: all] Error 2
[7.263s] Invoked command in '/home/kafando/Ros2_ws/build/mm_behaviors' returned '2': CMAKE_PREFIX_PATH=${CMAKE_PREFIX_PATH}:/home/kafando/ws_moveit/install/moveit_configs_utils:/opt/ros/jazzy DEBUGINFOD_URLS=https://debuginfod.ubuntu.com /usr/bin/cmake --build /home/kafando/Ros2_ws/build/mm_behaviors -- -j16 -l16
