[0.021s] Invoking command in '/home/kafando/Ros2_ws/build/mm_behaviors': CMAKE_PREFIX_PATH=${CMAKE_PREFIX_PATH}:/home/kafando/ws_moveit/install/moveit_configs_utils:/opt/ros/jazzy DEBUGINFOD_URLS=https://debuginfod.ubuntu.com /usr/bin/cmake --build /home/kafando/Ros2_ws/build/mm_behaviors -- -j16 -l16
[0.113s] [ 16%] [32mBuilding CXX object CMakeFiles/wstta_robot_bt_node.dir/src/mm_bt_node.cpp.o[0m
[0.118s] [ 33%] [32mBuilding CXX object CMakeFiles/wstta_robot_bt_node.dir/src/mm_nav_actions.cpp.o[0m
[0.118s] [ 50%] [32mBuilding CXX object CMakeFiles/wstta_robot_bt_node.dir/src/actions_nodes.cpp.o[0m
[0.118s] [ 66%] [32mBuilding CXX object CMakeFiles/wstta_robot_bt_node.dir/src/mm_moveit_actions.cpp.o[0m
[4.480s] In file included from [01m[K/home/kafando/Ros2_ws/src/mm_behaviors/include/mm_behaviors/mm_nav_actions.hpp:8[m[K,
[4.481s]                  from [01m[K/home/kafando/Ros2_ws/src/mm_behaviors/include/mm_behaviors/mm_bt_node.hpp:10[m[K,
[4.481s]                  from [01m[K/home/kafando/Ros2_ws/src/mm_behaviors/src/mm_bt_node.cpp:1[m[K:
[4.481s] [01m[K/home/kafando/Ros2_ws/src/mm_behaviors/include/mm_behaviors/utils.hpp:6:8:[m[K [01;31m[Kerror: [m[Kredefinition of ‘[01m[Kstruct TargetPose[m[K’
[4.481s]     6 | struct [01;31m[KTargetPose[m[K{
[4.481s]       |        [01;31m[K^~~~~~~~~~[m[K
[4.481s] In file included from [01m[K/home/kafando/Ros2_ws/src/mm_behaviors/include/mm_behaviors/mm_moveit_actions.hpp:16[m[K,
[4.481s]                  from [01m[K/home/kafando/Ros2_ws/src/mm_behaviors/include/mm_behaviors/mm_bt_node.hpp:9[m[K:
[4.481s] [01m[K/home/kafando/Ros2_ws/src/mm_behaviors/include/mm_behaviors/utils.hpp:6:8:[m[K [01;36m[Knote: [m[Kprevious definition of ‘[01m[Kstruct TargetPose[m[K’
[4.481s]     6 | struct [01;36m[KTargetPose[m[K{
[4.481s]       |        [01;36m[K^~~~~~~~~~[m[K
[4.493s] In file included from [01m[K/home/kafando/Ros2_ws/src/mm_behaviors/include/mm_behaviors/mm_moveit_actions.hpp:16[m[K,
[4.493s]                  from [01m[K/home/kafando/Ros2_ws/src/mm_behaviors/include/mm_behaviors/actions_nodes.hpp:6[m[K,
[4.493s]                  from [01m[K/home/kafando/Ros2_ws/src/mm_behaviors/include/mm_behaviors/mm_bt_node.hpp:11[m[K:
[4.493s] [01m[K/home/kafando/Ros2_ws/src/mm_behaviors/include/mm_behaviors/utils.hpp:6:8:[m[K [01;31m[Kerror: [m[Kredefinition of ‘[01m[Kstruct TargetPose[m[K’
[4.493s]     6 | struct [01;31m[KTargetPose[m[K{
[4.494s]       |        [01;31m[K^~~~~~~~~~[m[K
[4.494s] [01m[K/home/kafando/Ros2_ws/src/mm_behaviors/include/mm_behaviors/utils.hpp:6:8:[m[K [01;36m[Knote: [m[Kprevious definition of ‘[01m[Kstruct TargetPose[m[K’
[4.494s]     6 | struct [01;36m[KTargetPose[m[K{
[4.494s]       |        [01;36m[K^~~~~~~~~~[m[K
[4.494s] [01m[K/home/kafando/Ros2_ws/src/mm_behaviors/include/mm_behaviors/mm_moveit_actions.hpp:20:7:[m[K [01;31m[Kerror: [m[Kredefinition of ‘[01m[Kclass PlanForTheArm[m[K’
[4.494s]    20 | class [01;31m[KPlanForTheArm[m[K : public BT::SyncActionNode{
[4.494s]       |       [01;31m[K^~~~~~~~~~~~~[m[K
[4.494s] [01m[K/home/kafando/Ros2_ws/src/mm_behaviors/include/mm_behaviors/mm_moveit_actions.hpp:20:7:[m[K [01;36m[Knote: [m[Kprevious definition of ‘[01m[Kclass PlanForTheArm[m[K’
[4.494s]    20 | class [01;36m[KPlanForTheArm[m[K : public BT::SyncActionNode{
[4.494s]       |       [01;36m[K^~~~~~~~~~~~~[m[K
[4.494s] [01m[K/home/kafando/Ros2_ws/src/mm_behaviors/include/mm_behaviors/mm_moveit_actions.hpp:89:7:[m[K [01;31m[Kerror: [m[Kredefinition of ‘[01m[Kclass ExecuteArmPlan[m[K’
[4.494s]    89 | class [01;31m[KExecuteArmPlan[m[K : public BT::StatefulActionNode{
[4.494s]       |       [01;31m[K^~~~~~~~~~~~~~[m[K
[4.494s] [01m[K/home/kafando/Ros2_ws/src/mm_behaviors/include/mm_behaviors/mm_moveit_actions.hpp:89:7:[m[K [01;36m[Knote: [m[Kprevious definition of ‘[01m[Kclass ExecuteArmPlan[m[K’
[4.494s]    89 | class [01;36m[KExecuteArmPlan[m[K : public BT::StatefulActionNode{
[4.494s]       |       [01;36m[K^~~~~~~~~~~~~~[m[K
[7.660s] gmake[2]: *** [CMakeFiles/wstta_robot_bt_node.dir/build.make:76: CMakeFiles/wstta_robot_bt_node.dir/src/mm_bt_node.cpp.o] Error 1
[7.660s] gmake[2]: *** Waiting for unfinished jobs....
[8.853s] gmake[1]: *** [CMakeFiles/Makefile2:137: CMakeFiles/wstta_robot_bt_node.dir/all] Error 2
[8.853s] gmake: *** [Makefile:146: all] Error 2
[8.855s] Invoked command in '/home/kafando/Ros2_ws/build/mm_behaviors' returned '2': CMAKE_PREFIX_PATH=${CMAKE_PREFIX_PATH}:/home/kafando/ws_moveit/install/moveit_configs_utils:/opt/ros/jazzy DEBUGINFOD_URLS=https://debuginfod.ubuntu.com /usr/bin/cmake --build /home/kafando/Ros2_ws/build/mm_behaviors -- -j16 -l16
