[ 16%] [32mBuilding CXX object CMakeFiles/wstta_robot_bt_node.dir/src/mm_moveit_actions.cpp.o[0m
[01m[K/home/kafando/Ros2_ws/src/mm_behaviors/src/mm_moveit_actions.cpp:[m[K In member function ‘[01m[Kvirtual BT::NodeStatus PlanForTheArm::[01;32m[KonStart[m[K()[m[K’:
[01m[K/home/kafando/Ros2_ws/src/mm_behaviors/src/mm_moveit_actions.cpp:225:32:[m[K [01;31m[Kerror: [m[Kno matching function for call to ‘[01m[Kmoveit::core::RobotState::setFromIK(const moveit::core::JointModelGroup*&, Eigen::Isometry3d&, int, double)[m[K’
  225 |     bool ok = [01;31m[Kstate_->setFromIK(jmg,virtual_joint_transform,10, 0.1)[m[K;
      |               [01;31m[K~~~~~~~~~~~~~~~~~^~~~~~~~~~~~~~~~~~~~~~~~~~~~~~~~~~~~~[m[K
In file included from [01m[K/home/kafando/ws_moveit/install/moveit_ros_planning_interface/include/moveit_ros_planning_interface/moveit/move_group_interface/move_group_interface.hpp:41[m[K,
                 from [01m[K/home/kafando/Ros2_ws/src/mm_behaviors/include/mm_behaviors/mm_moveit_actions.hpp:6[m[K,
                 from [01m[K/home/kafando/Ros2_ws/src/mm_behaviors/src/mm_moveit_actions.cpp:1[m[K:
[01m[K/home/kafando/ws_moveit/install/moveit_core/include/moveit_core/moveit/robot_state/robot_state.hpp:930:8:[m[K [01;36m[Knote: [m[Kcandidate: ‘[01m[Kbool moveit::core::RobotState::[01;32m[KsetFromIK[m[K(const moveit::core::JointModelGroup*, const geometry_msgs::msg::Pose&, double, const moveit::core::GroupStateValidityCallbackFn&, const kinematics::KinematicsQueryOptions&, const kinematics::KinematicsBase::IKCostFn&)[m[K’
  930 |   bool [01;36m[KsetFromIK[m[K(const JointModelGroup* group, const geometry_msgs::msg::Pose& pose, double timeout = 0.0,
      |        [01;36m[K^~~~~~~~~[m[K
[01m[K/home/kafando/ws_moveit/install/moveit_core/include/moveit_core/moveit/robot_state/robot_state.hpp:930:80:[m[K [01;36m[Knote: [m[K  no known conversion for argument 2 from ‘[01m[KEigen::Isometry3d[m[K’ {aka ‘[01m[KEigen::Transform<double, 3, 1>[m[K’} to ‘[01m[Kconst geometry_msgs::msg::Pose&[m[K’ {aka ‘[01m[Kconst geometry_msgs::msg::Pose_<std::allocator<void> >&[m[K’}
  930 |   bool setFromIK(const JointModelGroup* group, [01;36m[Kconst geometry_msgs::msg::Pose& pose[m[K, double timeout = 0.0,
      |                                                [01;36m[K~~~~~~~~~~~~~~~~~~~~~~~~~~~~~~~~^~~~[m[K
[01m[K/home/kafando/ws_moveit/install/moveit_core/include/moveit_core/moveit/robot_state/robot_state.hpp:942:8:[m[K [01;36m[Knote: [m[Kcandidate: ‘[01m[Kbool moveit::core::RobotState::[01;32m[KsetFromIK[m[K(const moveit::core::JointModelGroup*, const geometry_msgs::msg::Pose&, const std::string&, double, const moveit::core::GroupStateValidityCallbackFn&, const kinematics::KinematicsQueryOptions&, const kinematics::KinematicsBase::IKCostFn&)[m[K’
  942 |   bool [01;36m[KsetFromIK[m[K(const JointModelGroup* group, const geometry_msgs::msg::Pose& pose, const std::string& tip,
      |        [01;36m[K^~~~~~~~~[m[K
[01m[K/home/kafando/ws_moveit/install/moveit_core/include/moveit_core/moveit/robot_state/robot_state.hpp:942:80:[m[K [01;36m[Knote: [m[K  no known conversion for argument 2 from ‘[01m[KEigen::Isometry3d[m[K’ {aka ‘[01m[KEigen::Transform<double, 3, 1>[m[K’} to ‘[01m[Kconst geometry_msgs::msg::Pose&[m[K’ {aka ‘[01m[Kconst geometry_msgs::msg::Pose_<std::allocator<void> >&[m[K’}
  942 |   bool setFromIK(const JointModelGroup* group, [01;36m[Kconst geometry_msgs::msg::Pose& pose[m[K, const std::string& tip,
      |                                                [01;36m[K~~~~~~~~~~~~~~~~~~~~~~~~~~~~~~~~^~~~[m[K
[01m[K/home/kafando/ws_moveit/install/moveit_core/include/moveit_core/moveit/robot_state/robot_state.hpp:953:8:[m[K [01;36m[Knote: [m[Kcandidate: ‘[01m[Kbool moveit::core::RobotState::[01;32m[KsetFromIK[m[K(const moveit::core::JointModelGroup*, const Eigen::Isometry3d&, double, const moveit::core::GroupStateValidityCallbackFn&, const kinematics::KinematicsQueryOptions&, const kinematics::KinematicsBase::IKCostFn&)[m[K’
  953 |   bool [01;36m[KsetFromIK[m[K(const JointModelGroup* group, const Eigen::Isometry3d& pose, double timeout = 0.0,
      |        [01;36m[K^~~~~~~~~[m[K
[01m[K/home/kafando/ws_moveit/install/moveit_core/include/moveit_core/moveit/robot_state/robot_state.hpp:954:54:[m[K [01;36m[Knote: [m[K  no known conversion for argument 4 from ‘[01m[Kdouble[m[K’ to ‘[01m[Kconst moveit::core::GroupStateValidityCallbackFn&[m[K’ {aka ‘[01m[Kconst std::function<bool(moveit::core::RobotState*, const moveit::core::JointModelGroup*, const double*)>&[m[K’}
  954 |                  [01;36m[Kconst GroupStateValidityCallbackFn& constraint = GroupStateValidityCallbackFn()[m[K,
      |                  [01;36m[K~~~~~~~~~~~~~~~~~~~~~~~~~~~~~~~~~~~~^~~~~~~~~~~~~~~~~~~~~~~~~~~~~~~~~~~~~~~~~~~[m[K
[01m[K/home/kafando/ws_moveit/install/moveit_core/include/moveit_core/moveit/robot_state/robot_state.hpp:964:8:[m[K [01;36m[Knote: [m[Kcandidate: ‘[01m[Kbool moveit::core::RobotState::[01;32m[KsetFromIK[m[K(const moveit::core::JointModelGroup*, const Eigen::Isometry3d&, const std::string&, double, const moveit::core::GroupStateValidityCallbackFn&, const kinematics::KinematicsQueryOptions&, const kinematics::KinematicsBase::IKCostFn&)[m[K’
  964 |   bool [01;36m[KsetFromIK[m[K(const JointModelGroup* group, const Eigen::Isometry3d& pose, const std::string& tip,
      |        [01;36m[K^~~~~~~~~[m[K
[01m[K/home/kafando/ws_moveit/install/moveit_core/include/moveit_core/moveit/robot_state/robot_state.hpp:964:98:[m[K [01;36m[Knote: [m[K  no known conversion for argument 3 from ‘[01m[Kint[m[K’ to ‘[01m[Kconst std::string&[m[K’ {aka ‘[01m[Kconst std::__cxx11::basic_string<char>&[m[K’}
  964 | tFromIK(const JointModelGroup* group, const Eigen::Isometry3d& pose, [01;36m[Kconst std::string& tip[m[K,
      |                                                                      [01;36m[K~~~~~~~~~~~~~~~~~~~^~~[m[K

[01m[K/home/kafando/ws_moveit/install/moveit_core/include/moveit_core/moveit/robot_state/robot_state.hpp:977:8:[m[K [01;36m[Knote: [m[Kcandidate: ‘[01m[Kbool moveit::core::RobotState::[01;32m[KsetFromIK[m[K(const moveit::core::JointModelGroup*, const Eigen::Isometry3d&, const std::string&, const std::vector<double, std::allocator<double> >&, double, const moveit::core::GroupStateValidityCallbackFn&, const kinematics::KinematicsQueryOptions&, const kinematics::KinematicsBase::IKCostFn&)[m[K’
  977 |   bool [01;36m[KsetFromIK[m[K(const JointModelGroup* group, const Eigen::Isometry3d& pose, const std::string& tip,
      |        [01;36m[K^~~~~~~~~[m[K
[01m[K/home/kafando/ws_moveit/install/moveit_core/include/moveit_core/moveit/robot_state/robot_state.hpp:977:98:[m[K [01;36m[Knote: [m[K  no known conversion for argument 3 from ‘[01m[Kint[m[K’ to ‘[01m[Kconst std::string&[m[K’ {aka ‘[01m[Kconst std::__cxx11::basic_string<char>&[m[K’}
  977 | tFromIK(const JointModelGroup* group, const Eigen::Isometry3d& pose, [01;36m[Kconst std::string& tip[m[K,
      |                                                                      [01;36m[K~~~~~~~~~~~~~~~~~~~^~~[m[K

[01m[K/home/kafando/ws_moveit/install/moveit_core/include/moveit_core/moveit/robot_state/robot_state.hpp:992:8:[m[K [01;36m[Knote: [m[Kcandidate: ‘[01m[Kbool moveit::core::RobotState::[01;32m[KsetFromIK[m[K(const moveit::core::JointModelGroup*, const EigenSTL::vector_Isometry3d&, const std::vector<std::__cxx11::basic_string<char>, std::allocator<std::__cxx11::basic_string<char> > >&, double, const moveit::core::GroupStateValidityCallbackFn&, const kinematics::KinematicsQueryOptions&, const kinematics::KinematicsBase::IKCostFn&)[m[K’
  992 |   bool [01;36m[KsetFromIK[m[K(const JointModelGroup* group, const EigenSTL::vector_Isometry3d& poses,
      |        [01;36m[K^~~~~~~~~[m[K
[01m[K/home/kafando/ws_moveit/install/moveit_core/include/moveit_core/moveit/robot_state/robot_state.hpp:992:83:[m[K [01;36m[Knote: [m[K  no known conversion for argument 2 from ‘[01m[KEigen::Isometry3d[m[K’ {aka ‘[01m[KEigen::Transform<double, 3, 1>[m[K’} to ‘[01m[Kconst EigenSTL::vector_Isometry3d&[m[K’ {aka ‘[01m[Kconst std::vector<Eigen::Transform<double, 3, 1>, Eigen::aligned_allocator<Eigen::Transform<double, 3, 1> > >&[m[K’}
  992 |   bool setFromIK(const JointModelGroup* group, [01;36m[Kconst EigenSTL::vector_Isometry3d& poses[m[K,
      |                                                [01;36m[K~~~~~~~~~~~~~~~~~~~~~~~~~~~~~~~~~~~^~~~~[m[K
[01m[K/home/kafando/ws_moveit/install/moveit_core/include/moveit_core/moveit/robot_state/robot_state.hpp:1008:8:[m[K [01;36m[Knote: [m[Kcandidate: ‘[01m[Kbool moveit::core::RobotState::[01;32m[KsetFromIK[m[K(const moveit::core::JointModelGroup*, const EigenSTL::vector_Isometry3d&, const std::vector<std::__cxx11::basic_string<char>, std::allocator<std::__cxx11::basic_string<char> > >&, const std::vector<std::vector<double, std::allocator<double> > >&, double, const moveit::core::GroupStateValidityCallbackFn&, const kinematics::KinematicsQueryOptions&, const kinematics::KinematicsBase::IKCostFn&)[m[K’
 1008 |   bool [01;36m[KsetFromIK[m[K(const JointModelGroup* group, const EigenSTL::vector_Isometry3d& poses,
      |        [01;36m[K^~~~~~~~~[m[K
[01m[K/home/kafando/ws_moveit/install/moveit_core/include/moveit_core/moveit/robot_state/robot_state.hpp:1008:83:[m[K [01;36m[Knote: [m[K  no known conversion for argument 2 from ‘[01m[KEigen::Isometry3d[m[K’ {aka ‘[01m[KEigen::Transform<double, 3, 1>[m[K’} to ‘[01m[Kconst EigenSTL::vector_Isometry3d&[m[K’ {aka ‘[01m[Kconst std::vector<Eigen::Transform<double, 3, 1>, Eigen::aligned_allocator<Eigen::Transform<double, 3, 1> > >&[m[K’}
 1008 |   bool setFromIK(const JointModelGroup* group, [01;36m[Kconst EigenSTL::vector_Isometry3d& poses[m[K,
      |                                                [01;36m[K~~~~~~~~~~~~~~~~~~~~~~~~~~~~~~~~~~~^~~~~[m[K
gmake[2]: *** [CMakeFiles/wstta_robot_bt_node.dir/build.make:104: CMakeFiles/wstta_robot_bt_node.dir/src/mm_moveit_actions.cpp.o] Error 1
gmake[1]: *** [CMakeFiles/Makefile2:137: CMakeFiles/wstta_robot_bt_node.dir/all] Error 2
gmake: *** [Makefile:146: all] Error 2
