[0.079s] Invoking command in '/home/kafando/Ros2_ws/build/mm_bringup': CMAKE_PREFIX_PATH=${CMAKE_PREFIX_PATH}:/home/kafando/ws_moveit/install/moveit_configs_utils:/opt/ros/jazzy DEBUGINFOD_URLS=https://debuginfod.ubuntu.com /usr/bin/cmake /home/kafando/Ros2_ws/src/mm_bringup -DCMAKE_BUILD_TYPE=Debug -DCMAKE_CXX_FLAGS=-fsanitize=address -fno-omit-frame-pointer -DCMAKE_INSTALL_PREFIX=/home/kafando/Ros2_ws/install/mm_bringup
[0.106s] -- Found ament_cmake: 2.5.6 (/opt/ros/jazzy/share/ament_cmake/cmake)
[0.561s] -- Found ros_gz: 1.0.22 (/opt/ros/jazzy/share/ros_gz/cmake)
[0.561s] -- Found ros_gz_bridge: 1.0.22 (/opt/ros/jazzy/share/ros_gz_bridge/cmake)
[0.622s] -- Found rosidl_generator_c: 4.6.7 (/opt/ros/jazzy/share/rosidl_generator_c/cmake)
[0.637s] -- Found rosidl_generator_cpp: 4.6.7 (/opt/ros/jazzy/share/rosidl_generator_cpp/cmake)
[0.658s] -- Using all available rosidl_typesupport_c: rosidl_typesupport_fastrtps_c;rosidl_typesupport_introspection_c
[0.684s] -- Using all available rosidl_typesupport_cpp: rosidl_typesupport_fastrtps_cpp;rosidl_typesupport_introspection_cpp
[0.793s] -- Found rmw_implementation_cmake: 7.3.3 (/opt/ros/jazzy/share/rmw_implementation_cmake/cmake)
[0.800s] -- Found rmw_fastrtps_cpp: 8.4.3 (/opt/ros/jazzy/share/rmw_fastrtps_cpp/cmake)
[0.949s] -- Using RMW implementation 'rmw_fastrtps_cpp' as default
[1.131s] -- Looking for gz-msgs10 -- found version 10.3.2
[1.146s] -- Searching for dependencies of gz-msgs10
[1.203s] -- Looking for gz-utils2 -- found version 2.2.1
[1.204s] -- Searching for dependencies of gz-utils2
[1.205s] -- Looking for gz-math7 -- found version 7.5.2
[1.206s] -- Searching for dependencies of gz-math7
[1.206s] -- Looking for gz-utils2 -- found version 2.2.1
[1.218s] -- Checking for module 'tinyxml2'
[1.268s] --   Found tinyxml2, version 10.0.0
[1.342s] -- Looking for gz-transport13 -- found version 13.5.0
[1.342s] -- Searching for dependencies of gz-transport13
[1.422s] -- Config-file not installed for ZeroMQ -- checking for pkg-config
[1.430s] -- Checking for module 'libzmq >= 4'
[1.484s] --   Found libzmq, version 4.3.5
[1.597s] -- Checking for module 'uuid'
[1.646s] --   Found uuid, version 2.39.3
[1.731s] -- Looking for gz-utils2 -- found version 2.2.1
[1.731s] -- Searching for dependencies of gz-utils2
[1.731s] -- Searching for <gz-utils2> component [cli]
[1.734s] -- Looking for gz-utils2-cli -- found version 2.2.1
[1.735s] -- Searching for dependencies of gz-utils2-cli
[1.735s] -- Looking for gz-msgs10 -- found version 10.3.2
[2.277s] -- Found ros_gz_image: 1.0.22 (/opt/ros/jazzy/share/ros_gz_image/cmake)
[2.278s] -- Found ros_gz_sim: 1.0.22 (/opt/ros/jazzy/share/ros_gz_sim/cmake)
[2.348s] -- Found ros2_control: 4.44.0 (/opt/ros/jazzy/share/ros2_control/cmake)
[2.348s] -- Found ros2_controllers: 4.39.0 (/opt/ros/jazzy/share/ros2_controllers/cmake)
[2.350s] -- Found xacro: 2.1.1 (/opt/ros/jazzy/share/xacro/cmake)
[2.352s] -- Found ament_lint_auto: 0.17.5 (/opt/ros/jazzy/share/ament_lint_auto/cmake)
[2.634s] -- Added test 'flake8' to check Python code syntax and style conventions
[2.634s] -- Configured 'flake8' exclude dirs and/or files: 
[2.637s] -- Added test 'lint_cmake' to check CMake code style
[2.641s] -- Added test 'pep257' to check Python code against some of the docstring style conventions in PEP 257
[2.643s] -- Added test 'xmllint' to check XML markup files
[2.647s] -- Configuring done (2.5s)
[2.661s] -- Generating done (0.0s)
[2.670s] -- Build files have been written to: /home/kafando/Ros2_ws/build/mm_bringup
[2.706s] Invoked command in '/home/kafando/Ros2_ws/build/mm_bringup' returned '0': CMAKE_PREFIX_PATH=${CMAKE_PREFIX_PATH}:/home/kafando/ws_moveit/install/moveit_configs_utils:/opt/ros/jazzy DEBUGINFOD_URLS=https://debuginfod.ubuntu.com /usr/bin/cmake /home/kafando/Ros2_ws/src/mm_bringup -DCMAKE_BUILD_TYPE=Debug -DCMAKE_CXX_FLAGS=-fsanitize=address -fno-omit-frame-pointer -DCMAKE_INSTALL_PREFIX=/home/kafando/Ros2_ws/install/mm_bringup
[2.709s] Invoking command in '/home/kafando/Ros2_ws/build/mm_bringup': CMAKE_PREFIX_PATH=${CMAKE_PREFIX_PATH}:/home/kafando/ws_moveit/install/moveit_configs_utils:/opt/ros/jazzy DEBUGINFOD_URLS=https://debuginfod.ubuntu.com /usr/bin/cmake --build /home/kafando/Ros2_ws/build/mm_bringup -- -j16 -l16
[2.836s] Invoked command in '/home/kafando/Ros2_ws/build/mm_bringup' returned '0': CMAKE_PREFIX_PATH=${CMAKE_PREFIX_PATH}:/home/kafando/ws_moveit/install/moveit_configs_utils:/opt/ros/jazzy DEBUGINFOD_URLS=https://debuginfod.ubuntu.com /usr/bin/cmake --build /home/kafando/Ros2_ws/build/mm_bringup -- -j16 -l16
[2.862s] Invoking command in '/home/kafando/Ros2_ws/build/mm_bringup': CMAKE_PREFIX_PATH=${CMAKE_PREFIX_PATH}:/home/kafando/ws_moveit/install/moveit_configs_utils:/opt/ros/jazzy DEBUGINFOD_URLS=https://debuginfod.ubuntu.com /usr/bin/cmake --install /home/kafando/Ros2_ws/build/mm_bringup
[2.882s] -- Install configuration: "Debug"
[2.882s] -- Up-to-date: /home/kafando/Ros2_ws/install/mm_bringup/share/mm_bringup//launch
[2.883s] -- Up-to-date: /home/kafando/Ros2_ws/install/mm_bringup/share/mm_bringup//launch/gazebo.launch.py
[2.883s] -- Up-to-date: /home/kafando/Ros2_ws/install/mm_bringup/share/mm_bringup//launch/display.launch.py
[2.883s] -- Up-to-date: /home/kafando/Ros2_ws/install/mm_bringup/share/mm_bringup//config
[2.883s] -- Up-to-date: /home/kafando/Ros2_ws/install/mm_bringup/share/mm_bringup//config/MyRobot_controllers.yaml
[2.885s] -- Up-to-date: /home/kafando/Ros2_ws/install/mm_bringup/share/mm_bringup//config/joints_limits.yaml
[2.885s] -- Up-to-date: /home/kafando/Ros2_ws/install/mm_bringup/share/mm_bringup//config/ros_gz_bridge.yaml
[2.885s] -- Up-to-date: /home/kafando/Ros2_ws/install/mm_bringup/share/mm_bringup//config/laser_filters.yaml
[2.885s] -- Up-to-date: /home/kafando/Ros2_ws/install/mm_bringup/share/mm_bringup//urdf
[2.885s] -- Up-to-date: /home/kafando/Ros2_ws/install/mm_bringup/share/mm_bringup//urdf/imu.xacro
[2.885s] -- Up-to-date: /home/kafando/Ros2_ws/install/mm_bringup/share/mm_bringup//urdf/lidar.xacro
[2.886s] -- Up-to-date: /home/kafando/Ros2_ws/install/mm_bringup/share/mm_bringup//urdf/materials.xacro
[2.886s] -- Up-to-date: /home/kafando/Ros2_ws/install/mm_bringup/share/mm_bringup//urdf/camera.xacro
[2.886s] -- Up-to-date: /home/kafando/Ros2_ws/install/mm_bringup/share/mm_bringup//urdf/MyRobot.ros2control
[2.886s] -- Up-to-date: /home/kafando/Ros2_ws/install/mm_bringup/share/mm_bringup//urdf/MyRobot.urdf.xacro
[2.886s] -- Up-to-date: /home/kafando/Ros2_ws/install/mm_bringup/share/mm_bringup//urdf/MyRobot_gz.gazebo
[2.886s] -- Up-to-date: /home/kafando/Ros2_ws/install/mm_bringup/share/mm_bringup//urdf/MyRobotfor_moveit.urdf.xacro
[2.886s] -- Up-to-date: /home/kafando/Ros2_ws/install/mm_bringup/share/mm_bringup//urdf/ultrasonic.xacro
[2.886s] -- Up-to-date: /home/kafando/Ros2_ws/install/mm_bringup/share/mm_bringup//urdf/arm.xacro
[2.886s] -- Up-to-date: /home/kafando/Ros2_ws/install/mm_bringup/share/mm_bringup//meshes
[2.886s] -- Up-to-date: /home/kafando/Ros2_ws/install/mm_bringup/share/mm_bringup//meshes/container_link_c.STL
[2.887s] -- Up-to-date: /home/kafando/Ros2_ws/install/mm_bringup/share/mm_bringup//meshes/left_front_wheel_link.STL
[2.887s] -- Up-to-date: /home/kafando/Ros2_ws/install/mm_bringup/share/mm_bringup//meshes/arm_link4.STL
[2.887s] -- Up-to-date: /home/kafando/Ros2_ws/install/mm_bringup/share/mm_bringup//meshes/lidar_link.STL
[2.887s] -- Up-to-date: /home/kafando/Ros2_ws/install/mm_bringup/share/mm_bringup//meshes/right_ultrasonic_link.STL
[2.887s] -- Up-to-date: /home/kafando/Ros2_ws/install/mm_bringup/share/mm_bringup//meshes/arm_link2_cv.STL
[2.887s] -- Up-to-date: /home/kafando/Ros2_ws/install/mm_bringup/share/mm_bringup//meshes/right_rear_wheel_link.STL
[2.887s] -- Up-to-date: /home/kafando/Ros2_ws/install/mm_bringup/share/mm_bringup//meshes/arm_link1.STL
[2.887s] -- Up-to-date: /home/kafando/Ros2_ws/install/mm_bringup/share/mm_bringup//meshes/base_link_c.STL
[2.887s] -- Up-to-date: /home/kafando/Ros2_ws/install/mm_bringup/share/mm_bringup//meshes/arm_link2.STL
[2.888s] -- Up-to-date: /home/kafando/Ros2_ws/install/mm_bringup/share/mm_bringup//meshes/camera_link.STL
[2.888s] -- Up-to-date: /home/kafando/Ros2_ws/install/mm_bringup/share/mm_bringup//meshes/left_ultrasonic_link.STL
[2.888s] -- Up-to-date: /home/kafando/Ros2_ws/install/mm_bringup/share/mm_bringup//meshes/base_link.STL
[2.888s] -- Up-to-date: /home/kafando/Ros2_ws/install/mm_bringup/share/mm_bringup//meshes/arm_link0.STL
[2.888s] -- Up-to-date: /home/kafando/Ros2_ws/install/mm_bringup/share/mm_bringup//meshes/arm_link1_cv.STL
[2.888s] -- Up-to-date: /home/kafando/Ros2_ws/install/mm_bringup/share/mm_bringup//meshes/ee_unactuated_tooth_link.STL
[2.888s] -- Up-to-date: /home/kafando/Ros2_ws/install/mm_bringup/share/mm_bringup//meshes/arm_link4_cv.STL
[2.889s] -- Up-to-date: /home/kafando/Ros2_ws/install/mm_bringup/share/mm_bringup//meshes/right_front_wheel_link.STL
[2.889s] -- Up-to-date: /home/kafando/Ros2_ws/install/mm_bringup/share/mm_bringup//meshes/land.png
[2.889s] -- Up-to-date: /home/kafando/Ros2_ws/install/mm_bringup/share/mm_bringup//meshes/left_rear_wheel_link_c.STL
[2.889s] -- Up-to-date: /home/kafando/Ros2_ws/install/mm_bringup/share/mm_bringup//meshes/ee_actuated_tooth_link.STL
[2.889s] -- Up-to-date: /home/kafando/Ros2_ws/install/mm_bringup/share/mm_bringup//meshes/right_front_wheel_link_c.STL
[2.889s] -- Up-to-date: /home/kafando/Ros2_ws/install/mm_bringup/share/mm_bringup//meshes/lidar_link_c.STL
[2.889s] -- Up-to-date: /home/kafando/Ros2_ws/install/mm_bringup/share/mm_bringup//meshes/arm_link4_c.STL
[2.889s] -- Up-to-date: /home/kafando/Ros2_ws/install/mm_bringup/share/mm_bringup//meshes/arm_link4_v.STL
[2.890s] -- Up-to-date: /home/kafando/Ros2_ws/install/mm_bringup/share/mm_bringup//meshes/imu_link.STL
[2.890s] -- Up-to-date: /home/kafando/Ros2_ws/install/mm_bringup/share/mm_bringup//meshes/camera_link_c.STL
[2.890s] -- Up-to-date: /home/kafando/Ros2_ws/install/mm_bringup/share/mm_bringup//meshes/arm_link3.STL
[2.890s] -- Up-to-date: /home/kafando/Ros2_ws/install/mm_bringup/share/mm_bringup//meshes/grass.png
[2.890s] -- Up-to-date: /home/kafando/Ros2_ws/install/mm_bringup/share/mm_bringup//meshes/left_rear_wheel_link.STL
[2.890s] -- Up-to-date: /home/kafando/Ros2_ws/install/mm_bringup/share/mm_bringup//meshes/arm_link0_cv.STL
[2.890s] -- Up-to-date: /home/kafando/Ros2_ws/install/mm_bringup/share/mm_bringup//meshes/container_link.STL
[2.890s] -- Up-to-date: /home/kafando/Ros2_ws/install/mm_bringup/share/mm_bringup//meshes/arm_link3_cv.STL
[2.891s] -- Up-to-date: /home/kafando/Ros2_ws/install/mm_bringup/share/mm_bringup//worlds
[2.891s] -- Up-to-date: /home/kafando/Ros2_ws/install/mm_bringup/share/mm_bringup//worlds/mm_env.world
[2.891s] -- Up-to-date: /home/kafando/Ros2_ws/install/mm_bringup/share/mm_bringup//worlds/empty.world
[2.892s] -- Up-to-date: /home/kafando/Ros2_ws/install/mm_bringup/share/mm_bringup//rviz
[2.892s] -- Up-to-date: /home/kafando/Ros2_ws/install/mm_bringup/share/mm_bringup//rviz/gazebo.rviz
[2.892s] -- Up-to-date: /home/kafando/Ros2_ws/install/mm_bringup/share/mm_bringup//rviz/display.rviz
[2.892s] -- Up-to-date: /home/kafando/Ros2_ws/install/mm_bringup/share/ament_index/resource_index/package_run_dependencies/mm_bringup
[2.892s] -- Installing: /home/kafando/Ros2_ws/install/mm_bringup/share/ament_index/resource_index/parent_prefix_path/mm_bringup
[2.892s] -- Up-to-date: /home/kafando/Ros2_ws/install/mm_bringup/share/mm_bringup/environment/ament_prefix_path.sh
[2.893s] -- Up-to-date: /home/kafando/Ros2_ws/install/mm_bringup/share/mm_bringup/environment/ament_prefix_path.dsv
[2.893s] -- Up-to-date: /home/kafando/Ros2_ws/install/mm_bringup/share/mm_bringup/environment/path.sh
[2.893s] -- Up-to-date: /home/kafando/Ros2_ws/install/mm_bringup/share/mm_bringup/environment/path.dsv
[2.893s] -- Up-to-date: /home/kafando/Ros2_ws/install/mm_bringup/share/mm_bringup/local_setup.bash
[2.893s] -- Up-to-date: /home/kafando/Ros2_ws/install/mm_bringup/share/mm_bringup/local_setup.sh
[2.893s] -- Up-to-date: /home/kafando/Ros2_ws/install/mm_bringup/share/mm_bringup/local_setup.zsh
[2.894s] -- Up-to-date: /home/kafando/Ros2_ws/install/mm_bringup/share/mm_bringup/local_setup.dsv
[2.894s] -- Installing: /home/kafando/Ros2_ws/install/mm_bringup/share/mm_bringup/package.dsv
[2.895s] -- Up-to-date: /home/kafando/Ros2_ws/install/mm_bringup/share/ament_index/resource_index/packages/mm_bringup
[2.895s] -- Up-to-date: /home/kafando/Ros2_ws/install/mm_bringup/share/mm_bringup/cmake/mm_bringupConfig.cmake
[2.895s] -- Up-to-date: /home/kafando/Ros2_ws/install/mm_bringup/share/mm_bringup/cmake/mm_bringupConfig-version.cmake
[2.895s] -- Up-to-date: /home/kafando/Ros2_ws/install/mm_bringup/share/mm_bringup/package.xml
[2.895s] Invoked command in '/home/kafando/Ros2_ws/build/mm_bringup' returned '0': CMAKE_PREFIX_PATH=${CMAKE_PREFIX_PATH}:/home/kafando/ws_moveit/install/moveit_configs_utils:/opt/ros/jazzy DEBUGINFOD_URLS=https://debuginfod.ubuntu.com /usr/bin/cmake --install /home/kafando/Ros2_ws/build/mm_bringup
