[0.019s] Invoking command in '/home/kafando/Ros2_ws/build/mm_behaviors': CMAKE_PREFIX_PATH=${CMAKE_PREFIX_PATH}:/home/kafando/ws_moveit/install/moveit_configs_utils:/opt/ros/jazzy DEBUGINFOD_URLS=https://debuginfod.ubuntu.com /usr/bin/cmake --build /home/kafando/Ros2_ws/build/mm_behaviors -- -j16 -l16
[0.096s] [ 16%] [32mBuilding CXX object CMakeFiles/wstta_bt_node.dir/src/mm_moveit_bt_nodes.cpp.o[0m
[11.615s] [ 33%] [32m[1mLinking CXX executable wstta_bt_node[0m
[12.189s] [100%] Built target wstta_bt_node
[12.198s] Invoked command in '/home/kafando/Ros2_ws/build/mm_behaviors' returned '0': CMAKE_PREFIX_PATH=${CMAKE_PREFIX_PATH}:/home/kafando/ws_moveit/install/moveit_configs_utils:/opt/ros/jazzy DEBUGINFOD_URLS=https://debuginfod.ubuntu.com /usr/bin/cmake --build /home/kafando/Ros2_ws/build/mm_behaviors -- -j16 -l16
[12.198s] Invoking command in '/home/kafando/Ros2_ws/build/mm_behaviors': CMAKE_PREFIX_PATH=${CMAKE_PREFIX_PATH}:/home/kafando/ws_moveit/install/moveit_configs_utils:/opt/ros/jazzy DEBUGINFOD_URLS=https://debuginfod.ubuntu.com /usr/bin/cmake --install /home/kafando/Ros2_ws/build/mm_behaviors
[12.206s] -- Install configuration: "Debug"
[12.206s] -- Up-to-date: /home/kafando/Ros2_ws/install/mm_behaviors/share/mm_behaviors/xml_tree
[12.206s] -- Up-to-date: /home/kafando/Ros2_ws/install/mm_behaviors/share/mm_behaviors/xml_tree/mm_behaviors.xml
[12.206s] -- Up-to-date: /home/kafando/Ros2_ws/install/mm_behaviors/share/mm_behaviors/launch
[12.206s] -- Up-to-date: /home/kafando/Ros2_ws/install/mm_behaviors/share/mm_behaviors/launch/controllers.launch.py
[12.206s] -- Up-to-date: /home/kafando/Ros2_ws/install/mm_behaviors/share/mm_behaviors/launch/ekf.launch.py
[12.206s] -- Up-to-date: /home/kafando/Ros2_ws/install/mm_behaviors/share/mm_behaviors/launch/controller_manager_controllers.launch.py
[12.206s] -- Up-to-date: /home/kafando/Ros2_ws/install/mm_behaviors/share/mm_behaviors/launch/bt_node_only.launch.py
[12.206s] -- Up-to-date: /home/kafando/Ros2_ws/install/mm_behaviors/share/mm_behaviors/launch/gazebo_only.launch.py
[12.206s] -- Up-to-date: /home/kafando/Ros2_ws/install/mm_behaviors/share/mm_behaviors/launch/robot_state_publisher.launch.py
[12.207s] -- Up-to-date: /home/kafando/Ros2_ws/install/mm_behaviors/share/mm_behaviors/launch/mm_bt_nodes.launch.py
[12.207s] -- Up-to-date: /home/kafando/Ros2_ws/install/mm_behaviors/share/mm_behaviors/config
[12.207s] -- Up-to-date: /home/kafando/Ros2_ws/install/mm_behaviors/share/mm_behaviors/config/ekf.yaml
[12.207s] -- Installing: /home/kafando/Ros2_ws/install/mm_behaviors/share/mm_behaviors/config/bt_parameters.yaml
[12.207s] -- Installing: /home/kafando/Ros2_ws/install/mm_behaviors/lib/mm_behaviors/wstta_bt_node
[12.218s] -- Set non-toolchain portion of runtime path of "/home/kafando/Ros2_ws/install/mm_behaviors/lib/mm_behaviors/wstta_bt_node" to ""
[12.218s] -- Up-to-date: /home/kafando/Ros2_ws/install/mm_behaviors/share/ament_index/resource_index/package_run_dependencies/mm_behaviors
[12.218s] -- Up-to-date: /home/kafando/Ros2_ws/install/mm_behaviors/share/ament_index/resource_index/parent_prefix_path/mm_behaviors
[12.218s] -- Up-to-date: /home/kafando/Ros2_ws/install/mm_behaviors/share/mm_behaviors/environment/ament_prefix_path.sh
[12.218s] -- Up-to-date: /home/kafando/Ros2_ws/install/mm_behaviors/share/mm_behaviors/environment/ament_prefix_path.dsv
[12.218s] -- Up-to-date: /home/kafando/Ros2_ws/install/mm_behaviors/share/mm_behaviors/environment/path.sh
[12.219s] -- Up-to-date: /home/kafando/Ros2_ws/install/mm_behaviors/share/mm_behaviors/environment/path.dsv
[12.219s] -- Up-to-date: /home/kafando/Ros2_ws/install/mm_behaviors/share/mm_behaviors/local_setup.bash
[12.219s] -- Up-to-date: /home/kafando/Ros2_ws/install/mm_behaviors/share/mm_behaviors/local_setup.sh
[12.219s] -- Up-to-date: /home/kafando/Ros2_ws/install/mm_behaviors/share/mm_behaviors/local_setup.zsh
[12.219s] -- Up-to-date: /home/kafando/Ros2_ws/install/mm_behaviors/share/mm_behaviors/local_setup.dsv
[12.219s] -- Installing: /home/kafando/Ros2_ws/install/mm_behaviors/share/mm_behaviors/package.dsv
[12.219s] -- Up-to-date: /home/kafando/Ros2_ws/install/mm_behaviors/share/ament_index/resource_index/packages/mm_behaviors
[12.219s] -- Up-to-date: /home/kafando/Ros2_ws/install/mm_behaviors/share/mm_behaviors/cmake/mm_behaviorsConfig.cmake
[12.219s] -- Up-to-date: /home/kafando/Ros2_ws/install/mm_behaviors/share/mm_behaviors/cmake/mm_behaviorsConfig-version.cmake
[12.219s] -- Up-to-date: /home/kafando/Ros2_ws/install/mm_behaviors/share/mm_behaviors/package.xml
[12.220s] Invoked command in '/home/kafando/Ros2_ws/build/mm_behaviors' returned '0': CMAKE_PREFIX_PATH=${CMAKE_PREFIX_PATH}:/home/kafando/ws_moveit/install/moveit_configs_utils:/opt/ros/jazzy DEBUGINFOD_URLS=https://debuginfod.ubuntu.com /usr/bin/cmake --install /home/kafando/Ros2_ws/build/mm_behaviors
