[0.024s] Invoking command in '/home/kafando/Ros2_ws/build/mm_behaviors': CMAKE_PREFIX_PATH=${CMAKE_PREFIX_PATH}:/home/kafando/ws_moveit/install/moveit_configs_utils:/opt/ros/jazzy DEBUGINFOD_URLS=https://debuginfod.ubuntu.com /usr/bin/cmake --build /home/kafando/Ros2_ws/build/mm_behaviors -- -j16 -l16
[0.114s] [ 50%] [32mBuilding CXX object CMakeFiles/wstta_robot_bt_node.dir/src/mm_nav_actions.cpp.o[0m
[0.114s] [ 50%] [32mBuilding CXX object CMakeFiles/wstta_robot_bt_node.dir/src/mm_bt_node.cpp.o[0m
[0.115s] [ 50%] [32mBuilding CXX object CMakeFiles/wstta_robot_bt_node.dir/src/mm_moveit_actions.cpp.o[0m
[0.115s] [ 66%] [32mBuilding CXX object CMakeFiles/wstta_robot_bt_node.dir/src/actions_nodes.cpp.o[0m
[8.861s] [ 83%] [32m[1mLinking CXX executable wstta_robot_bt_node[0m
[9.301s] /usr/bin/ld: CMakeFiles/wstta_robot_bt_node.dir/src/mm_bt_node.cpp.o: in function `std::__detail::_MakeUniq<Navigate>::__single_object std::make_unique<Navigate, std::__cxx11::basic_string<char, std::char_traits<char>, std::allocator<char> > const&, BT::NodeConfig const&, std::shared_ptr<rclcpp::Node>&>(std::__cxx11::basic_string<char, std::char_traits<char>, std::allocator<char> > const&, BT::NodeConfig const&, std::shared_ptr<rclcpp::Node>&)':
[9.301s] mm_bt_node.cpp:(.text._ZSt11make_uniqueI8NavigateJRKNSt7__cxx1112basic_stringIcSt11char_traitsIcESaIcEEERKN2BT10NodeConfigERSt10shared_ptrIN6rclcpp4NodeEEEENSt8__detail9_MakeUniqIT_E15__single_objectEDpOT0_[_ZSt11make_uniqueI8NavigateJRKNSt7__cxx1112basic_stringIcSt11char_traitsIcESaIcEEERKN2BT10NodeConfigERSt10shared_ptrIN6rclcpp4NodeEEEENSt8__detail9_MakeUniqIT_E15__single_objectEDpOT0_]+0x8d): undefined reference to `Navigate::Navigate(std::__cxx11::basic_string<char, std::char_traits<char>, std::allocator<char> > const&, BT::NodeConfig const&, std::shared_ptr<rclcpp::Node>)'
[9.306s] /usr/bin/ld: CMakeFiles/wstta_robot_bt_node.dir/src/mm_moveit_actions.cpp.o: in function `ExecuteArmPlan::read_text_in_speak(std::__cxx11::basic_string<char, std::char_traits<char>, std::allocator<char> >)':
[9.306s] mm_moveit_actions.cpp:(.text+0x3074): undefined reference to `espeak_Initialize'
[9.306s] /usr/bin/ld: mm_moveit_actions.cpp:(.text+0x30bd): undefined reference to `espeak_Synth'
[9.306s] /usr/bin/ld: mm_moveit_actions.cpp:(.text+0x30c6): undefined reference to `espeak_Synchronize'
[9.306s] /usr/bin/ld: CMakeFiles/wstta_robot_bt_node.dir/src/mm_moveit_actions.cpp.o: in function `PlanForTheArm::read_text_in_speak(std::__cxx11::basic_string<char, std::char_traits<char>, std::allocator<char> >)':
[9.307s] mm_moveit_actions.cpp:(.text+0x30fc): undefined reference to `espeak_Initialize'
[9.307s] /usr/bin/ld: mm_moveit_actions.cpp:(.text+0x3145): undefined reference to `espeak_Synth'
[9.307s] /usr/bin/ld: mm_moveit_actions.cpp:(.text+0x314e): undefined reference to `espeak_Synchronize'
[9.307s] /usr/bin/ld: CMakeFiles/wstta_robot_bt_node.dir/src/mm_moveit_actions.cpp.o: in function `geometry_msgs::msg::PointStamped_<std::allocator<void> >& tf2_ros::BufferInterface::transform<geometry_msgs::msg::PointStamped_<std::allocator<void> > >(geometry_msgs::msg::PointStamped_<std::allocator<void> > const&, geometry_msgs::msg::PointStamped_<std::allocator<void> >&, std::__cxx11::basic_string<char, std::char_traits<char>, std::allocator<char> > const&, std::chrono::duration<long, std::ratio<1l, 1000000000l> >) const':
[9.307s] mm_moveit_actions.cpp:(.text._ZNK7tf2_ros15BufferInterface9transformIN13geometry_msgs3msg13PointStamped_ISaIvEEEEERT_RKS7_S8_RKNSt7__cxx1112basic_stringIcSt11char_traitsIcESaIcEEENSt6chrono8durationIlSt5ratioILl1ELl1000000000EEEE[_ZNK7tf2_ros15BufferInterface9transformIN13geometry_msgs3msg13PointStamped_ISaIvEEEEERT_RKS7_S8_RKNSt7__cxx1112basic_stringIcSt11char_traitsIcESaIcEEENSt6chrono8durationIlSt5ratioILl1ELl1000000000EEEE]+0x5a): undefined reference to `std::chrono::time_point<std::chrono::_V2::system_clock, std::chrono::duration<long, std::ratio<1l, 1000000000l> > > tf2::getTimestamp<geometry_msgs::msg::PointStamped_<std::allocator<void> > >(geometry_msgs::msg::PointStamped_<std::allocator<void> > const&)'
[9.307s] /usr/bin/ld: mm_moveit_actions.cpp:(.text._ZNK7tf2_ros15BufferInterface9transformIN13geometry_msgs3msg13PointStamped_ISaIvEEEEERT_RKS7_S8_RKNSt7__cxx1112basic_stringIcSt11char_traitsIcESaIcEEENSt6chrono8durationIlSt5ratioILl1ELl1000000000EEEE[_ZNK7tf2_ros15BufferInterface9transformIN13geometry_msgs3msg13PointStamped_ISaIvEEEEERT_RKS7_S8_RKNSt7__cxx1112basic_stringIcSt11char_traitsIcESaIcEEENSt6chrono8durationIlSt5ratioILl1ELl1000000000EEEE]+0x7a): undefined reference to `std::__cxx11::basic_string<char, std::char_traits<char>, std::allocator<char> > tf2::getFrameId<geometry_msgs::msg::PointStamped_<std::allocator<void> > >(geometry_msgs::msg::PointStamped_<std::allocator<void> > const&)'
[9.307s] /usr/bin/ld: mm_moveit_actions.cpp:(.text._ZNK7tf2_ros15BufferInterface9transformIN13geometry_msgs3msg13PointStamped_ISaIvEEEEERT_RKS7_S8_RKNSt7__cxx1112basic_stringIcSt11char_traitsIcESaIcEEENSt6chrono8durationIlSt5ratioILl1ELl1000000000EEEE[_ZNK7tf2_ros15BufferInterface9transformIN13geometry_msgs3msg13PointStamped_ISaIvEEEEERT_RKS7_S8_RKNSt7__cxx1112basic_stringIcSt11char_traitsIcESaIcEEENSt6chrono8durationIlSt5ratioILl1ELl1000000000EEEE]+0xcf): undefined reference to `void tf2::doTransform<geometry_msgs::msg::PointStamped_<std::allocator<void> > >(geometry_msgs::msg::PointStamped_<std::allocator<void> > const&, geometry_msgs::msg::PointStamped_<std::allocator<void> >&, geometry_msgs::msg::TransformStamped_<std::allocator<void> > const&)'
[9.340s] collect2: error: ld returned 1 exit status
[9.341s] gmake[2]: *** [CMakeFiles/wstta_robot_bt_node.dir/build.make:454: wstta_robot_bt_node] Error 1
[9.341s] gmake[1]: *** [CMakeFiles/Makefile2:137: CMakeFiles/wstta_robot_bt_node.dir/all] Error 2
[9.341s] gmake: *** [Makefile:146: all] Error 2
[9.343s] Invoked command in '/home/kafando/Ros2_ws/build/mm_behaviors' returned '2': CMAKE_PREFIX_PATH=${CMAKE_PREFIX_PATH}:/home/kafando/ws_moveit/install/moveit_configs_utils:/opt/ros/jazzy DEBUGINFOD_URLS=https://debuginfod.ubuntu.com /usr/bin/cmake --build /home/kafando/Ros2_ws/build/mm_behaviors -- -j16 -l16
