[ 16%] [32mBuilding CXX object CMakeFiles/wstta_bt_node.dir/src/mm_bt_node.cpp.o[0m
In file included from [01m[K/usr/include/c++/13/bits/stl_tempbuf.h:61[m[K,
                 from [01m[K/usr/include/c++/13/memory:66[m[K,
                 from [01m[K/opt/ros/jazzy/include/rclcpp/rclcpp/rclcpp.hpp:169[m[K,
                 from [01m[K/home/kafando/Ros2_ws/src/mm_behaviors/include/mm_behaviors/mm_bt_node.hpp:1[m[K,
                 from [01m[K/home/kafando/Ros2_ws/src/mm_behaviors/src/mm_bt_node.cpp:1[m[K:
/usr/include/c++/13/bits/stl_construct.h: In instantiation of ‘[01m[Kvoid std::[01;32m[K_Construct[m[K(_Tp*, _Args&& ...) [35m[K[with _Tp = moveit_cpp::MoveItCpp; _Args = {shared_ptr<rclcpp::Node>, rclcpp::NodeOptions&}][m[K[m[K’:
[01m[K/usr/include/c++/13/bits/alloc_traits.h:661:19:[m[K   required from ‘[01m[Kstatic void std::allocator_traits<std::allocator<void> >::[01;32m[Kconstruct[m[K(allocator_type&, _Up*, _Args&& ...) [35m[K[with _Up = moveit_cpp::MoveItCpp; _Args = {std::shared_ptr<rclcpp::Node>, rclcpp::NodeOptions&}; allocator_type = std::allocator<void>][m[K[m[K’
[01m[K/usr/include/c++/13/bits/shared_ptr_base.h:604:39:[m[K   required from ‘[01m[Kstd::_Sp_counted_ptr_inplace<_Tp, _Alloc, _Lp>::[01;32m[K_Sp_counted_ptr_inplace[m[K(_Alloc, _Args&& ...) [35m[K[with _Args = {std::shared_ptr<rclcpp::Node>, rclcpp::NodeOptions&}; _Tp = moveit_cpp::MoveItCpp; _Alloc = std::allocator<void>; __gnu_cxx::_Lock_policy _Lp = __gnu_cxx::_S_atomic][m[K[m[K’
[01m[K/usr/include/c++/13/bits/shared_ptr_base.h:971:16:[m[K   required from ‘[01m[Kstd::__shared_count<_Lp>::[01;32m[K__shared_count[m[K(_Tp*&, std::_Sp_alloc_shared_tag<_Alloc>, _Args&& ...) [35m[K[with _Tp = moveit_cpp::MoveItCpp; _Alloc = std::allocator<void>; _Args = {std::shared_ptr<rclcpp::Node>, rclcpp::NodeOptions&}; __gnu_cxx::_Lock_policy _Lp = __gnu_cxx::_S_atomic][m[K[m[K’
[01m[K/usr/include/c++/13/bits/shared_ptr_base.h:1712:14:[m[K   required from ‘[01m[Kstd::__shared_ptr<_Tp, _Lp>::[01;32m[K__shared_ptr[m[K(std::_Sp_alloc_shared_tag<_Tp>, _Args&& ...) [35m[K[with _Alloc = std::allocator<void>; _Args = {std::shared_ptr<rclcpp::Node>, rclcpp::NodeOptions&}; _Tp = moveit_cpp::MoveItCpp; __gnu_cxx::_Lock_policy _Lp = __gnu_cxx::_S_atomic][m[K[m[K’
[01m[K/usr/include/c++/13/bits/shared_ptr.h:464:59:[m[K   required from ‘[01m[Kstd::shared_ptr<_Tp>::[01;32m[Kshared_ptr[m[K(std::_Sp_alloc_shared_tag<_Tp>, _Args&& ...) [35m[K[with _Alloc = std::allocator<void>; _Args = {std::shared_ptr<rclcpp::Node>, rclcpp::NodeOptions&}; _Tp = moveit_cpp::MoveItCpp][m[K[m[K’
[01m[K/usr/include/c++/13/bits/shared_ptr.h:1009:14:[m[K   required from ‘[01m[Kstd::shared_ptr<typename std::enable_if<(! std::is_array< <template-parameter-1-1> >::value), _Tp>::type> std::[01;32m[Kmake_shared[m[K(_Args&& ...) [35m[K[with _Tp = moveit_cpp::MoveItCpp; _Args = {shared_ptr<rclcpp::Node>, rclcpp::NodeOptions&}; typename enable_if<(! is_array< <template-parameter-1-1> >::value), _Tp>::type = moveit_cpp::MoveItCpp][m[K[m[K’
[01m[K/home/kafando/Ros2_ws/src/mm_behaviors/src/mm_bt_node.cpp:148:69:[m[K   required from here
[01m[K/usr/include/c++/13/bits/stl_construct.h:119:7:[m[K [01;31m[Kerror: [m[Kno matching function for call to ‘[01m[Kmoveit_cpp::MoveItCpp::MoveItCpp(std::shared_ptr<rclcpp::Node>, rclcpp::NodeOptions&)[m[K’
  119 |       [01;31m[K::new((void*)__p) _Tp(std::forward<_Args>(__args)...)[m[K;
      |       [01;31m[K^~~~~~~~~~~~~~~~~~~~~~~~~~~~~~~~~~~~~~~~~~~~~~~~~~~~~[m[K
In file included from [01m[K/home/kafando/Ros2_ws/src/mm_behaviors/include/mm_behaviors/mm_moveit_bt_nodes.hpp:34[m[K,
                 from [01m[K/home/kafando/Ros2_ws/src/mm_behaviors/include/mm_behaviors/mm_bt_node.hpp:12[m[K:
[01m[K/home/kafando/ws_moveit/install/moveit_ros_planning/include/moveit_ros_planning/moveit/moveit_cpp/moveit_cpp.hpp:130:3:[m[K [01;36m[Knote: [m[Kcandidate: ‘[01m[Kmoveit_cpp::MoveItCpp::[01;32m[KMoveItCpp[m[K(moveit_cpp::MoveItCpp&&)[m[K’
  130 |   [01;36m[KMoveItCpp[m[K(MoveItCpp&& other) = default;
      |   [01;36m[K^~~~~~~~~[m[K
[01m[K/home/kafando/ws_moveit/install/moveit_ros_planning/include/moveit_ros_planning/moveit/moveit_cpp/moveit_cpp.hpp:130:3:[m[K [01;36m[Knote: [m[K  candidate expects 1 argument, 2 provided
[01m[K/home/kafando/ws_moveit/install/moveit_ros_planning/include/moveit_ros_planning/moveit/moveit_cpp/moveit_cpp.hpp:120:3:[m[K [01;36m[Knote: [m[Kcandidate: ‘[01m[Kmoveit_cpp::MoveItCpp::[01;32m[KMoveItCpp[m[K(const rclcpp::Node::SharedPtr&, const Options&)[m[K’
  120 |   [01;36m[KMoveItCpp[m[K(const rclcpp::Node::SharedPtr& node, const Options& options);
      |   [01;36m[K^~~~~~~~~[m[K
[01m[K/home/kafando/ws_moveit/install/moveit_ros_planning/include/moveit_ros_planning/moveit/moveit_cpp/moveit_cpp.hpp:120:65:[m[K [01;36m[Knote: [m[K  no known conversion for argument 2 from ‘[01m[Krclcpp::NodeOptions[m[K’ to ‘[01m[Kconst moveit_cpp::MoveItCpp::Options&[m[K’
  120 |   MoveItCpp(const rclcpp::Node::SharedPtr& node, [01;36m[Kconst Options& options[m[K);
      |                                                  [01;36m[K~~~~~~~~~~~~~~~^~~~~~~[m[K
[01m[K/home/kafando/ws_moveit/install/moveit_ros_planning/include/moveit_ros_planning/moveit/moveit_cpp/moveit_cpp.hpp:119:3:[m[K [01;36m[Knote: [m[Kcandidate: ‘[01m[Kmoveit_cpp::MoveItCpp::[01;32m[KMoveItCpp[m[K(const rclcpp::Node::SharedPtr&)[m[K’
  119 |   [01;36m[KMoveItCpp[m[K(const rclcpp::Node::SharedPtr& node);
      |   [01;36m[K^~~~~~~~~[m[K
[01m[K/home/kafando/ws_moveit/install/moveit_ros_planning/include/moveit_ros_planning/moveit/moveit_cpp/moveit_cpp.hpp:119:3:[m[K [01;36m[Knote: [m[K  candidate expects 1 argument, 2 provided
gmake[2]: *** [CMakeFiles/wstta_bt_node.dir/build.make:76: CMakeFiles/wstta_bt_node.dir/src/mm_bt_node.cpp.o] Error 1
gmake[1]: *** [CMakeFiles/Makefile2:137: CMakeFiles/wstta_bt_node.dir/all] Error 2
gmake: *** [Makefile:146: all] Error 2
