-- The C compiler identification is GNU 13.3.0
-- The CXX compiler identification is GNU 13.3.0
-- Detecting C compiler ABI info
-- Detecting C compiler ABI info - done
-- Check for working C compiler: /usr/bin/cc - skipped
-- Detecting C compile features
-- Detecting C compile features - done
-- Detecting CXX compiler ABI info
-- Detecting CXX compiler ABI info - done
-- Check for working CXX compiler: /usr/bin/c++ - skipped
-- Detecting CXX compile features
-- Detecting CXX compile features - done
-- Found ament_cmake: 2.5.6 (/opt/ros/jazzy/share/ament_cmake/cmake)
-- Found Python3: /usr/bin/python3 (found version "3.12.3") found components: Interpreter 
-- Found rclcpp: 28.1.18 (/opt/ros/jazzy/share/rclcpp/cmake)
-- Found rosidl_generator_c: 4.6.7 (/opt/ros/jazzy/share/rosidl_generator_c/cmake)
-- Found rosidl_generator_cpp: 4.6.7 (/opt/ros/jazzy/share/rosidl_generator_cpp/cmake)
-- Using all available rosidl_typesupport_c: rosidl_typesupport_fastrtps_c;rosidl_typesupport_introspection_c
-- Using all available rosidl_typesupport_cpp: rosidl_typesupport_fastrtps_cpp;rosidl_typesupport_introspection_cpp
-- Found rmw_implementation_cmake: 7.3.3 (/opt/ros/jazzy/share/rmw_implementation_cmake/cmake)
-- Found rmw_fastrtps_cpp: 8.4.3 (/opt/ros/jazzy/share/rmw_fastrtps_cpp/cmake)
-- Found OpenSSL: /usr/lib/x86_64-linux-gnu/libcrypto.so (found version "3.0.13")  
-- Found FastRTPS: /opt/ros/jazzy/include (Required is at least version "2.13") 
-- Using RMW implementation 'rmw_fastrtps_cpp' as default
-- Found rclcpp_action: 28.1.18 (/opt/ros/jazzy/share/rclcpp_action/cmake)
-- Found nav2_msgs: 1.3.11 (/opt/ros/jazzy/share/nav2_msgs/cmake)
-- Found nav2_common: 1.3.11 (/opt/ros/jazzy/share/nav2_common/cmake)
-- Found navigation2: 1.3.11 (/opt/ros/jazzy/share/navigation2/cmake)
-- Setting build type to Release as none was specified.
-- Configuring done (1.4s)
-- Generating done (0.0s)
-- Build files have been written to: /home/kafando/Ros2_ws/build/mm_nav
[ 66%] [32mBuilding CXX object CMakeFiles/navigation_client.dir/src/main.cpp.o[0m
[ 66%] [32mBuilding CXX object CMakeFiles/navigation_client.dir/src/navigation_client.cpp.o[0m
[100%] [32m[1mLinking CXX executable navigation_client[0m
[100%] Built target navigation_client
-- Install configuration: "Release"
-- Installing: /home/kafando/Ros2_ws/install/mm_nav/share/mm_nav/launch
-- Installing: /home/kafando/Ros2_ws/install/mm_nav/share/mm_nav/launch/slam_online_async.launch.py
-- Installing: /home/kafando/Ros2_ws/install/mm_nav/share/mm_nav/launch/slam_nav2.launch.py
-- Installing: /home/kafando/Ros2_ws/install/mm_nav/share/mm_nav/launch/nav2.launch.py
-- Installing: /home/kafando/Ros2_ws/install/mm_nav/share/mm_nav/launch/slam_online_sync.launch.py
-- Installing: /home/kafando/Ros2_ws/install/mm_nav/share/mm_nav/maps
-- Installing: /home/kafando/Ros2_ws/install/mm_nav/share/mm_nav/maps/hospital.pgm
-- Installing: /home/kafando/Ros2_ws/install/mm_nav/share/mm_nav/maps/hospital.yaml
-- Installing: /home/kafando/Ros2_ws/install/mm_nav/share/mm_nav/rviz
-- Installing: /home/kafando/Ros2_ws/install/mm_nav/share/mm_nav/rviz/nav2_default_view.rviz
-- Installing: /home/kafando/Ros2_ws/install/mm_nav/share/mm_nav/params
-- Installing: /home/kafando/Ros2_ws/install/mm_nav/share/mm_nav/params/nav2_params.yaml
-- Installing: /home/kafando/Ros2_ws/install/mm_nav/share/mm_nav/params/slam_toolbox_async.yaml
-- Installing: /home/kafando/Ros2_ws/install/mm_nav/share/mm_nav/params/slam_toolbox_sync.yaml
-- Installing: /home/kafando/Ros2_ws/install/mm_nav/share/mm_nav/params/amcl_params.yaml
-- Installing: /home/kafando/Ros2_ws/install/mm_nav/lib/mm_nav/navigation_client
-- Set non-toolchain portion of runtime path of "/home/kafando/Ros2_ws/install/mm_nav/lib/mm_nav/navigation_client" to ""
-- Installing: /home/kafando/Ros2_ws/install/mm_nav/share/ament_index/resource_index/package_run_dependencies/mm_nav
-- Installing: /home/kafando/Ros2_ws/install/mm_nav/share/ament_index/resource_index/parent_prefix_path/mm_nav
-- Installing: /home/kafando/Ros2_ws/install/mm_nav/share/mm_nav/environment/ament_prefix_path.sh
-- Installing: /home/kafando/Ros2_ws/install/mm_nav/share/mm_nav/environment/ament_prefix_path.dsv
-- Installing: /home/kafando/Ros2_ws/install/mm_nav/share/mm_nav/environment/path.sh
-- Installing: /home/kafando/Ros2_ws/install/mm_nav/share/mm_nav/environment/path.dsv
-- Installing: /home/kafando/Ros2_ws/install/mm_nav/share/mm_nav/local_setup.bash
-- Installing: /home/kafando/Ros2_ws/install/mm_nav/share/mm_nav/local_setup.sh
-- Installing: /home/kafando/Ros2_ws/install/mm_nav/share/mm_nav/local_setup.zsh
-- Installing: /home/kafando/Ros2_ws/install/mm_nav/share/mm_nav/local_setup.dsv
-- Installing: /home/kafando/Ros2_ws/install/mm_nav/share/mm_nav/package.dsv
-- Installing: /home/kafando/Ros2_ws/install/mm_nav/share/ament_index/resource_index/packages/mm_nav
-- Installing: /home/kafando/Ros2_ws/install/mm_nav/share/mm_nav/cmake/mm_navConfig.cmake
-- Installing: /home/kafando/Ros2_ws/install/mm_nav/share/mm_nav/cmake/mm_navConfig-version.cmake
-- Installing: /home/kafando/Ros2_ws/install/mm_nav/share/mm_nav/package.xml
