In file included from [01m[K/home/kafando/Ros2_ws/src/mm_behaviors/src/actions_nodes.cpp:1[m[K:
[01m[K/home/kafando/Ros2_ws/src/mm_behaviors/include/mm_behaviors/actions_nodes.hpp:43:18:[m[K [01;31m[Kerror: [m[K‘[01m[KPose3D[m[K’ was not declared in this scope
   43 |      std::vector<[01;31m[KPose3D[m[K> Objects_poses;
      |                  [01;31m[K^~~~~~[m[K
[01m[K/home/kafando/Ros2_ws/src/mm_behaviors/include/mm_behaviors/actions_nodes.hpp:43:24:[m[K [01;31m[Kerror: [m[Ktemplate argument 1 is invalid
   43 |      std::vector<Pose3D[01;31m[K>[m[K Objects_poses;
      |                        [01;31m[K^[m[K
[01m[K/home/kafando/Ros2_ws/src/mm_behaviors/include/mm_behaviors/actions_nodes.hpp:43:24:[m[K [01;31m[Kerror: [m[Ktemplate argument 2 is invalid
[01m[K/home/kafando/Ros2_ws/src/mm_behaviors/include/mm_behaviors/actions_nodes.hpp:[m[K In static member function ‘[01m[Kstatic BT::PortsList StackObjectPose::[01;32m[KprovidedPorts[m[K()[m[K’:
[01m[K/home/kafando/Ros2_ws/src/mm_behaviors/include/mm_behaviors/actions_nodes.hpp:38:44:[m[K [01;31m[Kerror: [m[K‘[01m[KPose3D[m[K’ was not declared in this scope
   38 |         return { BT::InputPort<std::vector<[01;31m[KPose3D[m[K>>("objects_poses_vect")};
      |                                            [01;31m[K^~~~~~[m[K
[01m[K/home/kafando/Ros2_ws/src/mm_behaviors/include/mm_behaviors/actions_nodes.hpp:38:44:[m[K [01;31m[Kerror: [m[Ktemplate argument 1 is invalid
[01m[K/home/kafando/Ros2_ws/src/mm_behaviors/include/mm_behaviors/actions_nodes.hpp:38:44:[m[K [01;31m[Kerror: [m[Ktemplate argument 2 is invalid
[01m[K/home/kafando/Ros2_ws/src/mm_behaviors/include/mm_behaviors/actions_nodes.hpp:38:52:[m[K [01;31m[Kerror: [m[Kno matching function for call to ‘[01m[KInputPort<<expression error> >(const char [19])[m[K’
   38 |         return { [01;31m[KBT::InputPort<std::vector<Pose3D>>("objects_poses_vect")[m[K};
      |                  [01;31m[K~~~~~~~~~~~~~~~~~~~~~~~~~~~~~~~~~~^~~~~~~~~~~~~~~~~~~~~~[m[K
In file included from [01m[K/opt/ros/jazzy/include/behaviortree_cpp/tree_node.h:16[m[K,
                 from [01m[K/opt/ros/jazzy/include/behaviortree_cpp/leaf_node.h:17[m[K,
                 from [01m[K/opt/ros/jazzy/include/behaviortree_cpp/action_node.h:17[m[K,
                 from [01m[K/opt/ros/jazzy/include/behaviortree_cpp/behavior_tree.h:16[m[K,
                 from [01m[K/home/kafando/Ros2_ws/src/mm_behaviors/include/mm_behaviors/actions_nodes.hpp:4[m[K:
[01m[K/opt/ros/jazzy/include/behaviortree_cpp/basic_types.h:484:1:[m[K [01;36m[Knote: [m[Kcandidate: ‘[01m[Ktemplate<class T> std::pair<std::__cxx11::basic_string<char>, BT::PortInfo> BT::[01;32m[KInputPort[m[K(StringView, StringView)[m[K’
  484 | [01;36m[KInputPort[m[K(StringView name, StringView description = {})
      | [01;36m[K^~~~~~~~~[m[K
[01m[K/opt/ros/jazzy/include/behaviortree_cpp/basic_types.h:484:1:[m[K [01;36m[Knote: [m[K  template argument deduction/substitution failed:
[01m[K/home/kafando/Ros2_ws/src/mm_behaviors/include/mm_behaviors/actions_nodes.hpp:38:52:[m[K [01;31m[Kerror: [m[Ktemplate argument 1 is invalid
   38 |         return { [01;31m[KBT::InputPort<std::vector<Pose3D>>("objects_poses_vect")[m[K};
      |                  [01;31m[K~~~~~~~~~~~~~~~~~~~~~~~~~~~~~~~~~~^~~~~~~~~~~~~~~~~~~~~~[m[K
[01m[K/opt/ros/jazzy/include/behaviortree_cpp/basic_types.h:554:1:[m[K [01;36m[Knote: [m[Kcandidate: ‘[01m[Ktemplate<class T, class DefaultT> std::pair<std::__cxx11::basic_string<char>, BT::PortInfo> BT::[01;32m[KInputPort[m[K(StringView, const DefaultT&, StringView)[m[K’
  554 | [01;36m[KInputPort[m[K(StringView name, const DefaultT& default_value, StringView description)
      | [01;36m[K^~~~~~~~~[m[K
[01m[K/opt/ros/jazzy/include/behaviortree_cpp/basic_types.h:554:1:[m[K [01;36m[Knote: [m[K  candidate expects 3 arguments, 1 provided
[01m[K/home/kafando/Ros2_ws/src/mm_behaviors/include/mm_behaviors/actions_nodes.hpp:38:74:[m[K [01;31m[Kerror: [m[Kcould not convert ‘[01m[K{<expression error>}[m[K’ from ‘[01m[K<brace-enclosed initializer list>[m[K’ to ‘[01m[KBT::PortsList[m[K’ {aka ‘[01m[Kstd::unordered_map<std::__cxx11::basic_string<char>, BT::PortInfo>[m[K’}
   38 |         return { BT::InputPort<std::vector<Pose3D>>("objects_poses_vect")[01;31m[K}[m[K;
      |                                                                          [01;31m[K^[m[K
      |                                                                          [01;31m[K|[m[K
      |                                                                          [01;31m[K<brace-enclosed initializer list>[m[K
[01m[K/home/kafando/Ros2_ws/src/mm_behaviors/src/actions_nodes.cpp:[m[K In member function ‘[01m[Kvirtual BT::NodeStatus StackObjectPose::[01;32m[Ktick[m[K()[m[K’:
[01m[K/home/kafando/Ros2_ws/src/mm_behaviors/src/actions_nodes.cpp:5:5:[m[K [01;31m[Kerror: [m[K‘[01m[KPose3D[m[K’ was not declared in this scope
    5 |     [01;31m[KPose3D[m[K t ;
      |     [01;31m[K^~~~~~[m[K
[01m[K/home/kafando/Ros2_ws/src/mm_behaviors/src/actions_nodes.cpp:6:5:[m[K [01;31m[Kerror: [m[K‘[01m[Kt[m[K’ was not declared in this scope; did you mean ‘[01m[Ktm[m[K’?
    6 |     [01;31m[Kt[m[K.set__x(5);
      |     [01;31m[K^[m[K
      |     [32m[Ktm[m[K
[01m[K/home/kafando/Ros2_ws/src/mm_behaviors/src/actions_nodes.cpp:9:19:[m[K [01;31m[Kerror: [m[Krequest for member ‘[01m[Kpush_back[m[K’ in ‘[01m[K((StackObjectPose*)this)->StackObjectPose::Objects_poses[m[K’, which is of non-class type ‘[01m[Kint[m[K’
    9 |     Objects_poses.[01;31m[Kpush_back[m[K(t);
      |                   [01;31m[K^~~~~~~~~[m[K
[01m[K/home/kafando/Ros2_ws/src/mm_behaviors/src/actions_nodes.cpp:13:31:[m[K [01;31m[Kerror: [m[Ktemplate argument 2 is invalid
   13 |             std::vector<Pose3D[01;31m[K>[m[K* Poses = any_locked->castPtr<std::vector<Pose3D>>();
      |                               [01;31m[K^[m[K
[01m[K/home/kafando/Ros2_ws/src/mm_behaviors/src/actions_nodes.cpp:13:74:[m[K [01;31m[Kerror: [m[Ktemplate argument 2 is invalid
   13 |             std::vector<Pose3D>* Poses = any_locked->castPtr<std::vector<[01;31m[KPose3D[m[K>>();
      |                                                                          [01;31m[K^~~~~~[m[K
[01m[K/home/kafando/Ros2_ws/src/mm_behaviors/src/actions_nodes.cpp:13:82:[m[K [01;31m[Kerror: [m[Kno matching function for call to ‘[01m[KBT::Any::castPtr<<expression error> >()[m[K’
   13 |             std::vector<Pose3D>* Poses = [01;31m[Kany_locked->castPtr<std::vector<Pose3D>>()[m[K;
      |                                          [01;31m[K~~~~~~~~~~~~~~~~~~~~~~~~~~~~~~~~~~~~~~~~^~[m[K
In file included from [01m[K/opt/ros/jazzy/include/behaviortree_cpp/basic_types.h:5[m[K:
[01m[K/opt/ros/jazzy/include/behaviortree_cpp/utils/safe_any.hpp:184:20:[m[K [01;36m[Knote: [m[Kcandidate: ‘[01m[Ktemplate<class T> T* BT::Any::[01;32m[KcastPtr[m[K()[m[K’
  184 |   [[nodiscard]] T* [01;36m[KcastPtr[m[K()
      |                    [01;36m[K^~~~~~~[m[K
[01m[K/opt/ros/jazzy/include/behaviortree_cpp/utils/safe_any.hpp:184:20:[m[K [01;36m[Knote: [m[K  template argument deduction/substitution failed:
[01m[K/home/kafando/Ros2_ws/src/mm_behaviors/src/actions_nodes.cpp:13:82:[m[K [01;31m[Kerror: [m[Ktemplate argument 1 is invalid
   13 |             std::vector<Pose3D>* Poses = [01;31m[Kany_locked->castPtr<std::vector<Pose3D>>()[m[K;
      |                                          [01;31m[K~~~~~~~~~~~~~~~~~~~~~~~~~~~~~~~~~~~~~~~~^~[m[K
[01m[K/home/kafando/Ros2_ws/src/mm_behaviors/src/actions_nodes.cpp:14:20:[m[K [01;31m[Kerror: [m[Krequest for member ‘[01m[Kpush_back[m[K’ in ‘[01m[K* Poses[m[K’, which is of non-class type ‘[01m[Kint[m[K’
   14 |             Poses->[01;31m[Kpush_back[m[K(t);
      |                    [01;31m[K^~~~~~~~~[m[K
gmake[2]: *** [CMakeFiles/wstta_robot_bt_node.dir/build.make:118: CMakeFiles/wstta_robot_bt_node.dir/src/actions_nodes.cpp.o] Error 1
gmake[2]: *** Waiting for unfinished jobs....
In file included from [01m[K/home/kafando/Ros2_ws/src/mm_behaviors/src/mm_moveit_actions.cpp:1[m[K:
[01m[K/home/kafando/Ros2_ws/src/mm_behaviors/include/mm_behaviors/mm_moveit_actions.hpp:45:46:[m[K [01;31m[Kerror: [m[K‘[01m[KPose3D[m[K’ was not declared in this scope
   45 |          int get_near_pose_index(std::vector<[01;31m[KPose3D[m[K>& t,Pose3D& robot_pose){
      |                                              [01;31m[K^~~~~~[m[K
[01m[K/home/kafando/Ros2_ws/src/mm_behaviors/include/mm_behaviors/mm_moveit_actions.hpp:45:52:[m[K [01;31m[Kerror: [m[Ktemplate argument 1 is invalid
   45 |          int get_near_pose_index(std::vector<Pose3D[01;31m[K>[m[K& t,Pose3D& robot_pose){
      |                                                    [01;31m[K^[m[K
[01m[K/home/kafando/Ros2_ws/src/mm_behaviors/include/mm_behaviors/mm_moveit_actions.hpp:45:52:[m[K [01;31m[Kerror: [m[Ktemplate argument 2 is invalid
[01m[K/home/kafando/Ros2_ws/src/mm_behaviors/include/mm_behaviors/mm_moveit_actions.hpp:45:57:[m[K [01;31m[Kerror: [m[K‘[01m[KPose3D[m[K’ has not been declared
   45 |          int get_near_pose_index(std::vector<Pose3D>& t,[01;31m[KPose3D[m[K& robot_pose){
      |                                                         [01;31m[K^~~~~~[m[K
[01m[K/home/kafando/Ros2_ws/src/mm_behaviors/include/mm_behaviors/mm_moveit_actions.hpp:65:9:[m[K [01;31m[Kerror: [m[K‘[01m[KPose3D[m[K’ does not name a type
   65 |         [01;31m[KPose3D[m[K robot_pose_in_map;
      |         [01;31m[K^~~~~~[m[K
[01m[K/home/kafando/Ros2_ws/src/mm_behaviors/include/mm_behaviors/mm_moveit_actions.hpp:66:9:[m[K [01;31m[Kerror: [m[K‘[01m[KPose3D[m[K’ does not name a type
   66 |         [01;31m[KPose3D[m[K robot_pose_in_odom;
      |         [01;31m[K^~~~~~[m[K
[01m[K/home/kafando/Ros2_ws/src/mm_behaviors/include/mm_behaviors/mm_moveit_actions.hpp:68:9:[m[K [01;31m[Kerror: [m[K‘[01m[KPose3D[m[K’ does not name a type
   68 |         [01;31m[KPose3D[m[K object_pose;
      |         [01;31m[K^~~~~~[m[K
[01m[K/home/kafando/Ros2_ws/src/mm_behaviors/include/mm_behaviors/mm_moveit_actions.hpp:70:21:[m[K [01;31m[Kerror: [m[K‘[01m[KPose3D[m[K’ was not declared in this scope
   70 |         std::vector<[01;31m[KPose3D[m[K> Objects_poses;
      |                     [01;31m[K^~~~~~[m[K
[01m[K/home/kafando/Ros2_ws/src/mm_behaviors/include/mm_behaviors/mm_moveit_actions.hpp:70:27:[m[K [01;31m[Kerror: [m[Ktemplate argument 1 is invalid
   70 |         std::vector<Pose3D[01;31m[K>[m[K Objects_poses;
      |                           [01;31m[K^[m[K
[01m[K/home/kafando/Ros2_ws/src/mm_behaviors/include/mm_behaviors/mm_moveit_actions.hpp:70:27:[m[K [01;31m[Kerror: [m[Ktemplate argument 2 is invalid
[01m[K/home/kafando/Ros2_ws/src/mm_behaviors/include/mm_behaviors/mm_moveit_actions.hpp:[m[K In static member function ‘[01m[Kstatic BT::PortsList PlanForTheArm::[01;32m[KprovidedPorts[m[K()[m[K’:
[01m[K/home/kafando/Ros2_ws/src/mm_behaviors/include/mm_behaviors/mm_moveit_actions.hpp:36:43:[m[K [01;31m[Kerror: [m[K‘[01m[KPose3D[m[K’ was not declared in this scope
   36 |                 BT::InputPort<std::vector<[01;31m[KPose3D[m[K>>("objects_poses_vect"),
      |                                           [01;31m[K^~~~~~[m[K
[01m[K/home/kafando/Ros2_ws/src/mm_behaviors/include/mm_behaviors/mm_moveit_actions.hpp:36:43:[m[K [01;31m[Kerror: [m[Ktemplate argument 1 is invalid
[01m[K/home/kafando/Ros2_ws/src/mm_behaviors/include/mm_behaviors/mm_moveit_actions.hpp:36:43:[m[K [01;31m[Kerror: [m[Ktemplate argument 2 is invalid
[01m[K/home/kafando/Ros2_ws/src/mm_behaviors/include/mm_behaviors/mm_moveit_actions.hpp:36:51:[m[K [01;31m[Kerror: [m[Kno matching function for call to ‘[01m[KInputPort<<expression error> >(const char [19])[m[K’
   36 |                 [01;31m[KBT::InputPort<std::vector<Pose3D>>("objects_poses_vect")[m[K,
      |                 [01;31m[K~~~~~~~~~~~~~~~~~~~~~~~~~~~~~~~~~~^~~~~~~~~~~~~~~~~~~~~~[m[K
In file included from [01m[K/opt/ros/jazzy/include/behaviortree_cpp/tree_node.h:16[m[K,
                 from [01m[K/opt/ros/jazzy/include/behaviortree_cpp/leaf_node.h:17[m[K,
                 from [01m[K/opt/ros/jazzy/include/behaviortree_cpp/action_node.h:17[m[K,
                 from [01m[K/opt/ros/jazzy/include/behaviortree_cpp/behavior_tree.h:16[m[K,
                 from [01m[K/home/kafando/Ros2_ws/src/mm_behaviors/include/mm_behaviors/mm_moveit_actions.hpp:2[m[K:
[01m[K/opt/ros/jazzy/include/behaviortree_cpp/basic_types.h:484:1:[m[K [01;36m[Knote: [m[Kcandidate: ‘[01m[Ktemplate<class T> std::pair<std::__cxx11::basic_string<char>, BT::PortInfo> BT::[01;32m[KInputPort[m[K(StringView, StringView)[m[K’
  484 | [01;36m[KInputPort[m[K(StringView name, StringView description = {})
      | [01;36m[K^~~~~~~~~[m[K
[01m[K/opt/ros/jazzy/include/behaviortree_cpp/basic_types.h:484:1:[m[K [01;36m[Knote: [m[K  template argument deduction/substitution failed:
[01m[K/home/kafando/Ros2_ws/src/mm_behaviors/include/mm_behaviors/mm_moveit_actions.hpp:36:51:[m[K [01;31m[Kerror: [m[Ktemplate argument 1 is invalid
   36 |                 [01;31m[KBT::InputPort<std::vector<Pose3D>>("objects_poses_vect")[m[K,
      |                 [01;31m[K~~~~~~~~~~~~~~~~~~~~~~~~~~~~~~~~~~^~~~~~~~~~~~~~~~~~~~~~[m[K
[01m[K/opt/ros/jazzy/include/behaviortree_cpp/basic_types.h:554:1:[m[K [01;36m[Knote: [m[Kcandidate: ‘[01m[Ktemplate<class T, class DefaultT> std::pair<std::__cxx11::basic_string<char>, BT::PortInfo> BT::[01;32m[KInputPort[m[K(StringView, const DefaultT&, StringView)[m[K’
  554 | [01;36m[KInputPort[m[K(StringView name, const DefaultT& default_value, StringView description)
      | [01;36m[K^~~~~~~~~[m[K
[01m[K/opt/ros/jazzy/include/behaviortree_cpp/basic_types.h:554:1:[m[K [01;36m[Knote: [m[K  candidate expects 3 arguments, 1 provided
[01m[K/home/kafando/Ros2_ws/src/mm_behaviors/include/mm_behaviors/mm_moveit_actions.hpp:42:13:[m[K [01;31m[Kerror: [m[Kcould not convert ‘[01m[K{BT::InputPort(StringView, StringView) [with T = std::__cxx11::basic_string<char>; StringView = std::basic_string_view<char>](std::basic_string_view<char>()), <expression error>, BT::InputPort(StringView, StringView) [with T = double; StringView = std::basic_string_view<char>](std::basic_string_view<char>()), BT::InputPort(StringView, StringView) [with T = double; StringView = std::basic_string_view<char>](std::basic_string_view<char>()), BT::OutputPort(StringView, StringView) [with T = TargetPose; StringView = std::basic_string_view<char>](std::basic_string_view<char>()), BT::OutputPort(StringView, StringView) [with T = moveit_msgs::msg::RobotTrajectory_<std::allocator<void> >; StringView = std::basic_string_view<char>](std::basic_string_view<char>())}[m[K’ from ‘[01m[K<brace-enclosed initializer list>[m[K’ to ‘[01m[KBT::PortsList[m[K’ {aka ‘[01m[Kstd::unordered_map<std::__cxx11::basic_string<char>, BT::PortInfo>[m[K’}
   42 |             [01;31m[K}[m[K;
      |             [01;31m[K^[m[K
      |             [01;31m[K|[m[K
      |             [01;31m[K<brace-enclosed initializer list>[m[K
[01m[K/home/kafando/Ros2_ws/src/mm_behaviors/include/mm_behaviors/mm_moveit_actions.hpp:[m[K In member function ‘[01m[Kint PlanForTheArm::[01;32m[Kget_near_pose_index[m[K(int&, int&)[m[K’:
[01m[K/home/kafando/Ros2_ws/src/mm_behaviors/include/mm_behaviors/mm_moveit_actions.hpp:47:38:[m[K [01;31m[Kerror: [m[Kno matching function for call to ‘[01m[KTargetPose::TargetPose(<brace-enclosed initializer list>)[m[K’
   47 |             TargetPose rob{robot_pose[01;31m[K}[m[K;
      |                                      [01;31m[K^[m[K
In file included from [01m[K/home/kafando/Ros2_ws/src/mm_behaviors/include/mm_behaviors/mm_moveit_actions.hpp:16[m[K:
[01m[K/home/kafando/Ros2_ws/src/mm_behaviors/include/mm_behaviors/utils.hpp:19:5:[m[K [01;36m[Knote: [m[Kcandidate: ‘[01m[KTargetPose::[01;32m[KTargetPose[m[K(Pose3D)[m[K’
   19 |     [01;36m[KTargetPose[m[K(Pose3D L){
      |     [01;36m[K^~~~~~~~~~[m[K
[01m[K/home/kafando/Ros2_ws/src/mm_behaviors/include/mm_behaviors/utils.hpp:19:23:[m[K [01;36m[Knote: [m[K  no known conversion for argument 1 from ‘[01m[Kint[m[K’ to ‘[01m[KTargetPose::Pose3D[m[K’ {aka ‘[01m[Kgeometry_msgs::msg::Point_<std::allocator<void> >[m[K’}
   19 |     TargetPose([01;36m[KPose3D L[m[K){
      |                [01;36m[K~~~~~~~^[m[K
[01m[K/home/kafando/Ros2_ws/src/mm_behaviors/include/mm_behaviors/utils.hpp:12:5:[m[K [01;36m[Knote: [m[Kcandidate: ‘[01m[KTargetPose::[01;32m[KTargetPose[m[K(double, double, double, double)[m[K’
   12 |     [01;36m[KTargetPose[m[K(double x,double y,double z,double theta){
      |     [01;36m[K^~~~~~~~~~[m[K
[01m[K/home/kafando/Ros2_ws/src/mm_behaviors/include/mm_behaviors/utils.hpp:12:5:[m[K [01;36m[Knote: [m[K  candidate expects 4 arguments, 1 provided
[01m[K/home/kafando/Ros2_ws/src/mm_behaviors/include/mm_behaviors/utils.hpp:11:5:[m[K [01;36m[Knote: [m[Kcandidate: ‘[01m[KTargetPose::[01;32m[KTargetPose[m[K()[m[K’
   11 |     [01;36m[KTargetPose[m[K(){}
      |     [01;36m[K^~~~~~~~~~[m[K
[01m[K/home/kafando/Ros2_ws/src/mm_behaviors/include/mm_behaviors/utils.hpp:11:5:[m[K [01;36m[Knote: [m[K  candidate expects 0 arguments, 1 provided
[01m[K/home/kafando/Ros2_ws/src/mm_behaviors/include/mm_behaviors/utils.hpp:7:8:[m[K [01;36m[Knote: [m[Kcandidate: ‘[01m[Kconstexpr TargetPose::[01;32m[KTargetPose[m[K(const TargetPose&)[m[K’
    7 | struct [01;36m[KTargetPose[m[K{
      |        [01;36m[K^~~~~~~~~~[m[K
[01m[K/home/kafando/Ros2_ws/src/mm_behaviors/include/mm_behaviors/utils.hpp:7:8:[m[K [01;36m[Knote: [m[K  no known conversion for argument 1 from ‘[01m[Kint[m[K’ to ‘[01m[Kconst TargetPose&[m[K’
[01m[K/home/kafando/Ros2_ws/src/mm_behaviors/include/mm_behaviors/utils.hpp:7:8:[m[K [01;36m[Knote: [m[Kcandidate: ‘[01m[Kconstexpr TargetPose::[01;32m[KTargetPose[m[K(TargetPose&&)[m[K’
[01m[K/home/kafando/Ros2_ws/src/mm_behaviors/include/mm_behaviors/utils.hpp:7:8:[m[K [01;36m[Knote: [m[K  no known conversion for argument 1 from ‘[01m[Kint[m[K’ to ‘[01m[KTargetPose&&[m[K’
[01m[K/home/kafando/Ros2_ws/src/mm_behaviors/include/mm_behaviors/mm_moveit_actions.hpp:49:24:[m[K [01;31m[Kerror: [m[K‘[01m[Kbegin[m[K’ was not declared in this scope
   49 |             for(auto k:[01;31m[Kt[m[K){
      |                        [01;31m[K^[m[K
[01m[K/home/kafando/Ros2_ws/src/mm_behaviors/include/mm_behaviors/mm_moveit_actions.hpp:49:24:[m[K [01;36m[Knote: [m[Ksuggested alternatives:
In file included from [01m[K/opt/ros/jazzy/include/behaviortree_cpp/contrib/json.hpp:170[m[K,
                 from [01m[K/opt/ros/jazzy/include/behaviortree_cpp/blackboard.h:4[m[K,
                 from [01m[K/opt/ros/jazzy/include/behaviortree_cpp/tree_node.h:17[m[K:
[01m[K/usr/include/c++/13/valarray:1238:5:[m[K [01;36m[Knote: [m[K  ‘[01m[Kstd::begin[m[K’
 1238 |     [01;36m[Kbegin[m[K(const valarray<_Tp>& __va) noexcept
      |     [01;36m[K^~~~~[m[K
In file included from [01m[K/usr/include/c++/13/filesystem:50[m[K,
                 from [01m[K/opt/ros/jazzy/include/behaviortree_cpp/contrib/json.hpp:4643[m[K:
[01m[K/usr/include/c++/13/bits/fs_dir.h:607:3:[m[K [01;36m[Knote: [m[K  ‘[01m[Kstd::filesystem::__cxx11::begin[m[K’
  607 |   [01;36m[Kbegin[m[K(recursive_directory_iterator __iter) noexcept
      |   [01;36m[K^~~~~[m[K
[01m[K/home/kafando/Ros2_ws/src/mm_behaviors/include/mm_behaviors/mm_moveit_actions.hpp:49:24:[m[K [01;31m[Kerror: [m[K‘[01m[Kend[m[K’ was not declared in this scope
   49 |             for(auto k:[01;31m[Kt[m[K){
      |                        [01;31m[K^[m[K
[01m[K/home/kafando/Ros2_ws/src/mm_behaviors/include/mm_behaviors/mm_moveit_actions.hpp:49:24:[m[K [01;36m[Knote: [m[Ksuggested alternatives:
[01m[K/usr/include/c++/13/valarray:1265:5:[m[K [01;36m[Knote: [m[K  ‘[01m[Kstd::end[m[K’
 1265 |     [01;36m[Kend[m[K(const valarray<_Tp>& __va) noexcept
      |     [01;36m[K^~~[m[K
[01m[K/usr/include/c++/13/bits/fs_dir.h:612:3:[m[K [01;36m[Knote: [m[K  ‘[01m[Kstd::filesystem::__cxx11::end[m[K’
  612 |   [01;36m[Kend[m[K(recursive_directory_iterator) noexcept
      |   [01;36m[K^~~[m[K
In file included from [01m[K/usr/include/eigen3/Eigen/Core:265[m[K,
                 from [01m[K/usr/include/eigen3/Eigen/Geometry:11[m[K,
                 from [01m[K/home/kafando/ws_moveit/install/moveit_core/include/moveit_core/moveit/robot_model/joint_model.hpp:46[m[K,
                 from [01m[K/home/kafando/ws_moveit/install/moveit_core/include/moveit_core/moveit/robot_model/joint_model_group.hpp:40[m[K,
                 from [01m[K/home/kafando/ws_moveit/install/moveit_core/include/moveit_core/moveit/robot_model/robot_model.hpp:45[m[K,
                 from [01m[K/home/kafando/ws_moveit/install/moveit_core/include/moveit_core/moveit/robot_state/robot_state.hpp:40[m[K,
                 from [01m[K/home/kafando/ws_moveit/install/moveit_ros_planning_interface/include/moveit_ros_planning_interface/moveit/move_group_interface/move_group_interface.hpp:41[m[K,
                 from [01m[K/home/kafando/Ros2_ws/src/mm_behaviors/include/mm_behaviors/mm_moveit_actions.hpp:5[m[K:
[01m[K/usr/include/eigen3/Eigen/src/Core/util/IndexedViewHelper.h:181:40:[m[K [01;36m[Knote: [m[K  ‘[01m[KEigen::placeholders::end[m[K’
  181 |   EIGEN_DEPRECATED static const end_t  [01;36m[Kend[m[K  = Eigen::lastp1; // PLEASE use Eigen::lastp1 instead of Eigen::placeholders::end
      |                                        [01;36m[K^~~[m[K
[01m[K/home/kafando/Ros2_ws/src/mm_behaviors/src/mm_moveit_actions.cpp:[m[K In member function ‘[01m[Kvirtual BT::NodeStatus PlanForTheArm::[01;32m[Ktick[m[K()[m[K’:
[01m[K/home/kafando/Ros2_ws/src/mm_behaviors/src/mm_moveit_actions.cpp:39:29:[m[K [01;31m[Kerror: [m[K‘[01m[KPose3D[m[K’ was not declared in this scope
   39 |                 std::vector<[01;31m[KPose3D[m[K>* Poses = any_locked->castPtr<std::vector<Pose3D>>();
      |                             [01;31m[K^~~~~~[m[K
[01m[K/home/kafando/Ros2_ws/src/mm_behaviors/src/mm_moveit_actions.cpp:39:35:[m[K [01;31m[Kerror: [m[Ktemplate argument 1 is invalid
   39 |                 std::vector<Pose3D[01;31m[K>[m[K* Poses = any_locked->castPtr<std::vector<Pose3D>>();
      |                                   [01;31m[K^[m[K
[01m[K/home/kafando/Ros2_ws/src/mm_behaviors/src/mm_moveit_actions.cpp:39:35:[m[K [01;31m[Kerror: [m[Ktemplate argument 2 is invalid
[01m[K/home/kafando/Ros2_ws/src/mm_behaviors/src/mm_moveit_actions.cpp:39:78:[m[K [01;31m[Kerror: [m[Ktemplate argument 2 is invalid
   39 |                 std::vector<Pose3D>* Poses = any_locked->castPtr<std::vector<[01;31m[KPose3D[m[K>>();
      |                                                                              [01;31m[K^~~~~~[m[K
[01m[K/home/kafando/Ros2_ws/src/mm_behaviors/src/mm_moveit_actions.cpp:39:86:[m[K [01;31m[Kerror: [m[Kno matching function for call to ‘[01m[KBT::Any::castPtr<<expression error> >()[m[K’
   39 |                 std::vector<Pose3D>* Poses = [01;31m[Kany_locked->castPtr<std::vector<Pose3D>>()[m[K;
      |                                              [01;31m[K~~~~~~~~~~~~~~~~~~~~~~~~~~~~~~~~~~~~~~~~^~[m[K
In file included from [01m[K/opt/ros/jazzy/include/behaviortree_cpp/basic_types.h:5[m[K:
[01m[K/opt/ros/jazzy/include/behaviortree_cpp/utils/safe_any.hpp:184:20:[m[K [01;36m[Knote: [m[Kcandidate: ‘[01m[Ktemplate<class T> T* BT::Any::[01;32m[KcastPtr[m[K()[m[K’
  184 |   [[nodiscard]] T* [01;36m[KcastPtr[m[K()
      |                    [01;36m[K^~~~~~~[m[K
[01m[K/opt/ros/jazzy/include/behaviortree_cpp/utils/safe_any.hpp:184:20:[m[K [01;36m[Knote: [m[K  template argument deduction/substitution failed:
[01m[K/home/kafando/Ros2_ws/src/mm_behaviors/src/mm_moveit_actions.cpp:39:86:[m[K [01;31m[Kerror: [m[Ktemplate argument 1 is invalid
   39 |                 std::vector<Pose3D>* Poses = [01;31m[Kany_locked->castPtr<std::vector<Pose3D>>()[m[K;
      |                                              [01;31m[K~~~~~~~~~~~~~~~~~~~~~~~~~~~~~~~~~~~~~~~~^~[m[K
[01m[K/home/kafando/Ros2_ws/src/mm_behaviors/src/mm_moveit_actions.cpp:40:44:[m[K [01;31m[Kerror: [m[Krequest for member ‘[01m[Kbegin[m[K’ in ‘[01m[K* Poses[m[K’, which is of non-class type ‘[01m[Kint[m[K’
   40 |                 auto target_end = (*Poses).[01;31m[Kbegin[m[K() + std::min<size_t>(5, (*Poses).size());
      |                                            [01;31m[K^~~~~[m[K
[01m[K/home/kafando/Ros2_ws/src/mm_behaviors/src/mm_moveit_actions.cpp:40:83:[m[K [01;31m[Kerror: [m[Krequest for member ‘[01m[Ksize[m[K’ in ‘[01m[K* Poses[m[K’, which is of non-class type ‘[01m[Kint[m[K’
   40 |                 auto target_end = (*Poses).begin() + std::min<size_t>(5, (*Poses).[01;31m[Ksize[m[K());
      |                                                                                   [01;31m[K^~~~[m[K
[01m[K/home/kafando/Ros2_ws/src/mm_behaviors/src/mm_moveit_actions.cpp:41:37:[m[K [01;31m[Kerror: [m[Krequest for member ‘[01m[Kassign[m[K’ in ‘[01m[K((PlanForTheArm*)this)->PlanForTheArm::Objects_poses[m[K’, which is of non-class type ‘[01m[Kint[m[K’
   41 |                 this->Objects_poses.[01;31m[Kassign[m[K((*Poses).begin(), target_end);
      |                                     [01;31m[K^~~~~~[m[K
[01m[K/home/kafando/Ros2_ws/src/mm_behaviors/src/mm_moveit_actions.cpp:41:53:[m[K [01;31m[Kerror: [m[Krequest for member ‘[01m[Kbegin[m[K’ in ‘[01m[K* Poses[m[K’, which is of non-class type ‘[01m[Kint[m[K’
   41 |                 this->Objects_poses.assign((*Poses).[01;31m[Kbegin[m[K(), target_end);
      |                                                     [01;31m[K^~~~~[m[K
[01m[K/home/kafando/Ros2_ws/src/mm_behaviors/src/mm_moveit_actions.cpp:63:9:[m[K [01;31m[Kerror: [m[K‘[01m[Krobot_pose_in_map[m[K’ was not declared in this scope
   63 |         [01;31m[Krobot_pose_in_map[m[K.set__x(transformStamped.transform.translation.x);
      |         [01;31m[K^~~~~~~~~~~~~~~~~[m[K
[01m[K/home/kafando/Ros2_ws/src/mm_behaviors/src/mm_moveit_actions.cpp:67:9:[m[K [01;31m[Kerror: [m[K‘[01m[Krobot_pose_in_odom[m[K’ was not declared in this scope
   67 |         [01;31m[Krobot_pose_in_odom[m[K.set__x(transformStamped2.transform.translation.x);
      |         [01;31m[K^~~~~~~~~~~~~~~~~~[m[K
[01m[K/home/kafando/Ros2_ws/src/mm_behaviors/src/mm_moveit_actions.cpp:73:9:[m[K [01;31m[Kerror: [m[K‘[01m[Kobject_pose[m[K’ was not declared in this scope; did you mean ‘[01m[KObjects_poses[m[K’?
   73 |         [01;31m[Kobject_pose[m[K = this->Objects_poses.at(index);
      |         [01;31m[K^~~~~~~~~~~[m[K
      |         [32m[KObjects_poses[m[K
[01m[K/home/kafando/Ros2_ws/src/mm_behaviors/src/mm_moveit_actions.cpp:73:43:[m[K [01;31m[Kerror: [m[Krequest for member ‘[01m[Kat[m[K’ in ‘[01m[K((PlanForTheArm*)this)->PlanForTheArm::Objects_poses[m[K’, which is of non-class type ‘[01m[Kint[m[K’
   73 |         object_pose = this->Objects_poses.[01;31m[Kat[m[K(index);
      |                                           [01;31m[K^~[m[K
[01m[K/home/kafando/Ros2_ws/src/mm_behaviors/src/mm_moveit_actions.cpp:102:20:[m[K [01;31m[Kerror: [m[K‘[01m[Kobject_pose[m[K’ was not declared in this scope; did you mean ‘[01m[KObjects_poses[m[K’?
  102 |     theta = atan2(([01;31m[Kobject_pose[m[K.y-robot_pose_in_map.y),(object_pose.x-robot_pose_in_odom.x))+shift_theta;
      |                    [01;31m[K^~~~~~~~~~~[m[K
      |                    [32m[KObjects_poses[m[K
[01m[K/home/kafando/Ros2_ws/src/mm_behaviors/src/mm_moveit_actions.cpp:102:34:[m[K [01;31m[Kerror: [m[K‘[01m[Krobot_pose_in_map[m[K’ was not declared in this scope
  102 |     theta = atan2((object_pose.y-[01;31m[Krobot_pose_in_map[m[K.y),(object_pose.x-robot_pose_in_odom.x))+shift_theta;
      |                                  [01;31m[K^~~~~~~~~~~~~~~~~[m[K
[01m[K/home/kafando/Ros2_ws/src/mm_behaviors/src/mm_moveit_actions.cpp:102:70:[m[K [01;31m[Kerror: [m[K‘[01m[Krobot_pose_in_odom[m[K’ was not declared in this scope
  102 |     theta = atan2((object_pose.y-robot_pose_in_map.y),(object_pose.x-[01;31m[Krobot_pose_in_odom[m[K.x))+shift_theta;
      |                                                                      [01;31m[K^~~~~~~~~~~~~~~~~~[m[K
[01m[K/home/kafando/Ros2_ws/src/mm_behaviors/src/mm_moveit_actions.cpp:164:29:[m[K [01;31m[Kerror: [m[K‘[01m[KPose3D[m[K’ was not declared in this scope
  164 |                 std::vector<[01;31m[KPose3D[m[K>* Poses = any_locked->castPtr<std::vector<Pose3D>>();
      |                             [01;31m[K^~~~~~[m[K
[01m[K/home/kafando/Ros2_ws/src/mm_behaviors/src/mm_moveit_actions.cpp:164:35:[m[K [01;31m[Kerror: [m[Ktemplate argument 1 is invalid
  164 |                 std::vector<Pose3D[01;31m[K>[m[K* Poses = any_locked->castPtr<std::vector<Pose3D>>();
      |                                   [01;31m[K^[m[K
[01m[K/home/kafando/Ros2_ws/src/mm_behaviors/src/mm_moveit_actions.cpp:164:35:[m[K [01;31m[Kerror: [m[Ktemplate argument 2 is invalid
[01m[K/home/kafando/Ros2_ws/src/mm_behaviors/src/mm_moveit_actions.cpp:164:78:[m[K [01;31m[Kerror: [m[Ktemplate argument 2 is invalid
  164 |                 std::vector<Pose3D>* Poses = any_locked->castPtr<std::vector<[01;31m[KPose3D[m[K>>();
      |                                                                              [01;31m[K^~~~~~[m[K
[01m[K/home/kafando/Ros2_ws/src/mm_behaviors/src/mm_moveit_actions.cpp:164:86:[m[K [01;31m[Kerror: [m[Kno matching function for call to ‘[01m[KBT::Any::castPtr<<expression error> >()[m[K’
  164 |                 std::vector<Pose3D>* Poses = [01;31m[Kany_locked->castPtr<std::vector<Pose3D>>()[m[K;
      |                                              [01;31m[K~~~~~~~~~~~~~~~~~~~~~~~~~~~~~~~~~~~~~~~~^~[m[K
[01m[K/opt/ros/jazzy/include/behaviortree_cpp/utils/safe_any.hpp:184:20:[m[K [01;36m[Knote: [m[Kcandidate: ‘[01m[Ktemplate<class T> T* BT::Any::[01;32m[KcastPtr[m[K()[m[K’
  184 |   [[nodiscard]] T* [01;36m[KcastPtr[m[K()
      |                    [01;36m[K^~~~~~~[m[K
[01m[K/opt/ros/jazzy/include/behaviortree_cpp/utils/safe_any.hpp:184:20:[m[K [01;36m[Knote: [m[K  template argument deduction/substitution failed:
[01m[K/home/kafando/Ros2_ws/src/mm_behaviors/src/mm_moveit_actions.cpp:164:86:[m[K [01;31m[Kerror: [m[Ktemplate argument 1 is invalid
  164 |                 std::vector<Pose3D>* Poses = [01;31m[Kany_locked->castPtr<std::vector<Pose3D>>()[m[K;
      |                                              [01;31m[K~~~~~~~~~~~~~~~~~~~~~~~~~~~~~~~~~~~~~~~~^~[m[K
[01m[K/home/kafando/Ros2_ws/src/mm_behaviors/src/mm_moveit_actions.cpp:165:24:[m[K [01;31m[Kerror: [m[Krequest for member ‘[01m[Kerase[m[K’ in ‘[01m[K* Poses[m[K’, which is of non-class type ‘[01m[Kint[m[K’
  165 |                 Poses->[01;31m[Kerase[m[K(Poses->begin()+index);
      |                        [01;31m[K^~~~~[m[K
[01m[K/home/kafando/Ros2_ws/src/mm_behaviors/src/mm_moveit_actions.cpp:165:37:[m[K [01;31m[Kerror: [m[Krequest for member ‘[01m[Kbegin[m[K’ in ‘[01m[K* Poses[m[K’, which is of non-class type ‘[01m[Kint[m[K’
  165 |                 Poses->erase(Poses->[01;31m[Kbegin[m[K()+index);
      |                                     [01;31m[K^~~~~[m[K
In file included from [01m[K/home/kafando/Ros2_ws/src/mm_behaviors/include/mm_behaviors/mm_bt_node.hpp:9[m[K,
                 from [01m[K/home/kafando/Ros2_ws/src/mm_behaviors/src/mm_bt_node.cpp:1[m[K:
[01m[K/home/kafando/Ros2_ws/src/mm_behaviors/include/mm_behaviors/mm_moveit_actions.hpp:45:46:[m[K [01;31m[Kerror: [m[K‘[01m[KPose3D[m[K’ was not declared in this scope
   45 |          int get_near_pose_index(std::vector<[01;31m[KPose3D[m[K>& t,Pose3D& robot_pose){
      |                                              [01;31m[K^~~~~~[m[K
[01m[K/home/kafando/Ros2_ws/src/mm_behaviors/include/mm_behaviors/mm_moveit_actions.hpp:45:52:[m[K [01;31m[Kerror: [m[Ktemplate argument 1 is invalid
   45 |          int get_near_pose_index(std::vector<Pose3D[01;31m[K>[m[K& t,Pose3D& robot_pose){
      |                                                    [01;31m[K^[m[K
[01m[K/home/kafando/Ros2_ws/src/mm_behaviors/include/mm_behaviors/mm_moveit_actions.hpp:45:52:[m[K [01;31m[Kerror: [m[Ktemplate argument 2 is invalid
[01m[K/home/kafando/Ros2_ws/src/mm_behaviors/include/mm_behaviors/mm_moveit_actions.hpp:45:57:[m[K [01;31m[Kerror: [m[K‘[01m[KPose3D[m[K’ has not been declared
   45 |          int get_near_pose_index(std::vector<Pose3D>& t,[01;31m[KPose3D[m[K& robot_pose){
      |                                                         [01;31m[K^~~~~~[m[K
[01m[K/home/kafando/Ros2_ws/src/mm_behaviors/include/mm_behaviors/mm_moveit_actions.hpp:65:9:[m[K [01;31m[Kerror: [m[K‘[01m[KPose3D[m[K’ does not name a type
   65 |         [01;31m[KPose3D[m[K robot_pose_in_map;
      |         [01;31m[K^~~~~~[m[K
[01m[K/home/kafando/Ros2_ws/src/mm_behaviors/include/mm_behaviors/mm_moveit_actions.hpp:66:9:[m[K [01;31m[Kerror: [m[K‘[01m[KPose3D[m[K’ does not name a type
   66 |         [01;31m[KPose3D[m[K robot_pose_in_odom;
      |         [01;31m[K^~~~~~[m[K
[01m[K/home/kafando/Ros2_ws/src/mm_behaviors/include/mm_behaviors/mm_moveit_actions.hpp:68:9:[m[K [01;31m[Kerror: [m[K‘[01m[KPose3D[m[K’ does not name a type
   68 |         [01;31m[KPose3D[m[K object_pose;
      |         [01;31m[K^~~~~~[m[K
[01m[K/home/kafando/Ros2_ws/src/mm_behaviors/include/mm_behaviors/mm_moveit_actions.hpp:70:21:[m[K [01;31m[Kerror: [m[K‘[01m[KPose3D[m[K’ was not declared in this scope
   70 |         std::vector<[01;31m[KPose3D[m[K> Objects_poses;
      |                     [01;31m[K^~~~~~[m[K
[01m[K/home/kafando/Ros2_ws/src/mm_behaviors/include/mm_behaviors/mm_moveit_actions.hpp:70:27:[m[K [01;31m[Kerror: [m[Ktemplate argument 1 is invalid
   70 |         std::vector<Pose3D[01;31m[K>[m[K Objects_poses;
      |                           [01;31m[K^[m[K
[01m[K/home/kafando/Ros2_ws/src/mm_behaviors/include/mm_behaviors/mm_moveit_actions.hpp:70:27:[m[K [01;31m[Kerror: [m[Ktemplate argument 2 is invalid
[01m[K/home/kafando/Ros2_ws/src/mm_behaviors/include/mm_behaviors/mm_moveit_actions.hpp:[m[K In static member function ‘[01m[Kstatic BT::PortsList PlanForTheArm::[01;32m[KprovidedPorts[m[K()[m[K’:
[01m[K/home/kafando/Ros2_ws/src/mm_behaviors/include/mm_behaviors/mm_moveit_actions.hpp:36:43:[m[K [01;31m[Kerror: [m[K‘[01m[KPose3D[m[K’ was not declared in this scope
   36 |                 BT::InputPort<std::vector<[01;31m[KPose3D[m[K>>("objects_poses_vect"),
      |                                           [01;31m[K^~~~~~[m[K
[01m[K/home/kafando/Ros2_ws/src/mm_behaviors/include/mm_behaviors/mm_moveit_actions.hpp:36:43:[m[K [01;31m[Kerror: [m[Ktemplate argument 1 is invalid
[01m[K/home/kafando/Ros2_ws/src/mm_behaviors/include/mm_behaviors/mm_moveit_actions.hpp:36:43:[m[K [01;31m[Kerror: [m[Ktemplate argument 2 is invalid
[01m[K/home/kafando/Ros2_ws/src/mm_behaviors/include/mm_behaviors/mm_moveit_actions.hpp:36:51:[m[K [01;31m[Kerror: [m[Kno matching function for call to ‘[01m[KInputPort<<expression error> >(const char [19])[m[K’
   36 |                 [01;31m[KBT::InputPort<std::vector<Pose3D>>("objects_poses_vect")[m[K,
      |                 [01;31m[K~~~~~~~~~~~~~~~~~~~~~~~~~~~~~~~~~~^~~~~~~~~~~~~~~~~~~~~~[m[K
In file included from [01m[K/opt/ros/jazzy/include/behaviortree_cpp/tree_node.h:16[m[K,
                 from [01m[K/opt/ros/jazzy/include/behaviortree_cpp/leaf_node.h:17[m[K,
                 from [01m[K/opt/ros/jazzy/include/behaviortree_cpp/action_node.h:17[m[K,
                 from [01m[K/opt/ros/jazzy/include/behaviortree_cpp/behavior_tree.h:16[m[K,
                 from [01m[K/home/kafando/Ros2_ws/src/mm_behaviors/include/mm_behaviors/mm_bt_node.hpp:4[m[K:
[01m[K/opt/ros/jazzy/include/behaviortree_cpp/basic_types.h:484:1:[m[K [01;36m[Knote: [m[Kcandidate: ‘[01m[Ktemplate<class T> std::pair<std::__cxx11::basic_string<char>, BT::PortInfo> BT::[01;32m[KInputPort[m[K(StringView, StringView)[m[K’
  484 | [01;36m[KInputPort[m[K(StringView name, StringView description = {})
      | [01;36m[K^~~~~~~~~[m[K
[01m[K/opt/ros/jazzy/include/behaviortree_cpp/basic_types.h:484:1:[m[K [01;36m[Knote: [m[K  template argument deduction/substitution failed:
[01m[K/home/kafando/Ros2_ws/src/mm_behaviors/include/mm_behaviors/mm_moveit_actions.hpp:36:51:[m[K [01;31m[Kerror: [m[Ktemplate argument 1 is invalid
   36 |                 [01;31m[KBT::InputPort<std::vector<Pose3D>>("objects_poses_vect")[m[K,
      |                 [01;31m[K~~~~~~~~~~~~~~~~~~~~~~~~~~~~~~~~~~^~~~~~~~~~~~~~~~~~~~~~[m[K
[01m[K/opt/ros/jazzy/include/behaviortree_cpp/basic_types.h:554:1:[m[K [01;36m[Knote: [m[Kcandidate: ‘[01m[Ktemplate<class T, class DefaultT> std::pair<std::__cxx11::basic_string<char>, BT::PortInfo> BT::[01;32m[KInputPort[m[K(StringView, const DefaultT&, StringView)[m[K’
  554 | [01;36m[KInputPort[m[K(StringView name, const DefaultT& default_value, StringView description)
      | [01;36m[K^~~~~~~~~[m[K
[01m[K/opt/ros/jazzy/include/behaviortree_cpp/basic_types.h:554:1:[m[K [01;36m[Knote: [m[K  candidate expects 3 arguments, 1 provided
[01m[K/home/kafando/Ros2_ws/src/mm_behaviors/include/mm_behaviors/mm_moveit_actions.hpp:42:13:[m[K [01;31m[Kerror: [m[Kcould not convert ‘[01m[K{BT::InputPort(StringView, StringView) [with T = std::__cxx11::basic_string<char>; StringView = std::basic_string_view<char>](std::basic_string_view<char>()), <expression error>, BT::InputPort(StringView, StringView) [with T = double; StringView = std::basic_string_view<char>](std::basic_string_view<char>()), BT::InputPort(StringView, StringView) [with T = double; StringView = std::basic_string_view<char>](std::basic_string_view<char>()), BT::OutputPort(StringView, StringView) [with T = TargetPose; StringView = std::basic_string_view<char>](std::basic_string_view<char>()), BT::OutputPort(StringView, StringView) [with T = moveit_msgs::msg::RobotTrajectory_<std::allocator<void> >; StringView = std::basic_string_view<char>](std::basic_string_view<char>())}[m[K’ from ‘[01m[K<brace-enclosed initializer list>[m[K’ to ‘[01m[KBT::PortsList[m[K’ {aka ‘[01m[Kstd::unordered_map<std::__cxx11::basic_string<char>, BT::PortInfo>[m[K’}
   42 |             [01;31m[K}[m[K;
      |             [01;31m[K^[m[K
      |             [01;31m[K|[m[K
      |             [01;31m[K<brace-enclosed initializer list>[m[K
[01m[K/home/kafando/Ros2_ws/src/mm_behaviors/include/mm_behaviors/mm_moveit_actions.hpp:[m[K In member function ‘[01m[Kint PlanForTheArm::[01;32m[Kget_near_pose_index[m[K(int&, int&)[m[K’:
[01m[K/home/kafando/Ros2_ws/src/mm_behaviors/include/mm_behaviors/mm_moveit_actions.hpp:47:38:[m[K [01;31m[Kerror: [m[Kno matching function for call to ‘[01m[KTargetPose::TargetPose(<brace-enclosed initializer list>)[m[K’
   47 |             TargetPose rob{robot_pose[01;31m[K}[m[K;
      |                                      [01;31m[K^[m[K
In file included from [01m[K/home/kafando/Ros2_ws/src/mm_behaviors/include/mm_behaviors/mm_moveit_actions.hpp:16[m[K:
[01m[K/home/kafando/Ros2_ws/src/mm_behaviors/include/mm_behaviors/utils.hpp:19:5:[m[K [01;36m[Knote: [m[Kcandidate: ‘[01m[KTargetPose::[01;32m[KTargetPose[m[K(Pose3D)[m[K’
   19 |     [01;36m[KTargetPose[m[K(Pose3D L){
      |     [01;36m[K^~~~~~~~~~[m[K
[01m[K/home/kafando/Ros2_ws/src/mm_behaviors/include/mm_behaviors/utils.hpp:19:23:[m[K [01;36m[Knote: [m[K  no known conversion for argument 1 from ‘[01m[Kint[m[K’ to ‘[01m[KTargetPose::Pose3D[m[K’ {aka ‘[01m[Kgeometry_msgs::msg::Point_<std::allocator<void> >[m[K’}
   19 |     TargetPose([01;36m[KPose3D L[m[K){
      |                [01;36m[K~~~~~~~^[m[K
[01m[K/home/kafando/Ros2_ws/src/mm_behaviors/include/mm_behaviors/utils.hpp:12:5:[m[K [01;36m[Knote: [m[Kcandidate: ‘[01m[KTargetPose::[01;32m[KTargetPose[m[K(double, double, double, double)[m[K’
   12 |     [01;36m[KTargetPose[m[K(double x,double y,double z,double theta){
      |     [01;36m[K^~~~~~~~~~[m[K
[01m[K/home/kafando/Ros2_ws/src/mm_behaviors/include/mm_behaviors/utils.hpp:12:5:[m[K [01;36m[Knote: [m[K  candidate expects 4 arguments, 1 provided
[01m[K/home/kafando/Ros2_ws/src/mm_behaviors/include/mm_behaviors/utils.hpp:11:5:[m[K [01;36m[Knote: [m[Kcandidate: ‘[01m[KTargetPose::[01;32m[KTargetPose[m[K()[m[K’
   11 |     [01;36m[KTargetPose[m[K(){}
      |     [01;36m[K^~~~~~~~~~[m[K
[01m[K/home/kafando/Ros2_ws/src/mm_behaviors/include/mm_behaviors/utils.hpp:11:5:[m[K [01;36m[Knote: [m[K  candidate expects 0 arguments, 1 provided
[01m[K/home/kafando/Ros2_ws/src/mm_behaviors/include/mm_behaviors/utils.hpp:7:8:[m[K [01;36m[Knote: [m[Kcandidate: ‘[01m[Kconstexpr TargetPose::[01;32m[KTargetPose[m[K(const TargetPose&)[m[K’
    7 | struct [01;36m[KTargetPose[m[K{
      |        [01;36m[K^~~~~~~~~~[m[K
[01m[K/home/kafando/Ros2_ws/src/mm_behaviors/include/mm_behaviors/utils.hpp:7:8:[m[K [01;36m[Knote: [m[K  no known conversion for argument 1 from ‘[01m[Kint[m[K’ to ‘[01m[Kconst TargetPose&[m[K’
[01m[K/home/kafando/Ros2_ws/src/mm_behaviors/include/mm_behaviors/utils.hpp:7:8:[m[K [01;36m[Knote: [m[Kcandidate: ‘[01m[Kconstexpr TargetPose::[01;32m[KTargetPose[m[K(TargetPose&&)[m[K’
[01m[K/home/kafando/Ros2_ws/src/mm_behaviors/include/mm_behaviors/utils.hpp:7:8:[m[K [01;36m[Knote: [m[K  no known conversion for argument 1 from ‘[01m[Kint[m[K’ to ‘[01m[KTargetPose&&[m[K’
[01m[K/home/kafando/Ros2_ws/src/mm_behaviors/include/mm_behaviors/mm_moveit_actions.hpp:49:24:[m[K [01;31m[Kerror: [m[K‘[01m[Kbegin[m[K’ was not declared in this scope
   49 |             for(auto k:[01;31m[Kt[m[K){
      |                        [01;31m[K^[m[K
[01m[K/home/kafando/Ros2_ws/src/mm_behaviors/include/mm_behaviors/mm_moveit_actions.hpp:49:24:[m[K [01;36m[Knote: [m[Ksuggested alternatives:
In file included from [01m[K/opt/ros/jazzy/include/behaviortree_cpp/contrib/json.hpp:170[m[K,
                 from [01m[K/opt/ros/jazzy/include/behaviortree_cpp/blackboard.h:4[m[K,
                 from [01m[K/opt/ros/jazzy/include/behaviortree_cpp/tree_node.h:17[m[K:
[01m[K/usr/include/c++/13/valarray:1238:5:[m[K [01;36m[Knote: [m[K  ‘[01m[Kstd::begin[m[K’
 1238 |     [01;36m[Kbegin[m[K(const valarray<_Tp>& __va) noexcept
      |     [01;36m[K^~~~~[m[K
In file included from [01m[K/usr/include/c++/13/filesystem:50[m[K,
                 from [01m[K/opt/ros/jazzy/include/behaviortree_cpp/contrib/json.hpp:4643[m[K:
[01m[K/usr/include/c++/13/bits/fs_dir.h:607:3:[m[K [01;36m[Knote: [m[K  ‘[01m[Kstd::filesystem::__cxx11::begin[m[K’
  607 |   [01;36m[Kbegin[m[K(recursive_directory_iterator __iter) noexcept
      |   [01;36m[K^~~~~[m[K
[01m[K/home/kafando/Ros2_ws/src/mm_behaviors/include/mm_behaviors/mm_moveit_actions.hpp:49:24:[m[K [01;31m[Kerror: [m[K‘[01m[Kend[m[K’ was not declared in this scope
   49 |             for(auto k:[01;31m[Kt[m[K){
      |                        [01;31m[K^[m[K
[01m[K/home/kafando/Ros2_ws/src/mm_behaviors/include/mm_behaviors/mm_moveit_actions.hpp:49:24:[m[K [01;36m[Knote: [m[Ksuggested alternatives:
[01m[K/usr/include/c++/13/valarray:1265:5:[m[K [01;36m[Knote: [m[K  ‘[01m[Kstd::end[m[K’
 1265 |     [01;36m[Kend[m[K(const valarray<_Tp>& __va) noexcept
      |     [01;36m[K^~~[m[K
[01m[K/usr/include/c++/13/bits/fs_dir.h:612:3:[m[K [01;36m[Knote: [m[K  ‘[01m[Kstd::filesystem::__cxx11::end[m[K’
  612 |   [01;36m[Kend[m[K(recursive_directory_iterator) noexcept
      |   [01;36m[K^~~[m[K
In file included from [01m[K/usr/include/eigen3/Eigen/Core:265[m[K,
                 from [01m[K/usr/include/eigen3/Eigen/Geometry:11[m[K,
                 from [01m[K/home/kafando/ws_moveit/install/moveit_core/include/moveit_core/moveit/robot_model/joint_model.hpp:46[m[K,
                 from [01m[K/home/kafando/ws_moveit/install/moveit_core/include/moveit_core/moveit/robot_model/joint_model_group.hpp:40[m[K,
                 from [01m[K/home/kafando/ws_moveit/install/moveit_core/include/moveit_core/moveit/robot_model/robot_model.hpp:45[m[K,
                 from [01m[K/home/kafando/ws_moveit/install/moveit_core/include/moveit_core/moveit/robot_state/robot_state.hpp:40[m[K,
                 from [01m[K/home/kafando/ws_moveit/install/moveit_ros_planning_interface/include/moveit_ros_planning_interface/moveit/move_group_interface/move_group_interface.hpp:41[m[K,
                 from [01m[K/home/kafando/Ros2_ws/src/mm_behaviors/include/mm_behaviors/mm_moveit_actions.hpp:5[m[K:
[01m[K/usr/include/eigen3/Eigen/src/Core/util/IndexedViewHelper.h:181:40:[m[K [01;36m[Knote: [m[K  ‘[01m[KEigen::placeholders::end[m[K’
  181 |   EIGEN_DEPRECATED static const end_t  [01;36m[Kend[m[K  = Eigen::lastp1; // PLEASE use Eigen::lastp1 instead of Eigen::placeholders::end
      |                                        [01;36m[K^~~[m[K
gmake[2]: *** [CMakeFiles/wstta_robot_bt_node.dir/build.make:104: CMakeFiles/wstta_robot_bt_node.dir/src/mm_moveit_actions.cpp.o] Error 1
gmake[2]: *** [CMakeFiles/wstta_robot_bt_node.dir/build.make:76: CMakeFiles/wstta_robot_bt_node.dir/src/mm_bt_node.cpp.o] Error 1
gmake[1]: *** [CMakeFiles/Makefile2:137: CMakeFiles/wstta_robot_bt_node.dir/all] Error 2
gmake: *** [Makefile:146: all] Error 2
