-- Found ament_cmake: 2.5.6 (/opt/ros/jazzy/share/ament_cmake/cmake)
-- Found rclcpp: 28.1.18 (/opt/ros/jazzy/share/rclcpp/cmake)
-- Found rosidl_generator_c: 4.6.7 (/opt/ros/jazzy/share/rosidl_generator_c/cmake)
-- Found rosidl_generator_cpp: 4.6.7 (/opt/ros/jazzy/share/rosidl_generator_cpp/cmake)
-- Using all available rosidl_typesupport_c: rosidl_typesupport_fastrtps_c;rosidl_typesupport_introspection_c
-- Using all available rosidl_typesupport_cpp: rosidl_typesupport_fastrtps_cpp;rosidl_typesupport_introspection_cpp
-- Found rmw_implementation_cmake: 7.3.3 (/opt/ros/jazzy/share/rmw_implementation_cmake/cmake)
-- Found rmw_cyclonedds_cpp: 2.2.3 (/opt/ros/jazzy/share/rmw_cyclonedds_cpp/cmake)
-- Using RMW implementation 'rmw_cyclonedds_cpp' as default
-- Found std_msgs: 5.3.7 (/opt/ros/jazzy/share/std_msgs/cmake)
-- Found rclcpp_action: 28.1.18 (/opt/ros/jazzy/share/rclcpp_action/cmake)
-- Found behaviortree_cpp: 4.9.0 (/opt/ros/jazzy/share/behaviortree_cpp/cmake)
-- Found rosidl_default_generators: 1.6.0 (/opt/ros/jazzy/share/rosidl_default_generators/cmake)
-- Found rosidl_adapter: 4.6.7 (/opt/ros/jazzy/share/rosidl_adapter/cmake)
-- Found custom_interfaces: 0.0.0 (/home/kafando/Ros2_ws/install/custom_interfaces/share/custom_interfaces/cmake)
-- Found ament_lint_auto: 0.17.5 (/opt/ros/jazzy/share/ament_lint_auto/cmake)
-- Added test 'cppcheck' to perform static code analysis on C / C++ code
-- Configured cppcheck include dirs: 
-- Configured cppcheck exclude dirs and/or files: 
-- Added test 'flake8' to check Python code syntax and style conventions
-- Configured 'flake8' exclude dirs and/or files: 
-- Added test 'lint_cmake' to check CMake code style
-- Added test 'pep257' to check Python code against some of the docstring style conventions in PEP 257
-- Added test 'uncrustify' to check C / C++ code style
-- Configured uncrustify additional arguments: 
-- Added test 'xmllint' to check XML markup files
-- Configuring done (1.0s)
-- Generating done (0.0s)
-- Build files have been written to: /home/kafando/Ros2_ws/build/bt_concepts
[ 12%] [32mBuilding CXX object CMakeFiles/first_tree.dir/src/first_tree.cpp.o[0m
[ 25%] [32mBuilding CXX object CMakeFiles/numb_checker.dir/src/numb_checker.cpp.o[0m
[ 37%] [32mBuilding CXX object CMakeFiles/bt_action.dir/src/bt_actions.cpp.o[0m
[ 50%] [32mBuilding CXX object CMakeFiles/reach_location_server.dir/src/reach_location_server.cpp.o[0m
[ 62%] [32m[1mLinking CXX executable first_tree[0m
[ 62%] Built target first_tree
[ 75%] [32m[1mLinking CXX executable reach_location_server[0m
[ 75%] Built target reach_location_server
[ 87%] [32m[1mLinking CXX executable bt_action[0m
[ 87%] Built target bt_action
[100%] [32m[1mLinking CXX executable numb_checker[0m
[100%] Built target numb_checker
-- Install configuration: "Release"
-- Installing: /home/kafando/Ros2_ws/install/bt_concepts/lib/bt_concepts/first_tree
-- Set non-toolchain portion of runtime path of "/home/kafando/Ros2_ws/install/bt_concepts/lib/bt_concepts/first_tree" to ""
-- Installing: /home/kafando/Ros2_ws/install/bt_concepts/lib/bt_concepts/numb_checker
-- Set non-toolchain portion of runtime path of "/home/kafando/Ros2_ws/install/bt_concepts/lib/bt_concepts/numb_checker" to ""
-- Installing: /home/kafando/Ros2_ws/install/bt_concepts/lib/bt_concepts/bt_action
-- Set non-toolchain portion of runtime path of "/home/kafando/Ros2_ws/install/bt_concepts/lib/bt_concepts/bt_action" to ""
-- Installing: /home/kafando/Ros2_ws/install/bt_concepts/lib/bt_concepts/reach_location_server
-- Set non-toolchain portion of runtime path of "/home/kafando/Ros2_ws/install/bt_concepts/lib/bt_concepts/reach_location_server" to ""
-- Up-to-date: /home/kafando/Ros2_ws/install/bt_concepts/share/bt_concepts//trees
-- Up-to-date: /home/kafando/Ros2_ws/install/bt_concepts/share/bt_concepts//trees/full_robot_ex_pipeline
-- Up-to-date: /home/kafando/Ros2_ws/install/bt_concepts/share/bt_concepts//trees/numb_checker.xml
-- Up-to-date: /home/kafando/Ros2_ws/install/bt_concepts/share/bt_concepts//trees/first_tree.xml
-- Up-to-date: /home/kafando/Ros2_ws/install/bt_concepts/share/bt_concepts//trees/reach_location_x_y.xml
-- Up-to-date: /home/kafando/Ros2_ws/install/bt_concepts/share/bt_concepts//launch
-- Up-to-date: /home/kafando/Ros2_ws/install/bt_concepts/share/bt_concepts//launch/bt_ros2_actions.launch.py
-- Up-to-date: /home/kafando/Ros2_ws/install/bt_concepts/share/bt_concepts//launch/number_checker.launch.py
-- Up-to-date: /home/kafando/Ros2_ws/install/bt_concepts/share/bt_concepts//launch/first_bt.launch.py
-- Up-to-date: /home/kafando/Ros2_ws/install/bt_concepts/share/ament_index/resource_index/package_run_dependencies/bt_concepts
-- Up-to-date: /home/kafando/Ros2_ws/install/bt_concepts/share/ament_index/resource_index/parent_prefix_path/bt_concepts
-- Up-to-date: /home/kafando/Ros2_ws/install/bt_concepts/share/bt_concepts/environment/ament_prefix_path.sh
-- Up-to-date: /home/kafando/Ros2_ws/install/bt_concepts/share/bt_concepts/environment/ament_prefix_path.dsv
-- Up-to-date: /home/kafando/Ros2_ws/install/bt_concepts/share/bt_concepts/environment/path.sh
-- Up-to-date: /home/kafando/Ros2_ws/install/bt_concepts/share/bt_concepts/environment/path.dsv
-- Up-to-date: /home/kafando/Ros2_ws/install/bt_concepts/share/bt_concepts/local_setup.bash
-- Up-to-date: /home/kafando/Ros2_ws/install/bt_concepts/share/bt_concepts/local_setup.sh
-- Up-to-date: /home/kafando/Ros2_ws/install/bt_concepts/share/bt_concepts/local_setup.zsh
-- Up-to-date: /home/kafando/Ros2_ws/install/bt_concepts/share/bt_concepts/local_setup.dsv
-- Installing: /home/kafando/Ros2_ws/install/bt_concepts/share/bt_concepts/package.dsv
-- Up-to-date: /home/kafando/Ros2_ws/install/bt_concepts/share/ament_index/resource_index/packages/bt_concepts
-- Up-to-date: /home/kafando/Ros2_ws/install/bt_concepts/share/bt_concepts/cmake/bt_conceptsConfig.cmake
-- Up-to-date: /home/kafando/Ros2_ws/install/bt_concepts/share/bt_concepts/cmake/bt_conceptsConfig-version.cmake
-- Up-to-date: /home/kafando/Ros2_ws/install/bt_concepts/share/bt_concepts/package.xml
