-- Found ament_cmake: 2.5.6 (/opt/ros/jazzy/share/ament_cmake/cmake)
-- Found rclcpp: 28.1.18 (/opt/ros/jazzy/share/rclcpp/cmake)
-- Found rosidl_generator_c: 4.6.7 (/opt/ros/jazzy/share/rosidl_generator_c/cmake)
-- Found rosidl_generator_cpp: 4.6.7 (/opt/ros/jazzy/share/rosidl_generator_cpp/cmake)
-- Using all available rosidl_typesupport_c: rosidl_typesupport_fastrtps_c;rosidl_typesupport_introspection_c
-- Using all available rosidl_typesupport_cpp: rosidl_typesupport_fastrtps_cpp;rosidl_typesupport_introspection_cpp
-- Found rmw_implementation_cmake: 7.3.3 (/opt/ros/jazzy/share/rmw_implementation_cmake/cmake)
-- Found rmw_fastrtps_cpp: 8.4.3 (/opt/ros/jazzy/share/rmw_fastrtps_cpp/cmake)
-- Using RMW implementation 'rmw_fastrtps_cpp' as default
-- Found rclcpp_action: 28.1.18 (/opt/ros/jazzy/share/rclcpp_action/cmake)
-- Found std_msgs: 5.3.7 (/opt/ros/jazzy/share/std_msgs/cmake)
-- Found custom_interfaces: 0.0.0 (/home/kafando/Ros2_ws/install/custom_interfaces/share/custom_interfaces/cmake)
-- Found osqp_vendor: 0.2.0 (/opt/ros/jazzy/share/osqp_vendor/cmake)
-- Found ament_lint_auto: 0.17.5 (/opt/ros/jazzy/share/ament_lint_auto/cmake)
-- Added test 'cppcheck' to perform static code analysis on C / C++ code
-- Configured cppcheck include dirs: 
-- Configured cppcheck exclude dirs and/or files: 
-- Added test 'flake8' to check Python code syntax and style conventions
-- Configured 'flake8' exclude dirs and/or files: 
-- Added test 'lint_cmake' to check CMake code style
-- Added test 'pep257' to check Python code against some of the docstring style conventions in PEP 257
-- Added test 'uncrustify' to check C / C++ code style
-- Configured uncrustify additional arguments: 
-- Added test 'xmllint' to check XML markup files
-- Configuring done (1.2s)
-- Generating done (0.1s)
-- Build files have been written to: /home/kafando/Ros2_ws/build/the_ros_concepts
[ 12%] Built target node_to_test_yaml
[ 25%] Built target subscriber_node
[ 37%] Built target service_client
[ 56%] Built target osqp_node
[ 62%] Built target action_client
[ 75%] Built target publisher_node
[ 87%] Built target action_server
[100%] Built target service_server
-- Install configuration: "Debug"
-- Up-to-date: /home/kafando/Ros2_ws/install/the_ros_concepts/lib/the_ros_concepts/osqp_node
-- Up-to-date: /home/kafando/Ros2_ws/install/the_ros_concepts/lib/the_ros_concepts/publisher_node
-- Up-to-date: /home/kafando/Ros2_ws/install/the_ros_concepts/lib/the_ros_concepts/subscriber_node
-- Up-to-date: /home/kafando/Ros2_ws/install/the_ros_concepts/lib/the_ros_concepts/service_server
-- Up-to-date: /home/kafando/Ros2_ws/install/the_ros_concepts/lib/the_ros_concepts/service_client
-- Up-to-date: /home/kafando/Ros2_ws/install/the_ros_concepts/lib/the_ros_concepts/action_server
-- Up-to-date: /home/kafando/Ros2_ws/install/the_ros_concepts/lib/the_ros_concepts/action_client
-- Up-to-date: /home/kafando/Ros2_ws/install/the_ros_concepts/lib/the_ros_concepts/node_to_test_yaml
-- Up-to-date: /home/kafando/Ros2_ws/install/the_ros_concepts/lib/the_ros_concepts/osqp_node
-- Up-to-date: /home/kafando/Ros2_ws/install/the_ros_concepts/share/the_ros_concepts//launch
-- Up-to-date: /home/kafando/Ros2_ws/install/the_ros_concepts/share/the_ros_concepts//launch/yaml_test.launch.py
-- Up-to-date: /home/kafando/Ros2_ws/install/the_ros_concepts/share/the_ros_concepts//params
-- Up-to-date: /home/kafando/Ros2_ws/install/the_ros_concepts/share/the_ros_concepts//params/my_node_params.yaml
-- Up-to-date: /home/kafando/Ros2_ws/install/the_ros_concepts/share/ament_index/resource_index/package_run_dependencies/the_ros_concepts
-- Up-to-date: /home/kafando/Ros2_ws/install/the_ros_concepts/share/ament_index/resource_index/parent_prefix_path/the_ros_concepts
-- Up-to-date: /home/kafando/Ros2_ws/install/the_ros_concepts/share/the_ros_concepts/environment/ament_prefix_path.sh
-- Up-to-date: /home/kafando/Ros2_ws/install/the_ros_concepts/share/the_ros_concepts/environment/ament_prefix_path.dsv
-- Up-to-date: /home/kafando/Ros2_ws/install/the_ros_concepts/share/the_ros_concepts/environment/path.sh
-- Up-to-date: /home/kafando/Ros2_ws/install/the_ros_concepts/share/the_ros_concepts/environment/path.dsv
-- Up-to-date: /home/kafando/Ros2_ws/install/the_ros_concepts/share/the_ros_concepts/local_setup.bash
-- Up-to-date: /home/kafando/Ros2_ws/install/the_ros_concepts/share/the_ros_concepts/local_setup.sh
-- Up-to-date: /home/kafando/Ros2_ws/install/the_ros_concepts/share/the_ros_concepts/local_setup.zsh
-- Up-to-date: /home/kafando/Ros2_ws/install/the_ros_concepts/share/the_ros_concepts/local_setup.dsv
-- Installing: /home/kafando/Ros2_ws/install/the_ros_concepts/share/the_ros_concepts/package.dsv
-- Up-to-date: /home/kafando/Ros2_ws/install/the_ros_concepts/share/ament_index/resource_index/packages/the_ros_concepts
-- Up-to-date: /home/kafando/Ros2_ws/install/the_ros_concepts/share/the_ros_concepts/cmake/the_ros_conceptsConfig.cmake
-- Up-to-date: /home/kafando/Ros2_ws/install/the_ros_concepts/share/the_ros_concepts/cmake/the_ros_conceptsConfig-version.cmake
-- Up-to-date: /home/kafando/Ros2_ws/install/the_ros_concepts/share/the_ros_concepts/package.xml
