[0.024s] Invoking command in '/home/kafando/Ros2_ws/build/mm_behaviors': CMAKE_PREFIX_PATH=${CMAKE_PREFIX_PATH}:/home/kafando/ws_moveit/install/moveit_configs_utils:/opt/ros/jazzy DEBUGINFOD_URLS=https://debuginfod.ubuntu.com /usr/bin/cmake --build /home/kafando/Ros2_ws/build/mm_behaviors -- -j16 -l16
[0.100s] [ 16%] [32mBuilding CXX object CMakeFiles/wstta_robot_bt_node.dir/src/mm_bt_node.cpp.o[0m
[4.926s] [01m[K/home/kafando/Ros2_ws/src/mm_behaviors/src/mm_bt_node.cpp:[m[K In member function ‘[01m[Kvoid WsttaBtPipelineNode::[01;32m[Kupdate_behavior_tree[m[K()[m[K’:
[4.926s] [01m[K/home/kafando/Ros2_ws/src/mm_behaviors/src/mm_bt_node.cpp:91:28:[m[K [01;35m[Kwarning: [m[Kunused variable ‘[01m[Ktree_status[m[K’ [[01;35m[K]8;;https://gcc.gnu.org/onlinedocs/gcc/Warning-Options.html#index-Wunused-variable-Wunused-variable]8;;[m[K]
[4.926s]    91 |             BT::NodeStatus [01;35m[Ktree_status[m[K = tree_.tickOnce();
[4.926s]       |                            [01;35m[K^~~~~~~~~~~[m[K
[10.421s] [ 33%] [32m[1mLinking CXX executable wstta_robot_bt_node[0m
[11.052s] [100%] Built target wstta_robot_bt_node
[11.061s] Invoked command in '/home/kafando/Ros2_ws/build/mm_behaviors' returned '0': CMAKE_PREFIX_PATH=${CMAKE_PREFIX_PATH}:/home/kafando/ws_moveit/install/moveit_configs_utils:/opt/ros/jazzy DEBUGINFOD_URLS=https://debuginfod.ubuntu.com /usr/bin/cmake --build /home/kafando/Ros2_ws/build/mm_behaviors -- -j16 -l16
[11.061s] Invoking command in '/home/kafando/Ros2_ws/build/mm_behaviors': CMAKE_PREFIX_PATH=${CMAKE_PREFIX_PATH}:/home/kafando/ws_moveit/install/moveit_configs_utils:/opt/ros/jazzy DEBUGINFOD_URLS=https://debuginfod.ubuntu.com /usr/bin/cmake --install /home/kafando/Ros2_ws/build/mm_behaviors
[11.067s] -- Install configuration: "Debug"
[11.067s] -- Up-to-date: /home/kafando/Ros2_ws/install/mm_behaviors/share/mm_behaviors/xml_tree
[11.067s] -- Up-to-date: /home/kafando/Ros2_ws/install/mm_behaviors/share/mm_behaviors/xml_tree/mm_behaviors.xml
[11.067s] -- Up-to-date: /home/kafando/Ros2_ws/install/mm_behaviors/share/mm_behaviors/launch
[11.067s] -- Up-to-date: /home/kafando/Ros2_ws/install/mm_behaviors/share/mm_behaviors/launch/mm_bt_nodes.launch.py
[11.068s] -- Up-to-date: /home/kafando/Ros2_ws/install/mm_behaviors/share/mm_behaviors/config
[11.068s] -- Installing: /home/kafando/Ros2_ws/install/mm_behaviors/lib/mm_behaviors/wstta_robot_bt_node
[11.085s] -- Set non-toolchain portion of runtime path of "/home/kafando/Ros2_ws/install/mm_behaviors/lib/mm_behaviors/wstta_robot_bt_node" to ""
[11.085s] -- Up-to-date: /home/kafando/Ros2_ws/install/mm_behaviors/share/ament_index/resource_index/package_run_dependencies/mm_behaviors
[11.085s] -- Up-to-date: /home/kafando/Ros2_ws/install/mm_behaviors/share/ament_index/resource_index/parent_prefix_path/mm_behaviors
[11.085s] -- Up-to-date: /home/kafando/Ros2_ws/install/mm_behaviors/share/mm_behaviors/environment/ament_prefix_path.sh
[11.085s] -- Up-to-date: /home/kafando/Ros2_ws/install/mm_behaviors/share/mm_behaviors/environment/ament_prefix_path.dsv
[11.085s] -- Up-to-date: /home/kafando/Ros2_ws/install/mm_behaviors/share/mm_behaviors/environment/path.sh
[11.085s] -- Up-to-date: /home/kafando/Ros2_ws/install/mm_behaviors/share/mm_behaviors/environment/path.dsv
[11.085s] -- Up-to-date: /home/kafando/Ros2_ws/install/mm_behaviors/share/mm_behaviors/local_setup.bash
[11.085s] -- Up-to-date: /home/kafando/Ros2_ws/install/mm_behaviors/share/mm_behaviors/local_setup.sh
[11.085s] -- Up-to-date: /home/kafando/Ros2_ws/install/mm_behaviors/share/mm_behaviors/local_setup.zsh
[11.086s] -- Up-to-date: /home/kafando/Ros2_ws/install/mm_behaviors/share/mm_behaviors/local_setup.dsv
[11.086s] -- Installing: /home/kafando/Ros2_ws/install/mm_behaviors/share/mm_behaviors/package.dsv
[11.086s] -- Up-to-date: /home/kafando/Ros2_ws/install/mm_behaviors/share/ament_index/resource_index/packages/mm_behaviors
[11.086s] -- Up-to-date: /home/kafando/Ros2_ws/install/mm_behaviors/share/mm_behaviors/cmake/mm_behaviorsConfig.cmake
[11.086s] -- Up-to-date: /home/kafando/Ros2_ws/install/mm_behaviors/share/mm_behaviors/cmake/mm_behaviorsConfig-version.cmake
[11.086s] -- Up-to-date: /home/kafando/Ros2_ws/install/mm_behaviors/share/mm_behaviors/package.xml
[11.087s] Invoked command in '/home/kafando/Ros2_ws/build/mm_behaviors' returned '0': CMAKE_PREFIX_PATH=${CMAKE_PREFIX_PATH}:/home/kafando/ws_moveit/install/moveit_configs_utils:/opt/ros/jazzy DEBUGINFOD_URLS=https://debuginfod.ubuntu.com /usr/bin/cmake --install /home/kafando/Ros2_ws/build/mm_behaviors
