-- Found ament_cmake: 2.5.6 (/opt/ros/jazzy/share/ament_cmake/cmake)
-- Found rclcpp: 28.1.18 (/opt/ros/jazzy/share/rclcpp/cmake)
-- Found rosidl_generator_c: 4.6.7 (/opt/ros/jazzy/share/rosidl_generator_c/cmake)
-- Found rosidl_generator_cpp: 4.6.7 (/opt/ros/jazzy/share/rosidl_generator_cpp/cmake)
-- Using all available rosidl_typesupport_c: rosidl_typesupport_fastrtps_c;rosidl_typesupport_introspection_c
-- Using all available rosidl_typesupport_cpp: rosidl_typesupport_fastrtps_cpp;rosidl_typesupport_introspection_cpp
-- Found rmw_implementation_cmake: 7.3.3 (/opt/ros/jazzy/share/rmw_implementation_cmake/cmake)
-- Found rmw_cyclonedds_cpp: 2.2.3 (/opt/ros/jazzy/share/rmw_cyclonedds_cpp/cmake)
-- Using RMW implementation 'rmw_cyclonedds_cpp' as default
-- Found std_msgs: 5.3.7 (/opt/ros/jazzy/share/std_msgs/cmake)
-- Found controller_interface: 4.44.0 (/opt/ros/jazzy/share/controller_interface/cmake)
-- Found TinyXML2 via Config file: /usr/lib/x86_64-linux-gnu/cmake/tinyxml2
-- Found ament_lint_auto: 0.17.5 (/opt/ros/jazzy/share/ament_lint_auto/cmake)
-- Added test 'cppcheck' to perform static code analysis on C / C++ code
-- Configured cppcheck include dirs: 
-- Configured cppcheck exclude dirs and/or files: 
-- Added test 'lint_cmake' to check CMake code style
-- Added test 'uncrustify' to check C / C++ code style
-- Configured uncrustify additional arguments: 
-- Added test 'xmllint' to check XML markup files
-- Configuring done (0.7s)
-- Generating done (0.0s)
-- Build files have been written to: /home/kafando/Ros2_ws/build/custom_controllers
[ 50%] [32mBuilding CXX object CMakeFiles/sine_law_controller.dir/src/sine_controller.cpp.o[0m
[100%] [32m[1mLinking CXX shared library libsine_law_controller.so[0m
[100%] Built target sine_law_controller
-- Install configuration: "Release"
-- Up-to-date: /home/kafando/Ros2_ws/install/custom_controllers/share/custom_controllers/sine_law_controller.xml
-- Installing: /home/kafando/Ros2_ws/install/custom_controllers/lib/libsine_law_controller.so
-- Set non-toolchain portion of runtime path of "/home/kafando/Ros2_ws/install/custom_controllers/lib/libsine_law_controller.so" to ""
-- Up-to-date: /home/kafando/Ros2_ws/install/custom_controllers/share/custom_controllers//include
-- Up-to-date: /home/kafando/Ros2_ws/install/custom_controllers/share/custom_controllers//include/custom_controllers
-- Up-to-date: /home/kafando/Ros2_ws/install/custom_controllers/share/custom_controllers//include/custom_controllers/wbc_for_mm_control.hpp
-- Up-to-date: /home/kafando/Ros2_ws/install/custom_controllers/share/ament_index/resource_index/package_run_dependencies/custom_controllers
-- Up-to-date: /home/kafando/Ros2_ws/install/custom_controllers/share/ament_index/resource_index/parent_prefix_path/custom_controllers
-- Up-to-date: /home/kafando/Ros2_ws/install/custom_controllers/share/custom_controllers/environment/ament_prefix_path.sh
-- Up-to-date: /home/kafando/Ros2_ws/install/custom_controllers/share/custom_controllers/environment/ament_prefix_path.dsv
-- Up-to-date: /home/kafando/Ros2_ws/install/custom_controllers/share/custom_controllers/environment/path.sh
-- Up-to-date: /home/kafando/Ros2_ws/install/custom_controllers/share/custom_controllers/environment/path.dsv
-- Up-to-date: /home/kafando/Ros2_ws/install/custom_controllers/share/custom_controllers/local_setup.bash
-- Up-to-date: /home/kafando/Ros2_ws/install/custom_controllers/share/custom_controllers/local_setup.sh
-- Up-to-date: /home/kafando/Ros2_ws/install/custom_controllers/share/custom_controllers/local_setup.zsh
-- Up-to-date: /home/kafando/Ros2_ws/install/custom_controllers/share/custom_controllers/local_setup.dsv
-- Installing: /home/kafando/Ros2_ws/install/custom_controllers/share/custom_controllers/package.dsv
-- Up-to-date: /home/kafando/Ros2_ws/install/custom_controllers/share/ament_index/resource_index/packages/custom_controllers
-- Up-to-date: /home/kafando/Ros2_ws/install/custom_controllers/share/ament_index/resource_index/controller_interface__pluginlib__plugin/custom_controllers
-- Up-to-date: /home/kafando/Ros2_ws/install/custom_controllers/share/custom_controllers/cmake/custom_controllersConfig.cmake
-- Up-to-date: /home/kafando/Ros2_ws/install/custom_controllers/share/custom_controllers/cmake/custom_controllersConfig-version.cmake
-- Up-to-date: /home/kafando/Ros2_ws/install/custom_controllers/share/custom_controllers/package.xml
