[0.025s] Invoking command in '/home/kafando/Ros2_ws/build/mm_bringup': CMAKE_PREFIX_PATH=${CMAKE_PREFIX_PATH}:/home/kafando/ws_moveit/install/moveit_configs_utils:/opt/ros/jazzy DEBUGINFOD_URLS=https://debuginfod.ubuntu.com /usr/bin/cmake /home/kafando/Ros2_ws/src/mm_bringup -DCMAKE_BUILD_TYPE=Release -DCMAKE_INSTALL_PREFIX=/home/kafando/Ros2_ws/install/mm_bringup
[0.039s] -- Found ament_cmake: 2.5.6 (/opt/ros/jazzy/share/ament_cmake/cmake)
[0.221s] -- Found ros_gz: 1.0.22 (/opt/ros/jazzy/share/ros_gz/cmake)
[0.221s] -- Found ros_gz_bridge: 1.0.22 (/opt/ros/jazzy/share/ros_gz_bridge/cmake)
[0.247s] -- Found rosidl_generator_c: 4.6.7 (/opt/ros/jazzy/share/rosidl_generator_c/cmake)
[0.253s] -- Found rosidl_generator_cpp: 4.6.7 (/opt/ros/jazzy/share/rosidl_generator_cpp/cmake)
[0.263s] -- Using all available rosidl_typesupport_c: rosidl_typesupport_fastrtps_c;rosidl_typesupport_introspection_c
[0.275s] -- Using all available rosidl_typesupport_cpp: rosidl_typesupport_fastrtps_cpp;rosidl_typesupport_introspection_cpp
[0.333s] -- Found rmw_implementation_cmake: 7.3.3 (/opt/ros/jazzy/share/rmw_implementation_cmake/cmake)
[0.337s] -- Found rmw_cyclonedds_cpp: 2.2.3 (/opt/ros/jazzy/share/rmw_cyclonedds_cpp/cmake)
[0.365s] -- Using RMW implementation 'rmw_cyclonedds_cpp' as default
[0.447s] -- Looking for gz-msgs10 -- found version 10.3.2
[0.453s] -- Searching for dependencies of gz-msgs10
[0.482s] -- Looking for gz-utils2 -- found version 2.2.1
[0.482s] -- Searching for dependencies of gz-utils2
[0.483s] -- Looking for gz-math7 -- found version 7.5.2
[0.484s] -- Searching for dependencies of gz-math7
[0.484s] -- Looking for gz-utils2 -- found version 2.2.1
[0.489s] -- Checking for module 'tinyxml2'
[0.508s] --   Found tinyxml2, version 10.0.0
[0.540s] -- Looking for gz-transport13 -- found version 13.5.0
[0.540s] -- Searching for dependencies of gz-transport13
[0.575s] -- Config-file not installed for ZeroMQ -- checking for pkg-config
[0.578s] -- Checking for module 'libzmq >= 4'
[0.594s] --   Found libzmq, version 4.3.5
[0.633s] -- Checking for module 'uuid'
[0.648s] --   Found uuid, version 2.39.3
[0.675s] -- Looking for gz-utils2 -- found version 2.2.1
[0.675s] -- Searching for dependencies of gz-utils2
[0.676s] -- Searching for <gz-utils2> component [cli]
[0.676s] -- Looking for gz-utils2-cli -- found version 2.2.1
[0.676s] -- Searching for dependencies of gz-utils2-cli
[0.677s] -- Looking for gz-msgs10 -- found version 10.3.2
[0.928s] -- Found ros_gz_image: 1.0.22 (/opt/ros/jazzy/share/ros_gz_image/cmake)
[0.928s] -- Found ros_gz_sim: 1.0.22 (/opt/ros/jazzy/share/ros_gz_sim/cmake)
[0.956s] -- Found ros2_control: 4.44.0 (/opt/ros/jazzy/share/ros2_control/cmake)
[0.956s] -- Found ros2_controllers: 4.39.0 (/opt/ros/jazzy/share/ros2_controllers/cmake)
[0.956s] -- Found xacro: 2.1.1 (/opt/ros/jazzy/share/xacro/cmake)
[0.957s] -- Found ament_lint_auto: 0.17.5 (/opt/ros/jazzy/share/ament_lint_auto/cmake)
[1.049s] -- Added test 'flake8' to check Python code syntax and style conventions
[1.049s] -- Configured 'flake8' exclude dirs and/or files: 
[1.051s] -- Added test 'lint_cmake' to check CMake code style
[1.051s] -- Added test 'pep257' to check Python code against some of the docstring style conventions in PEP 257
[1.057s] -- Added test 'xmllint' to check XML markup files
[1.059s] -- Configuring done (1.0s)
[1.067s] -- Generating done (0.0s)
[1.074s] -- Build files have been written to: /home/kafando/Ros2_ws/build/mm_bringup
[1.100s] Invoked command in '/home/kafando/Ros2_ws/build/mm_bringup' returned '0': CMAKE_PREFIX_PATH=${CMAKE_PREFIX_PATH}:/home/kafando/ws_moveit/install/moveit_configs_utils:/opt/ros/jazzy DEBUGINFOD_URLS=https://debuginfod.ubuntu.com /usr/bin/cmake /home/kafando/Ros2_ws/src/mm_bringup -DCMAKE_BUILD_TYPE=Release -DCMAKE_INSTALL_PREFIX=/home/kafando/Ros2_ws/install/mm_bringup
[1.101s] Invoking command in '/home/kafando/Ros2_ws/build/mm_bringup': CMAKE_PREFIX_PATH=${CMAKE_PREFIX_PATH}:/home/kafando/ws_moveit/install/moveit_configs_utils:/opt/ros/jazzy DEBUGINFOD_URLS=https://debuginfod.ubuntu.com /usr/bin/cmake --build /home/kafando/Ros2_ws/build/mm_bringup -- -j16 -l16
[1.169s] Invoked command in '/home/kafando/Ros2_ws/build/mm_bringup' returned '0': CMAKE_PREFIX_PATH=${CMAKE_PREFIX_PATH}:/home/kafando/ws_moveit/install/moveit_configs_utils:/opt/ros/jazzy DEBUGINFOD_URLS=https://debuginfod.ubuntu.com /usr/bin/cmake --build /home/kafando/Ros2_ws/build/mm_bringup -- -j16 -l16
[1.184s] Invoking command in '/home/kafando/Ros2_ws/build/mm_bringup': CMAKE_PREFIX_PATH=${CMAKE_PREFIX_PATH}:/home/kafando/ws_moveit/install/moveit_configs_utils:/opt/ros/jazzy DEBUGINFOD_URLS=https://debuginfod.ubuntu.com /usr/bin/cmake --install /home/kafando/Ros2_ws/build/mm_bringup
[1.196s] -- Install configuration: "Release"
[1.196s] -- Up-to-date: /home/kafando/Ros2_ws/install/mm_bringup/share/mm_bringup//launch
[1.196s] -- Up-to-date: /home/kafando/Ros2_ws/install/mm_bringup/share/mm_bringup//launch/gazebo.launch.py
[1.196s] -- Up-to-date: /home/kafando/Ros2_ws/install/mm_bringup/share/mm_bringup//launch/display.launch.py
[1.197s] -- Up-to-date: /home/kafando/Ros2_ws/install/mm_bringup/share/mm_bringup//config
[1.197s] -- Up-to-date: /home/kafando/Ros2_ws/install/mm_bringup/share/mm_bringup//config/MyRobot_controllers.yaml
[1.197s] -- Up-to-date: /home/kafando/Ros2_ws/install/mm_bringup/share/mm_bringup//config/joints_limits.yaml
[1.197s] -- Up-to-date: /home/kafando/Ros2_ws/install/mm_bringup/share/mm_bringup//config/ros_gz_bridge.yaml
[1.197s] -- Up-to-date: /home/kafando/Ros2_ws/install/mm_bringup/share/mm_bringup//config/ekf.yaml
[1.197s] -- Up-to-date: /home/kafando/Ros2_ws/install/mm_bringup/share/mm_bringup//config/laser_filters.yaml
[1.197s] -- Up-to-date: /home/kafando/Ros2_ws/install/mm_bringup/share/mm_bringup//urdf
[1.197s] -- Up-to-date: /home/kafando/Ros2_ws/install/mm_bringup/share/mm_bringup//urdf/imu.xacro
[1.198s] -- Up-to-date: /home/kafando/Ros2_ws/install/mm_bringup/share/mm_bringup//urdf/lidar.xacro
[1.198s] -- Up-to-date: /home/kafando/Ros2_ws/install/mm_bringup/share/mm_bringup//urdf/materials.xacro
[1.198s] -- Up-to-date: /home/kafando/Ros2_ws/install/mm_bringup/share/mm_bringup//urdf/camera.xacro
[1.198s] -- Up-to-date: /home/kafando/Ros2_ws/install/mm_bringup/share/mm_bringup//urdf/MyRobot.ros2control
[1.198s] -- Up-to-date: /home/kafando/Ros2_ws/install/mm_bringup/share/mm_bringup//urdf/MyRobot.urdf.xacro
[1.199s] -- Up-to-date: /home/kafando/Ros2_ws/install/mm_bringup/share/mm_bringup//urdf/MyRobot_gz.gazebo
[1.199s] -- Up-to-date: /home/kafando/Ros2_ws/install/mm_bringup/share/mm_bringup//urdf/MyRobotfor_moveit.urdf.xacro
[1.199s] -- Up-to-date: /home/kafando/Ros2_ws/install/mm_bringup/share/mm_bringup//urdf/ultrasonic.xacro
[1.199s] -- Up-to-date: /home/kafando/Ros2_ws/install/mm_bringup/share/mm_bringup//urdf/arm.xacro
[1.199s] -- Up-to-date: /home/kafando/Ros2_ws/install/mm_bringup/share/mm_bringup//meshes
[1.199s] -- Up-to-date: /home/kafando/Ros2_ws/install/mm_bringup/share/mm_bringup//meshes/container_link_c.STL
[1.199s] -- Up-to-date: /home/kafando/Ros2_ws/install/mm_bringup/share/mm_bringup//meshes/left_front_wheel_link.STL
[1.199s] -- Up-to-date: /home/kafando/Ros2_ws/install/mm_bringup/share/mm_bringup//meshes/arm_link4.STL
[1.199s] -- Up-to-date: /home/kafando/Ros2_ws/install/mm_bringup/share/mm_bringup//meshes/lidar_link.STL
[1.199s] -- Up-to-date: /home/kafando/Ros2_ws/install/mm_bringup/share/mm_bringup//meshes/right_ultrasonic_link.STL
[1.200s] -- Up-to-date: /home/kafando/Ros2_ws/install/mm_bringup/share/mm_bringup//meshes/arm_link2_cv.STL
[1.200s] -- Up-to-date: /home/kafando/Ros2_ws/install/mm_bringup/share/mm_bringup//meshes/right_rear_wheel_link.STL
[1.200s] -- Up-to-date: /home/kafando/Ros2_ws/install/mm_bringup/share/mm_bringup//meshes/arm_link1.STL
[1.200s] -- Up-to-date: /home/kafando/Ros2_ws/install/mm_bringup/share/mm_bringup//meshes/base_link_c.STL
[1.200s] -- Up-to-date: /home/kafando/Ros2_ws/install/mm_bringup/share/mm_bringup//meshes/arm_link2.STL
[1.200s] -- Up-to-date: /home/kafando/Ros2_ws/install/mm_bringup/share/mm_bringup//meshes/camera_link.STL
[1.200s] -- Up-to-date: /home/kafando/Ros2_ws/install/mm_bringup/share/mm_bringup//meshes/left_ultrasonic_link.STL
[1.200s] -- Up-to-date: /home/kafando/Ros2_ws/install/mm_bringup/share/mm_bringup//meshes/base_link.STL
[1.200s] -- Up-to-date: /home/kafando/Ros2_ws/install/mm_bringup/share/mm_bringup//meshes/arm_link0.STL
[1.200s] -- Up-to-date: /home/kafando/Ros2_ws/install/mm_bringup/share/mm_bringup//meshes/arm_link1_cv.STL
[1.200s] -- Up-to-date: /home/kafando/Ros2_ws/install/mm_bringup/share/mm_bringup//meshes/ee_unactuated_tooth_link.STL
[1.201s] -- Up-to-date: /home/kafando/Ros2_ws/install/mm_bringup/share/mm_bringup//meshes/arm_link4_cv.STL
[1.201s] -- Up-to-date: /home/kafando/Ros2_ws/install/mm_bringup/share/mm_bringup//meshes/right_front_wheel_link.STL
[1.201s] -- Up-to-date: /home/kafando/Ros2_ws/install/mm_bringup/share/mm_bringup//meshes/land.png
[1.201s] -- Up-to-date: /home/kafando/Ros2_ws/install/mm_bringup/share/mm_bringup//meshes/left_rear_wheel_link_c.STL
[1.201s] -- Up-to-date: /home/kafando/Ros2_ws/install/mm_bringup/share/mm_bringup//meshes/ee_actuated_tooth_link.STL
[1.201s] -- Up-to-date: /home/kafando/Ros2_ws/install/mm_bringup/share/mm_bringup//meshes/right_front_wheel_link_c.STL
[1.201s] -- Up-to-date: /home/kafando/Ros2_ws/install/mm_bringup/share/mm_bringup//meshes/lidar_link_c.STL
[1.202s] -- Up-to-date: /home/kafando/Ros2_ws/install/mm_bringup/share/mm_bringup//meshes/arm_link4_c.STL
[1.202s] -- Up-to-date: /home/kafando/Ros2_ws/install/mm_bringup/share/mm_bringup//meshes/arm_link4_v.STL
[1.202s] -- Up-to-date: /home/kafando/Ros2_ws/install/mm_bringup/share/mm_bringup//meshes/imu_link.STL
[1.202s] -- Up-to-date: /home/kafando/Ros2_ws/install/mm_bringup/share/mm_bringup//meshes/camera_link_c.STL
[1.202s] -- Up-to-date: /home/kafando/Ros2_ws/install/mm_bringup/share/mm_bringup//meshes/arm_link3.STL
[1.202s] -- Up-to-date: /home/kafando/Ros2_ws/install/mm_bringup/share/mm_bringup//meshes/grass.png
[1.202s] -- Up-to-date: /home/kafando/Ros2_ws/install/mm_bringup/share/mm_bringup//meshes/left_rear_wheel_link.STL
[1.202s] -- Up-to-date: /home/kafando/Ros2_ws/install/mm_bringup/share/mm_bringup//meshes/arm_link0_cv.STL
[1.203s] -- Up-to-date: /home/kafando/Ros2_ws/install/mm_bringup/share/mm_bringup//meshes/container_link.STL
[1.203s] -- Up-to-date: /home/kafando/Ros2_ws/install/mm_bringup/share/mm_bringup//meshes/arm_link3_cv.STL
[1.203s] -- Up-to-date: /home/kafando/Ros2_ws/install/mm_bringup/share/mm_bringup//worlds
[1.203s] -- Up-to-date: /home/kafando/Ros2_ws/install/mm_bringup/share/mm_bringup//worlds/mm_env.world
[1.203s] -- Up-to-date: /home/kafando/Ros2_ws/install/mm_bringup/share/mm_bringup//worlds/empty.world
[1.204s] -- Up-to-date: /home/kafando/Ros2_ws/install/mm_bringup/share/mm_bringup//worlds/mm_world.world
[1.204s] -- Up-to-date: /home/kafando/Ros2_ws/install/mm_bringup/share/mm_bringup//rviz
[1.204s] -- Up-to-date: /home/kafando/Ros2_ws/install/mm_bringup/share/mm_bringup//rviz/gazebo.rviz
[1.204s] -- Up-to-date: /home/kafando/Ros2_ws/install/mm_bringup/share/mm_bringup//rviz/display.rviz
[1.204s] -- Up-to-date: /home/kafando/Ros2_ws/install/mm_bringup/share/ament_index/resource_index/package_run_dependencies/mm_bringup
[1.204s] -- Up-to-date: /home/kafando/Ros2_ws/install/mm_bringup/share/ament_index/resource_index/parent_prefix_path/mm_bringup
[1.204s] -- Up-to-date: /home/kafando/Ros2_ws/install/mm_bringup/share/mm_bringup/environment/ament_prefix_path.sh
[1.204s] -- Up-to-date: /home/kafando/Ros2_ws/install/mm_bringup/share/mm_bringup/environment/ament_prefix_path.dsv
[1.204s] -- Up-to-date: /home/kafando/Ros2_ws/install/mm_bringup/share/mm_bringup/environment/path.sh
[1.205s] -- Up-to-date: /home/kafando/Ros2_ws/install/mm_bringup/share/mm_bringup/environment/path.dsv
[1.205s] -- Up-to-date: /home/kafando/Ros2_ws/install/mm_bringup/share/mm_bringup/local_setup.bash
[1.205s] -- Up-to-date: /home/kafando/Ros2_ws/install/mm_bringup/share/mm_bringup/local_setup.sh
[1.205s] -- Up-to-date: /home/kafando/Ros2_ws/install/mm_bringup/share/mm_bringup/local_setup.zsh
[1.205s] -- Up-to-date: /home/kafando/Ros2_ws/install/mm_bringup/share/mm_bringup/local_setup.dsv
[1.206s] -- Installing: /home/kafando/Ros2_ws/install/mm_bringup/share/mm_bringup/package.dsv
[1.206s] -- Up-to-date: /home/kafando/Ros2_ws/install/mm_bringup/share/ament_index/resource_index/packages/mm_bringup
[1.206s] -- Up-to-date: /home/kafando/Ros2_ws/install/mm_bringup/share/mm_bringup/cmake/mm_bringupConfig.cmake
[1.206s] -- Up-to-date: /home/kafando/Ros2_ws/install/mm_bringup/share/mm_bringup/cmake/mm_bringupConfig-version.cmake
[1.206s] -- Up-to-date: /home/kafando/Ros2_ws/install/mm_bringup/share/mm_bringup/package.xml
[1.206s] Invoked command in '/home/kafando/Ros2_ws/build/mm_bringup' returned '0': CMAKE_PREFIX_PATH=${CMAKE_PREFIX_PATH}:/home/kafando/ws_moveit/install/moveit_configs_utils:/opt/ros/jazzy DEBUGINFOD_URLS=https://debuginfod.ubuntu.com /usr/bin/cmake --install /home/kafando/Ros2_ws/build/mm_bringup
