[0.061s] Invoking command in '/home/kafando/Ros2_ws/build/mm_behaviors': CMAKE_PREFIX_PATH=${CMAKE_PREFIX_PATH}:/home/kafando/ws_moveit/install/moveit_configs_utils:/opt/ros/jazzy DEBUGINFOD_URLS=https://debuginfod.ubuntu.com /usr/bin/cmake --build /home/kafando/Ros2_ws/build/mm_behaviors -- -j16 -l16
[0.284s] [ 16%] [32mBuilding CXX object CMakeFiles/wstta_robot_bt_node.dir/src/mm_moveit_actions.cpp.o[0m
[10.739s] In file included from [01m[K/opt/ros/jazzy/include/rclcpp/rclcpp/logging.hpp:24[m[K,
[10.739s]                  from [01m[K/opt/ros/jazzy/include/rclcpp/rclcpp/copy_all_parameter_values.hpp:27[m[K,
[10.739s]                  from [01m[K/opt/ros/jazzy/include/rclcpp/rclcpp/rclcpp.hpp:171[m[K,
[10.739s]                  from [01m[K/home/kafando/Ros2_ws/src/mm_behaviors/include/mm_behaviors/mm_moveit_actions.hpp:1[m[K,
[10.739s]                  from [01m[K/home/kafando/Ros2_ws/src/mm_behaviors/src/mm_moveit_actions.cpp:1[m[K:
[10.739s] [01m[K/home/kafando/Ros2_ws/src/mm_behaviors/src/mm_moveit_actions.cpp:[m[K In member function ‘[01m[Kvirtual BT::NodeStatus PlanForTheArm::[01;32m[KonRunning[m[K()[m[K’:
[10.739s] [01m[K/home/kafando/Ros2_ws/src/mm_behaviors/src/mm_moveit_actions.cpp:96:42:[m[K [01;35m[Kwarning: [m[Kformat ‘[01m[K%f[m[K’ expects argument of type ‘[01m[Kdouble[m[K’, but argument 5 has type ‘[01m[Kbuiltin_interfaces::msg::Time_<std::allocator<void> >::_nanosec_type[m[K’ {aka ‘[01m[Kunsigned int[m[K’} [[01;35m[K]8;;https://gcc.gnu.org/onlinedocs/gcc/Warning-Options.html#index-Wformat=-Wformat=]8;;[m[K]
[10.739s]    96 |     RCLCPP_ERROR(node_ptr_->get_logger(),[01;35m[K"the time is : %f"[m[K,[32m[Kobject_map_pose.header.stamp.nanosec[m[K);
[10.739s]       |                                          [01;35m[K^~~~~~~~~~~~~~~~~~[m[K [32m[K~~~~~~~~~~~~~~~~~~~~~~~~~~~~~~~~~~~~[m[K
[10.739s]       |                                                                                          [32m[K|[m[K
[10.739s]       |                                                                                          [32m[Kbuiltin_interfaces::msg::Time_<std::allocator<void> >::_nanosec_type {aka unsigned int}[m[K
[10.739s] [01m[K/home/kafando/Ros2_ws/src/mm_behaviors/src/mm_moveit_actions.cpp:96:58:[m[K [01;36m[Knote: [m[Kformat string is defined here
[10.739s]    96 |     RCLCPP_ERROR(node_ptr_->get_logger(),"the time is : [01;36m[K%f[m[K",object_map_pose.header.stamp.nanosec);
[10.740s]       |                                                         [01;36m[K~^[m[K
[10.740s]       |                                                          [01;36m[K|[m[K
[10.740s]       |                                                          [01;36m[Kdouble[m[K
[10.740s]       |                                                         [32m[K%d[m[K
[22.199s] [ 33%] [32m[1mLinking CXX executable wstta_robot_bt_node[0m
[23.827s] [100%] Built target wstta_robot_bt_node
[23.850s] Invoked command in '/home/kafando/Ros2_ws/build/mm_behaviors' returned '0': CMAKE_PREFIX_PATH=${CMAKE_PREFIX_PATH}:/home/kafando/ws_moveit/install/moveit_configs_utils:/opt/ros/jazzy DEBUGINFOD_URLS=https://debuginfod.ubuntu.com /usr/bin/cmake --build /home/kafando/Ros2_ws/build/mm_behaviors -- -j16 -l16
[23.851s] Invoking command in '/home/kafando/Ros2_ws/build/mm_behaviors': CMAKE_PREFIX_PATH=${CMAKE_PREFIX_PATH}:/home/kafando/ws_moveit/install/moveit_configs_utils:/opt/ros/jazzy DEBUGINFOD_URLS=https://debuginfod.ubuntu.com /usr/bin/cmake --install /home/kafando/Ros2_ws/build/mm_behaviors
[23.867s] -- Install configuration: ""
[23.868s] -- Up-to-date: /home/kafando/Ros2_ws/install/mm_behaviors/share/mm_behaviors/xml_tree
[23.868s] -- Up-to-date: /home/kafando/Ros2_ws/install/mm_behaviors/share/mm_behaviors/xml_tree/mm_behaviors.xml
[23.868s] -- Up-to-date: /home/kafando/Ros2_ws/install/mm_behaviors/share/mm_behaviors/launch
[23.868s] -- Up-to-date: /home/kafando/Ros2_ws/install/mm_behaviors/share/mm_behaviors/launch/mm_bt_nodes.launch.py
[23.868s] -- Up-to-date: /home/kafando/Ros2_ws/install/mm_behaviors/share/mm_behaviors/config
[23.868s] -- Installing: /home/kafando/Ros2_ws/install/mm_behaviors/lib/mm_behaviors/wstta_robot_bt_node
[23.874s] -- Set non-toolchain portion of runtime path of "/home/kafando/Ros2_ws/install/mm_behaviors/lib/mm_behaviors/wstta_robot_bt_node" to ""
[23.874s] -- Up-to-date: /home/kafando/Ros2_ws/install/mm_behaviors/share/ament_index/resource_index/package_run_dependencies/mm_behaviors
[23.874s] -- Up-to-date: /home/kafando/Ros2_ws/install/mm_behaviors/share/ament_index/resource_index/parent_prefix_path/mm_behaviors
[23.874s] -- Up-to-date: /home/kafando/Ros2_ws/install/mm_behaviors/share/mm_behaviors/environment/ament_prefix_path.sh
[23.874s] -- Up-to-date: /home/kafando/Ros2_ws/install/mm_behaviors/share/mm_behaviors/environment/ament_prefix_path.dsv
[23.874s] -- Up-to-date: /home/kafando/Ros2_ws/install/mm_behaviors/share/mm_behaviors/environment/path.sh
[23.875s] -- Up-to-date: /home/kafando/Ros2_ws/install/mm_behaviors/share/mm_behaviors/environment/path.dsv
[23.875s] -- Up-to-date: /home/kafando/Ros2_ws/install/mm_behaviors/share/mm_behaviors/local_setup.bash
[23.875s] -- Up-to-date: /home/kafando/Ros2_ws/install/mm_behaviors/share/mm_behaviors/local_setup.sh
[23.875s] -- Up-to-date: /home/kafando/Ros2_ws/install/mm_behaviors/share/mm_behaviors/local_setup.zsh
[23.875s] -- Up-to-date: /home/kafando/Ros2_ws/install/mm_behaviors/share/mm_behaviors/local_setup.dsv
[23.875s] -- Installing: /home/kafando/Ros2_ws/install/mm_behaviors/share/mm_behaviors/package.dsv
[23.875s] -- Up-to-date: /home/kafando/Ros2_ws/install/mm_behaviors/share/ament_index/resource_index/packages/mm_behaviors
[23.875s] -- Up-to-date: /home/kafando/Ros2_ws/install/mm_behaviors/share/mm_behaviors/cmake/mm_behaviorsConfig.cmake
[23.875s] -- Up-to-date: /home/kafando/Ros2_ws/install/mm_behaviors/share/mm_behaviors/cmake/mm_behaviorsConfig-version.cmake
[23.875s] -- Up-to-date: /home/kafando/Ros2_ws/install/mm_behaviors/share/mm_behaviors/package.xml
[23.878s] Invoked command in '/home/kafando/Ros2_ws/build/mm_behaviors' returned '0': CMAKE_PREFIX_PATH=${CMAKE_PREFIX_PATH}:/home/kafando/ws_moveit/install/moveit_configs_utils:/opt/ros/jazzy DEBUGINFOD_URLS=https://debuginfod.ubuntu.com /usr/bin/cmake --install /home/kafando/Ros2_ws/build/mm_behaviors
