[ 25%] Built target first_tree
[ 50%] Built target numb_checker
[ 75%] Built target bt_action
[100%] Built target reach_location_server
-- Install configuration: ""
-- Up-to-date: /home/kafando/Ros2_ws/install/bt_concepts/lib/bt_concepts/first_tree
-- Up-to-date: /home/kafando/Ros2_ws/install/bt_concepts/lib/bt_concepts/numb_checker
-- Up-to-date: /home/kafando/Ros2_ws/install/bt_concepts/lib/bt_concepts/bt_action
-- Up-to-date: /home/kafando/Ros2_ws/install/bt_concepts/lib/bt_concepts/reach_location_server
-- Up-to-date: /home/kafando/Ros2_ws/install/bt_concepts/share/bt_concepts//trees
-- Up-to-date: /home/kafando/Ros2_ws/install/bt_concepts/share/bt_concepts//trees/numb_checker.xml
-- Up-to-date: /home/kafando/Ros2_ws/install/bt_concepts/share/bt_concepts//trees/first_tree.xml
-- Up-to-date: /home/kafando/Ros2_ws/install/bt_concepts/share/bt_concepts//trees/reach_location_x_y.xml
-- Up-to-date: /home/kafando/Ros2_ws/install/bt_concepts/share/bt_concepts//launch
-- Up-to-date: /home/kafando/Ros2_ws/install/bt_concepts/share/bt_concepts//launch/bt_ros2_actions.launch.py
-- Up-to-date: /home/kafando/Ros2_ws/install/bt_concepts/share/bt_concepts//launch/number_checker.launch.py
-- Up-to-date: /home/kafando/Ros2_ws/install/bt_concepts/share/bt_concepts//launch/first_bt.launch.py
-- Up-to-date: /home/kafando/Ros2_ws/install/bt_concepts/share/ament_index/resource_index/package_run_dependencies/bt_concepts
-- Up-to-date: /home/kafando/Ros2_ws/install/bt_concepts/share/ament_index/resource_index/parent_prefix_path/bt_concepts
-- Up-to-date: /home/kafando/Ros2_ws/install/bt_concepts/share/bt_concepts/environment/ament_prefix_path.sh
-- Up-to-date: /home/kafando/Ros2_ws/install/bt_concepts/share/bt_concepts/environment/ament_prefix_path.dsv
-- Up-to-date: /home/kafando/Ros2_ws/install/bt_concepts/share/bt_concepts/environment/path.sh
-- Up-to-date: /home/kafando/Ros2_ws/install/bt_concepts/share/bt_concepts/environment/path.dsv
-- Up-to-date: /home/kafando/Ros2_ws/install/bt_concepts/share/bt_concepts/local_setup.bash
-- Up-to-date: /home/kafando/Ros2_ws/install/bt_concepts/share/bt_concepts/local_setup.sh
-- Up-to-date: /home/kafando/Ros2_ws/install/bt_concepts/share/bt_concepts/local_setup.zsh
-- Up-to-date: /home/kafando/Ros2_ws/install/bt_concepts/share/bt_concepts/local_setup.dsv
-- Installing: /home/kafando/Ros2_ws/install/bt_concepts/share/bt_concepts/package.dsv
-- Up-to-date: /home/kafando/Ros2_ws/install/bt_concepts/share/ament_index/resource_index/packages/bt_concepts
-- Up-to-date: /home/kafando/Ros2_ws/install/bt_concepts/share/bt_concepts/cmake/bt_conceptsConfig.cmake
-- Up-to-date: /home/kafando/Ros2_ws/install/bt_concepts/share/bt_concepts/cmake/bt_conceptsConfig-version.cmake
-- Up-to-date: /home/kafando/Ros2_ws/install/bt_concepts/share/bt_concepts/package.xml
