[01m[K/home/kafando/Ros2_ws/src/mm_behaviors/src/mm_moveit_actions.cpp:[m[K In member function ‘[01m[Kvirtual BT::NodeStatus PlanForTheArm::[01;32m[KonRunning[m[K()[m[K’:
[01m[K/home/kafando/Ros2_ws/src/mm_behaviors/src/mm_moveit_actions.cpp:215:36:[m[K [01;31m[Kerror: [m[Kcannot convert ‘[01m[Kmoveit_msgs::msg::RobotTrajectory[m[K’ {aka ‘[01m[Kmoveit_msgs::msg::RobotTrajectory_<std::allocator<void> >[m[K’} to ‘[01m[Kmoveit::planning_interface::MoveGroupInterface::Plan&[m[K’
  215 |     auto status = move_group->plan([01;31m[Kmy_plan[m[K);
      |                                    [01;31m[K^~~~~~~[m[K
      |                                    [01;31m[K|[m[K
      |                                    [01;31m[Kmoveit_msgs::msg::RobotTrajectory {aka moveit_msgs::msg::RobotTrajectory_<std::allocator<void> >}[m[K
In file included from [01m[K/home/kafando/Ros2_ws/src/mm_behaviors/include/mm_behaviors/mm_moveit_actions.hpp:6[m[K,
                 from [01m[K/home/kafando/Ros2_ws/src/mm_behaviors/src/mm_moveit_actions.cpp:1[m[K:
[01m[K/home/kafando/ws_moveit/install/moveit_ros_planning_interface/include/moveit_ros_planning_interface/moveit/move_group_interface/move_group_interface.hpp:724:44:[m[K [01;36m[Knote: [m[K  initializing argument 1 of ‘[01m[Kmoveit::core::MoveItErrorCode moveit::planning_interface::MoveGroupInterface::[01;32m[Kplan[m[K(Plan&)[m[K’
  724 |   moveit::core::MoveItErrorCode plan([01;36m[KPlan& plan[m[K);
      |                                      [01;36m[K~~~~~~^~~~[m[K
[01m[K/home/kafando/Ros2_ws/src/mm_behaviors/src/mm_moveit_actions.cpp:213:18:[m[K [01;35m[Kwarning: [m[Kunused variable ‘[01m[Kstep[m[K’ [[01;35m[K]8;;https://gcc.gnu.org/onlinedocs/gcc/Warning-Options.html#index-Wunused-variable-Wunused-variable]8;;[m[K]
  213 |     const double [01;35m[Kstep[m[K = 0.01;
      |                  [01;35m[K^~~~[m[K
[01m[K/home/kafando/Ros2_ws/src/mm_behaviors/src/mm_moveit_actions.cpp:246:1:[m[K [01;35m[Kwarning: [m[Kcontrol reaches end of non-void function [[01;35m[K]8;;https://gcc.gnu.org/onlinedocs/gcc/Warning-Options.html#index-Wreturn-type-Wreturn-type]8;;[m[K]
  246 | [01;35m[K}[m[K
      | [01;35m[K^[m[K
gmake[2]: *** [CMakeFiles/wstta_robot_bt_node.dir/build.make:104: CMakeFiles/wstta_robot_bt_node.dir/src/mm_moveit_actions.cpp.o] Error 1
gmake[1]: *** [CMakeFiles/Makefile2:137: CMakeFiles/wstta_robot_bt_node.dir/all] Error 2
gmake: *** [Makefile:146: all] Error 2
