-- The C compiler identification is GNU 13.3.0
-- The CXX compiler identification is GNU 13.3.0
-- Detecting C compiler ABI info
-- Detecting C compiler ABI info - done
-- Check for working C compiler: /usr/bin/cc - skipped
-- Detecting C compile features
-- Detecting C compile features - done
-- Detecting CXX compiler ABI info
-- Detecting CXX compiler ABI info - done
-- Check for working CXX compiler: /usr/bin/c++ - skipped
-- Detecting CXX compile features
-- Detecting CXX compile features - done
-- Found ament_cmake: 2.5.6 (/opt/ros/jazzy/share/ament_cmake/cmake)
-- Found Python3: /usr/bin/python3 (found version "3.12.3") found components: Interpreter 
-- Found rclcpp: 28.1.18 (/opt/ros/jazzy/share/rclcpp/cmake)
-- Found rosidl_generator_c: 4.6.7 (/opt/ros/jazzy/share/rosidl_generator_c/cmake)
-- Found rosidl_generator_cpp: 4.6.7 (/opt/ros/jazzy/share/rosidl_generator_cpp/cmake)
-- Using all available rosidl_typesupport_c: rosidl_typesupport_fastrtps_c;rosidl_typesupport_introspection_c
-- Using all available rosidl_typesupport_cpp: rosidl_typesupport_fastrtps_cpp;rosidl_typesupport_introspection_cpp
-- Found rmw_implementation_cmake: 7.3.3 (/opt/ros/jazzy/share/rmw_implementation_cmake/cmake)
-- Found rmw_fastrtps_cpp: 8.4.3 (/opt/ros/jazzy/share/rmw_fastrtps_cpp/cmake)
-- Found OpenSSL: /usr/lib/x86_64-linux-gnu/libcrypto.so (found version "3.0.13")  
-- Found FastRTPS: /opt/ros/jazzy/include (Required is at least version "2.13") 
-- Using RMW implementation 'rmw_fastrtps_cpp' as default
-- Found rclcpp_action: 28.1.18 (/opt/ros/jazzy/share/rclcpp_action/cmake)
-- Found std_msgs: 5.3.7 (/opt/ros/jazzy/share/std_msgs/cmake)
-- Found custom_interfaces: 0.0.0 (/home/kafando/Ros2_ws/install/custom_interfaces/share/custom_interfaces/cmake)
-- Found ament_lint_auto: 0.17.5 (/opt/ros/jazzy/share/ament_lint_auto/cmake)
-- Added test 'cppcheck' to perform static code analysis on C / C++ code
-- Configured cppcheck include dirs: 
-- Configured cppcheck exclude dirs and/or files: 
-- Added test 'flake8' to check Python code syntax and style conventions
-- Configured 'flake8' exclude dirs and/or files: 
-- Added test 'lint_cmake' to check CMake code style
-- Added test 'pep257' to check Python code against some of the docstring style conventions in PEP 257
-- Added test 'uncrustify' to check C / C++ code style
-- Configured uncrustify additional arguments: 
-- Added test 'xmllint' to check XML markup files
-- Configuring done (1.3s)
-- Generating done (0.0s)
-- Build files have been written to: /home/kafando/Ros2_ws/build/the_ros_concepts
[ 50%] [32mBuilding CXX object CMakeFiles/publisher_node.dir/src/cpp_publisher.cpp.o[0m
[ 50%] [32mBuilding CXX object CMakeFiles/service_server.dir/src/service_server.cpp.o[0m
[ 50%] [32mBuilding CXX object CMakeFiles/subscriber_node.dir/src/subscriber_node.cpp.o[0m
[ 50%] [32mBuilding CXX object CMakeFiles/action_client.dir/src/action_client.cpp.o[0m
[ 50%] [32mBuilding CXX object CMakeFiles/action_server.dir/src/action_server.cpp.o[0m
[ 50%] [32mBuilding CXX object CMakeFiles/node_to_test_yaml.dir/src/node_to_test_yaml.cpp.o[0m
[ 50%] [32mBuilding CXX object CMakeFiles/service_client.dir/src/service_client.cpp.o[0m
[ 57%] [32m[1mLinking CXX executable service_server[0m
[ 57%] Built target service_server
[ 64%] [32m[1mLinking CXX executable action_server[0m
[ 71%] [32m[1mLinking CXX executable action_client[0m
[ 71%] Built target action_server
[ 71%] Built target action_client
[ 78%] [32m[1mLinking CXX executable node_to_test_yaml[0m
[ 78%] Built target node_to_test_yaml
[ 85%] [32m[1mLinking CXX executable service_client[0m
[ 85%] Built target service_client
[ 92%] [32m[1mLinking CXX executable publisher_node[0m
[ 92%] Built target publisher_node
[100%] [32m[1mLinking CXX executable subscriber_node[0m
[100%] Built target subscriber_node
-- Install configuration: ""
-- Installing: /home/kafando/Ros2_ws/install/the_ros_concepts/lib/the_ros_concepts/publisher_node
-- Set non-toolchain portion of runtime path of "/home/kafando/Ros2_ws/install/the_ros_concepts/lib/the_ros_concepts/publisher_node" to ""
-- Installing: /home/kafando/Ros2_ws/install/the_ros_concepts/lib/the_ros_concepts/subscriber_node
-- Set non-toolchain portion of runtime path of "/home/kafando/Ros2_ws/install/the_ros_concepts/lib/the_ros_concepts/subscriber_node" to ""
-- Installing: /home/kafando/Ros2_ws/install/the_ros_concepts/lib/the_ros_concepts/service_server
-- Set non-toolchain portion of runtime path of "/home/kafando/Ros2_ws/install/the_ros_concepts/lib/the_ros_concepts/service_server" to ""
-- Installing: /home/kafando/Ros2_ws/install/the_ros_concepts/lib/the_ros_concepts/service_client
-- Set non-toolchain portion of runtime path of "/home/kafando/Ros2_ws/install/the_ros_concepts/lib/the_ros_concepts/service_client" to ""
-- Installing: /home/kafando/Ros2_ws/install/the_ros_concepts/lib/the_ros_concepts/action_server
-- Set non-toolchain portion of runtime path of "/home/kafando/Ros2_ws/install/the_ros_concepts/lib/the_ros_concepts/action_server" to ""
-- Installing: /home/kafando/Ros2_ws/install/the_ros_concepts/lib/the_ros_concepts/action_client
-- Set non-toolchain portion of runtime path of "/home/kafando/Ros2_ws/install/the_ros_concepts/lib/the_ros_concepts/action_client" to ""
-- Installing: /home/kafando/Ros2_ws/install/the_ros_concepts/lib/the_ros_concepts/node_to_test_yaml
-- Set non-toolchain portion of runtime path of "/home/kafando/Ros2_ws/install/the_ros_concepts/lib/the_ros_concepts/node_to_test_yaml" to ""
-- Installing: /home/kafando/Ros2_ws/install/the_ros_concepts/share/the_ros_concepts//launch
-- Installing: /home/kafando/Ros2_ws/install/the_ros_concepts/share/the_ros_concepts//launch/yaml_test.launch.py
-- Installing: /home/kafando/Ros2_ws/install/the_ros_concepts/share/the_ros_concepts//params
-- Installing: /home/kafando/Ros2_ws/install/the_ros_concepts/share/the_ros_concepts//params/my_node_params.yaml
-- Installing: /home/kafando/Ros2_ws/install/the_ros_concepts/share/ament_index/resource_index/package_run_dependencies/the_ros_concepts
-- Installing: /home/kafando/Ros2_ws/install/the_ros_concepts/share/ament_index/resource_index/parent_prefix_path/the_ros_concepts
-- Installing: /home/kafando/Ros2_ws/install/the_ros_concepts/share/the_ros_concepts/environment/ament_prefix_path.sh
-- Installing: /home/kafando/Ros2_ws/install/the_ros_concepts/share/the_ros_concepts/environment/ament_prefix_path.dsv
-- Installing: /home/kafando/Ros2_ws/install/the_ros_concepts/share/the_ros_concepts/environment/path.sh
-- Installing: /home/kafando/Ros2_ws/install/the_ros_concepts/share/the_ros_concepts/environment/path.dsv
-- Installing: /home/kafando/Ros2_ws/install/the_ros_concepts/share/the_ros_concepts/local_setup.bash
-- Installing: /home/kafando/Ros2_ws/install/the_ros_concepts/share/the_ros_concepts/local_setup.sh
-- Installing: /home/kafando/Ros2_ws/install/the_ros_concepts/share/the_ros_concepts/local_setup.zsh
-- Installing: /home/kafando/Ros2_ws/install/the_ros_concepts/share/the_ros_concepts/local_setup.dsv
-- Installing: /home/kafando/Ros2_ws/install/the_ros_concepts/share/the_ros_concepts/package.dsv
-- Installing: /home/kafando/Ros2_ws/install/the_ros_concepts/share/ament_index/resource_index/packages/the_ros_concepts
-- Installing: /home/kafando/Ros2_ws/install/the_ros_concepts/share/the_ros_concepts/cmake/the_ros_conceptsConfig.cmake
-- Installing: /home/kafando/Ros2_ws/install/the_ros_concepts/share/the_ros_concepts/cmake/the_ros_conceptsConfig-version.cmake
-- Installing: /home/kafando/Ros2_ws/install/the_ros_concepts/share/the_ros_concepts/package.xml
