[  6%] [32mBuilding CXX object CMakeFiles/service_client.dir/src/service_client.cpp.o[0m
[ 12%] [32mBuilding CXX object CMakeFiles/subscriber_node.dir/src/subscriber_node.cpp.o[0m
[ 18%] [32mBuilding CXX object CMakeFiles/service_server.dir/src/service_server.cpp.o[0m
[ 25%] [32mBuilding CXX object CMakeFiles/publisher_node.dir/src/cpp_publisher.cpp.o[0m
[ 31%] [32mBuilding CXX object CMakeFiles/node_to_test_yaml.dir/src/node_to_test_yaml.cpp.o[0m
[ 37%] [32mBuilding CXX object CMakeFiles/action_server.dir/src/action_server.cpp.o[0m
[ 43%] [32mBuilding CXX object CMakeFiles/action_client.dir/src/action_client.cpp.o[0m
[ 50%] [32mBuilding CXX object CMakeFiles/osqp_node.dir/src/osqp_node.cpp.o[0m
[ 56%] [32m[1mLinking CXX executable node_to_test_yaml[0m
[ 56%] Built target node_to_test_yaml
[ 62%] [32m[1mLinking CXX executable service_client[0m
[ 62%] Built target service_client
[ 68%] [32m[1mLinking CXX executable service_server[0m
[ 75%] [32m[1mLinking CXX executable action_client[0m
[ 75%] Built target service_server
[ 75%] Built target action_client
[ 81%] [32m[1mLinking CXX executable action_server[0m
[ 81%] Built target action_server
[ 87%] [32m[1mLinking CXX executable osqp_node[0m
[ 87%] Built target osqp_node
[ 93%] [32m[1mLinking CXX executable publisher_node[0m
[ 93%] Built target publisher_node
[100%] [32m[1mLinking CXX executable subscriber_node[0m
[100%] Built target subscriber_node
-- Install configuration: "Debug"
-- Installing: /home/kafando/Ros2_ws/install/the_ros_concepts/lib/the_ros_concepts/osqp_node
-- Set non-toolchain portion of runtime path of "/home/kafando/Ros2_ws/install/the_ros_concepts/lib/the_ros_concepts/osqp_node" to ""
-- Installing: /home/kafando/Ros2_ws/install/the_ros_concepts/lib/the_ros_concepts/publisher_node
-- Set non-toolchain portion of runtime path of "/home/kafando/Ros2_ws/install/the_ros_concepts/lib/the_ros_concepts/publisher_node" to ""
-- Installing: /home/kafando/Ros2_ws/install/the_ros_concepts/lib/the_ros_concepts/subscriber_node
-- Set non-toolchain portion of runtime path of "/home/kafando/Ros2_ws/install/the_ros_concepts/lib/the_ros_concepts/subscriber_node" to ""
-- Installing: /home/kafando/Ros2_ws/install/the_ros_concepts/lib/the_ros_concepts/service_server
-- Set non-toolchain portion of runtime path of "/home/kafando/Ros2_ws/install/the_ros_concepts/lib/the_ros_concepts/service_server" to ""
-- Installing: /home/kafando/Ros2_ws/install/the_ros_concepts/lib/the_ros_concepts/service_client
-- Set non-toolchain portion of runtime path of "/home/kafando/Ros2_ws/install/the_ros_concepts/lib/the_ros_concepts/service_client" to ""
-- Installing: /home/kafando/Ros2_ws/install/the_ros_concepts/lib/the_ros_concepts/action_server
-- Set non-toolchain portion of runtime path of "/home/kafando/Ros2_ws/install/the_ros_concepts/lib/the_ros_concepts/action_server" to ""
-- Installing: /home/kafando/Ros2_ws/install/the_ros_concepts/lib/the_ros_concepts/action_client
-- Set non-toolchain portion of runtime path of "/home/kafando/Ros2_ws/install/the_ros_concepts/lib/the_ros_concepts/action_client" to ""
-- Installing: /home/kafando/Ros2_ws/install/the_ros_concepts/lib/the_ros_concepts/node_to_test_yaml
-- Set non-toolchain portion of runtime path of "/home/kafando/Ros2_ws/install/the_ros_concepts/lib/the_ros_concepts/node_to_test_yaml" to ""
-- Up-to-date: /home/kafando/Ros2_ws/install/the_ros_concepts/lib/the_ros_concepts/osqp_node
-- Up-to-date: /home/kafando/Ros2_ws/install/the_ros_concepts/share/the_ros_concepts//launch
-- Up-to-date: /home/kafando/Ros2_ws/install/the_ros_concepts/share/the_ros_concepts//launch/yaml_test.launch.py
-- Up-to-date: /home/kafando/Ros2_ws/install/the_ros_concepts/share/the_ros_concepts//params
-- Up-to-date: /home/kafando/Ros2_ws/install/the_ros_concepts/share/the_ros_concepts//params/my_node_params.yaml
-- Up-to-date: /home/kafando/Ros2_ws/install/the_ros_concepts/share/ament_index/resource_index/package_run_dependencies/the_ros_concepts
-- Up-to-date: /home/kafando/Ros2_ws/install/the_ros_concepts/share/ament_index/resource_index/parent_prefix_path/the_ros_concepts
-- Up-to-date: /home/kafando/Ros2_ws/install/the_ros_concepts/share/the_ros_concepts/environment/ament_prefix_path.sh
-- Up-to-date: /home/kafando/Ros2_ws/install/the_ros_concepts/share/the_ros_concepts/environment/ament_prefix_path.dsv
-- Up-to-date: /home/kafando/Ros2_ws/install/the_ros_concepts/share/the_ros_concepts/environment/path.sh
-- Up-to-date: /home/kafando/Ros2_ws/install/the_ros_concepts/share/the_ros_concepts/environment/path.dsv
-- Up-to-date: /home/kafando/Ros2_ws/install/the_ros_concepts/share/the_ros_concepts/local_setup.bash
-- Up-to-date: /home/kafando/Ros2_ws/install/the_ros_concepts/share/the_ros_concepts/local_setup.sh
-- Up-to-date: /home/kafando/Ros2_ws/install/the_ros_concepts/share/the_ros_concepts/local_setup.zsh
-- Up-to-date: /home/kafando/Ros2_ws/install/the_ros_concepts/share/the_ros_concepts/local_setup.dsv
-- Installing: /home/kafando/Ros2_ws/install/the_ros_concepts/share/the_ros_concepts/package.dsv
-- Up-to-date: /home/kafando/Ros2_ws/install/the_ros_concepts/share/ament_index/resource_index/packages/the_ros_concepts
-- Up-to-date: /home/kafando/Ros2_ws/install/the_ros_concepts/share/the_ros_concepts/cmake/the_ros_conceptsConfig.cmake
-- Up-to-date: /home/kafando/Ros2_ws/install/the_ros_concepts/share/the_ros_concepts/cmake/the_ros_conceptsConfig-version.cmake
-- Up-to-date: /home/kafando/Ros2_ws/install/the_ros_concepts/share/the_ros_concepts/package.xml
