-- The C compiler identification is GNU 13.3.0
-- The CXX compiler identification is GNU 13.3.0
-- Detecting C compiler ABI info
-- Detecting C compiler ABI info - done
-- Check for working C compiler: /usr/bin/cc - skipped
-- Detecting C compile features
-- Detecting C compile features - done
-- Detecting CXX compiler ABI info
-- Detecting CXX compiler ABI info - done
-- Check for working CXX compiler: /usr/bin/c++ - skipped
-- Detecting CXX compile features
-- Detecting CXX compile features - done
-- Found ament_cmake: 2.5.6 (/opt/ros/jazzy/share/ament_cmake/cmake)
-- Found Python3: /usr/bin/python3 (found version "3.12.3") found components: Interpreter 
-- Found rclcpp: 28.1.18 (/opt/ros/jazzy/share/rclcpp/cmake)
-- Found rosidl_generator_c: 4.6.7 (/opt/ros/jazzy/share/rosidl_generator_c/cmake)
-- Found rosidl_generator_cpp: 4.6.7 (/opt/ros/jazzy/share/rosidl_generator_cpp/cmake)
-- Using all available rosidl_typesupport_c: rosidl_typesupport_fastrtps_c;rosidl_typesupport_introspection_c
-- Using all available rosidl_typesupport_cpp: rosidl_typesupport_fastrtps_cpp;rosidl_typesupport_introspection_cpp
-- Found rmw_implementation_cmake: 7.3.3 (/opt/ros/jazzy/share/rmw_implementation_cmake/cmake)
-- Found rmw_fastrtps_cpp: 8.4.3 (/opt/ros/jazzy/share/rmw_fastrtps_cpp/cmake)
-- Found OpenSSL: /usr/lib/x86_64-linux-gnu/libcrypto.so (found version "3.0.13")  
-- Found FastRTPS: /opt/ros/jazzy/include (Required is at least version "2.13") 
-- Using RMW implementation 'rmw_fastrtps_cpp' as default
-- Found std_msgs: 5.3.7 (/opt/ros/jazzy/share/std_msgs/cmake)
-- Found controller_interface: 4.44.0 (/opt/ros/jazzy/share/controller_interface/cmake)
-- Found ament_lint_auto: 0.17.5 (/opt/ros/jazzy/share/ament_lint_auto/cmake)
-- Added test 'cppcheck' to perform static code analysis on C / C++ code
-- Configured cppcheck include dirs: 
-- Configured cppcheck exclude dirs and/or files: 
-- Added test 'lint_cmake' to check CMake code style
-- Added test 'uncrustify' to check C / C++ code style
-- Configured uncrustify additional arguments: 
-- Added test 'xmllint' to check XML markup files
-- Configuring done (1.7s)
-- Generating done (0.0s)
-- Build files have been written to: /home/kafando/Ros2_ws/build/custom_controllers
[ 50%] [32mBuilding CXX object CMakeFiles/sine_law_controller.dir/src/sine_controller.cpp.o[0m
[100%] [32m[1mLinking CXX shared library libsine_law_controller.so[0m
[100%] Built target sine_law_controller
-- Install configuration: ""
-- Installing: /home/kafando/Ros2_ws/install/custom_controllers/share/custom_controllers/sine_law_controller.xml
-- Installing: /home/kafando/Ros2_ws/install/custom_controllers/lib/libsine_law_controller.so
-- Set non-toolchain portion of runtime path of "/home/kafando/Ros2_ws/install/custom_controllers/lib/libsine_law_controller.so" to ""
-- Installing: /home/kafando/Ros2_ws/install/custom_controllers/share/custom_controllers//include
-- Installing: /home/kafando/Ros2_ws/install/custom_controllers/share/custom_controllers//include/custom_controllers
-- Installing: /home/kafando/Ros2_ws/install/custom_controllers/share/custom_controllers//include/custom_controllers/wbc_for_mm_control.hpp
-- Installing: /home/kafando/Ros2_ws/install/custom_controllers/share/ament_index/resource_index/package_run_dependencies/custom_controllers
-- Installing: /home/kafando/Ros2_ws/install/custom_controllers/share/ament_index/resource_index/parent_prefix_path/custom_controllers
-- Installing: /home/kafando/Ros2_ws/install/custom_controllers/share/custom_controllers/environment/ament_prefix_path.sh
-- Installing: /home/kafando/Ros2_ws/install/custom_controllers/share/custom_controllers/environment/ament_prefix_path.dsv
-- Installing: /home/kafando/Ros2_ws/install/custom_controllers/share/custom_controllers/environment/path.sh
-- Installing: /home/kafando/Ros2_ws/install/custom_controllers/share/custom_controllers/environment/path.dsv
-- Installing: /home/kafando/Ros2_ws/install/custom_controllers/share/custom_controllers/local_setup.bash
-- Installing: /home/kafando/Ros2_ws/install/custom_controllers/share/custom_controllers/local_setup.sh
-- Installing: /home/kafando/Ros2_ws/install/custom_controllers/share/custom_controllers/local_setup.zsh
-- Installing: /home/kafando/Ros2_ws/install/custom_controllers/share/custom_controllers/local_setup.dsv
-- Installing: /home/kafando/Ros2_ws/install/custom_controllers/share/custom_controllers/package.dsv
-- Installing: /home/kafando/Ros2_ws/install/custom_controllers/share/ament_index/resource_index/packages/custom_controllers
-- Installing: /home/kafando/Ros2_ws/install/custom_controllers/share/ament_index/resource_index/controller_interface__pluginlib__plugin/custom_controllers
-- Installing: /home/kafando/Ros2_ws/install/custom_controllers/share/custom_controllers/cmake/custom_controllersConfig.cmake
-- Installing: /home/kafando/Ros2_ws/install/custom_controllers/share/custom_controllers/cmake/custom_controllersConfig-version.cmake
-- Installing: /home/kafando/Ros2_ws/install/custom_controllers/share/custom_controllers/package.xml
