[0.016s] Invoking command in '/home/kafando/Ros2_ws/build/custom_controllers': CMAKE_PREFIX_PATH=${CMAKE_PREFIX_PATH}:/home/kafando/ws_moveit/install/moveit_configs_utils:/home/kafando/Ros2_ws/install/moveit_configs_utils:/opt/ros/jazzy DEBUGINFOD_URLS=https://debuginfod.ubuntu.com /usr/bin/cmake /home/kafando/Ros2_ws/src/custom_controllers -DCMAKE_INSTALL_PREFIX=/home/kafando/Ros2_ws/install/custom_controllers
[0.065s] -- The C compiler identification is GNU 13.3.0
[0.114s] -- The CXX compiler identification is GNU 13.3.0
[0.128s] -- Detecting C compiler ABI info
[0.201s] -- Detecting C compiler ABI info - done
[0.208s] -- Check for working C compiler: /usr/bin/cc - skipped
[0.208s] -- Detecting C compile features
[0.208s] -- Detecting C compile features - done
[0.218s] -- Detecting CXX compiler ABI info
[0.301s] -- Detecting CXX compiler ABI info - done
[0.314s] -- Check for working CXX compiler: /usr/bin/c++ - skipped
[0.314s] -- Detecting CXX compile features
[0.314s] -- Detecting CXX compile features - done
[0.322s] -- Found ament_cmake: 2.5.6 (/opt/ros/jazzy/share/ament_cmake/cmake)
[0.521s] -- Found Python3: /usr/bin/python3 (found version "3.12.3") found components: Interpreter 
[0.652s] -- Found rclcpp: 28.1.18 (/opt/ros/jazzy/share/rclcpp/cmake)
[0.716s] -- Found rosidl_generator_c: 4.6.7 (/opt/ros/jazzy/share/rosidl_generator_c/cmake)
[0.735s] -- Found rosidl_generator_cpp: 4.6.7 (/opt/ros/jazzy/share/rosidl_generator_cpp/cmake)
[0.760s] -- Using all available rosidl_typesupport_c: rosidl_typesupport_fastrtps_c;rosidl_typesupport_introspection_c
[0.785s] -- Using all available rosidl_typesupport_cpp: rosidl_typesupport_fastrtps_cpp;rosidl_typesupport_introspection_cpp
[0.876s] -- Found rmw_implementation_cmake: 7.3.3 (/opt/ros/jazzy/share/rmw_implementation_cmake/cmake)
[0.886s] -- Found rmw_fastrtps_cpp: 8.4.3 (/opt/ros/jazzy/share/rmw_fastrtps_cpp/cmake)
[1.001s] -- Found OpenSSL: /usr/lib/x86_64-linux-gnu/libcrypto.so (found version "3.0.13")  
[1.026s] -- Found FastRTPS: /opt/ros/jazzy/include (Required is at least version "2.13") 
[1.052s] -- Using RMW implementation 'rmw_fastrtps_cpp' as default
[1.135s] -- Found std_msgs: 5.3.7 (/opt/ros/jazzy/share/std_msgs/cmake)
[1.152s] -- Found controller_interface: 4.44.0 (/opt/ros/jazzy/share/controller_interface/cmake)
[1.596s] -- Found ament_lint_auto: 0.17.5 (/opt/ros/jazzy/share/ament_lint_auto/cmake)
[1.710s] -- Added test 'cppcheck' to perform static code analysis on C / C++ code
[1.710s] -- Configured cppcheck include dirs: 
[1.710s] -- Configured cppcheck exclude dirs and/or files: 
[1.712s] -- Added test 'lint_cmake' to check CMake code style
[1.714s] -- Added test 'uncrustify' to check C / C++ code style
[1.714s] -- Configured uncrustify additional arguments: 
[1.716s] -- Added test 'xmllint' to check XML markup files
[1.720s] -- Configuring done (1.7s)
[1.739s] -- Generating done (0.0s)
[1.743s] -- Build files have been written to: /home/kafando/Ros2_ws/build/custom_controllers
[1.755s] Invoked command in '/home/kafando/Ros2_ws/build/custom_controllers' returned '0': CMAKE_PREFIX_PATH=${CMAKE_PREFIX_PATH}:/home/kafando/ws_moveit/install/moveit_configs_utils:/home/kafando/Ros2_ws/install/moveit_configs_utils:/opt/ros/jazzy DEBUGINFOD_URLS=https://debuginfod.ubuntu.com /usr/bin/cmake /home/kafando/Ros2_ws/src/custom_controllers -DCMAKE_INSTALL_PREFIX=/home/kafando/Ros2_ws/install/custom_controllers
[1.756s] Invoking command in '/home/kafando/Ros2_ws/build/custom_controllers': CMAKE_PREFIX_PATH=${CMAKE_PREFIX_PATH}:/home/kafando/ws_moveit/install/moveit_configs_utils:/home/kafando/Ros2_ws/install/moveit_configs_utils:/opt/ros/jazzy DEBUGINFOD_URLS=https://debuginfod.ubuntu.com /usr/bin/cmake --build /home/kafando/Ros2_ws/build/custom_controllers -- -j16 -l16
[1.813s] [ 50%] [32mBuilding CXX object CMakeFiles/sine_law_controller.dir/src/sine_controller.cpp.o[0m
[9.057s] [100%] [32m[1mLinking CXX shared library libsine_law_controller.so[0m
[9.333s] [100%] Built target sine_law_controller
[9.343s] Invoked command in '/home/kafando/Ros2_ws/build/custom_controllers' returned '0': CMAKE_PREFIX_PATH=${CMAKE_PREFIX_PATH}:/home/kafando/ws_moveit/install/moveit_configs_utils:/home/kafando/Ros2_ws/install/moveit_configs_utils:/opt/ros/jazzy DEBUGINFOD_URLS=https://debuginfod.ubuntu.com /usr/bin/cmake --build /home/kafando/Ros2_ws/build/custom_controllers -- -j16 -l16
[9.343s] Invoking command in '/home/kafando/Ros2_ws/build/custom_controllers': CMAKE_PREFIX_PATH=${CMAKE_PREFIX_PATH}:/home/kafando/ws_moveit/install/moveit_configs_utils:/home/kafando/Ros2_ws/install/moveit_configs_utils:/opt/ros/jazzy DEBUGINFOD_URLS=https://debuginfod.ubuntu.com /usr/bin/cmake --install /home/kafando/Ros2_ws/build/custom_controllers
[9.351s] -- Install configuration: ""
[9.352s] -- Installing: /home/kafando/Ros2_ws/install/custom_controllers/share/custom_controllers/sine_law_controller.xml
[9.352s] -- Installing: /home/kafando/Ros2_ws/install/custom_controllers/lib/libsine_law_controller.so
[9.354s] -- Set non-toolchain portion of runtime path of "/home/kafando/Ros2_ws/install/custom_controllers/lib/libsine_law_controller.so" to ""
[9.354s] -- Installing: /home/kafando/Ros2_ws/install/custom_controllers/share/custom_controllers//include
[9.355s] -- Installing: /home/kafando/Ros2_ws/install/custom_controllers/share/custom_controllers//include/custom_controllers
[9.355s] -- Installing: /home/kafando/Ros2_ws/install/custom_controllers/share/custom_controllers//include/custom_controllers/wbc_for_mm_control.hpp
[9.355s] -- Installing: /home/kafando/Ros2_ws/install/custom_controllers/share/ament_index/resource_index/package_run_dependencies/custom_controllers
[9.355s] -- Installing: /home/kafando/Ros2_ws/install/custom_controllers/share/ament_index/resource_index/parent_prefix_path/custom_controllers
[9.355s] -- Installing: /home/kafando/Ros2_ws/install/custom_controllers/share/custom_controllers/environment/ament_prefix_path.sh
[9.355s] -- Installing: /home/kafando/Ros2_ws/install/custom_controllers/share/custom_controllers/environment/ament_prefix_path.dsv
[9.355s] -- Installing: /home/kafando/Ros2_ws/install/custom_controllers/share/custom_controllers/environment/path.sh
[9.356s] -- Installing: /home/kafando/Ros2_ws/install/custom_controllers/share/custom_controllers/environment/path.dsv
[9.356s] -- Installing: /home/kafando/Ros2_ws/install/custom_controllers/share/custom_controllers/local_setup.bash
[9.356s] -- Installing: /home/kafando/Ros2_ws/install/custom_controllers/share/custom_controllers/local_setup.sh
[9.356s] -- Installing: /home/kafando/Ros2_ws/install/custom_controllers/share/custom_controllers/local_setup.zsh
[9.356s] -- Installing: /home/kafando/Ros2_ws/install/custom_controllers/share/custom_controllers/local_setup.dsv
[9.356s] -- Installing: /home/kafando/Ros2_ws/install/custom_controllers/share/custom_controllers/package.dsv
[9.356s] -- Installing: /home/kafando/Ros2_ws/install/custom_controllers/share/ament_index/resource_index/packages/custom_controllers
[9.356s] -- Installing: /home/kafando/Ros2_ws/install/custom_controllers/share/ament_index/resource_index/controller_interface__pluginlib__plugin/custom_controllers
[9.356s] -- Installing: /home/kafando/Ros2_ws/install/custom_controllers/share/custom_controllers/cmake/custom_controllersConfig.cmake
[9.356s] -- Installing: /home/kafando/Ros2_ws/install/custom_controllers/share/custom_controllers/cmake/custom_controllersConfig-version.cmake
[9.356s] -- Installing: /home/kafando/Ros2_ws/install/custom_controllers/share/custom_controllers/package.xml
[9.358s] Invoked command in '/home/kafando/Ros2_ws/build/custom_controllers' returned '0': CMAKE_PREFIX_PATH=${CMAKE_PREFIX_PATH}:/home/kafando/ws_moveit/install/moveit_configs_utils:/home/kafando/Ros2_ws/install/moveit_configs_utils:/opt/ros/jazzy DEBUGINFOD_URLS=https://debuginfod.ubuntu.com /usr/bin/cmake --install /home/kafando/Ros2_ws/build/custom_controllers
