[0.032s] Invoking command in '/home/kafando/Ros2_ws/build/custom_interfaces': CMAKE_PREFIX_PATH=${CMAKE_PREFIX_PATH}:/home/kafando/ws_moveit/install/moveit_configs_utils:/opt/ros/jazzy DEBUGINFOD_URLS=https://debuginfod.ubuntu.com /usr/bin/cmake /home/kafando/Ros2_ws/src/custom_interfaces -DCMAKE_INSTALL_PREFIX=/home/kafando/Ros2_ws/install/custom_interfaces
[0.045s] -- Found ament_cmake: 2.5.6 (/opt/ros/jazzy/share/ament_cmake/cmake)
[0.139s] -- Found rosidl_default_generators: 1.6.0 (/opt/ros/jazzy/share/rosidl_default_generators/cmake)
[0.150s] -- Using all available rosidl_typesupport_c: rosidl_typesupport_fastrtps_c;rosidl_typesupport_introspection_c
[0.183s] -- Using all available rosidl_typesupport_cpp: rosidl_typesupport_fastrtps_cpp;rosidl_typesupport_introspection_cpp
[0.208s] -- Found rosidl_adapter: 4.6.7 (/opt/ros/jazzy/share/rosidl_adapter/cmake)
[0.209s] -- Found std_msgs: 5.3.7 (/opt/ros/jazzy/share/std_msgs/cmake)
[0.232s] -- Found geometry_msgs: 5.3.7 (/opt/ros/jazzy/share/geometry_msgs/cmake)
[0.537s] -- Found ament_cmake_ros: 0.12.0 (/opt/ros/jazzy/share/ament_cmake_ros/cmake)
[0.685s] -- Using all available rosidl_typesupport_c: rosidl_typesupport_fastrtps_c;rosidl_typesupport_introspection_c
[0.907s] -- Using all available rosidl_typesupport_cpp: rosidl_typesupport_fastrtps_cpp;rosidl_typesupport_introspection_cpp
[0.907s] -- Found python_cmake_module: 0.11.1 (/opt/ros/jazzy/share/python_cmake_module/cmake)
[1.192s] -- Found Python3: /usr/bin/python3 (found version "3.12.3") found components: Interpreter Development NumPy Development.Module Development.Embed 
[1.271s] -- Found Python3: /usr/bin/python3 (found version "3.12.3") found components: Interpreter 
[1.272s] -- Found ament_lint_auto: 0.17.5 (/opt/ros/jazzy/share/ament_lint_auto/cmake)
[1.278s] -- Added test 'lint_cmake' to check CMake code style
[1.279s] -- Added test 'xmllint' to check XML markup files
[1.280s] -- Configuring done (1.2s)
[1.313s] -- Generating done (0.0s)
[1.324s] -- Build files have been written to: /home/kafando/Ros2_ws/build/custom_interfaces
[1.332s] Invoked command in '/home/kafando/Ros2_ws/build/custom_interfaces' returned '0': CMAKE_PREFIX_PATH=${CMAKE_PREFIX_PATH}:/home/kafando/ws_moveit/install/moveit_configs_utils:/opt/ros/jazzy DEBUGINFOD_URLS=https://debuginfod.ubuntu.com /usr/bin/cmake /home/kafando/Ros2_ws/src/custom_interfaces -DCMAKE_INSTALL_PREFIX=/home/kafando/Ros2_ws/install/custom_interfaces
[1.333s] Invoking command in '/home/kafando/Ros2_ws/build/custom_interfaces': CMAKE_PREFIX_PATH=${CMAKE_PREFIX_PATH}:/home/kafando/ws_moveit/install/moveit_configs_utils:/opt/ros/jazzy DEBUGINFOD_URLS=https://debuginfod.ubuntu.com /usr/bin/cmake --build /home/kafando/Ros2_ws/build/custom_interfaces -- -j16 -l16
[1.378s] [  3%] Built target custom_interfaces__rosidl_generator_type_description
[1.378s] [  3%] Built target custom_interfaces__rs
[1.386s] [  3%] Built target ament_cmake_python_copy_custom_interfaces
[1.397s] [  4%] Built target custom_interfaces__cpp
[1.401s] [ 26%] Built target custom_interfaces__rosidl_generator_c
[1.426s] [ 35%] Built target custom_interfaces__rosidl_typesupport_c
[1.427s] [ 44%] Built target custom_interfaces__rosidl_typesupport_cpp
[1.427s] [ 53%] Built target custom_interfaces__rosidl_typesupport_introspection_c
[1.427s] [ 63%] Built target custom_interfaces__rosidl_typesupport_fastrtps_c
[1.428s] [ 72%] Built target custom_interfaces__rosidl_typesupport_fastrtps_cpp
[1.434s] [ 81%] Built target custom_interfaces__rosidl_typesupport_introspection_cpp
[1.454s] [ 81%] Built target custom_interfaces
[1.475s] [ 83%] Built target custom_interfaces__py
[1.498s] [ 90%] Built target custom_interfaces__rosidl_generator_py
[1.521s] [100%] Built target custom_interfaces_s__rosidl_typesupport_c
[1.521s] [100%] Built target custom_interfaces_s__rosidl_typesupport_introspection_c
[1.521s] [100%] Built target custom_interfaces_s__rosidl_typesupport_fastrtps_c
[1.600s] running egg_info
[1.622s] writing custom_interfaces.egg-info/PKG-INFO
[1.623s] writing dependency_links to custom_interfaces.egg-info/dependency_links.txt
[1.623s] writing top-level names to custom_interfaces.egg-info/top_level.txt
[1.684s] reading manifest file 'custom_interfaces.egg-info/SOURCES.txt'
[1.685s] writing manifest file 'custom_interfaces.egg-info/SOURCES.txt'
[1.707s] [100%] Built target ament_cmake_python_build_custom_interfaces_egg
[1.716s] Invoked command in '/home/kafando/Ros2_ws/build/custom_interfaces' returned '0': CMAKE_PREFIX_PATH=${CMAKE_PREFIX_PATH}:/home/kafando/ws_moveit/install/moveit_configs_utils:/opt/ros/jazzy DEBUGINFOD_URLS=https://debuginfod.ubuntu.com /usr/bin/cmake --build /home/kafando/Ros2_ws/build/custom_interfaces -- -j16 -l16
[1.717s] Invoking command in '/home/kafando/Ros2_ws/build/custom_interfaces': CMAKE_PREFIX_PATH=${CMAKE_PREFIX_PATH}:/home/kafando/ws_moveit/install/moveit_configs_utils:/opt/ros/jazzy DEBUGINFOD_URLS=https://debuginfod.ubuntu.com /usr/bin/cmake --install /home/kafando/Ros2_ws/build/custom_interfaces
[1.725s] -- Install configuration: "Debug"
[1.725s] -- Up-to-date: /home/kafando/Ros2_ws/install/custom_interfaces/share/ament_index/resource_index/rosidl_interfaces/custom_interfaces
[1.725s] -- Up-to-date: /home/kafando/Ros2_ws/install/custom_interfaces/share/custom_interfaces/msg/CustomMessage.json
[1.725s] -- Up-to-date: /home/kafando/Ros2_ws/install/custom_interfaces/share/custom_interfaces/srv/ConcatStrings.json
[1.725s] -- Up-to-date: /home/kafando/Ros2_ws/install/custom_interfaces/share/custom_interfaces/action/CustomAction.json
[1.725s] -- Up-to-date: /home/kafando/Ros2_ws/install/custom_interfaces/share/custom_interfaces/action/ReachLocation.json
[1.725s] -- Up-to-date: /home/kafando/Ros2_ws/install/custom_interfaces/include/custom_interfaces/custom_interfaces
[1.725s] -- Up-to-date: /home/kafando/Ros2_ws/install/custom_interfaces/include/custom_interfaces/custom_interfaces/msg
[1.725s] -- Up-to-date: /home/kafando/Ros2_ws/install/custom_interfaces/include/custom_interfaces/custom_interfaces/msg/detail
[1.725s] -- Up-to-date: /home/kafando/Ros2_ws/install/custom_interfaces/include/custom_interfaces/custom_interfaces/msg/detail/custom_message__functions.h
[1.725s] -- Up-to-date: /home/kafando/Ros2_ws/install/custom_interfaces/include/custom_interfaces/custom_interfaces/msg/detail/custom_message__type_support.h
[1.725s] -- Up-to-date: /home/kafando/Ros2_ws/install/custom_interfaces/include/custom_interfaces/custom_interfaces/msg/detail/custom_message__type_support.c
[1.725s] -- Up-to-date: /home/kafando/Ros2_ws/install/custom_interfaces/include/custom_interfaces/custom_interfaces/msg/detail/custom_message__functions.c
[1.725s] -- Up-to-date: /home/kafando/Ros2_ws/install/custom_interfaces/include/custom_interfaces/custom_interfaces/msg/detail/custom_message__struct.h
[1.725s] -- Up-to-date: /home/kafando/Ros2_ws/install/custom_interfaces/include/custom_interfaces/custom_interfaces/msg/detail/custom_message__description.c
[1.725s] -- Up-to-date: /home/kafando/Ros2_ws/install/custom_interfaces/include/custom_interfaces/custom_interfaces/msg/custom_message.h
[1.725s] -- Up-to-date: /home/kafando/Ros2_ws/install/custom_interfaces/include/custom_interfaces/custom_interfaces/msg/rosidl_generator_c__visibility_control.h
[1.726s] -- Up-to-date: /home/kafando/Ros2_ws/install/custom_interfaces/include/custom_interfaces/custom_interfaces/srv
[1.726s] -- Up-to-date: /home/kafando/Ros2_ws/install/custom_interfaces/include/custom_interfaces/custom_interfaces/srv/detail
[1.726s] -- Up-to-date: /home/kafando/Ros2_ws/install/custom_interfaces/include/custom_interfaces/custom_interfaces/srv/detail/concat_strings__type_support.h
[1.726s] -- Up-to-date: /home/kafando/Ros2_ws/install/custom_interfaces/include/custom_interfaces/custom_interfaces/srv/detail/concat_strings__type_support.c
[1.726s] -- Up-to-date: /home/kafando/Ros2_ws/install/custom_interfaces/include/custom_interfaces/custom_interfaces/srv/detail/concat_strings__functions.h
[1.726s] -- Up-to-date: /home/kafando/Ros2_ws/install/custom_interfaces/include/custom_interfaces/custom_interfaces/srv/detail/concat_strings__functions.c
[1.726s] -- Up-to-date: /home/kafando/Ros2_ws/install/custom_interfaces/include/custom_interfaces/custom_interfaces/srv/detail/concat_strings__struct.h
[1.726s] -- Up-to-date: /home/kafando/Ros2_ws/install/custom_interfaces/include/custom_interfaces/custom_interfaces/srv/detail/concat_strings__description.c
[1.726s] -- Up-to-date: /home/kafando/Ros2_ws/install/custom_interfaces/include/custom_interfaces/custom_interfaces/srv/concat_strings.h
[1.726s] -- Up-to-date: /home/kafando/Ros2_ws/install/custom_interfaces/include/custom_interfaces/custom_interfaces/action
[1.726s] -- Up-to-date: /home/kafando/Ros2_ws/install/custom_interfaces/include/custom_interfaces/custom_interfaces/action/detail
[1.726s] -- Up-to-date: /home/kafando/Ros2_ws/install/custom_interfaces/include/custom_interfaces/custom_interfaces/action/detail/custom_action__description.c
[1.726s] -- Up-to-date: /home/kafando/Ros2_ws/install/custom_interfaces/include/custom_interfaces/custom_interfaces/action/detail/reach_location__functions.c
[1.726s] -- Up-to-date: /home/kafando/Ros2_ws/install/custom_interfaces/include/custom_interfaces/custom_interfaces/action/detail/reach_location__struct.h
[1.726s] -- Up-to-date: /home/kafando/Ros2_ws/install/custom_interfaces/include/custom_interfaces/custom_interfaces/action/detail/reach_location__type_support.h
[1.726s] -- Up-to-date: /home/kafando/Ros2_ws/install/custom_interfaces/include/custom_interfaces/custom_interfaces/action/detail/custom_action__functions.h
[1.726s] -- Up-to-date: /home/kafando/Ros2_ws/install/custom_interfaces/include/custom_interfaces/custom_interfaces/action/detail/reach_location__functions.h
[1.726s] -- Up-to-date: /home/kafando/Ros2_ws/install/custom_interfaces/include/custom_interfaces/custom_interfaces/action/detail/reach_location__type_support.c
[1.727s] -- Up-to-date: /home/kafando/Ros2_ws/install/custom_interfaces/include/custom_interfaces/custom_interfaces/action/detail/reach_location__description.c
[1.727s] -- Up-to-date: /home/kafando/Ros2_ws/install/custom_interfaces/include/custom_interfaces/custom_interfaces/action/detail/custom_action__functions.c
[1.727s] -- Up-to-date: /home/kafando/Ros2_ws/install/custom_interfaces/include/custom_interfaces/custom_interfaces/action/detail/custom_action__type_support.c
[1.727s] -- Up-to-date: /home/kafando/Ros2_ws/install/custom_interfaces/include/custom_interfaces/custom_interfaces/action/detail/custom_action__type_support.h
[1.727s] -- Up-to-date: /home/kafando/Ros2_ws/install/custom_interfaces/include/custom_interfaces/custom_interfaces/action/detail/custom_action__struct.h
[1.727s] -- Up-to-date: /home/kafando/Ros2_ws/install/custom_interfaces/include/custom_interfaces/custom_interfaces/action/reach_location.h
[1.727s] -- Up-to-date: /home/kafando/Ros2_ws/install/custom_interfaces/include/custom_interfaces/custom_interfaces/action/custom_action.h
[1.727s] -- Up-to-date: /home/kafando/Ros2_ws/install/custom_interfaces/share/custom_interfaces/environment/library_path.sh
[1.727s] -- Up-to-date: /home/kafando/Ros2_ws/install/custom_interfaces/share/custom_interfaces/environment/library_path.dsv
[1.727s] -- Up-to-date: /home/kafando/Ros2_ws/install/custom_interfaces/lib/libcustom_interfaces__rosidl_generator_c.so
[1.727s] -- Up-to-date: /home/kafando/Ros2_ws/install/custom_interfaces/include/custom_interfaces/custom_interfaces
[1.727s] -- Up-to-date: /home/kafando/Ros2_ws/install/custom_interfaces/include/custom_interfaces/custom_interfaces/msg
[1.727s] -- Up-to-date: /home/kafando/Ros2_ws/install/custom_interfaces/include/custom_interfaces/custom_interfaces/msg/detail
[1.727s] -- Up-to-date: /home/kafando/Ros2_ws/install/custom_interfaces/include/custom_interfaces/custom_interfaces/msg/detail/custom_message__rosidl_typesupport_fastrtps_c.h
[1.727s] -- Up-to-date: /home/kafando/Ros2_ws/install/custom_interfaces/include/custom_interfaces/custom_interfaces/msg/rosidl_typesupport_fastrtps_c__visibility_control.h
[1.727s] -- Up-to-date: /home/kafando/Ros2_ws/install/custom_interfaces/include/custom_interfaces/custom_interfaces/srv
[1.727s] -- Up-to-date: /home/kafando/Ros2_ws/install/custom_interfaces/include/custom_interfaces/custom_interfaces/srv/detail
[1.727s] -- Up-to-date: /home/kafando/Ros2_ws/install/custom_interfaces/include/custom_interfaces/custom_interfaces/srv/detail/concat_strings__rosidl_typesupport_fastrtps_c.h
[1.728s] -- Up-to-date: /home/kafando/Ros2_ws/install/custom_interfaces/include/custom_interfaces/custom_interfaces/action
[1.728s] -- Up-to-date: /home/kafando/Ros2_ws/install/custom_interfaces/include/custom_interfaces/custom_interfaces/action/detail
[1.728s] -- Up-to-date: /home/kafando/Ros2_ws/install/custom_interfaces/include/custom_interfaces/custom_interfaces/action/detail/reach_location__rosidl_typesupport_fastrtps_c.h
[1.728s] -- Up-to-date: /home/kafando/Ros2_ws/install/custom_interfaces/include/custom_interfaces/custom_interfaces/action/detail/custom_action__rosidl_typesupport_fastrtps_c.h
[1.728s] -- Up-to-date: /home/kafando/Ros2_ws/install/custom_interfaces/lib/libcustom_interfaces__rosidl_typesupport_fastrtps_c.so
[1.728s] -- Up-to-date: /home/kafando/Ros2_ws/install/custom_interfaces/include/custom_interfaces/custom_interfaces
[1.728s] -- Up-to-date: /home/kafando/Ros2_ws/install/custom_interfaces/include/custom_interfaces/custom_interfaces/msg
[1.728s] -- Up-to-date: /home/kafando/Ros2_ws/install/custom_interfaces/include/custom_interfaces/custom_interfaces/msg/detail
[1.728s] -- Up-to-date: /home/kafando/Ros2_ws/install/custom_interfaces/include/custom_interfaces/custom_interfaces/msg/detail/custom_message__type_support.c
[1.728s] -- Up-to-date: /home/kafando/Ros2_ws/install/custom_interfaces/include/custom_interfaces/custom_interfaces/msg/detail/custom_message__rosidl_typesupport_introspection_c.h
[1.728s] -- Up-to-date: /home/kafando/Ros2_ws/install/custom_interfaces/include/custom_interfaces/custom_interfaces/msg/rosidl_typesupport_introspection_c__visibility_control.h
[1.728s] -- Up-to-date: /home/kafando/Ros2_ws/install/custom_interfaces/include/custom_interfaces/custom_interfaces/srv
[1.728s] -- Up-to-date: /home/kafando/Ros2_ws/install/custom_interfaces/include/custom_interfaces/custom_interfaces/srv/detail
[1.728s] -- Up-to-date: /home/kafando/Ros2_ws/install/custom_interfaces/include/custom_interfaces/custom_interfaces/srv/detail/concat_strings__type_support.c
[1.728s] -- Up-to-date: /home/kafando/Ros2_ws/install/custom_interfaces/include/custom_interfaces/custom_interfaces/srv/detail/concat_strings__rosidl_typesupport_introspection_c.h
[1.728s] -- Up-to-date: /home/kafando/Ros2_ws/install/custom_interfaces/include/custom_interfaces/custom_interfaces/action
[1.728s] -- Up-to-date: /home/kafando/Ros2_ws/install/custom_interfaces/include/custom_interfaces/custom_interfaces/action/detail
[1.728s] -- Up-to-date: /home/kafando/Ros2_ws/install/custom_interfaces/include/custom_interfaces/custom_interfaces/action/detail/reach_location__rosidl_typesupport_introspection_c.h
[1.729s] -- Up-to-date: /home/kafando/Ros2_ws/install/custom_interfaces/include/custom_interfaces/custom_interfaces/action/detail/custom_action__rosidl_typesupport_introspection_c.h
[1.729s] -- Up-to-date: /home/kafando/Ros2_ws/install/custom_interfaces/include/custom_interfaces/custom_interfaces/action/detail/reach_location__type_support.c
[1.729s] -- Up-to-date: /home/kafando/Ros2_ws/install/custom_interfaces/include/custom_interfaces/custom_interfaces/action/detail/custom_action__type_support.c
[1.729s] -- Up-to-date: /home/kafando/Ros2_ws/install/custom_interfaces/lib/libcustom_interfaces__rosidl_typesupport_introspection_c.so
[1.729s] -- Up-to-date: /home/kafando/Ros2_ws/install/custom_interfaces/lib/libcustom_interfaces__rosidl_typesupport_c.so
[1.729s] -- Up-to-date: /home/kafando/Ros2_ws/install/custom_interfaces/include/custom_interfaces/custom_interfaces
[1.729s] -- Up-to-date: /home/kafando/Ros2_ws/install/custom_interfaces/include/custom_interfaces/custom_interfaces/msg
[1.729s] -- Up-to-date: /home/kafando/Ros2_ws/install/custom_interfaces/include/custom_interfaces/custom_interfaces/msg/detail
[1.729s] -- Up-to-date: /home/kafando/Ros2_ws/install/custom_interfaces/include/custom_interfaces/custom_interfaces/msg/detail/custom_message__traits.hpp
[1.729s] -- Up-to-date: /home/kafando/Ros2_ws/install/custom_interfaces/include/custom_interfaces/custom_interfaces/msg/detail/custom_message__type_support.hpp
[1.729s] -- Up-to-date: /home/kafando/Ros2_ws/install/custom_interfaces/include/custom_interfaces/custom_interfaces/msg/detail/custom_message__builder.hpp
[1.729s] -- Up-to-date: /home/kafando/Ros2_ws/install/custom_interfaces/include/custom_interfaces/custom_interfaces/msg/detail/custom_message__struct.hpp
[1.729s] -- Up-to-date: /home/kafando/Ros2_ws/install/custom_interfaces/include/custom_interfaces/custom_interfaces/msg/rosidl_generator_cpp__visibility_control.hpp
[1.729s] -- Up-to-date: /home/kafando/Ros2_ws/install/custom_interfaces/include/custom_interfaces/custom_interfaces/msg/custom_message.hpp
[1.729s] -- Up-to-date: /home/kafando/Ros2_ws/install/custom_interfaces/include/custom_interfaces/custom_interfaces/srv
[1.729s] -- Up-to-date: /home/kafando/Ros2_ws/install/custom_interfaces/include/custom_interfaces/custom_interfaces/srv/detail
[1.729s] -- Up-to-date: /home/kafando/Ros2_ws/install/custom_interfaces/include/custom_interfaces/custom_interfaces/srv/detail/concat_strings__builder.hpp
[1.729s] -- Up-to-date: /home/kafando/Ros2_ws/install/custom_interfaces/include/custom_interfaces/custom_interfaces/srv/detail/concat_strings__type_support.hpp
[1.729s] -- Up-to-date: /home/kafando/Ros2_ws/install/custom_interfaces/include/custom_interfaces/custom_interfaces/srv/detail/concat_strings__struct.hpp
[1.729s] -- Up-to-date: /home/kafando/Ros2_ws/install/custom_interfaces/include/custom_interfaces/custom_interfaces/srv/detail/concat_strings__traits.hpp
[1.729s] -- Up-to-date: /home/kafando/Ros2_ws/install/custom_interfaces/include/custom_interfaces/custom_interfaces/srv/concat_strings.hpp
[1.729s] -- Up-to-date: /home/kafando/Ros2_ws/install/custom_interfaces/include/custom_interfaces/custom_interfaces/action
[1.729s] -- Up-to-date: /home/kafando/Ros2_ws/install/custom_interfaces/include/custom_interfaces/custom_interfaces/action/detail
[1.729s] -- Up-to-date: /home/kafando/Ros2_ws/install/custom_interfaces/include/custom_interfaces/custom_interfaces/action/detail/reach_location__traits.hpp
[1.729s] -- Up-to-date: /home/kafando/Ros2_ws/install/custom_interfaces/include/custom_interfaces/custom_interfaces/action/detail/reach_location__type_support.hpp
[1.730s] -- Up-to-date: /home/kafando/Ros2_ws/install/custom_interfaces/include/custom_interfaces/custom_interfaces/action/detail/custom_action__traits.hpp
[1.730s] -- Up-to-date: /home/kafando/Ros2_ws/install/custom_interfaces/include/custom_interfaces/custom_interfaces/action/detail/reach_location__builder.hpp
[1.730s] -- Up-to-date: /home/kafando/Ros2_ws/install/custom_interfaces/include/custom_interfaces/custom_interfaces/action/detail/reach_location__struct.hpp
[1.730s] -- Up-to-date: /home/kafando/Ros2_ws/install/custom_interfaces/include/custom_interfaces/custom_interfaces/action/detail/custom_action__type_support.hpp
[1.730s] -- Up-to-date: /home/kafando/Ros2_ws/install/custom_interfaces/include/custom_interfaces/custom_interfaces/action/detail/custom_action__builder.hpp
[1.730s] -- Up-to-date: /home/kafando/Ros2_ws/install/custom_interfaces/include/custom_interfaces/custom_interfaces/action/detail/custom_action__struct.hpp
[1.730s] -- Up-to-date: /home/kafando/Ros2_ws/install/custom_interfaces/include/custom_interfaces/custom_interfaces/action/reach_location.hpp
[1.730s] -- Up-to-date: /home/kafando/Ros2_ws/install/custom_interfaces/include/custom_interfaces/custom_interfaces/action/custom_action.hpp
[1.730s] -- Up-to-date: /home/kafando/Ros2_ws/install/custom_interfaces/include/custom_interfaces/custom_interfaces
[1.730s] -- Up-to-date: /home/kafando/Ros2_ws/install/custom_interfaces/include/custom_interfaces/custom_interfaces/msg
[1.730s] -- Up-to-date: /home/kafando/Ros2_ws/install/custom_interfaces/include/custom_interfaces/custom_interfaces/msg/detail
[1.730s] -- Up-to-date: /home/kafando/Ros2_ws/install/custom_interfaces/include/custom_interfaces/custom_interfaces/msg/detail/dds_fastrtps
[1.730s] -- Up-to-date: /home/kafando/Ros2_ws/install/custom_interfaces/include/custom_interfaces/custom_interfaces/msg/detail/custom_message__rosidl_typesupport_fastrtps_cpp.hpp
[1.730s] -- Up-to-date: /home/kafando/Ros2_ws/install/custom_interfaces/include/custom_interfaces/custom_interfaces/msg/rosidl_typesupport_fastrtps_cpp__visibility_control.h
[1.730s] -- Up-to-date: /home/kafando/Ros2_ws/install/custom_interfaces/include/custom_interfaces/custom_interfaces/srv
[1.730s] -- Up-to-date: /home/kafando/Ros2_ws/install/custom_interfaces/include/custom_interfaces/custom_interfaces/srv/detail
[1.730s] -- Up-to-date: /home/kafando/Ros2_ws/install/custom_interfaces/include/custom_interfaces/custom_interfaces/srv/detail/dds_fastrtps
[1.730s] -- Up-to-date: /home/kafando/Ros2_ws/install/custom_interfaces/include/custom_interfaces/custom_interfaces/srv/detail/concat_strings__rosidl_typesupport_fastrtps_cpp.hpp
[1.730s] -- Up-to-date: /home/kafando/Ros2_ws/install/custom_interfaces/include/custom_interfaces/custom_interfaces/action
[1.730s] -- Up-to-date: /home/kafando/Ros2_ws/install/custom_interfaces/include/custom_interfaces/custom_interfaces/action/detail
[1.730s] -- Up-to-date: /home/kafando/Ros2_ws/install/custom_interfaces/include/custom_interfaces/custom_interfaces/action/detail/reach_location__rosidl_typesupport_fastrtps_cpp.hpp
[1.730s] -- Up-to-date: /home/kafando/Ros2_ws/install/custom_interfaces/include/custom_interfaces/custom_interfaces/action/detail/dds_fastrtps
[1.730s] -- Up-to-date: /home/kafando/Ros2_ws/install/custom_interfaces/include/custom_interfaces/custom_interfaces/action/detail/custom_action__rosidl_typesupport_fastrtps_cpp.hpp
[1.730s] -- Up-to-date: /home/kafando/Ros2_ws/install/custom_interfaces/lib/libcustom_interfaces__rosidl_typesupport_fastrtps_cpp.so
[1.730s] -- Up-to-date: /home/kafando/Ros2_ws/install/custom_interfaces/include/custom_interfaces/custom_interfaces
[1.730s] -- Up-to-date: /home/kafando/Ros2_ws/install/custom_interfaces/include/custom_interfaces/custom_interfaces/msg
[1.731s] -- Up-to-date: /home/kafando/Ros2_ws/install/custom_interfaces/include/custom_interfaces/custom_interfaces/msg/detail
[1.731s] -- Up-to-date: /home/kafando/Ros2_ws/install/custom_interfaces/include/custom_interfaces/custom_interfaces/msg/detail/custom_message__rosidl_typesupport_introspection_cpp.hpp
[1.731s] -- Up-to-date: /home/kafando/Ros2_ws/install/custom_interfaces/include/custom_interfaces/custom_interfaces/msg/detail/custom_message__type_support.cpp
[1.731s] -- Up-to-date: /home/kafando/Ros2_ws/install/custom_interfaces/include/custom_interfaces/custom_interfaces/srv
[1.731s] -- Up-to-date: /home/kafando/Ros2_ws/install/custom_interfaces/include/custom_interfaces/custom_interfaces/srv/detail
[1.731s] -- Up-to-date: /home/kafando/Ros2_ws/install/custom_interfaces/include/custom_interfaces/custom_interfaces/srv/detail/concat_strings__type_support.cpp
[1.731s] -- Up-to-date: /home/kafando/Ros2_ws/install/custom_interfaces/include/custom_interfaces/custom_interfaces/srv/detail/concat_strings__rosidl_typesupport_introspection_cpp.hpp
[1.731s] -- Up-to-date: /home/kafando/Ros2_ws/install/custom_interfaces/include/custom_interfaces/custom_interfaces/action
[1.731s] -- Up-to-date: /home/kafando/Ros2_ws/install/custom_interfaces/include/custom_interfaces/custom_interfaces/action/detail
[1.731s] -- Up-to-date: /home/kafando/Ros2_ws/install/custom_interfaces/include/custom_interfaces/custom_interfaces/action/detail/reach_location__type_support.cpp
[1.731s] -- Up-to-date: /home/kafando/Ros2_ws/install/custom_interfaces/include/custom_interfaces/custom_interfaces/action/detail/reach_location__rosidl_typesupport_introspection_cpp.hpp
[1.731s] -- Up-to-date: /home/kafando/Ros2_ws/install/custom_interfaces/include/custom_interfaces/custom_interfaces/action/detail/custom_action__rosidl_typesupport_introspection_cpp.hpp
[1.731s] -- Up-to-date: /home/kafando/Ros2_ws/install/custom_interfaces/include/custom_interfaces/custom_interfaces/action/detail/custom_action__type_support.cpp
[1.731s] -- Up-to-date: /home/kafando/Ros2_ws/install/custom_interfaces/lib/libcustom_interfaces__rosidl_typesupport_introspection_cpp.so
[1.731s] -- Up-to-date: /home/kafando/Ros2_ws/install/custom_interfaces/lib/libcustom_interfaces__rosidl_typesupport_cpp.so
[1.731s] -- Up-to-date: /home/kafando/Ros2_ws/install/custom_interfaces/share/custom_interfaces/environment/pythonpath.sh
[1.731s] -- Up-to-date: /home/kafando/Ros2_ws/install/custom_interfaces/share/custom_interfaces/environment/pythonpath.dsv
[1.731s] -- Up-to-date: /home/kafando/Ros2_ws/install/custom_interfaces/lib/python3.12/site-packages/custom_interfaces-0.0.0-py3.12.egg-info
[1.731s] -- Installing: /home/kafando/Ros2_ws/install/custom_interfaces/lib/python3.12/site-packages/custom_interfaces-0.0.0-py3.12.egg-info/top_level.txt
[1.731s] -- Installing: /home/kafando/Ros2_ws/install/custom_interfaces/lib/python3.12/site-packages/custom_interfaces-0.0.0-py3.12.egg-info/PKG-INFO
[1.731s] -- Installing: /home/kafando/Ros2_ws/install/custom_interfaces/lib/python3.12/site-packages/custom_interfaces-0.0.0-py3.12.egg-info/SOURCES.txt
[1.731s] -- Installing: /home/kafando/Ros2_ws/install/custom_interfaces/lib/python3.12/site-packages/custom_interfaces-0.0.0-py3.12.egg-info/dependency_links.txt
[1.731s] -- Up-to-date: /home/kafando/Ros2_ws/install/custom_interfaces/lib/python3.12/site-packages/custom_interfaces
[1.731s] -- Up-to-date: /home/kafando/Ros2_ws/install/custom_interfaces/lib/python3.12/site-packages/custom_interfaces/custom_interfaces_s__rosidl_typesupport_fastrtps_c.so
[1.731s] -- Up-to-date: /home/kafando/Ros2_ws/install/custom_interfaces/lib/python3.12/site-packages/custom_interfaces/msg
[1.731s] -- Up-to-date: /home/kafando/Ros2_ws/install/custom_interfaces/lib/python3.12/site-packages/custom_interfaces/msg/__init__.py
[1.732s] -- Up-to-date: /home/kafando/Ros2_ws/install/custom_interfaces/lib/python3.12/site-packages/custom_interfaces/msg/_custom_message.py
[1.732s] -- Up-to-date: /home/kafando/Ros2_ws/install/custom_interfaces/lib/python3.12/site-packages/custom_interfaces/msg/_custom_message_s.c
[1.732s] -- Installing: /home/kafando/Ros2_ws/install/custom_interfaces/lib/python3.12/site-packages/custom_interfaces/__init__.py
[1.732s] -- Up-to-date: /home/kafando/Ros2_ws/install/custom_interfaces/lib/python3.12/site-packages/custom_interfaces/custom_interfaces_s__rosidl_typesupport_introspection_c.so
[1.732s] -- Up-to-date: /home/kafando/Ros2_ws/install/custom_interfaces/lib/python3.12/site-packages/custom_interfaces/_custom_interfaces_s.ep.rosidl_typesupport_introspection_c.c
[1.732s] -- Up-to-date: /home/kafando/Ros2_ws/install/custom_interfaces/lib/python3.12/site-packages/custom_interfaces/srv
[1.732s] -- Up-to-date: /home/kafando/Ros2_ws/install/custom_interfaces/lib/python3.12/site-packages/custom_interfaces/srv/_concat_strings_s.c
[1.732s] -- Up-to-date: /home/kafando/Ros2_ws/install/custom_interfaces/lib/python3.12/site-packages/custom_interfaces/srv/_concat_strings.py
[1.732s] -- Up-to-date: /home/kafando/Ros2_ws/install/custom_interfaces/lib/python3.12/site-packages/custom_interfaces/srv/__init__.py
[1.732s] -- Up-to-date: /home/kafando/Ros2_ws/install/custom_interfaces/lib/python3.12/site-packages/custom_interfaces/action
[1.732s] -- Up-to-date: /home/kafando/Ros2_ws/install/custom_interfaces/lib/python3.12/site-packages/custom_interfaces/action/__init__.py
[1.732s] -- Up-to-date: /home/kafando/Ros2_ws/install/custom_interfaces/lib/python3.12/site-packages/custom_interfaces/action/_custom_action_s.c
[1.732s] -- Up-to-date: /home/kafando/Ros2_ws/install/custom_interfaces/lib/python3.12/site-packages/custom_interfaces/action/_reach_location.py
[1.732s] -- Up-to-date: /home/kafando/Ros2_ws/install/custom_interfaces/lib/python3.12/site-packages/custom_interfaces/action/_reach_location_s.c
[1.732s] -- Up-to-date: /home/kafando/Ros2_ws/install/custom_interfaces/lib/python3.12/site-packages/custom_interfaces/action/_custom_action.py
[1.732s] -- Up-to-date: /home/kafando/Ros2_ws/install/custom_interfaces/lib/python3.12/site-packages/custom_interfaces/_custom_interfaces_s.ep.rosidl_typesupport_fastrtps_c.c
[1.732s] -- Up-to-date: /home/kafando/Ros2_ws/install/custom_interfaces/lib/python3.12/site-packages/custom_interfaces/_custom_interfaces_s.ep.rosidl_typesupport_c.c
[1.732s] -- Up-to-date: /home/kafando/Ros2_ws/install/custom_interfaces/lib/python3.12/site-packages/custom_interfaces/custom_interfaces_s__rosidl_typesupport_c.so
[1.755s] Listing '/home/kafando/Ros2_ws/install/custom_interfaces/lib/python3.12/site-packages/custom_interfaces'...
[1.755s] Compiling '/home/kafando/Ros2_ws/install/custom_interfaces/lib/python3.12/site-packages/custom_interfaces/__init__.py'...
[1.756s] Listing '/home/kafando/Ros2_ws/install/custom_interfaces/lib/python3.12/site-packages/custom_interfaces/action'...
[1.756s] Listing '/home/kafando/Ros2_ws/install/custom_interfaces/lib/python3.12/site-packages/custom_interfaces/msg'...
[1.756s] Listing '/home/kafando/Ros2_ws/install/custom_interfaces/lib/python3.12/site-packages/custom_interfaces/srv'...
[1.759s] -- Up-to-date: /home/kafando/Ros2_ws/install/custom_interfaces/lib/python3.12/site-packages/custom_interfaces/custom_interfaces_s__rosidl_typesupport_fastrtps_c.so
[1.759s] -- Up-to-date: /home/kafando/Ros2_ws/install/custom_interfaces/lib/python3.12/site-packages/custom_interfaces/custom_interfaces_s__rosidl_typesupport_introspection_c.so
[1.759s] -- Up-to-date: /home/kafando/Ros2_ws/install/custom_interfaces/lib/python3.12/site-packages/custom_interfaces/custom_interfaces_s__rosidl_typesupport_c.so
[1.759s] -- Up-to-date: /home/kafando/Ros2_ws/install/custom_interfaces/lib/libcustom_interfaces__rosidl_generator_py.so
[1.759s] -- Up-to-date: /home/kafando/Ros2_ws/install/custom_interfaces/share/ament_index/resource_index/rust_packages/custom_interfaces
[1.759s] -- Up-to-date: /home/kafando/Ros2_ws/install/custom_interfaces/share/custom_interfaces/rust
[1.759s] -- Up-to-date: /home/kafando/Ros2_ws/install/custom_interfaces/share/custom_interfaces/rust/Cargo.toml
[1.760s] -- Up-to-date: /home/kafando/Ros2_ws/install/custom_interfaces/share/custom_interfaces/rust/src
[1.760s] -- Up-to-date: /home/kafando/Ros2_ws/install/custom_interfaces/share/custom_interfaces/rust/src/msg
[1.760s] -- Up-to-date: /home/kafando/Ros2_ws/install/custom_interfaces/share/custom_interfaces/rust/src/msg/rmw.rs
[1.760s] -- Up-to-date: /home/kafando/Ros2_ws/install/custom_interfaces/share/custom_interfaces/rust/src/srv.rs
[1.760s] -- Up-to-date: /home/kafando/Ros2_ws/install/custom_interfaces/share/custom_interfaces/rust/src/srv
[1.760s] -- Up-to-date: /home/kafando/Ros2_ws/install/custom_interfaces/share/custom_interfaces/rust/src/srv/rmw.rs
[1.760s] -- Up-to-date: /home/kafando/Ros2_ws/install/custom_interfaces/share/custom_interfaces/rust/src/action
[1.760s] -- Up-to-date: /home/kafando/Ros2_ws/install/custom_interfaces/share/custom_interfaces/rust/src/action/rmw.rs
[1.760s] -- Up-to-date: /home/kafando/Ros2_ws/install/custom_interfaces/share/custom_interfaces/rust/src/msg.rs
[1.760s] -- Up-to-date: /home/kafando/Ros2_ws/install/custom_interfaces/share/custom_interfaces/rust/src/lib.rs
[1.760s] -- Up-to-date: /home/kafando/Ros2_ws/install/custom_interfaces/share/custom_interfaces/rust/src/action.rs
[1.760s] -- Up-to-date: /home/kafando/Ros2_ws/install/custom_interfaces/share/custom_interfaces/rust/build.rs
[1.760s] -- Up-to-date: /home/kafando/Ros2_ws/install/custom_interfaces/share/custom_interfaces/msg/CustomMessage.idl
[1.760s] -- Up-to-date: /home/kafando/Ros2_ws/install/custom_interfaces/share/custom_interfaces/srv/ConcatStrings.idl
[1.760s] -- Up-to-date: /home/kafando/Ros2_ws/install/custom_interfaces/share/custom_interfaces/action/CustomAction.idl
[1.760s] -- Up-to-date: /home/kafando/Ros2_ws/install/custom_interfaces/share/custom_interfaces/action/ReachLocation.idl
[1.760s] -- Up-to-date: /home/kafando/Ros2_ws/install/custom_interfaces/share/custom_interfaces/msg/CustomMessage.msg
[1.760s] -- Up-to-date: /home/kafando/Ros2_ws/install/custom_interfaces/share/custom_interfaces/srv/ConcatStrings.srv
[1.761s] -- Up-to-date: /home/kafando/Ros2_ws/install/custom_interfaces/share/custom_interfaces/action/CustomAction.action
[1.761s] -- Up-to-date: /home/kafando/Ros2_ws/install/custom_interfaces/share/custom_interfaces/action/ReachLocation.action
[1.761s] -- Up-to-date: /home/kafando/Ros2_ws/install/custom_interfaces/share/ament_index/resource_index/package_run_dependencies/custom_interfaces
[1.761s] -- Up-to-date: /home/kafando/Ros2_ws/install/custom_interfaces/share/ament_index/resource_index/parent_prefix_path/custom_interfaces
[1.761s] -- Up-to-date: /home/kafando/Ros2_ws/install/custom_interfaces/share/custom_interfaces/environment/ament_prefix_path.sh
[1.761s] -- Up-to-date: /home/kafando/Ros2_ws/install/custom_interfaces/share/custom_interfaces/environment/ament_prefix_path.dsv
[1.761s] -- Up-to-date: /home/kafando/Ros2_ws/install/custom_interfaces/share/custom_interfaces/environment/path.sh
[1.761s] -- Up-to-date: /home/kafando/Ros2_ws/install/custom_interfaces/share/custom_interfaces/environment/path.dsv
[1.761s] -- Up-to-date: /home/kafando/Ros2_ws/install/custom_interfaces/share/custom_interfaces/local_setup.bash
[1.761s] -- Up-to-date: /home/kafando/Ros2_ws/install/custom_interfaces/share/custom_interfaces/local_setup.sh
[1.761s] -- Up-to-date: /home/kafando/Ros2_ws/install/custom_interfaces/share/custom_interfaces/local_setup.zsh
[1.761s] -- Up-to-date: /home/kafando/Ros2_ws/install/custom_interfaces/share/custom_interfaces/local_setup.dsv
[1.761s] -- Installing: /home/kafando/Ros2_ws/install/custom_interfaces/share/custom_interfaces/package.dsv
[1.761s] -- Up-to-date: /home/kafando/Ros2_ws/install/custom_interfaces/share/ament_index/resource_index/packages/custom_interfaces
[1.761s] -- Up-to-date: /home/kafando/Ros2_ws/install/custom_interfaces/share/custom_interfaces/cmake/export_custom_interfaces__rosidl_generator_cExport.cmake
[1.761s] -- Up-to-date: /home/kafando/Ros2_ws/install/custom_interfaces/share/custom_interfaces/cmake/export_custom_interfaces__rosidl_generator_cExport-debug.cmake
[1.762s] -- Up-to-date: /home/kafando/Ros2_ws/install/custom_interfaces/share/custom_interfaces/cmake/export_custom_interfaces__rosidl_typesupport_fastrtps_cExport.cmake
[1.762s] -- Up-to-date: /home/kafando/Ros2_ws/install/custom_interfaces/share/custom_interfaces/cmake/export_custom_interfaces__rosidl_typesupport_fastrtps_cExport-debug.cmake
[1.762s] -- Up-to-date: /home/kafando/Ros2_ws/install/custom_interfaces/share/custom_interfaces/cmake/custom_interfaces__rosidl_typesupport_introspection_cExport.cmake
[1.762s] -- Up-to-date: /home/kafando/Ros2_ws/install/custom_interfaces/share/custom_interfaces/cmake/custom_interfaces__rosidl_typesupport_introspection_cExport-debug.cmake
[1.762s] -- Up-to-date: /home/kafando/Ros2_ws/install/custom_interfaces/share/custom_interfaces/cmake/custom_interfaces__rosidl_typesupport_cExport.cmake
[1.762s] -- Up-to-date: /home/kafando/Ros2_ws/install/custom_interfaces/share/custom_interfaces/cmake/custom_interfaces__rosidl_typesupport_cExport-debug.cmake
[1.762s] -- Up-to-date: /home/kafando/Ros2_ws/install/custom_interfaces/share/custom_interfaces/cmake/export_custom_interfaces__rosidl_generator_cppExport.cmake
[1.762s] -- Up-to-date: /home/kafando/Ros2_ws/install/custom_interfaces/share/custom_interfaces/cmake/export_custom_interfaces__rosidl_typesupport_fastrtps_cppExport.cmake
[1.762s] -- Up-to-date: /home/kafando/Ros2_ws/install/custom_interfaces/share/custom_interfaces/cmake/export_custom_interfaces__rosidl_typesupport_fastrtps_cppExport-debug.cmake
[1.762s] -- Up-to-date: /home/kafando/Ros2_ws/install/custom_interfaces/share/custom_interfaces/cmake/custom_interfaces__rosidl_typesupport_introspection_cppExport.cmake
[1.762s] -- Up-to-date: /home/kafando/Ros2_ws/install/custom_interfaces/share/custom_interfaces/cmake/custom_interfaces__rosidl_typesupport_introspection_cppExport-debug.cmake
[1.762s] -- Up-to-date: /home/kafando/Ros2_ws/install/custom_interfaces/share/custom_interfaces/cmake/custom_interfaces__rosidl_typesupport_cppExport.cmake
[1.762s] -- Up-to-date: /home/kafando/Ros2_ws/install/custom_interfaces/share/custom_interfaces/cmake/custom_interfaces__rosidl_typesupport_cppExport-debug.cmake
[1.762s] -- Up-to-date: /home/kafando/Ros2_ws/install/custom_interfaces/share/custom_interfaces/cmake/export_custom_interfaces__rosidl_generator_pyExport.cmake
[1.762s] -- Up-to-date: /home/kafando/Ros2_ws/install/custom_interfaces/share/custom_interfaces/cmake/export_custom_interfaces__rosidl_generator_pyExport-debug.cmake
[1.762s] -- Up-to-date: /home/kafando/Ros2_ws/install/custom_interfaces/share/custom_interfaces/cmake/rosidl_cmake-extras.cmake
[1.762s] -- Up-to-date: /home/kafando/Ros2_ws/install/custom_interfaces/share/custom_interfaces/cmake/ament_cmake_export_dependencies-extras.cmake
[1.762s] -- Up-to-date: /home/kafando/Ros2_ws/install/custom_interfaces/share/custom_interfaces/cmake/ament_cmake_export_include_directories-extras.cmake
[1.762s] -- Up-to-date: /home/kafando/Ros2_ws/install/custom_interfaces/share/custom_interfaces/cmake/ament_cmake_export_libraries-extras.cmake
[1.762s] -- Up-to-date: /home/kafando/Ros2_ws/install/custom_interfaces/share/custom_interfaces/cmake/ament_cmake_export_targets-extras.cmake
[1.762s] -- Up-to-date: /home/kafando/Ros2_ws/install/custom_interfaces/share/custom_interfaces/cmake/rosidl_cmake_export_typesupport_targets-extras.cmake
[1.763s] -- Up-to-date: /home/kafando/Ros2_ws/install/custom_interfaces/share/custom_interfaces/cmake/rosidl_cmake_export_typesupport_libraries-extras.cmake
[1.763s] -- Up-to-date: /home/kafando/Ros2_ws/install/custom_interfaces/share/custom_interfaces/cmake/custom_interfacesConfig.cmake
[1.763s] -- Up-to-date: /home/kafando/Ros2_ws/install/custom_interfaces/share/custom_interfaces/cmake/custom_interfacesConfig-version.cmake
[1.763s] -- Up-to-date: /home/kafando/Ros2_ws/install/custom_interfaces/share/custom_interfaces/package.xml
[1.763s] Invoked command in '/home/kafando/Ros2_ws/build/custom_interfaces' returned '0': CMAKE_PREFIX_PATH=${CMAKE_PREFIX_PATH}:/home/kafando/ws_moveit/install/moveit_configs_utils:/opt/ros/jazzy DEBUGINFOD_URLS=https://debuginfod.ubuntu.com /usr/bin/cmake --install /home/kafando/Ros2_ws/build/custom_interfaces
