[0.021s] Invoking command in '/home/kafando/Ros2_ws/build/custom_controllers': CMAKE_PREFIX_PATH=${CMAKE_PREFIX_PATH}:/home/kafando/ws_moveit/install/moveit_configs_utils:/opt/ros/jazzy DEBUGINFOD_URLS=https://debuginfod.ubuntu.com /usr/bin/cmake /home/kafando/Ros2_ws/src/custom_controllers -DCMAKE_INSTALL_PREFIX=/home/kafando/Ros2_ws/install/custom_controllers
[0.032s] -- Found ament_cmake: 2.5.6 (/opt/ros/jazzy/share/ament_cmake/cmake)
[0.217s] -- Found rclcpp: 28.1.18 (/opt/ros/jazzy/share/rclcpp/cmake)
[0.240s] -- Found rosidl_generator_c: 4.6.7 (/opt/ros/jazzy/share/rosidl_generator_c/cmake)
[0.246s] -- Found rosidl_generator_cpp: 4.6.7 (/opt/ros/jazzy/share/rosidl_generator_cpp/cmake)
[0.256s] -- Using all available rosidl_typesupport_c: rosidl_typesupport_fastrtps_c;rosidl_typesupport_introspection_c
[0.268s] -- Using all available rosidl_typesupport_cpp: rosidl_typesupport_fastrtps_cpp;rosidl_typesupport_introspection_cpp
[0.314s] -- Found rmw_implementation_cmake: 7.3.3 (/opt/ros/jazzy/share/rmw_implementation_cmake/cmake)
[0.318s] -- Found rmw_cyclonedds_cpp: 2.2.3 (/opt/ros/jazzy/share/rmw_cyclonedds_cpp/cmake)
[0.340s] -- Using RMW implementation 'rmw_cyclonedds_cpp' as default
[0.382s] -- Found std_msgs: 5.3.7 (/opt/ros/jazzy/share/std_msgs/cmake)
[0.392s] -- Found controller_interface: 4.44.0 (/opt/ros/jazzy/share/controller_interface/cmake)
[0.515s] -- Found TinyXML2 via Config file: /usr/lib/x86_64-linux-gnu/cmake/tinyxml2
[0.584s] -- Found ament_lint_auto: 0.17.5 (/opt/ros/jazzy/share/ament_lint_auto/cmake)
[0.663s] -- Added test 'cppcheck' to perform static code analysis on C / C++ code
[0.663s] -- Configured cppcheck include dirs: 
[0.663s] -- Configured cppcheck exclude dirs and/or files: 
[0.664s] -- Added test 'lint_cmake' to check CMake code style
[0.664s] -- Added test 'uncrustify' to check C / C++ code style
[0.664s] -- Configured uncrustify additional arguments: 
[0.664s] -- Added test 'xmllint' to check XML markup files
[0.665s] -- Configuring done (0.6s)
[0.682s] -- Generating done (0.0s)
[0.685s] -- Build files have been written to: /home/kafando/Ros2_ws/build/custom_controllers
[0.693s] Invoked command in '/home/kafando/Ros2_ws/build/custom_controllers' returned '0': CMAKE_PREFIX_PATH=${CMAKE_PREFIX_PATH}:/home/kafando/ws_moveit/install/moveit_configs_utils:/opt/ros/jazzy DEBUGINFOD_URLS=https://debuginfod.ubuntu.com /usr/bin/cmake /home/kafando/Ros2_ws/src/custom_controllers -DCMAKE_INSTALL_PREFIX=/home/kafando/Ros2_ws/install/custom_controllers
[0.694s] Invoking command in '/home/kafando/Ros2_ws/build/custom_controllers': CMAKE_PREFIX_PATH=${CMAKE_PREFIX_PATH}:/home/kafando/ws_moveit/install/moveit_configs_utils:/opt/ros/jazzy DEBUGINFOD_URLS=https://debuginfod.ubuntu.com /usr/bin/cmake --build /home/kafando/Ros2_ws/build/custom_controllers -- -j16 -l16
[0.750s] [100%] Built target sine_law_controller
[0.761s] Invoked command in '/home/kafando/Ros2_ws/build/custom_controllers' returned '0': CMAKE_PREFIX_PATH=${CMAKE_PREFIX_PATH}:/home/kafando/ws_moveit/install/moveit_configs_utils:/opt/ros/jazzy DEBUGINFOD_URLS=https://debuginfod.ubuntu.com /usr/bin/cmake --build /home/kafando/Ros2_ws/build/custom_controllers -- -j16 -l16
[0.761s] Invoking command in '/home/kafando/Ros2_ws/build/custom_controllers': CMAKE_PREFIX_PATH=${CMAKE_PREFIX_PATH}:/home/kafando/ws_moveit/install/moveit_configs_utils:/opt/ros/jazzy DEBUGINFOD_URLS=https://debuginfod.ubuntu.com /usr/bin/cmake --install /home/kafando/Ros2_ws/build/custom_controllers
[0.769s] -- Install configuration: "Debug"
[0.770s] -- Up-to-date: /home/kafando/Ros2_ws/install/custom_controllers/share/custom_controllers/sine_law_controller.xml
[0.770s] -- Up-to-date: /home/kafando/Ros2_ws/install/custom_controllers/lib/libsine_law_controller.so
[0.770s] -- Up-to-date: /home/kafando/Ros2_ws/install/custom_controllers/share/custom_controllers//include
[0.770s] -- Up-to-date: /home/kafando/Ros2_ws/install/custom_controllers/share/custom_controllers//include/custom_controllers
[0.770s] -- Up-to-date: /home/kafando/Ros2_ws/install/custom_controllers/share/custom_controllers//include/custom_controllers/wbc_for_mm_control.hpp
[0.770s] -- Up-to-date: /home/kafando/Ros2_ws/install/custom_controllers/share/ament_index/resource_index/package_run_dependencies/custom_controllers
[0.770s] -- Up-to-date: /home/kafando/Ros2_ws/install/custom_controllers/share/ament_index/resource_index/parent_prefix_path/custom_controllers
[0.770s] -- Up-to-date: /home/kafando/Ros2_ws/install/custom_controllers/share/custom_controllers/environment/ament_prefix_path.sh
[0.770s] -- Up-to-date: /home/kafando/Ros2_ws/install/custom_controllers/share/custom_controllers/environment/ament_prefix_path.dsv
[0.770s] -- Up-to-date: /home/kafando/Ros2_ws/install/custom_controllers/share/custom_controllers/environment/path.sh
[0.770s] -- Up-to-date: /home/kafando/Ros2_ws/install/custom_controllers/share/custom_controllers/environment/path.dsv
[0.770s] -- Up-to-date: /home/kafando/Ros2_ws/install/custom_controllers/share/custom_controllers/local_setup.bash
[0.770s] -- Up-to-date: /home/kafando/Ros2_ws/install/custom_controllers/share/custom_controllers/local_setup.sh
[0.770s] -- Up-to-date: /home/kafando/Ros2_ws/install/custom_controllers/share/custom_controllers/local_setup.zsh
[0.770s] -- Up-to-date: /home/kafando/Ros2_ws/install/custom_controllers/share/custom_controllers/local_setup.dsv
[0.771s] -- Installing: /home/kafando/Ros2_ws/install/custom_controllers/share/custom_controllers/package.dsv
[0.771s] -- Up-to-date: /home/kafando/Ros2_ws/install/custom_controllers/share/ament_index/resource_index/packages/custom_controllers
[0.771s] -- Up-to-date: /home/kafando/Ros2_ws/install/custom_controllers/share/ament_index/resource_index/controller_interface__pluginlib__plugin/custom_controllers
[0.771s] -- Up-to-date: /home/kafando/Ros2_ws/install/custom_controllers/share/custom_controllers/cmake/custom_controllersConfig.cmake
[0.771s] -- Up-to-date: /home/kafando/Ros2_ws/install/custom_controllers/share/custom_controllers/cmake/custom_controllersConfig-version.cmake
[0.771s] -- Up-to-date: /home/kafando/Ros2_ws/install/custom_controllers/share/custom_controllers/package.xml
[0.772s] Invoked command in '/home/kafando/Ros2_ws/build/custom_controllers' returned '0': CMAKE_PREFIX_PATH=${CMAKE_PREFIX_PATH}:/home/kafando/ws_moveit/install/moveit_configs_utils:/opt/ros/jazzy DEBUGINFOD_URLS=https://debuginfod.ubuntu.com /usr/bin/cmake --install /home/kafando/Ros2_ws/build/custom_controllers
