[0.027s] Invoking command in '/home/kafando/Ros2_ws/build/mm_bringup': CMAKE_PREFIX_PATH=${CMAKE_PREFIX_PATH}:/home/kafando/ws_moveit/install/moveit_configs_utils:/opt/ros/jazzy DEBUGINFOD_URLS=https://debuginfod.ubuntu.com /usr/bin/cmake /home/kafando/Ros2_ws/src/mm_bringup -DCMAKE_EXPORT_COMPILE_COMMANDS=ON -DCMAKE_INSTALL_PREFIX=/home/kafando/Ros2_ws/install/mm_bringup
[0.041s] -- Found ament_cmake: 2.5.6 (/opt/ros/jazzy/share/ament_cmake/cmake)
[0.227s] -- Found ros_gz: 1.0.22 (/opt/ros/jazzy/share/ros_gz/cmake)
[0.228s] -- Found ros_gz_bridge: 1.0.22 (/opt/ros/jazzy/share/ros_gz_bridge/cmake)
[0.253s] -- Found rosidl_generator_c: 4.6.7 (/opt/ros/jazzy/share/rosidl_generator_c/cmake)
[0.260s] -- Found rosidl_generator_cpp: 4.6.7 (/opt/ros/jazzy/share/rosidl_generator_cpp/cmake)
[0.269s] -- Using all available rosidl_typesupport_c: rosidl_typesupport_fastrtps_c;rosidl_typesupport_introspection_c
[0.280s] -- Using all available rosidl_typesupport_cpp: rosidl_typesupport_fastrtps_cpp;rosidl_typesupport_introspection_cpp
[0.336s] -- Found rmw_implementation_cmake: 7.3.3 (/opt/ros/jazzy/share/rmw_implementation_cmake/cmake)
[0.349s] -- Found rmw_cyclonedds_cpp: 2.2.3 (/opt/ros/jazzy/share/rmw_cyclonedds_cpp/cmake)
[0.394s] -- Using RMW implementation 'rmw_cyclonedds_cpp' as default
[0.476s] -- Looking for gz-msgs10 -- found version 10.3.2
[0.483s] -- Searching for dependencies of gz-msgs10
[0.512s] -- Looking for gz-utils2 -- found version 2.2.1
[0.512s] -- Searching for dependencies of gz-utils2
[0.513s] -- Looking for gz-math7 -- found version 7.5.2
[0.513s] -- Searching for dependencies of gz-math7
[0.513s] -- Looking for gz-utils2 -- found version 2.2.1
[0.520s] -- Checking for module 'tinyxml2'
[0.537s] --   Found tinyxml2, version 10.0.0
[0.569s] -- Looking for gz-transport13 -- found version 13.5.0
[0.569s] -- Searching for dependencies of gz-transport13
[0.606s] -- Config-file not installed for ZeroMQ -- checking for pkg-config
[0.610s] -- Checking for module 'libzmq >= 4'
[0.626s] --   Found libzmq, version 4.3.5
[0.665s] -- Checking for module 'uuid'
[0.681s] --   Found uuid, version 2.39.3
[0.709s] -- Looking for gz-utils2 -- found version 2.2.1
[0.709s] -- Searching for dependencies of gz-utils2
[0.709s] -- Searching for <gz-utils2> component [cli]
[0.710s] -- Looking for gz-utils2-cli -- found version 2.2.1
[0.710s] -- Searching for dependencies of gz-utils2-cli
[0.710s] -- Looking for gz-msgs10 -- found version 10.3.2
[0.938s] -- Found ros_gz_image: 1.0.22 (/opt/ros/jazzy/share/ros_gz_image/cmake)
[0.938s] -- Found ros_gz_sim: 1.0.22 (/opt/ros/jazzy/share/ros_gz_sim/cmake)
[0.960s] -- Found ros2_control: 4.44.0 (/opt/ros/jazzy/share/ros2_control/cmake)
[0.961s] -- Found ros2_controllers: 4.39.0 (/opt/ros/jazzy/share/ros2_controllers/cmake)
[0.961s] -- Found xacro: 2.1.1 (/opt/ros/jazzy/share/xacro/cmake)
[0.961s] -- Found ament_lint_auto: 0.17.5 (/opt/ros/jazzy/share/ament_lint_auto/cmake)
[1.066s] -- Added test 'flake8' to check Python code syntax and style conventions
[1.066s] -- Configured 'flake8' exclude dirs and/or files: 
[1.067s] -- Added test 'lint_cmake' to check CMake code style
[1.068s] -- Added test 'pep257' to check Python code against some of the docstring style conventions in PEP 257
[1.071s] -- Added test 'xmllint' to check XML markup files
[1.072s] -- Configuring done (1.0s)
[1.080s] -- Generating done (0.0s)
[1.083s] -- Build files have been written to: /home/kafando/Ros2_ws/build/mm_bringup
[1.095s] Invoked command in '/home/kafando/Ros2_ws/build/mm_bringup' returned '0': CMAKE_PREFIX_PATH=${CMAKE_PREFIX_PATH}:/home/kafando/ws_moveit/install/moveit_configs_utils:/opt/ros/jazzy DEBUGINFOD_URLS=https://debuginfod.ubuntu.com /usr/bin/cmake /home/kafando/Ros2_ws/src/mm_bringup -DCMAKE_EXPORT_COMPILE_COMMANDS=ON -DCMAKE_INSTALL_PREFIX=/home/kafando/Ros2_ws/install/mm_bringup
[1.095s] Invoking command in '/home/kafando/Ros2_ws/build/mm_bringup': CMAKE_PREFIX_PATH=${CMAKE_PREFIX_PATH}:/home/kafando/ws_moveit/install/moveit_configs_utils:/opt/ros/jazzy DEBUGINFOD_URLS=https://debuginfod.ubuntu.com /usr/bin/cmake --build /home/kafando/Ros2_ws/build/mm_bringup -- -j16 -l16
[1.139s] Invoked command in '/home/kafando/Ros2_ws/build/mm_bringup' returned '0': CMAKE_PREFIX_PATH=${CMAKE_PREFIX_PATH}:/home/kafando/ws_moveit/install/moveit_configs_utils:/opt/ros/jazzy DEBUGINFOD_URLS=https://debuginfod.ubuntu.com /usr/bin/cmake --build /home/kafando/Ros2_ws/build/mm_bringup -- -j16 -l16
[1.139s] Invoking command in '/home/kafando/Ros2_ws/build/mm_bringup': CMAKE_PREFIX_PATH=${CMAKE_PREFIX_PATH}:/home/kafando/ws_moveit/install/moveit_configs_utils:/opt/ros/jazzy DEBUGINFOD_URLS=https://debuginfod.ubuntu.com /usr/bin/cmake --install /home/kafando/Ros2_ws/build/mm_bringup
[1.149s] -- Install configuration: "Debug"
[1.149s] -- Up-to-date: /home/kafando/Ros2_ws/install/mm_bringup/share/mm_bringup//launch
[1.150s] -- Up-to-date: /home/kafando/Ros2_ws/install/mm_bringup/share/mm_bringup//launch/gazebo.launch.py
[1.150s] -- Up-to-date: /home/kafando/Ros2_ws/install/mm_bringup/share/mm_bringup//launch/display.launch.py
[1.150s] -- Up-to-date: /home/kafando/Ros2_ws/install/mm_bringup/share/mm_bringup//config
[1.150s] -- Up-to-date: /home/kafando/Ros2_ws/install/mm_bringup/share/mm_bringup//config/MyRobot_controllers.yaml
[1.150s] -- Up-to-date: /home/kafando/Ros2_ws/install/mm_bringup/share/mm_bringup//config/joints_limits.yaml
[1.150s] -- Up-to-date: /home/kafando/Ros2_ws/install/mm_bringup/share/mm_bringup//config/ros_gz_bridge.yaml
[1.150s] -- Up-to-date: /home/kafando/Ros2_ws/install/mm_bringup/share/mm_bringup//config/laser_filters.yaml
[1.153s] -- Up-to-date: /home/kafando/Ros2_ws/install/mm_bringup/share/mm_bringup//urdf
[1.153s] -- Up-to-date: /home/kafando/Ros2_ws/install/mm_bringup/share/mm_bringup//urdf/imu.xacro
[1.153s] -- Up-to-date: /home/kafando/Ros2_ws/install/mm_bringup/share/mm_bringup//urdf/lidar.xacro
[1.153s] -- Up-to-date: /home/kafando/Ros2_ws/install/mm_bringup/share/mm_bringup//urdf/materials.xacro
[1.153s] -- Up-to-date: /home/kafando/Ros2_ws/install/mm_bringup/share/mm_bringup//urdf/camera.xacro
[1.153s] -- Up-to-date: /home/kafando/Ros2_ws/install/mm_bringup/share/mm_bringup//urdf/MyRobot.ros2control
[1.153s] -- Up-to-date: /home/kafando/Ros2_ws/install/mm_bringup/share/mm_bringup//urdf/MyRobot.urdf.xacro
[1.153s] -- Up-to-date: /home/kafando/Ros2_ws/install/mm_bringup/share/mm_bringup//urdf/MyRobot_gz.gazebo
[1.153s] -- Up-to-date: /home/kafando/Ros2_ws/install/mm_bringup/share/mm_bringup//urdf/MyRobotfor_moveit.urdf.xacro
[1.154s] -- Up-to-date: /home/kafando/Ros2_ws/install/mm_bringup/share/mm_bringup//urdf/ultrasonic.xacro
[1.154s] -- Up-to-date: /home/kafando/Ros2_ws/install/mm_bringup/share/mm_bringup//urdf/arm.xacro
[1.154s] -- Up-to-date: /home/kafando/Ros2_ws/install/mm_bringup/share/mm_bringup//meshes
[1.154s] -- Up-to-date: /home/kafando/Ros2_ws/install/mm_bringup/share/mm_bringup//meshes/container_link_c.STL
[1.154s] -- Up-to-date: /home/kafando/Ros2_ws/install/mm_bringup/share/mm_bringup//meshes/left_front_wheel_link.STL
[1.154s] -- Up-to-date: /home/kafando/Ros2_ws/install/mm_bringup/share/mm_bringup//meshes/arm_link4.STL
[1.154s] -- Up-to-date: /home/kafando/Ros2_ws/install/mm_bringup/share/mm_bringup//meshes/lidar_link.STL
[1.154s] -- Up-to-date: /home/kafando/Ros2_ws/install/mm_bringup/share/mm_bringup//meshes/right_ultrasonic_link.STL
[1.154s] -- Up-to-date: /home/kafando/Ros2_ws/install/mm_bringup/share/mm_bringup//meshes/arm_link2_cv.STL
[1.154s] -- Up-to-date: /home/kafando/Ros2_ws/install/mm_bringup/share/mm_bringup//meshes/right_rear_wheel_link.STL
[1.154s] -- Up-to-date: /home/kafando/Ros2_ws/install/mm_bringup/share/mm_bringup//meshes/arm_link1.STL
[1.154s] -- Up-to-date: /home/kafando/Ros2_ws/install/mm_bringup/share/mm_bringup//meshes/base_link_c.STL
[1.154s] -- Up-to-date: /home/kafando/Ros2_ws/install/mm_bringup/share/mm_bringup//meshes/arm_link2.STL
[1.154s] -- Up-to-date: /home/kafando/Ros2_ws/install/mm_bringup/share/mm_bringup//meshes/camera_link.STL
[1.155s] -- Up-to-date: /home/kafando/Ros2_ws/install/mm_bringup/share/mm_bringup//meshes/left_ultrasonic_link.STL
[1.155s] -- Up-to-date: /home/kafando/Ros2_ws/install/mm_bringup/share/mm_bringup//meshes/base_link.STL
[1.155s] -- Up-to-date: /home/kafando/Ros2_ws/install/mm_bringup/share/mm_bringup//meshes/arm_link0.STL
[1.155s] -- Up-to-date: /home/kafando/Ros2_ws/install/mm_bringup/share/mm_bringup//meshes/arm_link1_cv.STL
[1.155s] -- Up-to-date: /home/kafando/Ros2_ws/install/mm_bringup/share/mm_bringup//meshes/ee_unactuated_tooth_link.STL
[1.155s] -- Up-to-date: /home/kafando/Ros2_ws/install/mm_bringup/share/mm_bringup//meshes/arm_link4_cv.STL
[1.155s] -- Up-to-date: /home/kafando/Ros2_ws/install/mm_bringup/share/mm_bringup//meshes/right_front_wheel_link.STL
[1.155s] -- Up-to-date: /home/kafando/Ros2_ws/install/mm_bringup/share/mm_bringup//meshes/land.png
[1.155s] -- Up-to-date: /home/kafando/Ros2_ws/install/mm_bringup/share/mm_bringup//meshes/left_rear_wheel_link_c.STL
[1.155s] -- Up-to-date: /home/kafando/Ros2_ws/install/mm_bringup/share/mm_bringup//meshes/ee_actuated_tooth_link.STL
[1.156s] -- Up-to-date: /home/kafando/Ros2_ws/install/mm_bringup/share/mm_bringup//meshes/right_front_wheel_link_c.STL
[1.156s] -- Up-to-date: /home/kafando/Ros2_ws/install/mm_bringup/share/mm_bringup//meshes/lidar_link_c.STL
[1.156s] -- Up-to-date: /home/kafando/Ros2_ws/install/mm_bringup/share/mm_bringup//meshes/arm_link4_c.STL
[1.156s] -- Up-to-date: /home/kafando/Ros2_ws/install/mm_bringup/share/mm_bringup//meshes/arm_link4_v.STL
[1.157s] -- Up-to-date: /home/kafando/Ros2_ws/install/mm_bringup/share/mm_bringup//meshes/imu_link.STL
[1.157s] -- Up-to-date: /home/kafando/Ros2_ws/install/mm_bringup/share/mm_bringup//meshes/camera_link_c.STL
[1.157s] -- Up-to-date: /home/kafando/Ros2_ws/install/mm_bringup/share/mm_bringup//meshes/arm_link3.STL
[1.157s] -- Up-to-date: /home/kafando/Ros2_ws/install/mm_bringup/share/mm_bringup//meshes/grass.png
[1.157s] -- Up-to-date: /home/kafando/Ros2_ws/install/mm_bringup/share/mm_bringup//meshes/left_rear_wheel_link.STL
[1.157s] -- Up-to-date: /home/kafando/Ros2_ws/install/mm_bringup/share/mm_bringup//meshes/arm_link0_cv.STL
[1.157s] -- Up-to-date: /home/kafando/Ros2_ws/install/mm_bringup/share/mm_bringup//meshes/container_link.STL
[1.157s] -- Up-to-date: /home/kafando/Ros2_ws/install/mm_bringup/share/mm_bringup//meshes/arm_link3_cv.STL
[1.158s] -- Up-to-date: /home/kafando/Ros2_ws/install/mm_bringup/share/mm_bringup//worlds
[1.158s] -- Up-to-date: /home/kafando/Ros2_ws/install/mm_bringup/share/mm_bringup//worlds/mm_env.world
[1.158s] -- Up-to-date: /home/kafando/Ros2_ws/install/mm_bringup/share/mm_bringup//worlds/empty.world
[1.158s] -- Up-to-date: /home/kafando/Ros2_ws/install/mm_bringup/share/mm_bringup//worlds/mm_world.world
[1.158s] -- Up-to-date: /home/kafando/Ros2_ws/install/mm_bringup/share/mm_bringup//rviz
[1.158s] -- Up-to-date: /home/kafando/Ros2_ws/install/mm_bringup/share/mm_bringup//rviz/gazebo.rviz
[1.158s] -- Up-to-date: /home/kafando/Ros2_ws/install/mm_bringup/share/mm_bringup//rviz/display.rviz
[1.158s] -- Up-to-date: /home/kafando/Ros2_ws/install/mm_bringup/share/ament_index/resource_index/package_run_dependencies/mm_bringup
[1.158s] -- Up-to-date: /home/kafando/Ros2_ws/install/mm_bringup/share/ament_index/resource_index/parent_prefix_path/mm_bringup
[1.158s] -- Up-to-date: /home/kafando/Ros2_ws/install/mm_bringup/share/mm_bringup/environment/ament_prefix_path.sh
[1.158s] -- Up-to-date: /home/kafando/Ros2_ws/install/mm_bringup/share/mm_bringup/environment/ament_prefix_path.dsv
[1.158s] -- Up-to-date: /home/kafando/Ros2_ws/install/mm_bringup/share/mm_bringup/environment/path.sh
[1.158s] -- Up-to-date: /home/kafando/Ros2_ws/install/mm_bringup/share/mm_bringup/environment/path.dsv
[1.158s] -- Up-to-date: /home/kafando/Ros2_ws/install/mm_bringup/share/mm_bringup/local_setup.bash
[1.159s] -- Up-to-date: /home/kafando/Ros2_ws/install/mm_bringup/share/mm_bringup/local_setup.sh
[1.159s] -- Up-to-date: /home/kafando/Ros2_ws/install/mm_bringup/share/mm_bringup/local_setup.zsh
[1.159s] -- Up-to-date: /home/kafando/Ros2_ws/install/mm_bringup/share/mm_bringup/local_setup.dsv
[1.159s] -- Installing: /home/kafando/Ros2_ws/install/mm_bringup/share/mm_bringup/package.dsv
[1.159s] -- Up-to-date: /home/kafando/Ros2_ws/install/mm_bringup/share/ament_index/resource_index/packages/mm_bringup
[1.159s] -- Up-to-date: /home/kafando/Ros2_ws/install/mm_bringup/share/mm_bringup/cmake/mm_bringupConfig.cmake
[1.159s] -- Up-to-date: /home/kafando/Ros2_ws/install/mm_bringup/share/mm_bringup/cmake/mm_bringupConfig-version.cmake
[1.159s] -- Up-to-date: /home/kafando/Ros2_ws/install/mm_bringup/share/mm_bringup/package.xml
[1.159s] Invoked command in '/home/kafando/Ros2_ws/build/mm_bringup' returned '0': CMAKE_PREFIX_PATH=${CMAKE_PREFIX_PATH}:/home/kafando/ws_moveit/install/moveit_configs_utils:/opt/ros/jazzy DEBUGINFOD_URLS=https://debuginfod.ubuntu.com /usr/bin/cmake --install /home/kafando/Ros2_ws/build/mm_bringup
