[0.017s] Invoking command in '/home/kafando/Ros2_ws/build/mm_behaviors': CMAKE_PREFIX_PATH=${CMAKE_PREFIX_PATH}:/home/kafando/ws_moveit/install/moveit_configs_utils:/opt/ros/jazzy DEBUGINFOD_URLS=https://debuginfod.ubuntu.com /usr/bin/cmake /home/kafando/Ros2_ws/src/mm_behaviors -DCMAKE_BUILD_TYPE=Release -DCMAKE_INSTALL_PREFIX=/home/kafando/Ros2_ws/install/mm_behaviors
[0.029s] -- Found ament_cmake: 2.5.6 (/opt/ros/jazzy/share/ament_cmake/cmake)
[0.214s] -- Found rclcpp: 28.1.18 (/opt/ros/jazzy/share/rclcpp/cmake)
[0.245s] -- Found rosidl_generator_c: 4.6.7 (/opt/ros/jazzy/share/rosidl_generator_c/cmake)
[0.252s] -- Found rosidl_generator_cpp: 4.6.7 (/opt/ros/jazzy/share/rosidl_generator_cpp/cmake)
[0.262s] -- Using all available rosidl_typesupport_c: rosidl_typesupport_fastrtps_c;rosidl_typesupport_introspection_c
[0.274s] -- Using all available rosidl_typesupport_cpp: rosidl_typesupport_fastrtps_cpp;rosidl_typesupport_introspection_cpp
[0.323s] -- Found rmw_implementation_cmake: 7.3.3 (/opt/ros/jazzy/share/rmw_implementation_cmake/cmake)
[0.327s] -- Found rmw_cyclonedds_cpp: 2.2.3 (/opt/ros/jazzy/share/rmw_cyclonedds_cpp/cmake)
[0.354s] -- Using RMW implementation 'rmw_cyclonedds_cpp' as default
[0.405s] -- Found std_msgs: 5.3.7 (/opt/ros/jazzy/share/std_msgs/cmake)
[0.415s] -- Found rclcpp_action: 28.1.18 (/opt/ros/jazzy/share/rclcpp_action/cmake)
[0.445s] -- Found behaviortree_cpp: 4.9.0 (/opt/ros/jazzy/share/behaviortree_cpp/cmake)
[0.448s] -- Found tf2: 0.36.20 (/opt/ros/jazzy/share/tf2/cmake)
[0.463s] -- Found tf2_ros: 0.36.20 (/opt/ros/jazzy/share/tf2_ros/cmake)
[0.519s] -- Found tf2_geometry_msgs: 0.36.20 (/opt/ros/jazzy/share/tf2_geometry_msgs/cmake)
[0.524s] -- Found eigen3_cmake_module: 0.3.0 (/opt/ros/jazzy/share/eigen3_cmake_module/cmake)
[0.525s] -- Ensuring Eigen3 include directory is part of orocos-kdl CMake target
[0.526s] -- Found rosidl_default_generators: 1.6.0 (/opt/ros/jazzy/share/rosidl_default_generators/cmake)
[0.541s] -- Found rosidl_adapter: 4.6.7 (/opt/ros/jazzy/share/rosidl_adapter/cmake)
[0.542s] -- Found custom_interfaces: 0.0.0 (/home/kafando/Ros2_ws/install/custom_interfaces/share/custom_interfaces/cmake)
[0.566s] -- Found moveit: 2.14.1 (/home/kafando/ws_moveit/install/moveit/share/moveit/cmake)
[0.566s] -- Found moveit_msgs: 2.7.1 (/home/kafando/ws_moveit/install/moveit_msgs/share/moveit_msgs/cmake)
[0.731s] -- Found moveit_ros_planning: 2.14.1 (/home/kafando/ws_moveit/install/moveit_ros_planning/share/moveit_ros_planning/cmake)
[0.744s] -- Found Boost: /usr/lib/x86_64-linux-gnu/cmake/Boost-1.83.0/BoostConfig.cmake (found version "1.83.0") found components: system filesystem date_time program_options thread chrono 
[0.749s] -- Found parameter_traits: 0.7.1 (/opt/ros/jazzy/share/parameter_traits/cmake)
[0.756s] -- Found rclcpp_lifecycle: 28.1.18 (/opt/ros/jazzy/share/rclcpp_lifecycle/cmake)
[0.789s] -- Found Boost: /usr/lib/x86_64-linux-gnu/cmake/Boost-1.83.0/BoostConfig.cmake (found version "1.83.0") found components: chrono date_time filesystem iostreams program_options regex serialization system thread 
[0.832s] -- Found Boost: /usr/lib/x86_64-linux-gnu/cmake/Boost-1.83.0/BoostConfig.cmake (found version "1.83.0") found components: filesystem 
[0.874s] -- Found TinyXML2 via Config file: /usr/lib/x86_64-linux-gnu/cmake/tinyxml2
[0.930s] -- Found moveit_ros_planning_interface: 2.14.1 (/home/kafando/ws_moveit/install/moveit_ros_planning_interface/share/moveit_ros_planning_interface/cmake)
[0.935s] -- Found Boost: /usr/lib/x86_64-linux-gnu/cmake/Boost-1.83.0/BoostConfig.cmake (found version "1.83.0") found components: date_time filesystem program_options system thread 
[0.949s] -- Found Boost: /usr/lib/x86_64-linux-gnu/cmake/Boost-1.83.0/BoostConfig.cmake (found version "1.83.0") found components: thread system filesystem regex date_time program_options 
[0.977s] -- Found Boost: /usr/lib/x86_64-linux-gnu/cmake/Boost-1.83.0/BoostConfig.cmake (found version "1.83.0") found components: system filesystem date_time program_options thread 
[1.018s] -- Found nav2_common: 1.3.11 (/opt/ros/jazzy/share/nav2_common/cmake)
[1.019s] -- Found navigation2: 1.3.11 (/opt/ros/jazzy/share/navigation2/cmake)
[1.019s] -- Found nav2_msgs: 1.3.11 (/opt/ros/jazzy/share/nav2_msgs/cmake)
[1.212s] -- Found ament_lint_auto: 0.17.5 (/opt/ros/jazzy/share/ament_lint_auto/cmake)
[1.306s] -- Added test 'cppcheck' to perform static code analysis on C / C++ code
[1.307s] -- Configured cppcheck include dirs: /home/kafando/Ros2_ws/src/mm_behaviors/include
[1.307s] -- Configured cppcheck exclude dirs and/or files: 
[1.307s] -- Added test 'flake8' to check Python code syntax and style conventions
[1.307s] -- Configured 'flake8' exclude dirs and/or files: 
[1.307s] -- Added test 'lint_cmake' to check CMake code style
[1.307s] -- Added test 'pep257' to check Python code against some of the docstring style conventions in PEP 257
[1.308s] -- Added test 'uncrustify' to check C / C++ code style
[1.308s] -- Configured uncrustify additional arguments: 
[1.309s] -- Added test 'xmllint' to check XML markup files
[1.309s] -- Configuring done (1.3s)
[1.340s] -- Generating done (0.0s)
[1.345s] -- Build files have been written to: /home/kafando/Ros2_ws/build/mm_behaviors
[1.360s] Invoked command in '/home/kafando/Ros2_ws/build/mm_behaviors' returned '0': CMAKE_PREFIX_PATH=${CMAKE_PREFIX_PATH}:/home/kafando/ws_moveit/install/moveit_configs_utils:/opt/ros/jazzy DEBUGINFOD_URLS=https://debuginfod.ubuntu.com /usr/bin/cmake /home/kafando/Ros2_ws/src/mm_behaviors -DCMAKE_BUILD_TYPE=Release -DCMAKE_INSTALL_PREFIX=/home/kafando/Ros2_ws/install/mm_behaviors
[1.361s] Invoking command in '/home/kafando/Ros2_ws/build/mm_behaviors': CMAKE_PREFIX_PATH=${CMAKE_PREFIX_PATH}:/home/kafando/ws_moveit/install/moveit_configs_utils:/opt/ros/jazzy DEBUGINFOD_URLS=https://debuginfod.ubuntu.com /usr/bin/cmake --build /home/kafando/Ros2_ws/build/mm_behaviors -- -j16 -l16
[1.452s] [ 16%] [32mBuilding CXX object CMakeFiles/wstta_bt_node.dir/src/mm_nav_actions.cpp.o[0m
[1.453s] [ 33%] [32mBuilding CXX object CMakeFiles/wstta_bt_node.dir/src/mm_bt_node.cpp.o[0m
[1.453s] [ 50%] [32mBuilding CXX object CMakeFiles/wstta_bt_node.dir/src/condition_nodes.cpp.o[0m
[1.455s] [ 66%] [32mBuilding CXX object CMakeFiles/wstta_bt_node.dir/src/mm_moveit_bt_nodes.cpp.o[0m
[1.456s] [ 83%] [32mBuilding CXX object CMakeFiles/wstta_bt_node.dir/src/actions_nodes.cpp.o[0m
[29.622s] [100%] [32m[1mLinking CXX executable wstta_bt_node[0m
[30.007s] [100%] Built target wstta_bt_node
[30.016s] Invoked command in '/home/kafando/Ros2_ws/build/mm_behaviors' returned '0': CMAKE_PREFIX_PATH=${CMAKE_PREFIX_PATH}:/home/kafando/ws_moveit/install/moveit_configs_utils:/opt/ros/jazzy DEBUGINFOD_URLS=https://debuginfod.ubuntu.com /usr/bin/cmake --build /home/kafando/Ros2_ws/build/mm_behaviors -- -j16 -l16
[30.017s] Invoking command in '/home/kafando/Ros2_ws/build/mm_behaviors': CMAKE_PREFIX_PATH=${CMAKE_PREFIX_PATH}:/home/kafando/ws_moveit/install/moveit_configs_utils:/opt/ros/jazzy DEBUGINFOD_URLS=https://debuginfod.ubuntu.com /usr/bin/cmake --install /home/kafando/Ros2_ws/build/mm_behaviors
[30.023s] -- Install configuration: "Release"
[30.023s] -- Up-to-date: /home/kafando/Ros2_ws/install/mm_behaviors/share/mm_behaviors/xml_tree
[30.023s] -- Up-to-date: /home/kafando/Ros2_ws/install/mm_behaviors/share/mm_behaviors/xml_tree/mm_behaviors.xml
[30.023s] -- Up-to-date: /home/kafando/Ros2_ws/install/mm_behaviors/share/mm_behaviors/launch
[30.023s] -- Up-to-date: /home/kafando/Ros2_ws/install/mm_behaviors/share/mm_behaviors/launch/controllers.launch.py
[30.023s] -- Up-to-date: /home/kafando/Ros2_ws/install/mm_behaviors/share/mm_behaviors/launch/ekf.launch.py
[30.023s] -- Up-to-date: /home/kafando/Ros2_ws/install/mm_behaviors/share/mm_behaviors/launch/controller_manager_controllers.launch.py
[30.023s] -- Up-to-date: /home/kafando/Ros2_ws/install/mm_behaviors/share/mm_behaviors/launch/bt_node_only.launch.py
[30.024s] -- Up-to-date: /home/kafando/Ros2_ws/install/mm_behaviors/share/mm_behaviors/launch/gazebo_only.launch.py
[30.024s] -- Up-to-date: /home/kafando/Ros2_ws/install/mm_behaviors/share/mm_behaviors/launch/robot_state_publisher.launch.py
[30.024s] -- Up-to-date: /home/kafando/Ros2_ws/install/mm_behaviors/share/mm_behaviors/launch/mm_bt_nodes.launch.py
[30.024s] -- Up-to-date: /home/kafando/Ros2_ws/install/mm_behaviors/share/mm_behaviors/config
[30.024s] -- Up-to-date: /home/kafando/Ros2_ws/install/mm_behaviors/share/mm_behaviors/config/ekf.yaml
[30.024s] -- Up-to-date: /home/kafando/Ros2_ws/install/mm_behaviors/share/mm_behaviors/config/bt_parameters.yaml
[30.024s] -- Installing: /home/kafando/Ros2_ws/install/mm_behaviors/lib/mm_behaviors/wstta_bt_node
[30.025s] -- Set non-toolchain portion of runtime path of "/home/kafando/Ros2_ws/install/mm_behaviors/lib/mm_behaviors/wstta_bt_node" to ""
[30.025s] -- Up-to-date: /home/kafando/Ros2_ws/install/mm_behaviors/share/ament_index/resource_index/package_run_dependencies/mm_behaviors
[30.025s] -- Up-to-date: /home/kafando/Ros2_ws/install/mm_behaviors/share/ament_index/resource_index/parent_prefix_path/mm_behaviors
[30.025s] -- Up-to-date: /home/kafando/Ros2_ws/install/mm_behaviors/share/mm_behaviors/environment/ament_prefix_path.sh
[30.025s] -- Up-to-date: /home/kafando/Ros2_ws/install/mm_behaviors/share/mm_behaviors/environment/ament_prefix_path.dsv
[30.026s] -- Up-to-date: /home/kafando/Ros2_ws/install/mm_behaviors/share/mm_behaviors/environment/path.sh
[30.026s] -- Up-to-date: /home/kafando/Ros2_ws/install/mm_behaviors/share/mm_behaviors/environment/path.dsv
[30.026s] -- Up-to-date: /home/kafando/Ros2_ws/install/mm_behaviors/share/mm_behaviors/local_setup.bash
[30.026s] -- Up-to-date: /home/kafando/Ros2_ws/install/mm_behaviors/share/mm_behaviors/local_setup.sh
[30.026s] -- Up-to-date: /home/kafando/Ros2_ws/install/mm_behaviors/share/mm_behaviors/local_setup.zsh
[30.026s] -- Up-to-date: /home/kafando/Ros2_ws/install/mm_behaviors/share/mm_behaviors/local_setup.dsv
[30.026s] -- Installing: /home/kafando/Ros2_ws/install/mm_behaviors/share/mm_behaviors/package.dsv
[30.026s] -- Up-to-date: /home/kafando/Ros2_ws/install/mm_behaviors/share/ament_index/resource_index/packages/mm_behaviors
[30.026s] -- Up-to-date: /home/kafando/Ros2_ws/install/mm_behaviors/share/mm_behaviors/cmake/mm_behaviorsConfig.cmake
[30.026s] -- Up-to-date: /home/kafando/Ros2_ws/install/mm_behaviors/share/mm_behaviors/cmake/mm_behaviorsConfig-version.cmake
[30.026s] -- Up-to-date: /home/kafando/Ros2_ws/install/mm_behaviors/share/mm_behaviors/package.xml
[30.027s] Invoked command in '/home/kafando/Ros2_ws/build/mm_behaviors' returned '0': CMAKE_PREFIX_PATH=${CMAKE_PREFIX_PATH}:/home/kafando/ws_moveit/install/moveit_configs_utils:/opt/ros/jazzy DEBUGINFOD_URLS=https://debuginfod.ubuntu.com /usr/bin/cmake --install /home/kafando/Ros2_ws/build/mm_behaviors
