[0.021s] Invoking command in '/home/kafando/Ros2_ws/build/mm_behaviors': CMAKE_PREFIX_PATH=${CMAKE_PREFIX_PATH}:/home/kafando/ws_moveit/install/moveit_configs_utils:/opt/ros/jazzy DEBUGINFOD_URLS=https://debuginfod.ubuntu.com /usr/bin/cmake --build /home/kafando/Ros2_ws/build/mm_behaviors -- -j16 -l16
[0.100s] [ 16%] [32mBuilding CXX object CMakeFiles/wstta_robot_bt_node.dir/src/mm_moveit_actions.cpp.o[0m
[3.857s] [01m[K/home/kafando/Ros2_ws/src/mm_behaviors/src/mm_moveit_actions.cpp:[m[K In member function ‘[01m[Kvirtual BT::NodeStatus PlanForTheArm::[01;32m[KonRunning[m[K()[m[K’:
[3.857s] [01m[K/home/kafando/Ros2_ws/src/mm_behaviors/src/mm_moveit_actions.cpp:207:37:[m[K [01;31m[Kerror: [m[Kno matching function for call to ‘[01m[Kmoveit::core::RobotState::setFromIK(const moveit::core::JointModelGroup*&, double, double, double, double, double, double, double)[m[K’
[3.857s]   207 |         found_ik = [01;31m[Kstate_->setFromIK([m[K
[3.858s]       |                    [01;31m[K~~~~~~~~~~~~~~~~~^[m[K
[3.858s]   208 | [01;31m[K        joint_model_group,[m[K
[3.858s]       |         [01;31m[K~~~~~~~~~~~~~~~~~~[m[K           
[3.858s]   209 | [01;31m[K        0.0,0.0,0.0,1.0,0.0,0.0,0.0)[m[K;
[3.858s]       |         [01;31m[K~~~~~~~~~~~~~~~~~~~~~~~~~~~~[m[K 
[3.858s] In file included from [01m[K/home/kafando/ws_moveit/install/moveit_ros_planning_interface/include/moveit_ros_planning_interface/moveit/move_group_interface/move_group_interface.hpp:41[m[K,
[3.858s]                  from [01m[K/home/kafando/Ros2_ws/src/mm_behaviors/include/mm_behaviors/mm_moveit_actions.hpp:6[m[K,
[3.858s]                  from [01m[K/home/kafando/Ros2_ws/src/mm_behaviors/src/mm_moveit_actions.cpp:1[m[K:
[3.858s] [01m[K/home/kafando/ws_moveit/install/moveit_core/include/moveit_core/moveit/robot_state/robot_state.hpp:930:8:[m[K [01;36m[Knote: [m[Kcandidate: ‘[01m[Kbool moveit::core::RobotState::[01;32m[KsetFromIK[m[K(const moveit::core::JointModelGroup*, const geometry_msgs::msg::Pose&, double, const moveit::core::GroupStateValidityCallbackFn&, const kinematics::KinematicsQueryOptions&, const kinematics::KinematicsBase::IKCostFn&)[m[K’
[3.858s]   930 |   bool [01;36m[KsetFromIK[m[K(const JointModelGroup* group, const geometry_msgs::msg::Pose& pose, double timeout = 0.0,
[3.858s]       |        [01;36m[K^~~~~~~~~[m[K
[3.858s] [01m[K/home/kafando/ws_moveit/install/moveit_core/include/moveit_core/moveit/robot_state/robot_state.hpp:930:8:[m[K [01;36m[Knote: [m[K  candidate expects 6 arguments, 8 provided
[3.858s] [01m[K/home/kafando/ws_moveit/install/moveit_core/include/moveit_core/moveit/robot_state/robot_state.hpp:942:8:[m[K [01;36m[Knote: [m[Kcandidate: ‘[01m[Kbool moveit::core::RobotState::[01;32m[KsetFromIK[m[K(const moveit::core::JointModelGroup*, const geometry_msgs::msg::Pose&, const std::string&, double, const moveit::core::GroupStateValidityCallbackFn&, const kinematics::KinematicsQueryOptions&, const kinematics::KinematicsBase::IKCostFn&)[m[K’
[3.858s]   942 |   bool [01;36m[KsetFromIK[m[K(const JointModelGroup* group, const geometry_msgs::msg::Pose& pose, const std::string& tip,
[3.858s]       |        [01;36m[K^~~~~~~~~[m[K
[3.858s] [01m[K/home/kafando/ws_moveit/install/moveit_core/include/moveit_core/moveit/robot_state/robot_state.hpp:942:8:[m[K [01;36m[Knote: [m[K  candidate expects 7 arguments, 8 provided
[3.858s] [01m[K/home/kafando/ws_moveit/install/moveit_core/include/moveit_core/moveit/robot_state/robot_state.hpp:953:8:[m[K [01;36m[Knote: [m[Kcandidate: ‘[01m[Kbool moveit::core::RobotState::[01;32m[KsetFromIK[m[K(const moveit::core::JointModelGroup*, const Eigen::Isometry3d&, double, const moveit::core::GroupStateValidityCallbackFn&, const kinematics::KinematicsQueryOptions&, const kinematics::KinematicsBase::IKCostFn&)[m[K’
[3.858s]   953 |   bool [01;36m[KsetFromIK[m[K(const JointModelGroup* group, const Eigen::Isometry3d& pose, double timeout = 0.0,
[3.858s]       |        [01;36m[K^~~~~~~~~[m[K
[3.858s] [01m[K/home/kafando/ws_moveit/install/moveit_core/include/moveit_core/moveit/robot_state/robot_state.hpp:953:8:[m[K [01;36m[Knote: [m[K  candidate expects 6 arguments, 8 provided
[3.858s] [01m[K/home/kafando/ws_moveit/install/moveit_core/include/moveit_core/moveit/robot_state/robot_state.hpp:964:8:[m[K [01;36m[Knote: [m[Kcandidate: ‘[01m[Kbool moveit::core::RobotState::[01;32m[KsetFromIK[m[K(const moveit::core::JointModelGroup*, const Eigen::Isometry3d&, const std::string&, double, const moveit::core::GroupStateValidityCallbackFn&, const kinematics::KinematicsQueryOptions&, const kinematics::KinematicsBase::IKCostFn&)[m[K’
[3.858s]   964 |   bool [01;36m[KsetFromIK[m[K(const JointModelGroup* group, const Eigen::Isometry3d& pose, const std::string& tip,
[3.858s]       |        [01;36m[K^~~~~~~~~[m[K
[3.858s] [01m[K/home/kafando/ws_moveit/install/moveit_core/include/moveit_core/moveit/robot_state/robot_state.hpp:964:8:[m[K [01;36m[Knote: [m[K  candidate expects 7 arguments, 8 provided
[3.858s] [01m[K/home/kafando/ws_moveit/install/moveit_core/include/moveit_core/moveit/robot_state/robot_state.hpp:977:8:[m[K [01;36m[Knote: [m[Kcandidate: ‘[01m[Kbool moveit::core::RobotState::[01;32m[KsetFromIK[m[K(const moveit::core::JointModelGroup*, const Eigen::Isometry3d&, const std::string&, const std::vector<double, std::allocator<double> >&, double, const moveit::core::GroupStateValidityCallbackFn&, const kinematics::KinematicsQueryOptions&, const kinematics::KinematicsBase::IKCostFn&)[m[K’
[3.858s]   977 |   bool [01;36m[KsetFromIK[m[K(const JointModelGroup* group, const Eigen::Isometry3d& pose, const std::string& tip,
[3.858s]       |        [01;36m[K^~~~~~~~~[m[K
[3.859s] [01m[K/home/kafando/ws_moveit/install/moveit_core/include/moveit_core/moveit/robot_state/robot_state.hpp:977:73:[m[K [01;36m[Knote: [m[K  no known conversion for argument 2 from ‘[01m[Kdouble[m[K’ to ‘[01m[Kconst Eigen::Isometry3d&[m[K’ {aka ‘[01m[Kconst Eigen::Transform<double, 3, 1>&[m[K’}
[3.859s]   977 |   bool setFromIK(const JointModelGroup* group, [01;36m[Kconst Eigen::Isometry3d& pose[m[K, const std::string& tip,
[3.859s]       |                                                [01;36m[K~~~~~~~~~~~~~~~~~~~~~~~~~^~~~[m[K
[3.859s] [01m[K/home/kafando/ws_moveit/install/moveit_core/include/moveit_core/moveit/robot_state/robot_state.hpp:992:8:[m[K [01;36m[Knote: [m[Kcandidate: ‘[01m[Kbool moveit::core::RobotState::[01;32m[KsetFromIK[m[K(const moveit::core::JointModelGroup*, const EigenSTL::vector_Isometry3d&, const std::vector<std::__cxx11::basic_string<char>, std::allocator<std::__cxx11::basic_string<char> > >&, double, const moveit::core::GroupStateValidityCallbackFn&, const kinematics::KinematicsQueryOptions&, const kinematics::KinematicsBase::IKCostFn&)[m[K’
[3.859s]   992 |   bool [01;36m[KsetFromIK[m[K(const JointModelGroup* group, const EigenSTL::vector_Isometry3d& poses,
[3.859s]       |        [01;36m[K^~~~~~~~~[m[K
[3.859s] [01m[K/home/kafando/ws_moveit/install/moveit_core/include/moveit_core/moveit/robot_state/robot_state.hpp:992:8:[m[K [01;36m[Knote: [m[K  candidate expects 7 arguments, 8 provided
[3.859s] [01m[K/home/kafando/ws_moveit/install/moveit_core/include/moveit_core/moveit/robot_state/robot_state.hpp:1008:8:[m[K [01;36m[Knote: [m[Kcandidate: ‘[01m[Kbool moveit::core::RobotState::[01;32m[KsetFromIK[m[K(const moveit::core::JointModelGroup*, const EigenSTL::vector_Isometry3d&, const std::vector<std::__cxx11::basic_string<char>, std::allocator<std::__cxx11::basic_string<char> > >&, const std::vector<std::vector<double, std::allocator<double> > >&, double, const moveit::core::GroupStateValidityCallbackFn&, const kinematics::KinematicsQueryOptions&, const kinematics::KinematicsBase::IKCostFn&)[m[K’
[3.859s]  1008 |   bool [01;36m[KsetFromIK[m[K(const JointModelGroup* group, const EigenSTL::vector_Isometry3d& poses,
[3.859s]       |        [01;36m[K^~~~~~~~~[m[K
[3.859s] [01m[K/home/kafando/ws_moveit/install/moveit_core/include/moveit_core/moveit/robot_state/robot_state.hpp:1008:83:[m[K [01;36m[Knote: [m[K  no known conversion for argument 2 from ‘[01m[Kdouble[m[K’ to ‘[01m[Kconst EigenSTL::vector_Isometry3d&[m[K’ {aka ‘[01m[Kconst std::vector<Eigen::Transform<double, 3, 1>, Eigen::aligned_allocator<Eigen::Transform<double, 3, 1> > >&[m[K’}
[3.859s]  1008 |   bool setFromIK(const JointModelGroup* group, [01;36m[Kconst EigenSTL::vector_Isometry3d& poses[m[K,
[3.859s]       |                                                [01;36m[K~~~~~~~~~~~~~~~~~~~~~~~~~~~~~~~~~~~^~~~~[m[K
[6.707s] gmake[2]: *** [CMakeFiles/wstta_robot_bt_node.dir/build.make:104: CMakeFiles/wstta_robot_bt_node.dir/src/mm_moveit_actions.cpp.o] Error 1
[6.707s] gmake[1]: *** [CMakeFiles/Makefile2:137: CMakeFiles/wstta_robot_bt_node.dir/all] Error 2
[6.707s] gmake: *** [Makefile:146: all] Error 2
[6.709s] Invoked command in '/home/kafando/Ros2_ws/build/mm_behaviors' returned '2': CMAKE_PREFIX_PATH=${CMAKE_PREFIX_PATH}:/home/kafando/ws_moveit/install/moveit_configs_utils:/opt/ros/jazzy DEBUGINFOD_URLS=https://debuginfod.ubuntu.com /usr/bin/cmake --build /home/kafando/Ros2_ws/build/mm_behaviors -- -j16 -l16
