[0.030s] Invoking command in '/home/kafando/Ros2_ws/build/mm_behaviors': CMAKE_PREFIX_PATH=${CMAKE_PREFIX_PATH}:/home/kafando/ws_moveit/install/moveit_configs_utils:/opt/ros/jazzy DEBUGINFOD_URLS=https://debuginfod.ubuntu.com /usr/bin/cmake --build /home/kafando/Ros2_ws/build/mm_behaviors -- -j16 -l16
[0.134s] [100%] Built target wstta_bt_node
[0.152s] Invoked command in '/home/kafando/Ros2_ws/build/mm_behaviors' returned '0': CMAKE_PREFIX_PATH=${CMAKE_PREFIX_PATH}:/home/kafando/ws_moveit/install/moveit_configs_utils:/opt/ros/jazzy DEBUGINFOD_URLS=https://debuginfod.ubuntu.com /usr/bin/cmake --build /home/kafando/Ros2_ws/build/mm_behaviors -- -j16 -l16
[0.154s] Invoking command in '/home/kafando/Ros2_ws/build/mm_behaviors': CMAKE_PREFIX_PATH=${CMAKE_PREFIX_PATH}:/home/kafando/ws_moveit/install/moveit_configs_utils:/opt/ros/jazzy DEBUGINFOD_URLS=https://debuginfod.ubuntu.com /usr/bin/cmake --install /home/kafando/Ros2_ws/build/mm_behaviors
[0.180s] -- Install configuration: "Debug"
[0.181s] -- Up-to-date: /home/kafando/Ros2_ws/install/mm_behaviors/share/mm_behaviors/xml_tree
[0.181s] -- Up-to-date: /home/kafando/Ros2_ws/install/mm_behaviors/share/mm_behaviors/xml_tree/mm_behaviors.xml
[0.181s] -- Up-to-date: /home/kafando/Ros2_ws/install/mm_behaviors/share/mm_behaviors/launch
[0.181s] -- Installing: /home/kafando/Ros2_ws/install/mm_behaviors/share/mm_behaviors/launch/ekf.launch.py
[0.182s] -- Installing: /home/kafando/Ros2_ws/install/mm_behaviors/share/mm_behaviors/launch/controllers_and_robot_publisher.py
[0.183s] -- Installing: /home/kafando/Ros2_ws/install/mm_behaviors/share/mm_behaviors/launch/bt_node_only.launch.py
[0.183s] -- Up-to-date: /home/kafando/Ros2_ws/install/mm_behaviors/share/mm_behaviors/launch/gazebo_only.launch.py
[0.183s] -- Up-to-date: /home/kafando/Ros2_ws/install/mm_behaviors/share/mm_behaviors/launch/mm_bt_nodes.launch.py
[0.183s] -- Up-to-date: /home/kafando/Ros2_ws/install/mm_behaviors/share/mm_behaviors/config
[0.183s] -- Installing: /home/kafando/Ros2_ws/install/mm_behaviors/share/mm_behaviors/config/ekf.yaml
[0.183s] -- Up-to-date: /home/kafando/Ros2_ws/install/mm_behaviors/share/mm_behaviors/config/bt_parameters.yaml
[0.184s] -- Up-to-date: /home/kafando/Ros2_ws/install/mm_behaviors/lib/mm_behaviors/wstta_bt_node
[0.186s] -- Up-to-date: /home/kafando/Ros2_ws/install/mm_behaviors/share/ament_index/resource_index/package_run_dependencies/mm_behaviors
[0.186s] -- Up-to-date: /home/kafando/Ros2_ws/install/mm_behaviors/share/ament_index/resource_index/parent_prefix_path/mm_behaviors
[0.186s] -- Up-to-date: /home/kafando/Ros2_ws/install/mm_behaviors/share/mm_behaviors/environment/ament_prefix_path.sh
[0.187s] -- Up-to-date: /home/kafando/Ros2_ws/install/mm_behaviors/share/mm_behaviors/environment/ament_prefix_path.dsv
[0.187s] -- Up-to-date: /home/kafando/Ros2_ws/install/mm_behaviors/share/mm_behaviors/environment/path.sh
[0.187s] -- Up-to-date: /home/kafando/Ros2_ws/install/mm_behaviors/share/mm_behaviors/environment/path.dsv
[0.188s] -- Up-to-date: /home/kafando/Ros2_ws/install/mm_behaviors/share/mm_behaviors/local_setup.bash
[0.188s] -- Up-to-date: /home/kafando/Ros2_ws/install/mm_behaviors/share/mm_behaviors/local_setup.sh
[0.188s] -- Up-to-date: /home/kafando/Ros2_ws/install/mm_behaviors/share/mm_behaviors/local_setup.zsh
[0.188s] -- Up-to-date: /home/kafando/Ros2_ws/install/mm_behaviors/share/mm_behaviors/local_setup.dsv
[0.188s] -- Installing: /home/kafando/Ros2_ws/install/mm_behaviors/share/mm_behaviors/package.dsv
[0.188s] -- Up-to-date: /home/kafando/Ros2_ws/install/mm_behaviors/share/ament_index/resource_index/packages/mm_behaviors
[0.188s] -- Up-to-date: /home/kafando/Ros2_ws/install/mm_behaviors/share/mm_behaviors/cmake/mm_behaviorsConfig.cmake
[0.188s] -- Up-to-date: /home/kafando/Ros2_ws/install/mm_behaviors/share/mm_behaviors/cmake/mm_behaviorsConfig-version.cmake
[0.189s] -- Up-to-date: /home/kafando/Ros2_ws/install/mm_behaviors/share/mm_behaviors/package.xml
[0.199s] Invoked command in '/home/kafando/Ros2_ws/build/mm_behaviors' returned '0': CMAKE_PREFIX_PATH=${CMAKE_PREFIX_PATH}:/home/kafando/ws_moveit/install/moveit_configs_utils:/opt/ros/jazzy DEBUGINFOD_URLS=https://debuginfod.ubuntu.com /usr/bin/cmake --install /home/kafando/Ros2_ws/build/mm_behaviors
