[0.021s] Invoking command in '/home/kafando/Ros2_ws/build/mm_behaviors': CMAKE_PREFIX_PATH=${CMAKE_PREFIX_PATH}:/home/kafando/ws_moveit/install/moveit_configs_utils:/opt/ros/jazzy DEBUGINFOD_URLS=https://debuginfod.ubuntu.com /usr/bin/cmake --build /home/kafando/Ros2_ws/build/mm_behaviors -- -j16 -l16
[0.114s] [ 33%] [32mBuilding CXX object CMakeFiles/wstta_robot_bt_node.dir/src/mm_bt_node.cpp.o[0m
[0.114s] [ 33%] [32mBuilding CXX object CMakeFiles/wstta_robot_bt_node.dir/src/mm_nav_actions.cpp.o[0m
[0.116s] [ 66%] [32mBuilding CXX object CMakeFiles/wstta_robot_bt_node.dir/src/actions_nodes.cpp.o[0m
[0.116s] [ 66%] [32mBuilding CXX object CMakeFiles/wstta_robot_bt_node.dir/src/mm_moveit_actions.cpp.o[0m
[4.553s] In file included from [01m[K/home/kafando/Ros2_ws/src/mm_behaviors/include/mm_behaviors/mm_nav_actions.hpp:8[m[K,
[4.553s]                  from [01m[K/home/kafando/Ros2_ws/src/mm_behaviors/include/mm_behaviors/mm_bt_node.hpp:10[m[K,
[4.553s]                  from [01m[K/home/kafando/Ros2_ws/src/mm_behaviors/src/mm_bt_node.cpp:1[m[K:
[4.553s] [01m[K/home/kafando/Ros2_ws/src/mm_behaviors/include/mm_behaviors/mm_moveit_actions.hpp:19:8:[m[K [01;31m[Kerror: [m[Kredefinition of ‘[01m[Kstruct TargetPose[m[K’
[4.553s]    19 | struct [01;31m[KTargetPose[m[K{
[4.553s]       |        [01;31m[K^~~~~~~~~~[m[K
[4.553s] In file included from [01m[K/home/kafando/Ros2_ws/src/mm_behaviors/include/mm_behaviors/mm_bt_node.hpp:9[m[K:
[4.553s] [01m[K/home/kafando/Ros2_ws/src/mm_behaviors/include/mm_behaviors/mm_moveit_actions.hpp:19:8:[m[K [01;36m[Knote: [m[Kprevious definition of ‘[01m[Kstruct TargetPose[m[K’
[4.553s]    19 | struct [01;36m[KTargetPose[m[K{
[4.554s]       |        [01;36m[K^~~~~~~~~~[m[K
[4.554s] [01m[K/home/kafando/Ros2_ws/src/mm_behaviors/include/mm_behaviors/mm_moveit_actions.hpp:52:7:[m[K [01;31m[Kerror: [m[Kredefinition of ‘[01m[Kclass PlanForTheArm[m[K’
[4.554s]    52 | class [01;31m[KPlanForTheArm[m[K : public BT::SyncActionNode{
[4.554s]       |       [01;31m[K^~~~~~~~~~~~~[m[K
[4.554s] [01m[K/home/kafando/Ros2_ws/src/mm_behaviors/include/mm_behaviors/mm_moveit_actions.hpp:52:7:[m[K [01;36m[Knote: [m[Kprevious definition of ‘[01m[Kclass PlanForTheArm[m[K’
[4.554s]    52 | class [01;36m[KPlanForTheArm[m[K : public BT::SyncActionNode{
[4.554s]       |       [01;36m[K^~~~~~~~~~~~~[m[K
[4.554s] [01m[K/home/kafando/Ros2_ws/src/mm_behaviors/include/mm_behaviors/mm_moveit_actions.hpp:121:7:[m[K [01;31m[Kerror: [m[Kredefinition of ‘[01m[Kclass ExecuteArmPlan[m[K’
[4.554s]   121 | class [01;31m[KExecuteArmPlan[m[K : public BT::StatefulActionNode{
[4.554s]       |       [01;31m[K^~~~~~~~~~~~~~[m[K
[4.554s] [01m[K/home/kafando/Ros2_ws/src/mm_behaviors/include/mm_behaviors/mm_moveit_actions.hpp:121:7:[m[K [01;36m[Knote: [m[Kprevious definition of ‘[01m[Kclass ExecuteArmPlan[m[K’
[4.554s]   121 | class [01;36m[KExecuteArmPlan[m[K : public BT::StatefulActionNode{
[4.554s]       |       [01;36m[K^~~~~~~~~~~~~~[m[K
[4.565s] In file included from [01m[K/home/kafando/Ros2_ws/src/mm_behaviors/include/mm_behaviors/actions_nodes.hpp:6[m[K,
[4.565s]                  from [01m[K/home/kafando/Ros2_ws/src/mm_behaviors/include/mm_behaviors/mm_bt_node.hpp:11[m[K:
[4.565s] [01m[K/home/kafando/Ros2_ws/src/mm_behaviors/include/mm_behaviors/mm_moveit_actions.hpp:19:8:[m[K [01;31m[Kerror: [m[Kredefinition of ‘[01m[Kstruct TargetPose[m[K’
[4.565s]    19 | struct [01;31m[KTargetPose[m[K{
[4.565s]       |        [01;31m[K^~~~~~~~~~[m[K
[4.566s] [01m[K/home/kafando/Ros2_ws/src/mm_behaviors/include/mm_behaviors/mm_moveit_actions.hpp:19:8:[m[K [01;36m[Knote: [m[Kprevious definition of ‘[01m[Kstruct TargetPose[m[K’
[4.566s]    19 | struct [01;36m[KTargetPose[m[K{
[4.566s]       |        [01;36m[K^~~~~~~~~~[m[K
[4.566s] [01m[K/home/kafando/Ros2_ws/src/mm_behaviors/include/mm_behaviors/mm_moveit_actions.hpp:52:7:[m[K [01;31m[Kerror: [m[Kredefinition of ‘[01m[Kclass PlanForTheArm[m[K’
[4.566s]    52 | class [01;31m[KPlanForTheArm[m[K : public BT::SyncActionNode{
[4.566s]       |       [01;31m[K^~~~~~~~~~~~~[m[K
[4.566s] [01m[K/home/kafando/Ros2_ws/src/mm_behaviors/include/mm_behaviors/mm_moveit_actions.hpp:52:7:[m[K [01;36m[Knote: [m[Kprevious definition of ‘[01m[Kclass PlanForTheArm[m[K’
[4.566s]    52 | class [01;36m[KPlanForTheArm[m[K : public BT::SyncActionNode{
[4.566s]       |       [01;36m[K^~~~~~~~~~~~~[m[K
[4.566s] [01m[K/home/kafando/Ros2_ws/src/mm_behaviors/include/mm_behaviors/mm_moveit_actions.hpp:121:7:[m[K [01;31m[Kerror: [m[Kredefinition of ‘[01m[Kclass ExecuteArmPlan[m[K’
[4.566s]   121 | class [01;31m[KExecuteArmPlan[m[K : public BT::StatefulActionNode{
[4.566s]       |       [01;31m[K^~~~~~~~~~~~~~[m[K
[4.566s] [01m[K/home/kafando/Ros2_ws/src/mm_behaviors/include/mm_behaviors/mm_moveit_actions.hpp:121:7:[m[K [01;36m[Knote: [m[Kprevious definition of ‘[01m[Kclass ExecuteArmPlan[m[K’
[4.567s]   121 | class [01;36m[KExecuteArmPlan[m[K : public BT::StatefulActionNode{
[4.567s]       |       [01;36m[K^~~~~~~~~~~~~~[m[K
[7.909s] gmake[2]: *** [CMakeFiles/wstta_robot_bt_node.dir/build.make:76: CMakeFiles/wstta_robot_bt_node.dir/src/mm_bt_node.cpp.o] Error 1
[7.909s] gmake[2]: *** Waiting for unfinished jobs....
[9.169s] gmake[1]: *** [CMakeFiles/Makefile2:137: CMakeFiles/wstta_robot_bt_node.dir/all] Error 2
[9.169s] gmake: *** [Makefile:146: all] Error 2
[9.171s] Invoked command in '/home/kafando/Ros2_ws/build/mm_behaviors' returned '2': CMAKE_PREFIX_PATH=${CMAKE_PREFIX_PATH}:/home/kafando/ws_moveit/install/moveit_configs_utils:/opt/ros/jazzy DEBUGINFOD_URLS=https://debuginfod.ubuntu.com /usr/bin/cmake --build /home/kafando/Ros2_ws/build/mm_behaviors -- -j16 -l16
