[01m[K/home/kafando/Ros2_ws/src/mm_behaviors/src/mm_moveit_bt_nodes.cpp:[m[K In member function ‘[01m[Kvirtual BT::NodeStatus WSTTA::ExecuteArmPlan::[01;32m[KonStart[m[K()[m[K’:
[01m[K/home/kafando/Ros2_ws/src/mm_behaviors/src/mm_moveit_bt_nodes.cpp:296:37:[m[K [01;31m[Kerror: [m[Kno matching function for call to ‘[01m[Kmoveit_cpp::MoveItCpp::execute(robot_trajectory::RobotTrajectoryPtr&, const std::vector<std::__cxx11::basic_string<char>, std::allocator<std::__cxx11::basic_string<char> > >&, bool&)[m[K’
  296 |     status = [01;31m[Kmoveit_cpp_ptr->execute(my_plan,CONTROLLERS,blocking)[m[K;
      |              [01;31m[K~~~~~~~~~~~~~~~~~~~~~~~^~~~~~~~~~~~~~~~~~~~~~~~~~~~~~[m[K
In file included from [01m[K/home/kafando/Ros2_ws/src/mm_behaviors/include/mm_behaviors/mm_moveit_bt_nodes.hpp:32[m[K,
                 from [01m[K/home/kafando/Ros2_ws/src/mm_behaviors/src/mm_moveit_bt_nodes.cpp:1[m[K:
[01m[K/home/kafando/ws_moveit/install/moveit_ros_planning/include/moveit_ros_planning/moveit/moveit_cpp/moveit_cpp.hpp:172:3:[m[K [01;36m[Knote: [m[Kcandidate: ‘[01m[Kmoveit_controller_manager::ExecutionStatus moveit_cpp::MoveItCpp::[01;32m[Kexecute[m[K(const robot_trajectory::RobotTrajectoryPtr&, bool, const std::vector<std::__cxx11::basic_string<char>, std::allocator<std::__cxx11::basic_string<char> > >&)[m[K’
  172 |   [01;36m[Kexecute[m[K(const robot_trajectory::RobotTrajectoryPtr& robot_trajectory, bool blocking,
      |   [01;36m[K^~~~~~~[m[K
[01m[K/home/kafando/ws_moveit/install/moveit_ros_planning/include/moveit_ros_planning/moveit/moveit_cpp/moveit_cpp.hpp:172:78:[m[K [01;36m[Knote: [m[K  no known conversion for argument 2 from ‘[01m[Kconst std::vector<std::__cxx11::basic_string<char>, std::allocator<std::__cxx11::basic_string<char> > >[m[K’ to ‘[01m[Kbool[m[K’
  172 |   execute(const robot_trajectory::RobotTrajectoryPtr& robot_trajectory, [01;36m[Kbool blocking[m[K,
      |                                                                         [01;36m[K~~~~~^~~~~~~~[m[K
[01m[K/home/kafando/ws_moveit/install/moveit_ros_planning/include/moveit_ros_planning/moveit/moveit_cpp/moveit_cpp.hpp:176:3:[m[K [01;36m[Knote: [m[Kcandidate: ‘[01m[Kmoveit_controller_manager::ExecutionStatus moveit_cpp::MoveItCpp::[01;32m[Kexecute[m[K(const robot_trajectory::RobotTrajectoryPtr&, const std::vector<std::__cxx11::basic_string<char>, std::allocator<std::__cxx11::basic_string<char> > >&)[m[K’
  176 |   [01;36m[Kexecute[m[K(const robot_trajectory::RobotTrajectoryPtr& robot_trajectory,
      |   [01;36m[K^~~~~~~[m[K
[01m[K/home/kafando/ws_moveit/install/moveit_ros_planning/include/moveit_ros_planning/moveit/moveit_cpp/moveit_cpp.hpp:176:3:[m[K [01;36m[Knote: [m[K  candidate expects 2 arguments, 3 provided
[01m[K/home/kafando/Ros2_ws/src/mm_behaviors/src/mm_moveit_bt_nodes.cpp:[m[K In member function ‘[01m[Kvirtual BT::NodeStatus WSTTA::PlanForTheArm::[01;32m[KonRunning[m[K()[m[K’:
[01m[K/home/kafando/Ros2_ws/src/mm_behaviors/src/mm_moveit_bt_nodes.cpp:255:1:[m[K [01;35m[Kwarning: [m[Kcontrol reaches end of non-void function [[01;35m[K]8;;https://gcc.gnu.org/onlinedocs/gcc/Warning-Options.html#index-Wreturn-type-Wreturn-type]8;;[m[K]
  255 | [01;35m[K}[m[K
      | [01;35m[K^[m[K
gmake[2]: *** [CMakeFiles/wstta_robot_bt_node.dir/build.make:104: CMakeFiles/wstta_robot_bt_node.dir/src/mm_moveit_bt_nodes.cpp.o] Error 1
gmake[1]: *** [CMakeFiles/Makefile2:137: CMakeFiles/wstta_robot_bt_node.dir/all] Error 2
gmake: *** [Makefile:146: all] Error 2
