[0.023s] Invoking command in '/home/kafando/Ros2_ws/build/mm_behaviors': CMAKE_PREFIX_PATH=${CMAKE_PREFIX_PATH}:/home/kafando/ws_moveit/install/moveit_configs_utils:/opt/ros/jazzy DEBUGINFOD_URLS=https://debuginfod.ubuntu.com /usr/bin/cmake --build /home/kafando/Ros2_ws/build/mm_behaviors -- -j16 -l16
[0.048s] -- Found ament_cmake: 2.5.6 (/opt/ros/jazzy/share/ament_cmake/cmake)
[0.238s] -- Found rclcpp: 28.1.18 (/opt/ros/jazzy/share/rclcpp/cmake)
[0.259s] -- Found rosidl_generator_c: 4.6.7 (/opt/ros/jazzy/share/rosidl_generator_c/cmake)
[0.265s] -- Found rosidl_generator_cpp: 4.6.7 (/opt/ros/jazzy/share/rosidl_generator_cpp/cmake)
[0.274s] -- Using all available rosidl_typesupport_c: rosidl_typesupport_fastrtps_c;rosidl_typesupport_introspection_c
[0.286s] -- Using all available rosidl_typesupport_cpp: rosidl_typesupport_fastrtps_cpp;rosidl_typesupport_introspection_cpp
[0.327s] -- Found rmw_implementation_cmake: 7.3.3 (/opt/ros/jazzy/share/rmw_implementation_cmake/cmake)
[0.329s] -- Found rmw_cyclonedds_cpp: 2.2.3 (/opt/ros/jazzy/share/rmw_cyclonedds_cpp/cmake)
[0.348s] -- Using RMW implementation 'rmw_cyclonedds_cpp' as default
[0.388s] -- Found std_msgs: 5.3.7 (/opt/ros/jazzy/share/std_msgs/cmake)
[0.396s] -- Found rclcpp_action: 28.1.18 (/opt/ros/jazzy/share/rclcpp_action/cmake)
[0.424s] -- Found behaviortree_cpp: 4.9.0 (/opt/ros/jazzy/share/behaviortree_cpp/cmake)
[0.428s] -- Found tf2: 0.36.20 (/opt/ros/jazzy/share/tf2/cmake)
[0.437s] -- Found tf2_ros: 0.36.20 (/opt/ros/jazzy/share/tf2_ros/cmake)
[0.487s] -- Found tf2_geometry_msgs: 0.36.20 (/opt/ros/jazzy/share/tf2_geometry_msgs/cmake)
[0.489s] -- Found eigen3_cmake_module: 0.3.0 (/opt/ros/jazzy/share/eigen3_cmake_module/cmake)
[0.490s] -- Ensuring Eigen3 include directory is part of orocos-kdl CMake target
[0.492s] -- Found rosidl_default_generators: 1.6.0 (/opt/ros/jazzy/share/rosidl_default_generators/cmake)
[0.508s] -- Found rosidl_adapter: 4.6.7 (/opt/ros/jazzy/share/rosidl_adapter/cmake)
[0.509s] -- Found custom_interfaces: 0.0.0 (/home/kafando/Ros2_ws/install/custom_interfaces/share/custom_interfaces/cmake)
[0.532s] -- Found moveit: 2.14.1 (/home/kafando/ws_moveit/install/moveit/share/moveit/cmake)
[0.532s] -- Found moveit_msgs: 2.7.1 (/home/kafando/ws_moveit/install/moveit_msgs/share/moveit_msgs/cmake)
[0.674s] -- Found moveit_ros_planning: 2.14.1 (/home/kafando/ws_moveit/install/moveit_ros_planning/share/moveit_ros_planning/cmake)
[0.682s] -- Found Boost: /usr/lib/x86_64-linux-gnu/cmake/Boost-1.83.0/BoostConfig.cmake (found version "1.83.0") found components: system filesystem date_time program_options thread chrono 
[0.687s] -- Found parameter_traits: 0.7.1 (/opt/ros/jazzy/share/parameter_traits/cmake)
[0.691s] -- Found rclcpp_lifecycle: 28.1.18 (/opt/ros/jazzy/share/rclcpp_lifecycle/cmake)
[0.715s] -- Found Boost: /usr/lib/x86_64-linux-gnu/cmake/Boost-1.83.0/BoostConfig.cmake (found version "1.83.0") found components: chrono date_time filesystem iostreams program_options regex serialization system thread 
[0.745s] -- Found Boost: /usr/lib/x86_64-linux-gnu/cmake/Boost-1.83.0/BoostConfig.cmake (found version "1.83.0") found components: filesystem 
[0.777s] -- Found TinyXML2 via Config file: /usr/lib/x86_64-linux-gnu/cmake/tinyxml2
[0.820s] -- Found moveit_ros_planning_interface: 2.14.1 (/home/kafando/ws_moveit/install/moveit_ros_planning_interface/share/moveit_ros_planning_interface/cmake)
[0.823s] -- Found Boost: /usr/lib/x86_64-linux-gnu/cmake/Boost-1.83.0/BoostConfig.cmake (found version "1.83.0") found components: date_time filesystem program_options system thread 
[0.833s] -- Found Boost: /usr/lib/x86_64-linux-gnu/cmake/Boost-1.83.0/BoostConfig.cmake (found version "1.83.0") found components: thread system filesystem regex date_time program_options 
[0.854s] -- Found Boost: /usr/lib/x86_64-linux-gnu/cmake/Boost-1.83.0/BoostConfig.cmake (found version "1.83.0") found components: system filesystem date_time program_options thread 
[0.879s] -- Found nav2_common: 1.3.11 (/opt/ros/jazzy/share/nav2_common/cmake)
[0.879s] -- Found navigation2: 1.3.11 (/opt/ros/jazzy/share/navigation2/cmake)
[0.879s] -- Found nav2_msgs: 1.3.11 (/opt/ros/jazzy/share/nav2_msgs/cmake)
[0.976s] -- Found ament_lint_auto: 0.17.5 (/opt/ros/jazzy/share/ament_lint_auto/cmake)
[1.038s] -- Added test 'cppcheck' to perform static code analysis on C / C++ code
[1.039s] -- Configured cppcheck include dirs: /home/kafando/Ros2_ws/src/mm_behaviors/include
[1.039s] -- Configured cppcheck exclude dirs and/or files: 
[1.039s] -- Added test 'flake8' to check Python code syntax and style conventions
[1.039s] -- Configured 'flake8' exclude dirs and/or files: 
[1.039s] -- Added test 'lint_cmake' to check CMake code style
[1.039s] -- Added test 'pep257' to check Python code against some of the docstring style conventions in PEP 257
[1.040s] -- Added test 'uncrustify' to check C / C++ code style
[1.040s] -- Configured uncrustify additional arguments: 
[1.040s] -- Added test 'xmllint' to check XML markup files
[1.041s] -- Configuring done (1.0s)
[1.062s] -- Generating done (0.0s)
[1.067s] -- Build files have been written to: /home/kafando/Ros2_ws/build/mm_behaviors
[1.131s] [ 16%] [32mBuilding CXX object CMakeFiles/wstta_robot_bt_node.dir/src/mm_bt_node.cpp.o[0m
[1.132s] [ 33%] [32mBuilding CXX object CMakeFiles/wstta_robot_bt_node.dir/src/mm_nav_actions.cpp.o[0m
[1.133s] [ 50%] [32mBuilding CXX object CMakeFiles/wstta_robot_bt_node.dir/src/mm_moveit_actions.cpp.o[0m
[1.133s] [ 66%] [32mBuilding CXX object CMakeFiles/wstta_robot_bt_node.dir/src/actions_nodes.cpp.o[0m
[1.134s] [ 83%] [32mBuilding CXX object CMakeFiles/wstta_robot_bt_node.dir/src/condition_nodes.cpp.o[0m
[15.367s] [100%] [32m[1mLinking CXX executable wstta_robot_bt_node[0m
[15.881s] /usr/bin/ld: CMakeFiles/wstta_robot_bt_node.dir/src/mm_bt_node.cpp.o: in function `std::__detail::_MakeUniq<WSTTA::PlanForTheArm>::__single_object std::make_unique<WSTTA::PlanForTheArm, std::__cxx11::basic_string<char, std::char_traits<char>, std::allocator<char> > const&, BT::NodeConfig const&, std::shared_ptr<rclcpp::Node>&, std::shared_ptr<moveit_cpp::MoveItCpp>&>(std::__cxx11::basic_string<char, std::char_traits<char>, std::allocator<char> > const&, BT::NodeConfig const&, std::shared_ptr<rclcpp::Node>&, std::shared_ptr<moveit_cpp::MoveItCpp>&)':
[15.881s] /usr/include/c++/13/bits/unique_ptr.h:1070:(.text._ZSt11make_uniqueIN5WSTTA13PlanForTheArmEJRKNSt7__cxx1112basic_stringIcSt11char_traitsIcESaIcEEERKN2BT10NodeConfigERSt10shared_ptrIN6rclcpp4NodeEERSE_IN10moveit_cpp9MoveItCppEEEENSt8__detail9_MakeUniqIT_E15__single_objectEDpOT0_[_ZSt11make_uniqueIN5WSTTA13PlanForTheArmEJRKNSt7__cxx1112basic_stringIcSt11char_traitsIcESaIcEEERKN2BT10NodeConfigERSt10shared_ptrIN6rclcpp4NodeEERSE_IN10moveit_cpp9MoveItCppEEEENSt8__detail9_MakeUniqIT_E15__single_objectEDpOT0_]+0x85): undefined reference to `WSTTA::PlanForTheArm::PlanForTheArm(std::__cxx11::basic_string<char, std::char_traits<char>, std::allocator<char> > const&, BT::NodeConfig const&, std::shared_ptr<rclcpp::Node> const&, std::shared_ptr<moveit_cpp::MoveItCpp> const&)'
[15.882s] /usr/bin/ld: CMakeFiles/wstta_robot_bt_node.dir/src/mm_bt_node.cpp.o: in function `std::__detail::_MakeUniq<WSTTA::ExecuteArmPlan>::__single_object std::make_unique<WSTTA::ExecuteArmPlan, std::__cxx11::basic_string<char, std::char_traits<char>, std::allocator<char> > const&, BT::NodeConfig const&, std::shared_ptr<rclcpp::Node>&, std::shared_ptr<moveit_cpp::MoveItCpp>&>(std::__cxx11::basic_string<char, std::char_traits<char>, std::allocator<char> > const&, BT::NodeConfig const&, std::shared_ptr<rclcpp::Node>&, std::shared_ptr<moveit_cpp::MoveItCpp>&)':
[15.882s] /usr/include/c++/13/bits/unique_ptr.h:1070:(.text._ZSt11make_uniqueIN5WSTTA14ExecuteArmPlanEJRKNSt7__cxx1112basic_stringIcSt11char_traitsIcESaIcEEERKN2BT10NodeConfigERSt10shared_ptrIN6rclcpp4NodeEERSE_IN10moveit_cpp9MoveItCppEEEENSt8__detail9_MakeUniqIT_E15__single_objectEDpOT0_[_ZSt11make_uniqueIN5WSTTA14ExecuteArmPlanEJRKNSt7__cxx1112basic_stringIcSt11char_traitsIcESaIcEEERKN2BT10NodeConfigERSt10shared_ptrIN6rclcpp4NodeEERSE_IN10moveit_cpp9MoveItCppEEEENSt8__detail9_MakeUniqIT_E15__single_objectEDpOT0_]+0x85): undefined reference to `WSTTA::ExecuteArmPlan::ExecuteArmPlan(std::__cxx11::basic_string<char, std::char_traits<char>, std::allocator<char> > const&, BT::NodeConfig const&, std::shared_ptr<rclcpp::Node> const&, std::shared_ptr<moveit_cpp::MoveItCpp> const&)'
[15.954s] collect2: error: ld returned 1 exit status
[15.956s] gmake[2]: *** [CMakeFiles/wstta_robot_bt_node.dir/build.make:455: wstta_robot_bt_node] Error 1
[15.957s] gmake[1]: *** [CMakeFiles/Makefile2:137: CMakeFiles/wstta_robot_bt_node.dir/all] Error 2
[15.957s] gmake: *** [Makefile:146: all] Error 2
[15.959s] Invoked command in '/home/kafando/Ros2_ws/build/mm_behaviors' returned '2': CMAKE_PREFIX_PATH=${CMAKE_PREFIX_PATH}:/home/kafando/ws_moveit/install/moveit_configs_utils:/opt/ros/jazzy DEBUGINFOD_URLS=https://debuginfod.ubuntu.com /usr/bin/cmake --build /home/kafando/Ros2_ws/build/mm_behaviors -- -j16 -l16
