-- Found ament_cmake: 2.5.6 (/opt/ros/jazzy/share/ament_cmake/cmake)
-- Found ros_gz: 1.0.22 (/opt/ros/jazzy/share/ros_gz/cmake)
-- Found ros_gz_bridge: 1.0.22 (/opt/ros/jazzy/share/ros_gz_bridge/cmake)
-- Found rosidl_generator_c: 4.6.7 (/opt/ros/jazzy/share/rosidl_generator_c/cmake)
-- Found rosidl_generator_cpp: 4.6.7 (/opt/ros/jazzy/share/rosidl_generator_cpp/cmake)
-- Using all available rosidl_typesupport_c: rosidl_typesupport_fastrtps_c;rosidl_typesupport_introspection_c
-- Using all available rosidl_typesupport_cpp: rosidl_typesupport_fastrtps_cpp;rosidl_typesupport_introspection_cpp
-- Found rmw_implementation_cmake: 7.3.3 (/opt/ros/jazzy/share/rmw_implementation_cmake/cmake)
-- Found rmw_fastrtps_cpp: 8.4.3 (/opt/ros/jazzy/share/rmw_fastrtps_cpp/cmake)
-- Using RMW implementation 'rmw_fastrtps_cpp' as default
-- Looking for gz-msgs10 -- found version 10.3.2
-- Searching for dependencies of gz-msgs10
-- Looking for gz-utils2 -- found version 2.2.1
-- Searching for dependencies of gz-utils2
-- Looking for gz-math7 -- found version 7.5.2
-- Searching for dependencies of gz-math7
-- Looking for gz-utils2 -- found version 2.2.1
-- Checking for module 'tinyxml2'
--   Found tinyxml2, version 10.0.0
-- Looking for gz-transport13 -- found version 13.5.0
-- Searching for dependencies of gz-transport13
-- Config-file not installed for ZeroMQ -- checking for pkg-config
-- Checking for module 'libzmq >= 4'
--   Found libzmq, version 4.3.5
-- Checking for module 'uuid'
--   Found uuid, version 2.39.3
-- Looking for gz-utils2 -- found version 2.2.1
-- Searching for dependencies of gz-utils2
-- Searching for <gz-utils2> component [cli]
-- Looking for gz-utils2-cli -- found version 2.2.1
-- Searching for dependencies of gz-utils2-cli
-- Looking for gz-msgs10 -- found version 10.3.2
-- Found ros_gz_image: 1.0.22 (/opt/ros/jazzy/share/ros_gz_image/cmake)
-- Found ros_gz_sim: 1.0.22 (/opt/ros/jazzy/share/ros_gz_sim/cmake)
-- Found ros2_control: 4.44.0 (/opt/ros/jazzy/share/ros2_control/cmake)
-- Found ros2_controllers: 4.39.0 (/opt/ros/jazzy/share/ros2_controllers/cmake)
-- Found xacro: 2.1.1 (/opt/ros/jazzy/share/xacro/cmake)
-- Found ament_lint_auto: 0.17.5 (/opt/ros/jazzy/share/ament_lint_auto/cmake)
-- Added test 'flake8' to check Python code syntax and style conventions
-- Configured 'flake8' exclude dirs and/or files: 
-- Added test 'lint_cmake' to check CMake code style
-- Added test 'pep257' to check Python code against some of the docstring style conventions in PEP 257
-- Added test 'xmllint' to check XML markup files
-- Configuring done (2.4s)
-- Generating done (0.0s)
-- Build files have been written to: /home/kafando/Ros2_ws/build/mm_bringup
-- Install configuration: "Debug"
-- Up-to-date: /home/kafando/Ros2_ws/install/mm_bringup/share/mm_bringup//launch
-- Up-to-date: /home/kafando/Ros2_ws/install/mm_bringup/share/mm_bringup//launch/gazebo.launch.py
-- Up-to-date: /home/kafando/Ros2_ws/install/mm_bringup/share/mm_bringup//launch/display.launch.py
-- Up-to-date: /home/kafando/Ros2_ws/install/mm_bringup/share/mm_bringup//config
-- Up-to-date: /home/kafando/Ros2_ws/install/mm_bringup/share/mm_bringup//config/MyRobot_controllers.yaml
-- Up-to-date: /home/kafando/Ros2_ws/install/mm_bringup/share/mm_bringup//config/joints_limits.yaml
-- Up-to-date: /home/kafando/Ros2_ws/install/mm_bringup/share/mm_bringup//config/ros_gz_bridge.yaml
-- Up-to-date: /home/kafando/Ros2_ws/install/mm_bringup/share/mm_bringup//config/laser_filters.yaml
-- Up-to-date: /home/kafando/Ros2_ws/install/mm_bringup/share/mm_bringup//urdf
-- Up-to-date: /home/kafando/Ros2_ws/install/mm_bringup/share/mm_bringup//urdf/imu.xacro
-- Up-to-date: /home/kafando/Ros2_ws/install/mm_bringup/share/mm_bringup//urdf/lidar.xacro
-- Up-to-date: /home/kafando/Ros2_ws/install/mm_bringup/share/mm_bringup//urdf/materials.xacro
-- Up-to-date: /home/kafando/Ros2_ws/install/mm_bringup/share/mm_bringup//urdf/camera.xacro
-- Up-to-date: /home/kafando/Ros2_ws/install/mm_bringup/share/mm_bringup//urdf/MyRobot.ros2control
-- Up-to-date: /home/kafando/Ros2_ws/install/mm_bringup/share/mm_bringup//urdf/MyRobot.urdf.xacro
-- Up-to-date: /home/kafando/Ros2_ws/install/mm_bringup/share/mm_bringup//urdf/MyRobot_gz.gazebo
-- Up-to-date: /home/kafando/Ros2_ws/install/mm_bringup/share/mm_bringup//urdf/MyRobotfor_moveit.urdf.xacro
-- Up-to-date: /home/kafando/Ros2_ws/install/mm_bringup/share/mm_bringup//urdf/ultrasonic.xacro
-- Up-to-date: /home/kafando/Ros2_ws/install/mm_bringup/share/mm_bringup//urdf/arm.xacro
-- Up-to-date: /home/kafando/Ros2_ws/install/mm_bringup/share/mm_bringup//meshes
-- Up-to-date: /home/kafando/Ros2_ws/install/mm_bringup/share/mm_bringup//meshes/container_link_c.STL
-- Up-to-date: /home/kafando/Ros2_ws/install/mm_bringup/share/mm_bringup//meshes/left_front_wheel_link.STL
-- Up-to-date: /home/kafando/Ros2_ws/install/mm_bringup/share/mm_bringup//meshes/arm_link4.STL
-- Up-to-date: /home/kafando/Ros2_ws/install/mm_bringup/share/mm_bringup//meshes/lidar_link.STL
-- Up-to-date: /home/kafando/Ros2_ws/install/mm_bringup/share/mm_bringup//meshes/right_ultrasonic_link.STL
-- Up-to-date: /home/kafando/Ros2_ws/install/mm_bringup/share/mm_bringup//meshes/arm_link2_cv.STL
-- Up-to-date: /home/kafando/Ros2_ws/install/mm_bringup/share/mm_bringup//meshes/right_rear_wheel_link.STL
-- Up-to-date: /home/kafando/Ros2_ws/install/mm_bringup/share/mm_bringup//meshes/arm_link1.STL
-- Up-to-date: /home/kafando/Ros2_ws/install/mm_bringup/share/mm_bringup//meshes/base_link_c.STL
-- Up-to-date: /home/kafando/Ros2_ws/install/mm_bringup/share/mm_bringup//meshes/arm_link2.STL
-- Up-to-date: /home/kafando/Ros2_ws/install/mm_bringup/share/mm_bringup//meshes/camera_link.STL
-- Up-to-date: /home/kafando/Ros2_ws/install/mm_bringup/share/mm_bringup//meshes/left_ultrasonic_link.STL
-- Up-to-date: /home/kafando/Ros2_ws/install/mm_bringup/share/mm_bringup//meshes/base_link.STL
-- Up-to-date: /home/kafando/Ros2_ws/install/mm_bringup/share/mm_bringup//meshes/arm_link0.STL
-- Up-to-date: /home/kafando/Ros2_ws/install/mm_bringup/share/mm_bringup//meshes/arm_link1_cv.STL
-- Up-to-date: /home/kafando/Ros2_ws/install/mm_bringup/share/mm_bringup//meshes/ee_unactuated_tooth_link.STL
-- Up-to-date: /home/kafando/Ros2_ws/install/mm_bringup/share/mm_bringup//meshes/arm_link4_cv.STL
-- Up-to-date: /home/kafando/Ros2_ws/install/mm_bringup/share/mm_bringup//meshes/right_front_wheel_link.STL
-- Up-to-date: /home/kafando/Ros2_ws/install/mm_bringup/share/mm_bringup//meshes/land.png
-- Up-to-date: /home/kafando/Ros2_ws/install/mm_bringup/share/mm_bringup//meshes/left_rear_wheel_link_c.STL
-- Up-to-date: /home/kafando/Ros2_ws/install/mm_bringup/share/mm_bringup//meshes/ee_actuated_tooth_link.STL
-- Up-to-date: /home/kafando/Ros2_ws/install/mm_bringup/share/mm_bringup//meshes/right_front_wheel_link_c.STL
-- Up-to-date: /home/kafando/Ros2_ws/install/mm_bringup/share/mm_bringup//meshes/lidar_link_c.STL
-- Up-to-date: /home/kafando/Ros2_ws/install/mm_bringup/share/mm_bringup//meshes/arm_link4_c.STL
-- Up-to-date: /home/kafando/Ros2_ws/install/mm_bringup/share/mm_bringup//meshes/arm_link4_v.STL
-- Up-to-date: /home/kafando/Ros2_ws/install/mm_bringup/share/mm_bringup//meshes/imu_link.STL
-- Up-to-date: /home/kafando/Ros2_ws/install/mm_bringup/share/mm_bringup//meshes/camera_link_c.STL
-- Up-to-date: /home/kafando/Ros2_ws/install/mm_bringup/share/mm_bringup//meshes/arm_link3.STL
-- Up-to-date: /home/kafando/Ros2_ws/install/mm_bringup/share/mm_bringup//meshes/grass.png
-- Up-to-date: /home/kafando/Ros2_ws/install/mm_bringup/share/mm_bringup//meshes/left_rear_wheel_link.STL
-- Up-to-date: /home/kafando/Ros2_ws/install/mm_bringup/share/mm_bringup//meshes/arm_link0_cv.STL
-- Up-to-date: /home/kafando/Ros2_ws/install/mm_bringup/share/mm_bringup//meshes/container_link.STL
-- Up-to-date: /home/kafando/Ros2_ws/install/mm_bringup/share/mm_bringup//meshes/arm_link3_cv.STL
-- Up-to-date: /home/kafando/Ros2_ws/install/mm_bringup/share/mm_bringup//worlds
-- Up-to-date: /home/kafando/Ros2_ws/install/mm_bringup/share/mm_bringup//worlds/mm_env.world
-- Up-to-date: /home/kafando/Ros2_ws/install/mm_bringup/share/mm_bringup//worlds/empty.world
-- Up-to-date: /home/kafando/Ros2_ws/install/mm_bringup/share/mm_bringup//worlds/mm_world.world
-- Up-to-date: /home/kafando/Ros2_ws/install/mm_bringup/share/mm_bringup//rviz
-- Up-to-date: /home/kafando/Ros2_ws/install/mm_bringup/share/mm_bringup//rviz/gazebo.rviz
-- Up-to-date: /home/kafando/Ros2_ws/install/mm_bringup/share/mm_bringup//rviz/display.rviz
-- Up-to-date: /home/kafando/Ros2_ws/install/mm_bringup/share/ament_index/resource_index/package_run_dependencies/mm_bringup
-- Up-to-date: /home/kafando/Ros2_ws/install/mm_bringup/share/ament_index/resource_index/parent_prefix_path/mm_bringup
-- Up-to-date: /home/kafando/Ros2_ws/install/mm_bringup/share/mm_bringup/environment/ament_prefix_path.sh
-- Up-to-date: /home/kafando/Ros2_ws/install/mm_bringup/share/mm_bringup/environment/ament_prefix_path.dsv
-- Up-to-date: /home/kafando/Ros2_ws/install/mm_bringup/share/mm_bringup/environment/path.sh
-- Up-to-date: /home/kafando/Ros2_ws/install/mm_bringup/share/mm_bringup/environment/path.dsv
-- Up-to-date: /home/kafando/Ros2_ws/install/mm_bringup/share/mm_bringup/local_setup.bash
-- Up-to-date: /home/kafando/Ros2_ws/install/mm_bringup/share/mm_bringup/local_setup.sh
-- Up-to-date: /home/kafando/Ros2_ws/install/mm_bringup/share/mm_bringup/local_setup.zsh
-- Up-to-date: /home/kafando/Ros2_ws/install/mm_bringup/share/mm_bringup/local_setup.dsv
-- Installing: /home/kafando/Ros2_ws/install/mm_bringup/share/mm_bringup/package.dsv
-- Up-to-date: /home/kafando/Ros2_ws/install/mm_bringup/share/ament_index/resource_index/packages/mm_bringup
-- Up-to-date: /home/kafando/Ros2_ws/install/mm_bringup/share/mm_bringup/cmake/mm_bringupConfig.cmake
-- Up-to-date: /home/kafando/Ros2_ws/install/mm_bringup/share/mm_bringup/cmake/mm_bringupConfig-version.cmake
-- Up-to-date: /home/kafando/Ros2_ws/install/mm_bringup/share/mm_bringup/package.xml
