[0.020s] Invoking command in '/home/kafando/Ros2_ws/build/mm_bringup': CMAKE_PREFIX_PATH=${CMAKE_PREFIX_PATH}:/home/kafando/ws_moveit/install/moveit_configs_utils:/home/kafando/Ros2_ws/install/moveit_configs_utils:/opt/ros/jazzy DEBUGINFOD_URLS=https://debuginfod.ubuntu.com /usr/bin/cmake /home/kafando/Ros2_ws/src/mm_bringup -DCMAKE_INSTALL_PREFIX=/home/kafando/Ros2_ws/install/mm_bringup
[0.071s] -- The C compiler identification is GNU 13.3.0
[0.119s] -- The CXX compiler identification is GNU 13.3.0
[0.133s] -- Detecting C compiler ABI info
[0.206s] -- Detecting C compiler ABI info - done
[0.213s] -- Check for working C compiler: /usr/bin/cc - skipped
[0.213s] -- Detecting C compile features
[0.214s] -- Detecting C compile features - done
[0.221s] -- Detecting CXX compiler ABI info
[0.306s] -- Detecting CXX compiler ABI info - done
[0.312s] -- Check for working CXX compiler: /usr/bin/c++ - skipped
[0.313s] -- Detecting CXX compile features
[0.313s] -- Detecting CXX compile features - done
[0.318s] -- Found ament_cmake: 2.5.6 (/opt/ros/jazzy/share/ament_cmake/cmake)
[0.492s] -- Found Python3: /usr/bin/python3 (found version "3.12.3") found components: Interpreter 
[0.632s] -- Found ros_gz: 1.0.22 (/opt/ros/jazzy/share/ros_gz/cmake)
[0.637s] -- Found ros_gz_bridge: 1.0.22 (/opt/ros/jazzy/share/ros_gz_bridge/cmake)
[0.707s] -- Found rosidl_generator_c: 4.6.7 (/opt/ros/jazzy/share/rosidl_generator_c/cmake)
[0.728s] -- Found rosidl_generator_cpp: 4.6.7 (/opt/ros/jazzy/share/rosidl_generator_cpp/cmake)
[0.752s] -- Using all available rosidl_typesupport_c: rosidl_typesupport_fastrtps_c;rosidl_typesupport_introspection_c
[0.778s] -- Using all available rosidl_typesupport_cpp: rosidl_typesupport_fastrtps_cpp;rosidl_typesupport_introspection_cpp
[0.869s] -- Found rmw_implementation_cmake: 7.3.3 (/opt/ros/jazzy/share/rmw_implementation_cmake/cmake)
[0.879s] -- Found rmw_fastrtps_cpp: 8.4.3 (/opt/ros/jazzy/share/rmw_fastrtps_cpp/cmake)
[0.983s] -- Found OpenSSL: /usr/lib/x86_64-linux-gnu/libcrypto.so (found version "3.0.13")  
[1.006s] -- Found FastRTPS: /opt/ros/jazzy/include (Required is at least version "2.13") 
[1.040s] -- Using RMW implementation 'rmw_fastrtps_cpp' as default
[1.197s] -- Looking for gz-msgs10 -- found version 10.3.2
[1.209s] -- Searching for dependencies of gz-msgs10
[1.331s] -- Found Protobuf: /usr/lib/x86_64-linux-gnu/libprotobuf.so (found version "3.21.12") 
[1.336s] -- Looking for gz-utils2 -- found version 2.2.1
[1.336s] -- Searching for dependencies of gz-utils2
[1.340s] -- Looking for gz-math7 -- found version 7.5.2
[1.341s] -- Searching for dependencies of gz-math7
[1.341s] -- Looking for gz-utils2 -- found version 2.2.1
[1.346s] -- Checking for module 'tinyxml2'
[1.365s] --   Found tinyxml2, version 10.0.0
[1.410s] -- Looking for gz-transport13 -- found version 13.5.0
[1.411s] -- Searching for dependencies of gz-transport13
[1.445s] -- Config-file not installed for ZeroMQ -- checking for pkg-config
[1.450s] -- Checking for module 'libzmq >= 4'
[1.468s] --   Found libzmq, version 4.3.5
[1.507s] -- Found ZeroMQ: TRUE (Required is at least version "4") 
[1.514s] -- Checking for module 'uuid'
[1.533s] --   Found uuid, version 2.39.3
[1.564s] -- Found UUID: TRUE  
[1.565s] -- Looking for gz-utils2 -- found version 2.2.1
[1.565s] -- Searching for dependencies of gz-utils2
[1.565s] -- Searching for <gz-utils2> component [cli]
[1.570s] -- Looking for gz-utils2-cli -- found version 2.2.1
[1.570s] -- Searching for dependencies of gz-utils2-cli
[1.571s] -- Looking for gz-msgs10 -- found version 10.3.2
[1.880s] -- Found ros_gz_image: 1.0.22 (/opt/ros/jazzy/share/ros_gz_image/cmake)
[1.887s] -- Found ros_gz_sim: 1.0.22 (/opt/ros/jazzy/share/ros_gz_sim/cmake)
[1.948s] -- Found ros2_control: 4.44.0 (/opt/ros/jazzy/share/ros2_control/cmake)
[1.954s] -- Found ros2_controllers: 4.39.0 (/opt/ros/jazzy/share/ros2_controllers/cmake)
[1.960s] -- Found xacro: 2.1.1 (/opt/ros/jazzy/share/xacro/cmake)
[1.966s] -- Found ament_lint_auto: 0.17.5 (/opt/ros/jazzy/share/ament_lint_auto/cmake)
[2.087s] -- Added test 'flake8' to check Python code syntax and style conventions
[2.087s] -- Configured 'flake8' exclude dirs and/or files: 
[2.089s] -- Added test 'lint_cmake' to check CMake code style
[2.091s] -- Added test 'pep257' to check Python code against some of the docstring style conventions in PEP 257
[2.095s] -- Added test 'xmllint' to check XML markup files
[2.100s] -- Configuring done (2.1s)
[2.105s] -- Generating done (0.0s)
[2.107s] -- Build files have been written to: /home/kafando/Ros2_ws/build/mm_bringup
[2.121s] Invoked command in '/home/kafando/Ros2_ws/build/mm_bringup' returned '0': CMAKE_PREFIX_PATH=${CMAKE_PREFIX_PATH}:/home/kafando/ws_moveit/install/moveit_configs_utils:/home/kafando/Ros2_ws/install/moveit_configs_utils:/opt/ros/jazzy DEBUGINFOD_URLS=https://debuginfod.ubuntu.com /usr/bin/cmake /home/kafando/Ros2_ws/src/mm_bringup -DCMAKE_INSTALL_PREFIX=/home/kafando/Ros2_ws/install/mm_bringup
[2.122s] Invoking command in '/home/kafando/Ros2_ws/build/mm_bringup': CMAKE_PREFIX_PATH=${CMAKE_PREFIX_PATH}:/home/kafando/ws_moveit/install/moveit_configs_utils:/home/kafando/Ros2_ws/install/moveit_configs_utils:/opt/ros/jazzy DEBUGINFOD_URLS=https://debuginfod.ubuntu.com /usr/bin/cmake --build /home/kafando/Ros2_ws/build/mm_bringup -- -j16 -l16
[2.166s] Invoked command in '/home/kafando/Ros2_ws/build/mm_bringup' returned '0': CMAKE_PREFIX_PATH=${CMAKE_PREFIX_PATH}:/home/kafando/ws_moveit/install/moveit_configs_utils:/home/kafando/Ros2_ws/install/moveit_configs_utils:/opt/ros/jazzy DEBUGINFOD_URLS=https://debuginfod.ubuntu.com /usr/bin/cmake --build /home/kafando/Ros2_ws/build/mm_bringup -- -j16 -l16
[2.176s] Invoking command in '/home/kafando/Ros2_ws/build/mm_bringup': CMAKE_PREFIX_PATH=${CMAKE_PREFIX_PATH}:/home/kafando/ws_moveit/install/moveit_configs_utils:/home/kafando/Ros2_ws/install/moveit_configs_utils:/opt/ros/jazzy DEBUGINFOD_URLS=https://debuginfod.ubuntu.com /usr/bin/cmake --install /home/kafando/Ros2_ws/build/mm_bringup
[2.185s] -- Install configuration: ""
[2.185s] -- Installing: /home/kafando/Ros2_ws/install/mm_bringup/share/mm_bringup//launch
[2.185s] -- Installing: /home/kafando/Ros2_ws/install/mm_bringup/share/mm_bringup//launch/gazebo.launch.py
[2.185s] -- Installing: /home/kafando/Ros2_ws/install/mm_bringup/share/mm_bringup//launch/display.launch.py
[2.185s] -- Installing: /home/kafando/Ros2_ws/install/mm_bringup/share/mm_bringup//config
[2.185s] -- Installing: /home/kafando/Ros2_ws/install/mm_bringup/share/mm_bringup//config/MyRobot_controllers.yaml
[2.185s] -- Installing: /home/kafando/Ros2_ws/install/mm_bringup/share/mm_bringup//config/joints_limits.yaml
[2.185s] -- Installing: /home/kafando/Ros2_ws/install/mm_bringup/share/mm_bringup//config/ros_gz_bridge.yaml
[2.186s] -- Installing: /home/kafando/Ros2_ws/install/mm_bringup/share/mm_bringup//config/laser_filters.yaml
[2.186s] -- Installing: /home/kafando/Ros2_ws/install/mm_bringup/share/mm_bringup//urdf
[2.186s] -- Installing: /home/kafando/Ros2_ws/install/mm_bringup/share/mm_bringup//urdf/imu.xacro
[2.186s] -- Installing: /home/kafando/Ros2_ws/install/mm_bringup/share/mm_bringup//urdf/lidar.xacro
[2.186s] -- Installing: /home/kafando/Ros2_ws/install/mm_bringup/share/mm_bringup//urdf/materials.xacro
[2.186s] -- Installing: /home/kafando/Ros2_ws/install/mm_bringup/share/mm_bringup//urdf/camera.xacro
[2.187s] -- Installing: /home/kafando/Ros2_ws/install/mm_bringup/share/mm_bringup//urdf/MyRobot.ros2control
[2.187s] -- Installing: /home/kafando/Ros2_ws/install/mm_bringup/share/mm_bringup//urdf/MyRobot.urdf.xacro
[2.187s] -- Installing: /home/kafando/Ros2_ws/install/mm_bringup/share/mm_bringup//urdf/MyRobot_gz.gazebo
[2.187s] -- Installing: /home/kafando/Ros2_ws/install/mm_bringup/share/mm_bringup//urdf/MyRobotfor_moveit.urdf.xacro
[2.187s] -- Installing: /home/kafando/Ros2_ws/install/mm_bringup/share/mm_bringup//urdf/ultrasonic.xacro
[2.187s] -- Installing: /home/kafando/Ros2_ws/install/mm_bringup/share/mm_bringup//urdf/arm.xacro
[2.187s] -- Installing: /home/kafando/Ros2_ws/install/mm_bringup/share/mm_bringup//meshes
[2.187s] -- Installing: /home/kafando/Ros2_ws/install/mm_bringup/share/mm_bringup//meshes/left_front_wheel_link.STL
[2.190s] -- Installing: /home/kafando/Ros2_ws/install/mm_bringup/share/mm_bringup//meshes/arm_link4.STL
[2.191s] -- Installing: /home/kafando/Ros2_ws/install/mm_bringup/share/mm_bringup//meshes/lidar_link.STL
[2.194s] -- Installing: /home/kafando/Ros2_ws/install/mm_bringup/share/mm_bringup//meshes/right_ultrasonic_link.STL
[2.194s] -- Installing: /home/kafando/Ros2_ws/install/mm_bringup/share/mm_bringup//meshes/arm_link2_cv.STL
[2.195s] -- Installing: /home/kafando/Ros2_ws/install/mm_bringup/share/mm_bringup//meshes/right_rear_wheel_link.STL
[2.198s] -- Installing: /home/kafando/Ros2_ws/install/mm_bringup/share/mm_bringup//meshes/arm_link1.STL
[2.198s] -- Installing: /home/kafando/Ros2_ws/install/mm_bringup/share/mm_bringup//meshes/base_link_c.STL
[2.199s] -- Installing: /home/kafando/Ros2_ws/install/mm_bringup/share/mm_bringup//meshes/arm_link2.STL
[2.200s] -- Installing: /home/kafando/Ros2_ws/install/mm_bringup/share/mm_bringup//meshes/camera_link.STL
[2.204s] -- Installing: /home/kafando/Ros2_ws/install/mm_bringup/share/mm_bringup//meshes/left_ultrasonic_link.STL
[2.204s] -- Installing: /home/kafando/Ros2_ws/install/mm_bringup/share/mm_bringup//meshes/base_link.STL
[2.206s] -- Installing: /home/kafando/Ros2_ws/install/mm_bringup/share/mm_bringup//meshes/arm_link0.STL
[2.207s] -- Installing: /home/kafando/Ros2_ws/install/mm_bringup/share/mm_bringup//meshes/arm_link1_cv.STL
[2.207s] -- Installing: /home/kafando/Ros2_ws/install/mm_bringup/share/mm_bringup//meshes/ee_unactuated_tooth_link.STL
[2.207s] -- Installing: /home/kafando/Ros2_ws/install/mm_bringup/share/mm_bringup//meshes/right_front_wheel_link.STL
[2.210s] -- Installing: /home/kafando/Ros2_ws/install/mm_bringup/share/mm_bringup//meshes/land.png
[2.212s] -- Installing: /home/kafando/Ros2_ws/install/mm_bringup/share/mm_bringup//meshes/left_rear_wheel_link_c.STL
[2.213s] -- Installing: /home/kafando/Ros2_ws/install/mm_bringup/share/mm_bringup//meshes/ee_actuated_tooth_link.STL
[2.213s] -- Installing: /home/kafando/Ros2_ws/install/mm_bringup/share/mm_bringup//meshes/right_front_wheel_link_c.STL
[2.214s] -- Installing: /home/kafando/Ros2_ws/install/mm_bringup/share/mm_bringup//meshes/lidar_link_c.STL
[2.214s] -- Installing: /home/kafando/Ros2_ws/install/mm_bringup/share/mm_bringup//meshes/recipient_Link.STL
[2.215s] -- Installing: /home/kafando/Ros2_ws/install/mm_bringup/share/mm_bringup//meshes/arm_link4_c.STL
[2.215s] -- Installing: /home/kafando/Ros2_ws/install/mm_bringup/share/mm_bringup//meshes/arm_link4_v.STL
[2.216s] -- Installing: /home/kafando/Ros2_ws/install/mm_bringup/share/mm_bringup//meshes/imu_link.STL
[2.216s] -- Installing: /home/kafando/Ros2_ws/install/mm_bringup/share/mm_bringup//meshes/camera_link_c.STL
[2.216s] -- Installing: /home/kafando/Ros2_ws/install/mm_bringup/share/mm_bringup//meshes/arm_link3.STL
[2.217s] -- Installing: /home/kafando/Ros2_ws/install/mm_bringup/share/mm_bringup//meshes/grass.png
[2.218s] -- Installing: /home/kafando/Ros2_ws/install/mm_bringup/share/mm_bringup//meshes/left_rear_wheel_link.STL
[2.221s] -- Installing: /home/kafando/Ros2_ws/install/mm_bringup/share/mm_bringup//meshes/arm_link0_cv.STL
[2.221s] -- Installing: /home/kafando/Ros2_ws/install/mm_bringup/share/mm_bringup//meshes/recipient_Link_c.STL
[2.221s] -- Installing: /home/kafando/Ros2_ws/install/mm_bringup/share/mm_bringup//meshes/arm_link3_cv.STL
[2.222s] -- Installing: /home/kafando/Ros2_ws/install/mm_bringup/share/mm_bringup//worlds
[2.222s] -- Installing: /home/kafando/Ros2_ws/install/mm_bringup/share/mm_bringup//worlds/empty.world
[2.223s] -- Installing: /home/kafando/Ros2_ws/install/mm_bringup/share/mm_bringup//rviz
[2.223s] -- Installing: /home/kafando/Ros2_ws/install/mm_bringup/share/mm_bringup//rviz/gazebo.rviz
[2.223s] -- Installing: /home/kafando/Ros2_ws/install/mm_bringup/share/mm_bringup//rviz/display.rviz
[2.223s] -- Installing: /home/kafando/Ros2_ws/install/mm_bringup/share/ament_index/resource_index/package_run_dependencies/mm_bringup
[2.223s] -- Installing: /home/kafando/Ros2_ws/install/mm_bringup/share/ament_index/resource_index/parent_prefix_path/mm_bringup
[2.224s] -- Installing: /home/kafando/Ros2_ws/install/mm_bringup/share/mm_bringup/environment/ament_prefix_path.sh
[2.224s] -- Installing: /home/kafando/Ros2_ws/install/mm_bringup/share/mm_bringup/environment/ament_prefix_path.dsv
[2.224s] -- Installing: /home/kafando/Ros2_ws/install/mm_bringup/share/mm_bringup/environment/path.sh
[2.224s] -- Installing: /home/kafando/Ros2_ws/install/mm_bringup/share/mm_bringup/environment/path.dsv
[2.224s] -- Installing: /home/kafando/Ros2_ws/install/mm_bringup/share/mm_bringup/local_setup.bash
[2.224s] -- Installing: /home/kafando/Ros2_ws/install/mm_bringup/share/mm_bringup/local_setup.sh
[2.224s] -- Installing: /home/kafando/Ros2_ws/install/mm_bringup/share/mm_bringup/local_setup.zsh
[2.224s] -- Installing: /home/kafando/Ros2_ws/install/mm_bringup/share/mm_bringup/local_setup.dsv
[2.224s] -- Installing: /home/kafando/Ros2_ws/install/mm_bringup/share/mm_bringup/package.dsv
[2.224s] -- Installing: /home/kafando/Ros2_ws/install/mm_bringup/share/ament_index/resource_index/packages/mm_bringup
[2.224s] -- Installing: /home/kafando/Ros2_ws/install/mm_bringup/share/mm_bringup/cmake/mm_bringupConfig.cmake
[2.224s] -- Installing: /home/kafando/Ros2_ws/install/mm_bringup/share/mm_bringup/cmake/mm_bringupConfig-version.cmake
[2.224s] -- Installing: /home/kafando/Ros2_ws/install/mm_bringup/share/mm_bringup/package.xml
[2.226s] Invoked command in '/home/kafando/Ros2_ws/build/mm_bringup' returned '0': CMAKE_PREFIX_PATH=${CMAKE_PREFIX_PATH}:/home/kafando/ws_moveit/install/moveit_configs_utils:/home/kafando/Ros2_ws/install/moveit_configs_utils:/opt/ros/jazzy DEBUGINFOD_URLS=https://debuginfod.ubuntu.com /usr/bin/cmake --install /home/kafando/Ros2_ws/build/mm_bringup
