[0.019s] Invoking command in '/home/kafando/Ros2_ws/build/mm_behaviors': CMAKE_PREFIX_PATH=${CMAKE_PREFIX_PATH}:/home/kafando/ws_moveit/install/moveit_configs_utils:/opt/ros/jazzy DEBUGINFOD_URLS=https://debuginfod.ubuntu.com /usr/bin/cmake --build /home/kafando/Ros2_ws/build/mm_behaviors -- -j16 -l16
[0.100s] [ 16%] [32mBuilding CXX object CMakeFiles/wstta_robot_bt_node.dir/src/mm_moveit_actions.cpp.o[0m
[3.875s] [01m[K/home/kafando/Ros2_ws/src/mm_behaviors/src/mm_moveit_actions.cpp:[m[K In member function ‘[01m[Kvirtual BT::NodeStatus PlanForTheArm::[01;32m[KonStart[m[K()[m[K’:
[3.875s] [01m[K/home/kafando/Ros2_ws/src/mm_behaviors/src/mm_moveit_actions.cpp:119:10:[m[K [01;31m[Kerror: [m[Kredeclaration of ‘[01m[Kbool tf_found[m[K’
[3.875s]   119 |     bool [01;31m[Ktf_found[m[K = false;
[3.875s]       |          [01;31m[K^~~~~~~~[m[K
[3.875s] [01m[K/home/kafando/Ros2_ws/src/mm_behaviors/src/mm_moveit_actions.cpp:74:11:[m[K [01;36m[Knote: [m[K‘[01m[Kbool tf_found[m[K’ previously declared here
[3.875s]    74 |     bool  [01;36m[Ktf_found[m[K = false;
[3.875s]       |           [01;36m[K^~~~~~~~[m[K
[3.890s] [01m[K/home/kafando/Ros2_ws/src/mm_behaviors/src/mm_moveit_actions.cpp:219:33:[m[K [01;31m[Kerror: [m[K‘[01m[Kobject_basefootprint_pose[m[K’ was not declared in this scope
[3.890s]   219 |     ee_target_pose.position.z = [01;31m[Kobject_basefootprint_pose[m[K.point.z;
[3.890s]       |                                 [01;31m[K^~~~~~~~~~~~~~~~~~~~~~~~~[m[K
[3.892s] [01m[K/home/kafando/Ros2_ws/src/mm_behaviors/src/mm_moveit_actions.cpp:[m[K In member function ‘[01m[Kvirtual BT::NodeStatus PlanForTheArm::[01;32m[KonRunning[m[K()[m[K’:
[3.892s] [01m[K/home/kafando/Ros2_ws/src/mm_behaviors/src/mm_moveit_actions.cpp:281:34:[m[K [01;31m[Kerror: [m[Kexpected unqualified-id before ‘[01m[Kstatic_cast[m[K’
[3.892s]   281 |                 if(Poses && std::[01;31m[Kstatic_cast[m[K<int>(Poses->size())>index){
[3.892s]       |                                  [01;31m[K^~~~~~~~~~~[m[K
[3.892s] [01m[K/home/kafando/Ros2_ws/src/mm_behaviors/src/mm_moveit_actions.cpp:281:32:[m[K [01;31m[Kerror: [m[Kexpected ‘[01m[K)[m[K’ before ‘[01m[Kstatic_cast[m[K’
[3.892s]   281 |                 if[34m[K([m[KPoses && std[01;31m[K:[m[K:[32m[Kstatic_cast[m[K<int>(Poses->size())>index){
[3.892s]       |                   [34m[K~[m[K            [01;31m[K^[m[K [32m[K~~~~~~~~~~~[m[K
[3.892s]       |                                [32m[K)[m[K
[3.892s] [01m[K/home/kafando/Ros2_ws/src/mm_behaviors/src/mm_moveit_actions.cpp:304:42:[m[K [01;35m[Kwarning: [m[Kcomparison of integer expressions of different signedness: ‘[01m[Kstd::vector<geometry_msgs::msg::Point_<std::allocator<void> >, std::allocator<geometry_msgs::msg::Point_<std::allocator<void> > > >::size_type[m[K’ {aka ‘[01m[Klong unsigned int[m[K’} and ‘[01m[Kint[m[K’ [[01;35m[K]8;;https://gcc.gnu.org/onlinedocs/gcc/Warning-Options.html#index-Wsign-compare-Wsign-compare]8;;[m[K]
[3.892s]   304 |                 if(Poses && [01;35m[KPoses->size()>index[m[K){
[3.893s]       |                             [01;35m[K~~~~~~~~~~~~~^~~~~~[m[K
[6.783s] gmake[2]: *** [CMakeFiles/wstta_robot_bt_node.dir/build.make:104: CMakeFiles/wstta_robot_bt_node.dir/src/mm_moveit_actions.cpp.o] Error 1
[6.783s] gmake[1]: *** [CMakeFiles/Makefile2:137: CMakeFiles/wstta_robot_bt_node.dir/all] Error 2
[6.783s] gmake: *** [Makefile:146: all] Error 2
[6.786s] Invoked command in '/home/kafando/Ros2_ws/build/mm_behaviors' returned '2': CMAKE_PREFIX_PATH=${CMAKE_PREFIX_PATH}:/home/kafando/ws_moveit/install/moveit_configs_utils:/opt/ros/jazzy DEBUGINFOD_URLS=https://debuginfod.ubuntu.com /usr/bin/cmake --build /home/kafando/Ros2_ws/build/mm_behaviors -- -j16 -l16
