[0.019s] Invoking command in '/home/kafando/Ros2_ws/build/mm_behaviors': CMAKE_PREFIX_PATH=${CMAKE_PREFIX_PATH}:/home/kafando/ws_moveit/install/moveit_configs_utils:/opt/ros/jazzy DEBUGINFOD_URLS=https://debuginfod.ubuntu.com /usr/bin/cmake --build /home/kafando/Ros2_ws/build/mm_behaviors -- -j16 -l16
[0.097s] [ 16%] [32mBuilding CXX object CMakeFiles/wstta_robot_bt_node.dir/src/mm_nav_actions.cpp.o[0m
[0.097s] [ 33%] [32mBuilding CXX object CMakeFiles/wstta_robot_bt_node.dir/src/mm_bt_node.cpp.o[0m
[0.099s] [ 50%] [32mBuilding CXX object CMakeFiles/wstta_robot_bt_node.dir/src/condition_nodes.cpp.o[0m
[2.768s] In file included from [01m[K/home/kafando/Ros2_ws/src/mm_behaviors/src/condition_nodes.cpp:1[m[K:
[2.769s] [01m[K/home/kafando/Ros2_ws/src/mm_behaviors/include/mm_behaviors/condition_nodes.hpp:68:12:[m[K [01;31m[Kerror: [m[K‘[01m[Kdouble ContainerChecker::is_container_full[m[K’ conflicts with a previous declaration
[2.769s]    68 |     double [01;31m[Kis_container_full[m[K;
[2.769s]       |            [01;31m[K^~~~~~~~~~~~~~~~~[m[K
[2.769s] [01m[K/home/kafando/Ros2_ws/src/mm_behaviors/include/mm_behaviors/condition_nodes.hpp:51:10:[m[K [01;36m[Knote: [m[Kprevious declaration ‘[01m[Kbool ContainerChecker::[01;32m[Kis_container_full[m[K()[m[K’
[2.769s]    51 |     bool [01;36m[Kis_container_full[m[K();
[2.769s]       |          [01;36m[K^~~~~~~~~~~~~~~~~[m[K
[2.772s] [01m[K/home/kafando/Ros2_ws/src/mm_behaviors/src/condition_nodes.cpp:[m[K In member function ‘[01m[Kvirtual BT::NodeStatus ContainerChecker::[01;32m[Ktick[m[K()[m[K’:
[2.773s] [01m[K/home/kafando/Ros2_ws/src/mm_behaviors/src/condition_nodes.cpp:52:11:[m[K [01;31m[Kerror: [m[Kinvalid use of member function ‘[01m[Kbool ContainerChecker::[01;32m[Kis_container_full[m[K()[m[K’ (did you forget the ‘[01m[K()[m[K’ ?)
[2.773s]    52 |     [01;31m[Kthis->is_container_full[m[K = getInput<bool>("is_container_full").value();
[2.773s]       |     [01;31m[K~~~~~~^~~~~~~~~~~~~~~~~[m[K
[2.773s]       |                            [32m[K()[m[K
[2.773s] [01m[K/home/kafando/Ros2_ws/src/mm_behaviors/src/condition_nodes.cpp:53:31:[m[K [01;31m[Kerror: [m[Kcannot convert ‘[01m[KContainerChecker::is_container_full[m[K’ from type ‘[01m[Kbool (ContainerChecker::)()[m[K’ to type ‘[01m[Kbool[m[K’
[2.773s]    53 |     if(this->is_container_full[01;31m[K)[m[K{
[2.773s]       |                               [01;31m[K^[m[K
[2.873s] [01m[K/home/kafando/Ros2_ws/src/mm_behaviors/src/mm_nav_actions.cpp:[m[K In member function ‘[01m[Kvirtual BT::NodeStatus Navigate::[01;32m[KonStart[m[K()[m[K’:
[2.873s] [01m[K/home/kafando/Ros2_ws/src/mm_behaviors/src/mm_nav_actions.cpp:25:13:[m[K [01;35m[Kwarning: [m[Kunused variable ‘[01m[Kt[m[K’ [[01;35m[K]8;;https://gcc.gnu.org/onlinedocs/gcc/Warning-Options.html#index-Wunused-variable-Wunused-variable]8;;[m[K]
[2.873s]    25 |     if(bool [01;35m[Kt[m[K = getInput<bool>("is_container_full").value()){
[2.873s]       |             [01;35m[K^[m[K
[3.116s] In file included from [01m[K/home/kafando/Ros2_ws/src/mm_behaviors/include/mm_behaviors/mm_bt_node.hpp:8[m[K,
[3.116s]                  from [01m[K/home/kafando/Ros2_ws/src/mm_behaviors/src/mm_bt_node.cpp:1[m[K:
[3.116s] [01m[K/home/kafando/Ros2_ws/src/mm_behaviors/include/mm_behaviors/condition_nodes.hpp:68:12:[m[K [01;31m[Kerror: [m[K‘[01m[Kdouble ContainerChecker::is_container_full[m[K’ conflicts with a previous declaration
[3.116s]    68 |     double [01;31m[Kis_container_full[m[K;
[3.116s]       |            [01;31m[K^~~~~~~~~~~~~~~~~[m[K
[3.116s] [01m[K/home/kafando/Ros2_ws/src/mm_behaviors/include/mm_behaviors/condition_nodes.hpp:51:10:[m[K [01;36m[Knote: [m[Kprevious declaration ‘[01m[Kbool ContainerChecker::[01;32m[Kis_container_full[m[K()[m[K’
[3.116s]    51 |     bool [01;36m[Kis_container_full[m[K();
[3.116s]       |          [01;36m[K^~~~~~~~~~~~~~~~~[m[K
[3.747s] gmake[2]: *** [CMakeFiles/wstta_robot_bt_node.dir/build.make:132: CMakeFiles/wstta_robot_bt_node.dir/src/condition_nodes.cpp.o] Error 1
[3.747s] gmake[2]: *** Waiting for unfinished jobs....
[7.479s] gmake[2]: *** [CMakeFiles/wstta_robot_bt_node.dir/build.make:76: CMakeFiles/wstta_robot_bt_node.dir/src/mm_bt_node.cpp.o] Error 1
[7.479s] gmake[1]: *** [CMakeFiles/Makefile2:137: CMakeFiles/wstta_robot_bt_node.dir/all] Error 2
[7.479s] gmake: *** [Makefile:146: all] Error 2
[7.481s] Invoked command in '/home/kafando/Ros2_ws/build/mm_behaviors' returned '2': CMAKE_PREFIX_PATH=${CMAKE_PREFIX_PATH}:/home/kafando/ws_moveit/install/moveit_configs_utils:/opt/ros/jazzy DEBUGINFOD_URLS=https://debuginfod.ubuntu.com /usr/bin/cmake --build /home/kafando/Ros2_ws/build/mm_behaviors -- -j16 -l16
