[ 16%] [32mBuilding CXX object CMakeFiles/wstta_bt_node.dir/src/mm_moveit_bt_nodes.cpp.o[0m
[01m[K/home/kafando/Ros2_ws/src/mm_behaviors/src/mm_moveit_bt_nodes.cpp:[m[K In member function ‘[01m[Kvirtual BT::NodeStatus WSTTA::PlanForTheArm::[01;32m[KonRunning[m[K()[m[K’:
[01m[K/home/kafando/Ros2_ws/src/mm_behaviors/src/mm_moveit_bt_nodes.cpp:261:10:[m[K [01;31m[Kerror: [m[Kconflicting declaration ‘[01m[Kauto t[m[K’
  261 |     auto [01;31m[Kt[m[K = request.workspace_parameters.max_corner.x;
      |          [01;31m[K^[m[K
[01m[K/home/kafando/Ros2_ws/src/mm_behaviors/src/mm_moveit_bt_nodes.cpp:232:10:[m[K [01;36m[Knote: [m[Kprevious declaration as ‘[01m[Kbool t[m[K’
  232 |     bool [01;36m[Kt[m[K = state_->setFromIK(jmg,ee_target_pose2,2.0);
      |          [01;36m[K^[m[K
In file included from [01m[K/opt/ros/jazzy/include/rclcpp/rclcpp/logging.hpp:24[m[K,
                 from [01m[K/opt/ros/jazzy/include/rclcpp/rclcpp/copy_all_parameter_values.hpp:27[m[K,
                 from [01m[K/opt/ros/jazzy/include/rclcpp/rclcpp/rclcpp.hpp:171[m[K,
                 from [01m[K/home/kafando/Ros2_ws/src/mm_behaviors/include/mm_behaviors/mm_moveit_bt_nodes.hpp:7[m[K,
                 from [01m[K/home/kafando/Ros2_ws/src/mm_behaviors/src/mm_moveit_bt_nodes.cpp:1[m[K:
[01m[K/home/kafando/Ros2_ws/src/mm_behaviors/src/mm_moveit_bt_nodes.cpp:269:48:[m[K [01;35m[Kwarning: [m[Kformat ‘[01m[K%f[m[K’ expects argument of type ‘[01m[Kdouble[m[K’, but argument 8 has type ‘[01m[Kint[m[K’ [[01;35m[K]8;;https://gcc.gnu.org/onlinedocs/gcc/Warning-Options.html#index-Wformat=-Wformat=]8;;[m[K]
  269 |     RCLCPP_INFO(this->node_ptr_->get_logger(), [01;35m[K"(%f,%f,%f),(%f,%f,%f)"[m[K,t3,t4,t5,[32m[Kt[m[K,t1,t2);
      |                                                [01;35m[K^~~~~~~~~~~~~~~~~~~~~~~[m[K          [32m[K~[m[K
      |                                                                                 [32m[K|[m[K
      |                                                                                 [32m[Kint[m[K
[01m[K/home/kafando/Ros2_ws/src/mm_behaviors/src/mm_moveit_bt_nodes.cpp:269:62:[m[K [01;36m[Knote: [m[Kformat string is defined here
  269 |     RCLCPP_INFO(this->node_ptr_->get_logger(), "(%f,%f,%f),([01;36m[K%f[m[K,%f,%f)",t3,t4,t5,t,t1,t2);
      |                                                             [01;36m[K~^[m[K
      |                                                              [01;36m[K|[m[K
      |                                                              [01;36m[Kdouble[m[K
      |                                                             [32m[K%d[m[K
gmake[2]: *** [CMakeFiles/wstta_bt_node.dir/build.make:104: CMakeFiles/wstta_bt_node.dir/src/mm_moveit_bt_nodes.cpp.o] Error 1
gmake[1]: *** [CMakeFiles/Makefile2:137: CMakeFiles/wstta_bt_node.dir/all] Error 2
gmake: *** [Makefile:146: all] Error 2
