[ 16%] [32mBuilding CXX object CMakeFiles/wstta_robot_bt_node.dir/src/mm_moveit_actions.cpp.o[0m
[01m[K/home/kafando/Ros2_ws/src/mm_behaviors/src/mm_moveit_actions.cpp:[m[K In member function ‘[01m[Kvirtual BT::NodeStatus PlanForTheArm::[01;32m[KonStart[m[K()[m[K’:
[01m[K/home/kafando/Ros2_ws/src/mm_behaviors/src/mm_moveit_actions.cpp:251:36:[m[K [01;31m[Kerror: [m[Kno matching function for call to ‘[01m[Kmoveit::planning_interface::MoveGroupInterface::setJointValueTarget(geometry_msgs::msg::Pose&, const char [1], const char [1], bool)[m[K’
  251 |     [01;31m[Kmove_group->setJointValueTarget(ee_target_pose, "", "", true)[m[K;
      |     [01;31m[K~~~~~~~~~~~~~~~~~~~~~~~~~~~~~~~^~~~~~~~~~~~~~~~~~~~~~~~~~~~~~[m[K
In file included from [01m[K/home/kafando/Ros2_ws/src/mm_behaviors/include/mm_behaviors/mm_moveit_actions.hpp:6[m[K,
                 from [01m[K/home/kafando/Ros2_ws/src/mm_behaviors/src/mm_moveit_actions.cpp:1[m[K:
[01m[K/home/kafando/ws_moveit/install/moveit_ros_planning_interface/include/moveit_ros_planning_interface/moveit/move_group_interface/move_group_interface.hpp:341:8:[m[K [01;36m[Knote: [m[Kcandidate: ‘[01m[Kbool moveit::planning_interface::MoveGroupInterface::[01;32m[KsetJointValueTarget[m[K(const std::vector<double, std::allocator<double> >&)[m[K’
  341 |   bool [01;36m[KsetJointValueTarget[m[K(const std::vector<double>& group_variable_values);
      |        [01;36m[K^~~~~~~~~~~~~~~~~~~[m[K
[01m[K/home/kafando/ws_moveit/install/moveit_ros_planning_interface/include/moveit_ros_planning_interface/moveit/move_group_interface/move_group_interface.hpp:341:8:[m[K [01;36m[Knote: [m[K  candidate expects 1 argument, 4 provided
[01m[K/home/kafando/ws_moveit/install/moveit_ros_planning_interface/include/moveit_ros_planning_interface/moveit/move_group_interface/move_group_interface.hpp:358:8:[m[K [01;36m[Knote: [m[Kcandidate: ‘[01m[Kbool moveit::planning_interface::MoveGroupInterface::[01;32m[KsetJointValueTarget[m[K(const std::map<std::__cxx11::basic_string<char>, double>&)[m[K’
  358 |   bool [01;36m[KsetJointValueTarget[m[K(const std::map<std::string, double>& variable_values);
      |        [01;36m[K^~~~~~~~~~~~~~~~~~~[m[K
[01m[K/home/kafando/ws_moveit/install/moveit_ros_planning_interface/include/moveit_ros_planning_interface/moveit/move_group_interface/move_group_interface.hpp:358:8:[m[K [01;36m[Knote: [m[K  candidate expects 1 argument, 4 provided
[01m[K/home/kafando/ws_moveit/install/moveit_ros_planning_interface/include/moveit_ros_planning_interface/moveit/move_group_interface/move_group_interface.hpp:375:8:[m[K [01;36m[Knote: [m[Kcandidate: ‘[01m[Kbool moveit::planning_interface::MoveGroupInterface::[01;32m[KsetJointValueTarget[m[K(const std::vector<std::__cxx11::basic_string<char>, std::allocator<std::__cxx11::basic_string<char> > >&, const std::vector<double, std::allocator<double> >&)[m[K’
  375 |   bool [01;36m[KsetJointValueTarget[m[K(const std::vector<std::string>& variable_names, const std::vector<double>& variable_values);
      |        [01;36m[K^~~~~~~~~~~~~~~~~~~[m[K
[01m[K/home/kafando/ws_moveit/install/moveit_ros_planning_interface/include/moveit_ros_planning_interface/moveit/move_group_interface/move_group_interface.hpp:375:8:[m[K [01;36m[Knote: [m[K  candidate expects 2 arguments, 4 provided
[01m[K/home/kafando/ws_moveit/install/moveit_ros_planning_interface/include/moveit_ros_planning_interface/moveit/move_group_interface/move_group_interface.hpp:386:8:[m[K [01;36m[Knote: [m[Kcandidate: ‘[01m[Kbool moveit::planning_interface::MoveGroupInterface::[01;32m[KsetJointValueTarget[m[K(const moveit::core::RobotState&)[m[K’
  386 |   bool [01;36m[KsetJointValueTarget[m[K(const moveit::core::RobotState& robot_state);
      |        [01;36m[K^~~~~~~~~~~~~~~~~~~[m[K
[01m[K/home/kafando/ws_moveit/install/moveit_ros_planning_interface/include/moveit_ros_planning_interface/moveit/move_group_interface/move_group_interface.hpp:386:8:[m[K [01;36m[Knote: [m[K  candidate expects 1 argument, 4 provided
[01m[K/home/kafando/ws_moveit/install/moveit_ros_planning_interface/include/moveit_ros_planning_interface/moveit/move_group_interface/move_group_interface.hpp:399:8:[m[K [01;36m[Knote: [m[Kcandidate: ‘[01m[Kbool moveit::planning_interface::MoveGroupInterface::[01;32m[KsetJointValueTarget[m[K(const std::string&, const std::vector<double, std::allocator<double> >&)[m[K’
  399 |   bool [01;36m[KsetJointValueTarget[m[K(const std::string& joint_name, const std::vector<double>& values);
      |        [01;36m[K^~~~~~~~~~~~~~~~~~~[m[K
[01m[K/home/kafando/ws_moveit/install/moveit_ros_planning_interface/include/moveit_ros_planning_interface/moveit/move_group_interface/move_group_interface.hpp:399:8:[m[K [01;36m[Knote: [m[K  candidate expects 2 arguments, 4 provided
[01m[K/home/kafando/ws_moveit/install/moveit_ros_planning_interface/include/moveit_ros_planning_interface/moveit/move_group_interface/move_group_interface.hpp:412:8:[m[K [01;36m[Knote: [m[Kcandidate: ‘[01m[Kbool moveit::planning_interface::MoveGroupInterface::[01;32m[KsetJointValueTarget[m[K(const std::string&, double)[m[K’
  412 |   bool [01;36m[KsetJointValueTarget[m[K(const std::string& joint_name, double value);
      |        [01;36m[K^~~~~~~~~~~~~~~~~~~[m[K
[01m[K/home/kafando/ws_moveit/install/moveit_ros_planning_interface/include/moveit_ros_planning_interface/moveit/move_group_interface/move_group_interface.hpp:412:8:[m[K [01;36m[Knote: [m[K  candidate expects 2 arguments, 4 provided
[01m[K/home/kafando/ws_moveit/install/moveit_ros_planning_interface/include/moveit_ros_planning_interface/moveit/move_group_interface/move_group_interface.hpp:424:8:[m[K [01;36m[Knote: [m[Kcandidate: ‘[01m[Kbool moveit::planning_interface::MoveGroupInterface::[01;32m[KsetJointValueTarget[m[K(const sensor_msgs::msg::JointState&)[m[K’
  424 |   bool [01;36m[KsetJointValueTarget[m[K(const sensor_msgs::msg::JointState& state);
      |        [01;36m[K^~~~~~~~~~~~~~~~~~~[m[K
[01m[K/home/kafando/ws_moveit/install/moveit_ros_planning_interface/include/moveit_ros_planning_interface/moveit/move_group_interface/move_group_interface.hpp:424:8:[m[K [01;36m[Knote: [m[K  candidate expects 1 argument, 4 provided
[01m[K/home/kafando/ws_moveit/install/moveit_ros_planning_interface/include/moveit_ros_planning_interface/moveit/move_group_interface/move_group_interface.hpp:437:8:[m[K [01;36m[Knote: [m[Kcandidate: ‘[01m[Kbool moveit::planning_interface::MoveGroupInterface::[01;32m[KsetJointValueTarget[m[K(const geometry_msgs::msg::Pose&, const std::string&)[m[K’
  437 |   bool [01;36m[KsetJointValueTarget[m[K(const geometry_msgs::msg::Pose& eef_pose, const std::string& end_effector_link = "");
      |        [01;36m[K^~~~~~~~~~~~~~~~~~~[m[K
[01m[K/home/kafando/ws_moveit/install/moveit_ros_planning_interface/include/moveit_ros_planning_interface/moveit/move_group_interface/move_group_interface.hpp:437:8:[m[K [01;36m[Knote: [m[K  candidate expects 2 arguments, 4 provided
[01m[K/home/kafando/ws_moveit/install/moveit_ros_planning_interface/include/moveit_ros_planning_interface/moveit/move_group_interface/move_group_interface.hpp:450:8:[m[K [01;36m[Knote: [m[Kcandidate: ‘[01m[Kbool moveit::planning_interface::MoveGroupInterface::[01;32m[KsetJointValueTarget[m[K(const geometry_msgs::msg::PoseStamped&, const std::string&)[m[K’
  450 |   bool [01;36m[KsetJointValueTarget[m[K(const geometry_msgs::msg::PoseStamped& eef_pose, const std::string& end_effector_link = "");
      |        [01;36m[K^~~~~~~~~~~~~~~~~~~[m[K
[01m[K/home/kafando/ws_moveit/install/moveit_ros_planning_interface/include/moveit_ros_planning_interface/moveit/move_group_interface/move_group_interface.hpp:450:8:[m[K [01;36m[Knote: [m[K  candidate expects 2 arguments, 4 provided
[01m[K/home/kafando/ws_moveit/install/moveit_ros_planning_interface/include/moveit_ros_planning_interface/moveit/move_group_interface/move_group_interface.hpp:463:8:[m[K [01;36m[Knote: [m[Kcandidate: ‘[01m[Kbool moveit::planning_interface::MoveGroupInterface::[01;32m[KsetJointValueTarget[m[K(const Eigen::Isometry3d&, const std::string&)[m[K’
  463 |   bool [01;36m[KsetJointValueTarget[m[K(const Eigen::Isometry3d& eef_pose, const std::string& end_effector_link = "");
      |        [01;36m[K^~~~~~~~~~~~~~~~~~~[m[K
[01m[K/home/kafando/ws_moveit/install/moveit_ros_planning_interface/include/moveit_ros_planning_interface/moveit/move_group_interface/move_group_interface.hpp:463:8:[m[K [01;36m[Knote: [m[K  candidate expects 2 arguments, 4 provided
gmake[2]: *** [CMakeFiles/wstta_robot_bt_node.dir/build.make:104: CMakeFiles/wstta_robot_bt_node.dir/src/mm_moveit_actions.cpp.o] Error 1
gmake[1]: *** [CMakeFiles/Makefile2:137: CMakeFiles/wstta_robot_bt_node.dir/all] Error 2
gmake: *** [Makefile:146: all] Error 2
