[0.020s] Invoking command in '/home/kafando/Ros2_ws/build/mm_behaviors': CMAKE_PREFIX_PATH=${CMAKE_PREFIX_PATH}:/home/kafando/ws_moveit/install/moveit_configs_utils:/opt/ros/jazzy DEBUGINFOD_URLS=https://debuginfod.ubuntu.com /usr/bin/cmake --build /home/kafando/Ros2_ws/build/mm_behaviors -- -j16 -l16
[0.096s] [ 16%] [32mBuilding CXX object CMakeFiles/wstta_robot_bt_node.dir/src/mm_moveit_actions.cpp.o[0m
[3.864s] [01m[K/home/kafando/Ros2_ws/src/mm_behaviors/src/mm_moveit_actions.cpp:[m[K In member function ‘[01m[Kvirtual BT::NodeStatus PlanForTheArm::[01;32m[KonStart[m[K()[m[K’:
[3.864s] [01m[K/home/kafando/Ros2_ws/src/mm_behaviors/src/mm_moveit_actions.cpp:251:36:[m[K [01;31m[Kerror: [m[Kno matching function for call to ‘[01m[Kmoveit::planning_interface::MoveGroupInterface::setJointValueTarget(geometry_msgs::msg::Pose&, bool)[m[K’
[3.864s]   251 |     [01;31m[Kmove_group->setJointValueTarget(ee_target_pose, true)[m[K;
[3.864s]       |     [01;31m[K~~~~~~~~~~~~~~~~~~~~~~~~~~~~~~~^~~~~~~~~~~~~~~~~~~~~~[m[K
[3.864s] In file included from [01m[K/home/kafando/Ros2_ws/src/mm_behaviors/include/mm_behaviors/mm_moveit_actions.hpp:6[m[K,
[3.864s]                  from [01m[K/home/kafando/Ros2_ws/src/mm_behaviors/src/mm_moveit_actions.cpp:1[m[K:
[3.864s] [01m[K/home/kafando/ws_moveit/install/moveit_ros_planning_interface/include/moveit_ros_planning_interface/moveit/move_group_interface/move_group_interface.hpp:341:8:[m[K [01;36m[Knote: [m[Kcandidate: ‘[01m[Kbool moveit::planning_interface::MoveGroupInterface::[01;32m[KsetJointValueTarget[m[K(const std::vector<double, std::allocator<double> >&)[m[K’
[3.864s]   341 |   bool [01;36m[KsetJointValueTarget[m[K(const std::vector<double>& group_variable_values);
[3.864s]       |        [01;36m[K^~~~~~~~~~~~~~~~~~~[m[K
[3.864s] [01m[K/home/kafando/ws_moveit/install/moveit_ros_planning_interface/include/moveit_ros_planning_interface/moveit/move_group_interface/move_group_interface.hpp:341:8:[m[K [01;36m[Knote: [m[K  candidate expects 1 argument, 2 provided
[3.864s] [01m[K/home/kafando/ws_moveit/install/moveit_ros_planning_interface/include/moveit_ros_planning_interface/moveit/move_group_interface/move_group_interface.hpp:358:8:[m[K [01;36m[Knote: [m[Kcandidate: ‘[01m[Kbool moveit::planning_interface::MoveGroupInterface::[01;32m[KsetJointValueTarget[m[K(const std::map<std::__cxx11::basic_string<char>, double>&)[m[K’
[3.864s]   358 |   bool [01;36m[KsetJointValueTarget[m[K(const std::map<std::string, double>& variable_values);
[3.864s]       |        [01;36m[K^~~~~~~~~~~~~~~~~~~[m[K
[3.864s] [01m[K/home/kafando/ws_moveit/install/moveit_ros_planning_interface/include/moveit_ros_planning_interface/moveit/move_group_interface/move_group_interface.hpp:358:8:[m[K [01;36m[Knote: [m[K  candidate expects 1 argument, 2 provided
[3.865s] [01m[K/home/kafando/ws_moveit/install/moveit_ros_planning_interface/include/moveit_ros_planning_interface/moveit/move_group_interface/move_group_interface.hpp:375:8:[m[K [01;36m[Knote: [m[Kcandidate: ‘[01m[Kbool moveit::planning_interface::MoveGroupInterface::[01;32m[KsetJointValueTarget[m[K(const std::vector<std::__cxx11::basic_string<char>, std::allocator<std::__cxx11::basic_string<char> > >&, const std::vector<double, std::allocator<double> >&)[m[K’
[3.865s]   375 |   bool [01;36m[KsetJointValueTarget[m[K(const std::vector<std::string>& variable_names, const std::vector<double>& variable_values);
[3.865s]       |        [01;36m[K^~~~~~~~~~~~~~~~~~~[m[K
[3.865s] [01m[K/home/kafando/ws_moveit/install/moveit_ros_planning_interface/include/moveit_ros_planning_interface/moveit/move_group_interface/move_group_interface.hpp:375:60:[m[K [01;36m[Knote: [m[K  no known conversion for argument 1 from ‘[01m[Kgeometry_msgs::msg::Pose[m[K’ {aka ‘[01m[Kgeometry_msgs::msg::Pose_<std::allocator<void> >[m[K’} to ‘[01m[Kconst std::vector<std::__cxx11::basic_string<char>, std::allocator<std::__cxx11::basic_string<char> > >&[m[K’
[3.865s]   375 |   bool setJointValueTarget([01;36m[Kconst std::vector<std::string>& variable_names[m[K, const std::vector<double>& variable_values);
[3.865s]       |                            [01;36m[K~~~~~~~~~~~~~~~~~~~~~~~~~~~~~~~~^~~~~~~~~~~~~~[m[K
[3.865s] [01m[K/home/kafando/ws_moveit/install/moveit_ros_planning_interface/include/moveit_ros_planning_interface/moveit/move_group_interface/move_group_interface.hpp:386:8:[m[K [01;36m[Knote: [m[Kcandidate: ‘[01m[Kbool moveit::planning_interface::MoveGroupInterface::[01;32m[KsetJointValueTarget[m[K(const moveit::core::RobotState&)[m[K’
[3.865s]   386 |   bool [01;36m[KsetJointValueTarget[m[K(const moveit::core::RobotState& robot_state);
[3.865s]       |        [01;36m[K^~~~~~~~~~~~~~~~~~~[m[K
[3.865s] [01m[K/home/kafando/ws_moveit/install/moveit_ros_planning_interface/include/moveit_ros_planning_interface/moveit/move_group_interface/move_group_interface.hpp:386:8:[m[K [01;36m[Knote: [m[K  candidate expects 1 argument, 2 provided
[3.865s] [01m[K/home/kafando/ws_moveit/install/moveit_ros_planning_interface/include/moveit_ros_planning_interface/moveit/move_group_interface/move_group_interface.hpp:399:8:[m[K [01;36m[Knote: [m[Kcandidate: ‘[01m[Kbool moveit::planning_interface::MoveGroupInterface::[01;32m[KsetJointValueTarget[m[K(const std::string&, const std::vector<double, std::allocator<double> >&)[m[K’
[3.865s]   399 |   bool [01;36m[KsetJointValueTarget[m[K(const std::string& joint_name, const std::vector<double>& values);
[3.865s]       |        [01;36m[K^~~~~~~~~~~~~~~~~~~[m[K
[3.865s] [01m[K/home/kafando/ws_moveit/install/moveit_ros_planning_interface/include/moveit_ros_planning_interface/moveit/move_group_interface/move_group_interface.hpp:399:47:[m[K [01;36m[Knote: [m[K  no known conversion for argument 1 from ‘[01m[Kgeometry_msgs::msg::Pose[m[K’ {aka ‘[01m[Kgeometry_msgs::msg::Pose_<std::allocator<void> >[m[K’} to ‘[01m[Kconst std::string&[m[K’ {aka ‘[01m[Kconst std::__cxx11::basic_string<char>&[m[K’}
[3.866s]   399 |   bool setJointValueTarget([01;36m[Kconst std::string& joint_name[m[K, const std::vector<double>& values);
[3.866s]       |                            [01;36m[K~~~~~~~~~~~~~~~~~~~^~~~~~~~~~[m[K
[3.866s] [01m[K/home/kafando/ws_moveit/install/moveit_ros_planning_interface/include/moveit_ros_planning_interface/moveit/move_group_interface/move_group_interface.hpp:412:8:[m[K [01;36m[Knote: [m[Kcandidate: ‘[01m[Kbool moveit::planning_interface::MoveGroupInterface::[01;32m[KsetJointValueTarget[m[K(const std::string&, double)[m[K’
[3.866s]   412 |   bool [01;36m[KsetJointValueTarget[m[K(const std::string& joint_name, double value);
[3.866s]       |        [01;36m[K^~~~~~~~~~~~~~~~~~~[m[K
[3.866s] [01m[K/home/kafando/ws_moveit/install/moveit_ros_planning_interface/include/moveit_ros_planning_interface/moveit/move_group_interface/move_group_interface.hpp:412:47:[m[K [01;36m[Knote: [m[K  no known conversion for argument 1 from ‘[01m[Kgeometry_msgs::msg::Pose[m[K’ {aka ‘[01m[Kgeometry_msgs::msg::Pose_<std::allocator<void> >[m[K’} to ‘[01m[Kconst std::string&[m[K’ {aka ‘[01m[Kconst std::__cxx11::basic_string<char>&[m[K’}
[3.866s]   412 |   bool setJointValueTarget([01;36m[Kconst std::string& joint_name[m[K, double value);
[3.866s]       |                            [01;36m[K~~~~~~~~~~~~~~~~~~~^~~~~~~~~~[m[K
[3.866s] [01m[K/home/kafando/ws_moveit/install/moveit_ros_planning_interface/include/moveit_ros_planning_interface/moveit/move_group_interface/move_group_interface.hpp:424:8:[m[K [01;36m[Knote: [m[Kcandidate: ‘[01m[Kbool moveit::planning_interface::MoveGroupInterface::[01;32m[KsetJointValueTarget[m[K(const sensor_msgs::msg::JointState&)[m[K’
[3.866s]   424 |   bool [01;36m[KsetJointValueTarget[m[K(const sensor_msgs::msg::JointState& state);
[3.866s]       |        [01;36m[K^~~~~~~~~~~~~~~~~~~[m[K
[3.866s] [01m[K/home/kafando/ws_moveit/install/moveit_ros_planning_interface/include/moveit_ros_planning_interface/moveit/move_group_interface/move_group_interface.hpp:424:8:[m[K [01;36m[Knote: [m[K  candidate expects 1 argument, 2 provided
[3.866s] [01m[K/home/kafando/ws_moveit/install/moveit_ros_planning_interface/include/moveit_ros_planning_interface/moveit/move_group_interface/move_group_interface.hpp:437:8:[m[K [01;36m[Knote: [m[Kcandidate: ‘[01m[Kbool moveit::planning_interface::MoveGroupInterface::[01;32m[KsetJointValueTarget[m[K(const geometry_msgs::msg::Pose&, const std::string&)[m[K’
[3.866s]   437 |   bool [01;36m[KsetJointValueTarget[m[K(const geometry_msgs::msg::Pose& eef_pose, const std::string& end_effector_link = "");
[3.867s]       |        [01;36m[K^~~~~~~~~~~~~~~~~~~[m[K
[3.867s] [01m[K/home/kafando/ws_moveit/install/moveit_ros_planning_interface/include/moveit_ros_planning_interface/moveit/move_group_interface/move_group_interface.hpp:437:89:[m[K [01;36m[Knote: [m[K  no known conversion for argument 2 from ‘[01m[Kbool[m[K’ to ‘[01m[Kconst std::string&[m[K’ {aka ‘[01m[Kconst std::__cxx11::basic_string<char>&[m[K’}
[3.867s]   437 | ueTarget(const geometry_msgs::msg::Pose& eef_pose, [01;36m[Kconst std::string& end_effector_link = ""[m[K);
[3.867s]       |                                                    [01;36m[K~~~~~~~~~~~~~~~~~~~^~~~~~~~~~~~~~~~~~~~~~[m[K
[3.867s] 
[3.867s] [01m[K/home/kafando/ws_moveit/install/moveit_ros_planning_interface/include/moveit_ros_planning_interface/moveit/move_group_interface/move_group_interface.hpp:450:8:[m[K [01;36m[Knote: [m[Kcandidate: ‘[01m[Kbool moveit::planning_interface::MoveGroupInterface::[01;32m[KsetJointValueTarget[m[K(const geometry_msgs::msg::PoseStamped&, const std::string&)[m[K’
[3.867s]   450 |   bool [01;36m[KsetJointValueTarget[m[K(const geometry_msgs::msg::PoseStamped& eef_pose, const std::string& end_effector_link = "");
[3.867s]       |        [01;36m[K^~~~~~~~~~~~~~~~~~~[m[K
[3.867s] [01m[K/home/kafando/ws_moveit/install/moveit_ros_planning_interface/include/moveit_ros_planning_interface/moveit/move_group_interface/move_group_interface.hpp:450:67:[m[K [01;36m[Knote: [m[K  no known conversion for argument 1 from ‘[01m[Kgeometry_msgs::msg::Pose[m[K’ {aka ‘[01m[Kgeometry_msgs::msg::Pose_<std::allocator<void> >[m[K’} to ‘[01m[Kconst geometry_msgs::msg::PoseStamped&[m[K’ {aka ‘[01m[Kconst geometry_msgs::msg::PoseStamped_<std::allocator<void> >&[m[K’}
[3.867s]   450 |   bool setJointValueTarget([01;36m[Kconst geometry_msgs::msg::PoseStamped& eef_pose[m[K, const std::string& end_effector_link = "");
[3.867s]       |                            [01;36m[K~~~~~~~~~~~~~~~~~~~~~~~~~~~~~~~~~~~~~~~^~~~~~~~[m[K
[3.867s] [01m[K/home/kafando/ws_moveit/install/moveit_ros_planning_interface/include/moveit_ros_planning_interface/moveit/move_group_interface/move_group_interface.hpp:463:8:[m[K [01;36m[Knote: [m[Kcandidate: ‘[01m[Kbool moveit::planning_interface::MoveGroupInterface::[01;32m[KsetJointValueTarget[m[K(const Eigen::Isometry3d&, const std::string&)[m[K’
[3.867s]   463 |   bool [01;36m[KsetJointValueTarget[m[K(const Eigen::Isometry3d& eef_pose, const std::string& end_effector_link = "");
[3.867s]       |        [01;36m[K^~~~~~~~~~~~~~~~~~~[m[K
[3.868s] [01m[K/home/kafando/ws_moveit/install/moveit_ros_planning_interface/include/moveit_ros_planning_interface/moveit/move_group_interface/move_group_interface.hpp:463:53:[m[K [01;36m[Knote: [m[K  no known conversion for argument 1 from ‘[01m[Kgeometry_msgs::msg::Pose[m[K’ {aka ‘[01m[Kgeometry_msgs::msg::Pose_<std::allocator<void> >[m[K’} to ‘[01m[Kconst Eigen::Isometry3d&[m[K’ {aka ‘[01m[Kconst Eigen::Transform<double, 3, 1>&[m[K’}
[3.868s]   463 |   bool setJointValueTarget([01;36m[Kconst Eigen::Isometry3d& eef_pose[m[K, const std::string& end_effector_link = "");
[3.868s]       |                            [01;36m[K~~~~~~~~~~~~~~~~~~~~~~~~~^~~~~~~~[m[K
[7.046s] gmake[2]: *** [CMakeFiles/wstta_robot_bt_node.dir/build.make:104: CMakeFiles/wstta_robot_bt_node.dir/src/mm_moveit_actions.cpp.o] Error 1
[7.046s] gmake[1]: *** [CMakeFiles/Makefile2:137: CMakeFiles/wstta_robot_bt_node.dir/all] Error 2
[7.047s] gmake: *** [Makefile:146: all] Error 2
[7.048s] Invoked command in '/home/kafando/Ros2_ws/build/mm_behaviors' returned '2': CMAKE_PREFIX_PATH=${CMAKE_PREFIX_PATH}:/home/kafando/ws_moveit/install/moveit_configs_utils:/opt/ros/jazzy DEBUGINFOD_URLS=https://debuginfod.ubuntu.com /usr/bin/cmake --build /home/kafando/Ros2_ws/build/mm_behaviors -- -j16 -l16
