[0.022s] Invoking command in '/home/kafando/Ros2_ws/build/mm_behaviors': CMAKE_PREFIX_PATH=${CMAKE_PREFIX_PATH}:/home/kafando/ws_moveit/install/moveit_configs_utils:/opt/ros/jazzy DEBUGINFOD_URLS=https://debuginfod.ubuntu.com /usr/bin/cmake --build /home/kafando/Ros2_ws/build/mm_behaviors -- -j16 -l16
[0.115s] [ 16%] [32mBuilding CXX object CMakeFiles/wstta_robot_bt_node.dir/src/mm_bt_node.cpp.o[0m
[0.116s] [ 33%] [32mBuilding CXX object CMakeFiles/wstta_robot_bt_node.dir/src/mm_nav_actions.cpp.o[0m
[3.864s] In file included from [01m[K/home/kafando/Ros2_ws/src/mm_behaviors/include/mm_behaviors/mm_nav_actions.hpp:8[m[K,
[3.864s]                  from [01m[K/home/kafando/Ros2_ws/src/mm_behaviors/include/mm_behaviors/mm_bt_node.hpp:10[m[K,
[3.864s]                  from [01m[K/home/kafando/Ros2_ws/src/mm_behaviors/src/mm_bt_node.cpp:1[m[K:
[3.865s] [01m[K/home/kafando/Ros2_ws/src/mm_behaviors/include/mm_behaviors/mm_moveit_actions.hpp:19:6:[m[K [01;31m[Kerror: [m[Kredefinition of ‘[01m[Kvoid[01;32m[K read_text_in_speak[m[K(std::string)[m[K’
[3.865s]    19 | void [01;31m[Kread_text_in_speak[m[K(std::string t){
[3.865s]       |      [01;31m[K^~~~~~~~~~~~~~~~~~[m[K
[3.865s] In file included from [01m[K/home/kafando/Ros2_ws/src/mm_behaviors/include/mm_behaviors/mm_bt_node.hpp:9[m[K:
[3.865s] [01m[K/home/kafando/Ros2_ws/src/mm_behaviors/include/mm_behaviors/mm_moveit_actions.hpp:19:6:[m[K [01;36m[Knote: [m[K‘[01m[Kvoid[01;32m[K read_text_in_speak[m[K(std::string)[m[K’ previously defined here
[3.865s]    19 | void [01;36m[Kread_text_in_speak[m[K(std::string t){
[3.865s]       |      [01;36m[K^~~~~~~~~~~~~~~~~~[m[K
[3.865s] [01m[K/home/kafando/Ros2_ws/src/mm_behaviors/include/mm_behaviors/mm_moveit_actions.hpp:39:8:[m[K [01;31m[Kerror: [m[Kredefinition of ‘[01m[Kstruct TargetPose[m[K’
[3.865s]    39 | struct [01;31m[KTargetPose[m[K{
[3.865s]       |        [01;31m[K^~~~~~~~~~[m[K
[3.865s] [01m[K/home/kafando/Ros2_ws/src/mm_behaviors/include/mm_behaviors/mm_moveit_actions.hpp:39:8:[m[K [01;36m[Knote: [m[Kprevious definition of ‘[01m[Kstruct TargetPose[m[K’
[3.865s]    39 | struct [01;36m[KTargetPose[m[K{
[3.865s]       |        [01;36m[K^~~~~~~~~~[m[K
[3.865s] [01m[K/home/kafando/Ros2_ws/src/mm_behaviors/include/mm_behaviors/mm_moveit_actions.hpp:72:5:[m[K [01;31m[Kerror: [m[Kredefinition of ‘[01m[Kint[01;32m[K get_near_pose_index[m[K(std::vector<geometry_msgs::msg::Point_<std::allocator<void> >, std::allocator<geometry_msgs::msg::Point_<std::allocator<void> > > >&, Pose3D&)[m[K’
[3.865s]    72 | int [01;31m[Kget_near_pose_index[m[K(std::vector<Pose3D>& t,Pose3D& robot_pose){
[3.865s]       |     [01;31m[K^~~~~~~~~~~~~~~~~~~[m[K
[3.865s] [01m[K/home/kafando/Ros2_ws/src/mm_behaviors/include/mm_behaviors/mm_moveit_actions.hpp:72:5:[m[K [01;36m[Knote: [m[K‘[01m[Kint[01;32m[K get_near_pose_index[m[K(std::vector<geometry_msgs::msg::Point_<std::allocator<void> >, std::allocator<geometry_msgs::msg::Point_<std::allocator<void> > > >&, Pose3D&)[m[K’ previously defined here
[3.865s]    72 | int [01;36m[Kget_near_pose_index[m[K(std::vector<Pose3D>& t,Pose3D& robot_pose){
[3.865s]       |     [01;36m[K^~~~~~~~~~~~~~~~~~~[m[K
[3.865s] [01m[K/home/kafando/Ros2_ws/src/mm_behaviors/include/mm_behaviors/mm_moveit_actions.hpp:85:7:[m[K [01;31m[Kerror: [m[Kredefinition of ‘[01m[Kclass PlanForTheArm[m[K’
[3.865s]    85 | class [01;31m[KPlanForTheArm[m[K : public BT::SyncActionNode{
[3.865s]       |       [01;31m[K^~~~~~~~~~~~~[m[K
[3.865s] [01m[K/home/kafando/Ros2_ws/src/mm_behaviors/include/mm_behaviors/mm_moveit_actions.hpp:85:7:[m[K [01;36m[Knote: [m[Kprevious definition of ‘[01m[Kclass PlanForTheArm[m[K’
[3.865s]    85 | class [01;36m[KPlanForTheArm[m[K : public BT::SyncActionNode{
[3.865s]       |       [01;36m[K^~~~~~~~~~~~~[m[K
[3.865s] [01m[K/home/kafando/Ros2_ws/src/mm_behaviors/include/mm_behaviors/mm_moveit_actions.hpp:141:7:[m[K [01;31m[Kerror: [m[Kredefinition of ‘[01m[Kclass ExecuteArmPlan[m[K’
[3.865s]   141 | class [01;31m[KExecuteArmPlan[m[K : public BT::StatefulActionNode{
[3.866s]       |       [01;31m[K^~~~~~~~~~~~~~[m[K
[3.866s] [01m[K/home/kafando/Ros2_ws/src/mm_behaviors/include/mm_behaviors/mm_moveit_actions.hpp:141:7:[m[K [01;36m[Knote: [m[Kprevious definition of ‘[01m[Kclass ExecuteArmPlan[m[K’
[3.866s]   141 | class [01;36m[KExecuteArmPlan[m[K : public BT::StatefulActionNode{
[3.866s]       |       [01;36m[K^~~~~~~~~~~~~~[m[K
[3.874s] In file included from [01m[K/home/kafando/Ros2_ws/src/mm_behaviors/include/mm_behaviors/actions_nodes.hpp:6[m[K,
[3.874s]                  from [01m[K/home/kafando/Ros2_ws/src/mm_behaviors/include/mm_behaviors/mm_bt_node.hpp:11[m[K:
[3.874s] [01m[K/home/kafando/Ros2_ws/src/mm_behaviors/include/mm_behaviors/mm_moveit_actions.hpp:19:6:[m[K [01;31m[Kerror: [m[Kredefinition of ‘[01m[Kvoid[01;32m[K read_text_in_speak[m[K(std::string)[m[K’
[3.874s]    19 | void [01;31m[Kread_text_in_speak[m[K(std::string t){
[3.875s]       |      [01;31m[K^~~~~~~~~~~~~~~~~~[m[K
[3.875s] [01m[K/home/kafando/Ros2_ws/src/mm_behaviors/include/mm_behaviors/mm_moveit_actions.hpp:19:6:[m[K [01;36m[Knote: [m[K‘[01m[Kvoid[01;32m[K read_text_in_speak[m[K(std::string)[m[K’ previously defined here
[3.875s]    19 | void [01;36m[Kread_text_in_speak[m[K(std::string t){
[3.875s]       |      [01;36m[K^~~~~~~~~~~~~~~~~~[m[K
[3.875s] [01m[K/home/kafando/Ros2_ws/src/mm_behaviors/include/mm_behaviors/mm_moveit_actions.hpp:39:8:[m[K [01;31m[Kerror: [m[Kredefinition of ‘[01m[Kstruct TargetPose[m[K’
[3.875s]    39 | struct [01;31m[KTargetPose[m[K{
[3.875s]       |        [01;31m[K^~~~~~~~~~[m[K
[3.875s] [01m[K/home/kafando/Ros2_ws/src/mm_behaviors/include/mm_behaviors/mm_moveit_actions.hpp:39:8:[m[K [01;36m[Knote: [m[Kprevious definition of ‘[01m[Kstruct TargetPose[m[K’
[3.875s]    39 | struct [01;36m[KTargetPose[m[K{
[3.875s]       |        [01;36m[K^~~~~~~~~~[m[K
[3.875s] [01m[K/home/kafando/Ros2_ws/src/mm_behaviors/include/mm_behaviors/mm_moveit_actions.hpp:72:5:[m[K [01;31m[Kerror: [m[Kredefinition of ‘[01m[Kint[01;32m[K get_near_pose_index[m[K(std::vector<geometry_msgs::msg::Point_<std::allocator<void> >, std::allocator<geometry_msgs::msg::Point_<std::allocator<void> > > >&, Pose3D&)[m[K’
[3.875s]    72 | int [01;31m[Kget_near_pose_index[m[K(std::vector<Pose3D>& t,Pose3D& robot_pose){
[3.875s]       |     [01;31m[K^~~~~~~~~~~~~~~~~~~[m[K
[3.875s] [01m[K/home/kafando/Ros2_ws/src/mm_behaviors/include/mm_behaviors/mm_moveit_actions.hpp:72:5:[m[K [01;36m[Knote: [m[K‘[01m[Kint[01;32m[K get_near_pose_index[m[K(std::vector<geometry_msgs::msg::Point_<std::allocator<void> >, std::allocator<geometry_msgs::msg::Point_<std::allocator<void> > > >&, Pose3D&)[m[K’ previously defined here
[3.875s]    72 | int [01;36m[Kget_near_pose_index[m[K(std::vector<Pose3D>& t,Pose3D& robot_pose){
[3.875s]       |     [01;36m[K^~~~~~~~~~~~~~~~~~~[m[K
[3.875s] [01m[K/home/kafando/Ros2_ws/src/mm_behaviors/include/mm_behaviors/mm_moveit_actions.hpp:85:7:[m[K [01;31m[Kerror: [m[Kredefinition of ‘[01m[Kclass PlanForTheArm[m[K’
[3.875s]    85 | class [01;31m[KPlanForTheArm[m[K : public BT::SyncActionNode{
[3.875s]       |       [01;31m[K^~~~~~~~~~~~~[m[K
[3.875s] [01m[K/home/kafando/Ros2_ws/src/mm_behaviors/include/mm_behaviors/mm_moveit_actions.hpp:85:7:[m[K [01;36m[Knote: [m[Kprevious definition of ‘[01m[Kclass PlanForTheArm[m[K’
[3.875s]    85 | class [01;36m[KPlanForTheArm[m[K : public BT::SyncActionNode{
[3.875s]       |       [01;36m[K^~~~~~~~~~~~~[m[K
[3.875s] [01m[K/home/kafando/Ros2_ws/src/mm_behaviors/include/mm_behaviors/mm_moveit_actions.hpp:141:7:[m[K [01;31m[Kerror: [m[Kredefinition of ‘[01m[Kclass ExecuteArmPlan[m[K’
[3.875s]   141 | class [01;31m[KExecuteArmPlan[m[K : public BT::StatefulActionNode{
[3.875s]       |       [01;31m[K^~~~~~~~~~~~~~[m[K
[3.875s] [01m[K/home/kafando/Ros2_ws/src/mm_behaviors/include/mm_behaviors/mm_moveit_actions.hpp:141:7:[m[K [01;36m[Knote: [m[Kprevious definition of ‘[01m[Kclass ExecuteArmPlan[m[K’
[3.875s]   141 | class [01;36m[KExecuteArmPlan[m[K : public BT::StatefulActionNode{
[3.876s]       |       [01;36m[K^~~~~~~~~~~~~~[m[K
[6.747s] gmake[2]: *** [CMakeFiles/wstta_robot_bt_node.dir/build.make:76: CMakeFiles/wstta_robot_bt_node.dir/src/mm_bt_node.cpp.o] Error 1
[6.747s] gmake[2]: *** Waiting for unfinished jobs....
[7.314s] gmake[1]: *** [CMakeFiles/Makefile2:137: CMakeFiles/wstta_robot_bt_node.dir/all] Error 2
[7.314s] gmake: *** [Makefile:146: all] Error 2
[7.316s] Invoked command in '/home/kafando/Ros2_ws/build/mm_behaviors' returned '2': CMAKE_PREFIX_PATH=${CMAKE_PREFIX_PATH}:/home/kafando/ws_moveit/install/moveit_configs_utils:/opt/ros/jazzy DEBUGINFOD_URLS=https://debuginfod.ubuntu.com /usr/bin/cmake --build /home/kafando/Ros2_ws/build/mm_behaviors -- -j16 -l16
