[0.015s] Invoking command in '/home/kafando/Ros2_ws/build/mm_nav': CMAKE_PREFIX_PATH=${CMAKE_PREFIX_PATH}:/home/kafando/ws_moveit/install/moveit_configs_utils:/opt/ros/jazzy DEBUGINFOD_URLS=https://debuginfod.ubuntu.com /usr/bin/cmake /home/kafando/Ros2_ws/src/mm_nav -DCMAKE_BUILD_TYPE=Release -DCMAKE_INSTALL_PREFIX=/home/kafando/Ros2_ws/install/mm_nav
[0.027s] -- Found ament_cmake: 2.5.6 (/opt/ros/jazzy/share/ament_cmake/cmake)
[0.208s] -- Found rclcpp: 28.1.18 (/opt/ros/jazzy/share/rclcpp/cmake)
[0.240s] -- Found rosidl_generator_c: 4.6.7 (/opt/ros/jazzy/share/rosidl_generator_c/cmake)
[0.247s] -- Found rosidl_generator_cpp: 4.6.7 (/opt/ros/jazzy/share/rosidl_generator_cpp/cmake)
[0.257s] -- Using all available rosidl_typesupport_c: rosidl_typesupport_fastrtps_c;rosidl_typesupport_introspection_c
[0.270s] -- Using all available rosidl_typesupport_cpp: rosidl_typesupport_fastrtps_cpp;rosidl_typesupport_introspection_cpp
[0.321s] -- Found rmw_implementation_cmake: 7.3.3 (/opt/ros/jazzy/share/rmw_implementation_cmake/cmake)
[0.324s] -- Found rmw_cyclonedds_cpp: 2.2.3 (/opt/ros/jazzy/share/rmw_cyclonedds_cpp/cmake)
[0.349s] -- Using RMW implementation 'rmw_cyclonedds_cpp' as default
[0.400s] -- Found rclcpp_action: 28.1.18 (/opt/ros/jazzy/share/rclcpp_action/cmake)
[0.432s] -- Found nav2_msgs: 1.3.11 (/opt/ros/jazzy/share/nav2_msgs/cmake)
[0.556s] -- Found nav2_common: 1.3.11 (/opt/ros/jazzy/share/nav2_common/cmake)
[0.557s] -- Found navigation2: 1.3.11 (/opt/ros/jazzy/share/navigation2/cmake)
[0.641s] -- Configuring done (0.6s)
[0.660s] -- Generating done (0.0s)
[0.664s] -- Build files have been written to: /home/kafando/Ros2_ws/build/mm_nav
[0.670s] Invoked command in '/home/kafando/Ros2_ws/build/mm_nav' returned '0': CMAKE_PREFIX_PATH=${CMAKE_PREFIX_PATH}:/home/kafando/ws_moveit/install/moveit_configs_utils:/opt/ros/jazzy DEBUGINFOD_URLS=https://debuginfod.ubuntu.com /usr/bin/cmake /home/kafando/Ros2_ws/src/mm_nav -DCMAKE_BUILD_TYPE=Release -DCMAKE_INSTALL_PREFIX=/home/kafando/Ros2_ws/install/mm_nav
[0.671s] Invoking command in '/home/kafando/Ros2_ws/build/mm_nav': CMAKE_PREFIX_PATH=${CMAKE_PREFIX_PATH}:/home/kafando/ws_moveit/install/moveit_configs_utils:/opt/ros/jazzy DEBUGINFOD_URLS=https://debuginfod.ubuntu.com /usr/bin/cmake --build /home/kafando/Ros2_ws/build/mm_nav -- -j16 -l16
[0.736s] [ 66%] [32mBuilding CXX object CMakeFiles/navigation_client.dir/src/main.cpp.o[0m
[0.736s] [ 66%] [32mBuilding CXX object CMakeFiles/navigation_client.dir/src/navigation_client.cpp.o[0m
[11.468s] [100%] [32m[1mLinking CXX executable navigation_client[0m
[12.027s] [100%] Built target navigation_client
[12.078s] Invoked command in '/home/kafando/Ros2_ws/build/mm_nav' returned '0': CMAKE_PREFIX_PATH=${CMAKE_PREFIX_PATH}:/home/kafando/ws_moveit/install/moveit_configs_utils:/opt/ros/jazzy DEBUGINFOD_URLS=https://debuginfod.ubuntu.com /usr/bin/cmake --build /home/kafando/Ros2_ws/build/mm_nav -- -j16 -l16
[12.079s] Invoking command in '/home/kafando/Ros2_ws/build/mm_nav': CMAKE_PREFIX_PATH=${CMAKE_PREFIX_PATH}:/home/kafando/ws_moveit/install/moveit_configs_utils:/opt/ros/jazzy DEBUGINFOD_URLS=https://debuginfod.ubuntu.com /usr/bin/cmake --install /home/kafando/Ros2_ws/build/mm_nav
[12.119s] -- Install configuration: "Release"
[12.120s] -- Up-to-date: /home/kafando/Ros2_ws/install/mm_nav/share/mm_nav/launch
[12.120s] -- Up-to-date: /home/kafando/Ros2_ws/install/mm_nav/share/mm_nav/launch/slam_online_async.launch.py
[12.120s] -- Up-to-date: /home/kafando/Ros2_ws/install/mm_nav/share/mm_nav/launch/slam_nav2.launch.py
[12.120s] -- Up-to-date: /home/kafando/Ros2_ws/install/mm_nav/share/mm_nav/launch/nav2.launch.py
[12.120s] -- Up-to-date: /home/kafando/Ros2_ws/install/mm_nav/share/mm_nav/launch/slam_online_sync.launch.py
[12.120s] -- Up-to-date: /home/kafando/Ros2_ws/install/mm_nav/share/mm_nav/maps
[12.121s] -- Up-to-date: /home/kafando/Ros2_ws/install/mm_nav/share/mm_nav/maps/map_02.yaml
[12.121s] -- Up-to-date: /home/kafando/Ros2_ws/install/mm_nav/share/mm_nav/maps/map_02.pgm
[12.124s] -- Up-to-date: /home/kafando/Ros2_ws/install/mm_nav/share/mm_nav/maps/frames_2026-05-17_19.20.29.pdf
[12.124s] -- Up-to-date: /home/kafando/Ros2_ws/install/mm_nav/share/mm_nav/maps/map.pgm
[12.124s] -- Up-to-date: /home/kafando/Ros2_ws/install/mm_nav/share/mm_nav/maps/map.yaml
[12.124s] -- Up-to-date: /home/kafando/Ros2_ws/install/mm_nav/share/mm_nav/maps/frames_2026-05-17_19.20.29.gv
[12.125s] -- Up-to-date: /home/kafando/Ros2_ws/install/mm_nav/share/mm_nav/maps/map2.yaml
[12.125s] -- Up-to-date: /home/kafando/Ros2_ws/install/mm_nav/share/mm_nav/maps/map2.pgm
[12.125s] -- Up-to-date: /home/kafando/Ros2_ws/install/mm_nav/share/mm_nav/rviz
[12.125s] -- Up-to-date: /home/kafando/Ros2_ws/install/mm_nav/share/mm_nav/rviz/nav2_moveit2_view.rviz
[12.125s] -- Up-to-date: /home/kafando/Ros2_ws/install/mm_nav/share/mm_nav/rviz/nav2_default_view.rviz
[12.125s] -- Up-to-date: /home/kafando/Ros2_ws/install/mm_nav/share/mm_nav/params
[12.125s] -- Up-to-date: /home/kafando/Ros2_ws/install/mm_nav/share/mm_nav/params/nav2_params.yaml
[12.125s] -- Up-to-date: /home/kafando/Ros2_ws/install/mm_nav/share/mm_nav/params/slam_toolbox_async.yaml
[12.125s] -- Up-to-date: /home/kafando/Ros2_ws/install/mm_nav/share/mm_nav/params/nav2_dwa.yaml
[12.125s] -- Up-to-date: /home/kafando/Ros2_ws/install/mm_nav/share/mm_nav/params/slam_toolbox_sync.yaml
[12.125s] -- Up-to-date: /home/kafando/Ros2_ws/install/mm_nav/share/mm_nav/params/amcl_params.yaml
[12.125s] -- Installing: /home/kafando/Ros2_ws/install/mm_nav/lib/mm_nav/navigation_client
[12.126s] -- Set non-toolchain portion of runtime path of "/home/kafando/Ros2_ws/install/mm_nav/lib/mm_nav/navigation_client" to ""
[12.126s] -- Up-to-date: /home/kafando/Ros2_ws/install/mm_nav/share/ament_index/resource_index/package_run_dependencies/mm_nav
[12.126s] -- Up-to-date: /home/kafando/Ros2_ws/install/mm_nav/share/ament_index/resource_index/parent_prefix_path/mm_nav
[12.126s] -- Up-to-date: /home/kafando/Ros2_ws/install/mm_nav/share/mm_nav/environment/ament_prefix_path.sh
[12.126s] -- Up-to-date: /home/kafando/Ros2_ws/install/mm_nav/share/mm_nav/environment/ament_prefix_path.dsv
[12.126s] -- Up-to-date: /home/kafando/Ros2_ws/install/mm_nav/share/mm_nav/environment/path.sh
[12.126s] -- Up-to-date: /home/kafando/Ros2_ws/install/mm_nav/share/mm_nav/environment/path.dsv
[12.126s] -- Up-to-date: /home/kafando/Ros2_ws/install/mm_nav/share/mm_nav/local_setup.bash
[12.126s] -- Up-to-date: /home/kafando/Ros2_ws/install/mm_nav/share/mm_nav/local_setup.sh
[12.126s] -- Up-to-date: /home/kafando/Ros2_ws/install/mm_nav/share/mm_nav/local_setup.zsh
[12.126s] -- Up-to-date: /home/kafando/Ros2_ws/install/mm_nav/share/mm_nav/local_setup.dsv
[12.127s] -- Installing: /home/kafando/Ros2_ws/install/mm_nav/share/mm_nav/package.dsv
[12.127s] -- Up-to-date: /home/kafando/Ros2_ws/install/mm_nav/share/ament_index/resource_index/packages/mm_nav
[12.127s] -- Up-to-date: /home/kafando/Ros2_ws/install/mm_nav/share/mm_nav/cmake/mm_navConfig.cmake
[12.127s] -- Up-to-date: /home/kafando/Ros2_ws/install/mm_nav/share/mm_nav/cmake/mm_navConfig-version.cmake
[12.127s] -- Up-to-date: /home/kafando/Ros2_ws/install/mm_nav/share/mm_nav/package.xml
[12.129s] Invoked command in '/home/kafando/Ros2_ws/build/mm_nav' returned '0': CMAKE_PREFIX_PATH=${CMAKE_PREFIX_PATH}:/home/kafando/ws_moveit/install/moveit_configs_utils:/opt/ros/jazzy DEBUGINFOD_URLS=https://debuginfod.ubuntu.com /usr/bin/cmake --install /home/kafando/Ros2_ws/build/mm_nav
