[01m[K/home/kafando/Ros2_ws/src/mm_behaviors/src/mm_moveit_bt_nodes.cpp:[m[K In member function ‘[01m[Kvirtual BT::NodeStatus WSTTA::PlanForTheArm::[01;32m[KonRunning[m[K()[m[K’:
[01m[K/home/kafando/Ros2_ws/src/mm_behaviors/src/mm_moveit_bt_nodes.cpp:228:41:[m[K [01;31m[Kerror: [m[Kexpected ‘[01m[K;[m[K’ before ‘[01m[Ktarget_pose[m[K’
  228 |     target_pose.header.frame_id = "odom"
      |                                         [01;31m[K^[m[K
      |                                         [32m[K;[m[K
  229 |     [32m[Ktarget_pose[m[K.position.x = 0.3;
      |     [32m[K~~~~~~~~~~~[m[K                          
[01m[K/home/kafando/Ros2_ws/src/mm_behaviors/src/mm_moveit_bt_nodes.cpp:230:17:[m[K [01;31m[Kerror: [m[K‘[01m[Kusing geometry_msgs::msg::PoseStamped = struct geometry_msgs::msg::PoseStamped_<std::allocator<void> >[m[K’ {aka ‘[01m[Kstruct geometry_msgs::msg::PoseStamped_<std::allocator<void> >[m[K’} has no member named ‘[01m[Kposition[m[K’
  230 |     target_pose.[01;31m[Kposition[m[K.y = 0.032;
      |                 [01;31m[K^~~~~~~~[m[K
[01m[K/home/kafando/Ros2_ws/src/mm_behaviors/src/mm_moveit_bt_nodes.cpp:231:17:[m[K [01;31m[Kerror: [m[K‘[01m[Kusing geometry_msgs::msg::PoseStamped = struct geometry_msgs::msg::PoseStamped_<std::allocator<void> >[m[K’ {aka ‘[01m[Kstruct geometry_msgs::msg::PoseStamped_<std::allocator<void> >[m[K’} has no member named ‘[01m[Kposition[m[K’
  231 |     target_pose.[01;31m[Kposition[m[K.z = 0.4;
      |                 [01;31m[K^~~~~~~~[m[K
[01m[K/home/kafando/Ros2_ws/src/mm_behaviors/src/mm_moveit_bt_nodes.cpp:233:17:[m[K [01;31m[Kerror: [m[K‘[01m[Kusing geometry_msgs::msg::PoseStamped = struct geometry_msgs::msg::PoseStamped_<std::allocator<void> >[m[K’ {aka ‘[01m[Kstruct geometry_msgs::msg::PoseStamped_<std::allocator<void> >[m[K’} has no member named ‘[01m[Korientation[m[K’
  233 |     target_pose.[01;31m[Korientation[m[K.w = 1.0;
      |                 [01;31m[K^~~~~~~~~~~[m[K
[01m[K/home/kafando/Ros2_ws/src/mm_behaviors/src/mm_moveit_bt_nodes.cpp:235:42:[m[K [01;31m[Kerror: [m[Kno matching function for call to ‘[01m[Kmoveit::core::RobotState::setFromIK(const moveit::core::JointModelGroup*&, geometry_msgs::msg::PoseStamped&, const char [15], double)[m[K’
  235 |     bool found_ik = [01;31m[Krobot_state.setFromIK([m[K
      |                     [01;31m[K~~~~~~~~~~~~~~~~~~~~~^[m[K
  236 | [01;31m[K        joint_model_group,[m[K
      |         [01;31m[K~~~~~~~~~~~~~~~~~~[m[K                
  237 | [01;31m[K        target_pose,[m[K
      |         [01;31m[K~~~~~~~~~~~~[m[K                      
  238 | [01;31m[K        "grasping_frame",   // tip link[m[K
      |         [01;31m[K~~~~~~~~~~~~~~~~~~~~~~~~~~~~~~~[m[K   
  239 | [01;31m[K        1.0                 // timeout[m[K
      |         [01;31m[K~~~~~~~~~~~~~~~~~~~~~~~~~~~~~~[m[K    
  240 | [01;31m[K    )[m[K;
      |     [01;31m[K~[m[K                                     
In file included from [01m[K/home/kafando/ws_moveit/install/moveit_ros_planning_interface/include/moveit_ros_planning_interface/moveit/move_group_interface/move_group_interface.hpp:41[m[K,
                 from [01m[K/home/kafando/Ros2_ws/src/mm_behaviors/include/mm_behaviors/mm_moveit_bt_nodes.hpp:12[m[K,
                 from [01m[K/home/kafando/Ros2_ws/src/mm_behaviors/src/mm_moveit_bt_nodes.cpp:1[m[K:
[01m[K/home/kafando/ws_moveit/install/moveit_core/include/moveit_core/moveit/robot_state/robot_state.hpp:930:8:[m[K [01;36m[Knote: [m[Kcandidate: ‘[01m[Kbool moveit::core::RobotState::[01;32m[KsetFromIK[m[K(const moveit::core::JointModelGroup*, const geometry_msgs::msg::Pose&, double, const moveit::core::GroupStateValidityCallbackFn&, const kinematics::KinematicsQueryOptions&, const kinematics::KinematicsBase::IKCostFn&)[m[K’
  930 |   bool [01;36m[KsetFromIK[m[K(const JointModelGroup* group, const geometry_msgs::msg::Pose& pose, double timeout = 0.0,
      |        [01;36m[K^~~~~~~~~[m[K
[01m[K/home/kafando/ws_moveit/install/moveit_core/include/moveit_core/moveit/robot_state/robot_state.hpp:930:80:[m[K [01;36m[Knote: [m[K  no known conversion for argument 2 from ‘[01m[Kgeometry_msgs::msg::PoseStamped[m[K’ {aka ‘[01m[Kgeometry_msgs::msg::PoseStamped_<std::allocator<void> >[m[K’} to ‘[01m[Kconst geometry_msgs::msg::Pose&[m[K’ {aka ‘[01m[Kconst geometry_msgs::msg::Pose_<std::allocator<void> >&[m[K’}
  930 | bool setFromIK(const JointModelGroup* group, [01;36m[Kconst geometry_msgs::msg::Pose& pose[m[K, double timeout = 0.0,
      |                                              [01;36m[K~~~~~~~~~~~~~~~~~~~~~~~~~~~~~~~~^~~~[m[K

[01m[K/home/kafando/ws_moveit/install/moveit_core/include/moveit_core/moveit/robot_state/robot_state.hpp:942:8:[m[K [01;36m[Knote: [m[Kcandidate: ‘[01m[Kbool moveit::core::RobotState::[01;32m[KsetFromIK[m[K(const moveit::core::JointModelGroup*, const geometry_msgs::msg::Pose&, const std::string&, double, const moveit::core::GroupStateValidityCallbackFn&, const kinematics::KinematicsQueryOptions&, const kinematics::KinematicsBase::IKCostFn&)[m[K’
  942 |   bool [01;36m[KsetFromIK[m[K(const JointModelGroup* group, const geometry_msgs::msg::Pose& pose, const std::string& tip,
      |        [01;36m[K^~~~~~~~~[m[K
[01m[K/home/kafando/ws_moveit/install/moveit_core/include/moveit_core/moveit/robot_state/robot_state.hpp:942:80:[m[K [01;36m[Knote: [m[K  no known conversion for argument 2 from ‘[01m[Kgeometry_msgs::msg::PoseStamped[m[K’ {aka ‘[01m[Kgeometry_msgs::msg::PoseStamped_<std::allocator<void> >[m[K’} to ‘[01m[Kconst geometry_msgs::msg::Pose&[m[K’ {aka ‘[01m[Kconst geometry_msgs::msg::Pose_<std::allocator<void> >&[m[K’}
  942 | bool setFromIK(const JointModelGroup* group, [01;36m[Kconst geometry_msgs::msg::Pose& pose[m[K, const std::string& tip,
      |                                              [01;36m[K~~~~~~~~~~~~~~~~~~~~~~~~~~~~~~~~^~~~[m[K

[01m[K/home/kafando/ws_moveit/install/moveit_core/include/moveit_core/moveit/robot_state/robot_state.hpp:953:8:[m[K [01;36m[Knote: [m[Kcandidate: ‘[01m[Kbool moveit::core::RobotState::[01;32m[KsetFromIK[m[K(const moveit::core::JointModelGroup*, const Eigen::Isometry3d&, double, const moveit::core::GroupStateValidityCallbackFn&, const kinematics::KinematicsQueryOptions&, const kinematics::KinematicsBase::IKCostFn&)[m[K’
  953 |   bool [01;36m[KsetFromIK[m[K(const JointModelGroup* group, const Eigen::Isometry3d& pose, double timeout = 0.0,
      |        [01;36m[K^~~~~~~~~[m[K
[01m[K/home/kafando/ws_moveit/install/moveit_core/include/moveit_core/moveit/robot_state/robot_state.hpp:953:73:[m[K [01;36m[Knote: [m[K  no known conversion for argument 2 from ‘[01m[Kgeometry_msgs::msg::PoseStamped[m[K’ {aka ‘[01m[Kgeometry_msgs::msg::PoseStamped_<std::allocator<void> >[m[K’} to ‘[01m[Kconst Eigen::Isometry3d&[m[K’ {aka ‘[01m[Kconst Eigen::Transform<double, 3, 1>&[m[K’}
  953 |   bool setFromIK(const JointModelGroup* group, [01;36m[Kconst Eigen::Isometry3d& pose[m[K, double timeout = 0.0,
      |                                                [01;36m[K~~~~~~~~~~~~~~~~~~~~~~~~~^~~~[m[K
[01m[K/home/kafando/ws_moveit/install/moveit_core/include/moveit_core/moveit/robot_state/robot_state.hpp:964:8:[m[K [01;36m[Knote: [m[Kcandidate: ‘[01m[Kbool moveit::core::RobotState::[01;32m[KsetFromIK[m[K(const moveit::core::JointModelGroup*, const Eigen::Isometry3d&, const std::string&, double, const moveit::core::GroupStateValidityCallbackFn&, const kinematics::KinematicsQueryOptions&, const kinematics::KinematicsBase::IKCostFn&)[m[K’
  964 |   bool [01;36m[KsetFromIK[m[K(const JointModelGroup* group, const Eigen::Isometry3d& pose, const std::string& tip,
      |        [01;36m[K^~~~~~~~~[m[K
[01m[K/home/kafando/ws_moveit/install/moveit_core/include/moveit_core/moveit/robot_state/robot_state.hpp:964:73:[m[K [01;36m[Knote: [m[K  no known conversion for argument 2 from ‘[01m[Kgeometry_msgs::msg::PoseStamped[m[K’ {aka ‘[01m[Kgeometry_msgs::msg::PoseStamped_<std::allocator<void> >[m[K’} to ‘[01m[Kconst Eigen::Isometry3d&[m[K’ {aka ‘[01m[Kconst Eigen::Transform<double, 3, 1>&[m[K’}
  964 |   bool setFromIK(const JointModelGroup* group, [01;36m[Kconst Eigen::Isometry3d& pose[m[K, const std::string& tip,
      |                                                [01;36m[K~~~~~~~~~~~~~~~~~~~~~~~~~^~~~[m[K
[01m[K/home/kafando/ws_moveit/install/moveit_core/include/moveit_core/moveit/robot_state/robot_state.hpp:977:8:[m[K [01;36m[Knote: [m[Kcandidate: ‘[01m[Kbool moveit::core::RobotState::[01;32m[KsetFromIK[m[K(const moveit::core::JointModelGroup*, const Eigen::Isometry3d&, const std::string&, const std::vector<double, std::allocator<double> >&, double, const moveit::core::GroupStateValidityCallbackFn&, const kinematics::KinematicsQueryOptions&, const kinematics::KinematicsBase::IKCostFn&)[m[K’
  977 |   bool [01;36m[KsetFromIK[m[K(const JointModelGroup* group, const Eigen::Isometry3d& pose, const std::string& tip,
      |        [01;36m[K^~~~~~~~~[m[K
[01m[K/home/kafando/ws_moveit/install/moveit_core/include/moveit_core/moveit/robot_state/robot_state.hpp:977:73:[m[K [01;36m[Knote: [m[K  no known conversion for argument 2 from ‘[01m[Kgeometry_msgs::msg::PoseStamped[m[K’ {aka ‘[01m[Kgeometry_msgs::msg::PoseStamped_<std::allocator<void> >[m[K’} to ‘[01m[Kconst Eigen::Isometry3d&[m[K’ {aka ‘[01m[Kconst Eigen::Transform<double, 3, 1>&[m[K’}
  977 |   bool setFromIK(const JointModelGroup* group, [01;36m[Kconst Eigen::Isometry3d& pose[m[K, const std::string& tip,
      |                                                [01;36m[K~~~~~~~~~~~~~~~~~~~~~~~~~^~~~[m[K
[01m[K/home/kafando/ws_moveit/install/moveit_core/include/moveit_core/moveit/robot_state/robot_state.hpp:992:8:[m[K [01;36m[Knote: [m[Kcandidate: ‘[01m[Kbool moveit::core::RobotState::[01;32m[KsetFromIK[m[K(const moveit::core::JointModelGroup*, const EigenSTL::vector_Isometry3d&, const std::vector<std::__cxx11::basic_string<char>, std::allocator<std::__cxx11::basic_string<char> > >&, double, const moveit::core::GroupStateValidityCallbackFn&, const kinematics::KinematicsQueryOptions&, const kinematics::KinematicsBase::IKCostFn&)[m[K’
  992 |   bool [01;36m[KsetFromIK[m[K(const JointModelGroup* group, const EigenSTL::vector_Isometry3d& poses,
      |        [01;36m[K^~~~~~~~~[m[K
[01m[K/home/kafando/ws_moveit/install/moveit_core/include/moveit_core/moveit/robot_state/robot_state.hpp:992:83:[m[K [01;36m[Knote: [m[K  no known conversion for argument 2 from ‘[01m[Kgeometry_msgs::msg::PoseStamped[m[K’ {aka ‘[01m[Kgeometry_msgs::msg::PoseStamped_<std::allocator<void> >[m[K’} to ‘[01m[Kconst EigenSTL::vector_Isometry3d&[m[K’ {aka ‘[01m[Kconst std::vector<Eigen::Transform<double, 3, 1>, Eigen::aligned_allocator<Eigen::Transform<double, 3, 1> > >&[m[K’}
  992 |   bool setFromIK(const JointModelGroup* group, [01;36m[Kconst EigenSTL::vector_Isometry3d& poses[m[K,
      |                                                [01;36m[K~~~~~~~~~~~~~~~~~~~~~~~~~~~~~~~~~~~^~~~~[m[K
[01m[K/home/kafando/ws_moveit/install/moveit_core/include/moveit_core/moveit/robot_state/robot_state.hpp:1008:8:[m[K [01;36m[Knote: [m[Kcandidate: ‘[01m[Kbool moveit::core::RobotState::[01;32m[KsetFromIK[m[K(const moveit::core::JointModelGroup*, const EigenSTL::vector_Isometry3d&, const std::vector<std::__cxx11::basic_string<char>, std::allocator<std::__cxx11::basic_string<char> > >&, const std::vector<std::vector<double, std::allocator<double> > >&, double, const moveit::core::GroupStateValidityCallbackFn&, const kinematics::KinematicsQueryOptions&, const kinematics::KinematicsBase::IKCostFn&)[m[K’
 1008 |   bool [01;36m[KsetFromIK[m[K(const JointModelGroup* group, const EigenSTL::vector_Isometry3d& poses,
      |        [01;36m[K^~~~~~~~~[m[K
[01m[K/home/kafando/ws_moveit/install/moveit_core/include/moveit_core/moveit/robot_state/robot_state.hpp:1008:83:[m[K [01;36m[Knote: [m[K  no known conversion for argument 2 from ‘[01m[Kgeometry_msgs::msg::PoseStamped[m[K’ {aka ‘[01m[Kgeometry_msgs::msg::PoseStamped_<std::allocator<void> >[m[K’} to ‘[01m[Kconst EigenSTL::vector_Isometry3d&[m[K’ {aka ‘[01m[Kconst std::vector<Eigen::Transform<double, 3, 1>, Eigen::aligned_allocator<Eigen::Transform<double, 3, 1> > >&[m[K’}
 1008 |   bool setFromIK(const JointModelGroup* group, [01;36m[Kconst EigenSTL::vector_Isometry3d& poses[m[K,
      |                                                [01;36m[K~~~~~~~~~~~~~~~~~~~~~~~~~~~~~~~~~~~^~~~~[m[K
gmake[2]: *** [CMakeFiles/wstta_bt_node.dir/build.make:104: CMakeFiles/wstta_bt_node.dir/src/mm_moveit_bt_nodes.cpp.o] Error 1
gmake[1]: *** [CMakeFiles/Makefile2:137: CMakeFiles/wstta_bt_node.dir/all] Error 2
gmake: *** [Makefile:146: all] Error 2
