-- Install configuration: ""
-- Up-to-date: /home/kafando/Ros2_ws/install/mm_moveit/share/ament_index/resource_index/package_run_dependencies/mm_moveit
-- Up-to-date: /home/kafando/Ros2_ws/install/mm_moveit/share/ament_index/resource_index/parent_prefix_path/mm_moveit
-- Up-to-date: /home/kafando/Ros2_ws/install/mm_moveit/share/mm_moveit/environment/ament_prefix_path.sh
-- Up-to-date: /home/kafando/Ros2_ws/install/mm_moveit/share/mm_moveit/environment/ament_prefix_path.dsv
-- Up-to-date: /home/kafando/Ros2_ws/install/mm_moveit/share/mm_moveit/environment/path.sh
-- Up-to-date: /home/kafando/Ros2_ws/install/mm_moveit/share/mm_moveit/environment/path.dsv
-- Up-to-date: /home/kafando/Ros2_ws/install/mm_moveit/share/mm_moveit/local_setup.bash
-- Up-to-date: /home/kafando/Ros2_ws/install/mm_moveit/share/mm_moveit/local_setup.sh
-- Up-to-date: /home/kafando/Ros2_ws/install/mm_moveit/share/mm_moveit/local_setup.zsh
-- Up-to-date: /home/kafando/Ros2_ws/install/mm_moveit/share/mm_moveit/local_setup.dsv
-- Installing: /home/kafando/Ros2_ws/install/mm_moveit/share/mm_moveit/package.dsv
-- Up-to-date: /home/kafando/Ros2_ws/install/mm_moveit/share/ament_index/resource_index/packages/mm_moveit
-- Up-to-date: /home/kafando/Ros2_ws/install/mm_moveit/share/mm_moveit/cmake/mm_moveitConfig.cmake
-- Up-to-date: /home/kafando/Ros2_ws/install/mm_moveit/share/mm_moveit/cmake/mm_moveitConfig-version.cmake
-- Up-to-date: /home/kafando/Ros2_ws/install/mm_moveit/share/mm_moveit/package.xml
-- Up-to-date: /home/kafando/Ros2_ws/install/mm_moveit/share/mm_moveit/launch
-- Up-to-date: /home/kafando/Ros2_ws/install/mm_moveit/share/mm_moveit/launch/demo.launch.py
-- Up-to-date: /home/kafando/Ros2_ws/install/mm_moveit/share/mm_moveit/launch/spawn_controllers.launch.py
-- Up-to-date: /home/kafando/Ros2_ws/install/mm_moveit/share/mm_moveit/launch/setup_assistant.launch.py
-- Up-to-date: /home/kafando/Ros2_ws/install/mm_moveit/share/mm_moveit/launch/static_virtual_joint_tfs.launch.py
-- Up-to-date: /home/kafando/Ros2_ws/install/mm_moveit/share/mm_moveit/launch/rsp.launch.py
-- Up-to-date: /home/kafando/Ros2_ws/install/mm_moveit/share/mm_moveit/launch/move_group.launch.py
-- Up-to-date: /home/kafando/Ros2_ws/install/mm_moveit/share/mm_moveit/launch/moveit_rviz.launch.py
-- Up-to-date: /home/kafando/Ros2_ws/install/mm_moveit/share/mm_moveit/launch/warehouse_db.launch.py
-- Up-to-date: /home/kafando/Ros2_ws/install/mm_moveit/share/mm_moveit/launch/view.launch.py
-- Up-to-date: /home/kafando/Ros2_ws/install/mm_moveit/share/mm_moveit/launch/move_gazebo.launch.py
-- Up-to-date: /home/kafando/Ros2_ws/install/mm_moveit/share/mm_moveit/config
-- Up-to-date: /home/kafando/Ros2_ws/install/mm_moveit/share/mm_moveit/config/WSTTA_ROBOT.urdf.xacro
-- Up-to-date: /home/kafando/Ros2_ws/install/mm_moveit/share/mm_moveit/config/WSTTA_ROBOT.ros2_control.xacro
-- Up-to-date: /home/kafando/Ros2_ws/install/mm_moveit/share/mm_moveit/config/moveit.rviz
-- Up-to-date: /home/kafando/Ros2_ws/install/mm_moveit/share/mm_moveit/config/joint_limits.yaml
-- Up-to-date: /home/kafando/Ros2_ws/install/mm_moveit/share/mm_moveit/config/initial_positions.yaml
-- Installing: /home/kafando/Ros2_ws/install/mm_moveit/share/mm_moveit/config/moveit_controllers.yaml
-- Up-to-date: /home/kafando/Ros2_ws/install/mm_moveit/share/mm_moveit/config/pilz_cartesian_limits.yaml
-- Up-to-date: /home/kafando/Ros2_ws/install/mm_moveit/share/mm_moveit/config/sensors_3d.yaml
-- Up-to-date: /home/kafando/Ros2_ws/install/mm_moveit/share/mm_moveit/config/WSTTA_ROBOT.srdf
-- Up-to-date: /home/kafando/Ros2_ws/install/mm_moveit/share/mm_moveit/config/kinematics.yaml
-- Up-to-date: /home/kafando/Ros2_ws/install/mm_moveit/share/mm_moveit/.setup_assistant
