-- Found ament_cmake: 2.5.6 (/opt/ros/jazzy/share/ament_cmake/cmake)
-- Found rclcpp: 28.1.18 (/opt/ros/jazzy/share/rclcpp/cmake)
-- Found rosidl_generator_c: 4.6.7 (/opt/ros/jazzy/share/rosidl_generator_c/cmake)
-- Found rosidl_generator_cpp: 4.6.7 (/opt/ros/jazzy/share/rosidl_generator_cpp/cmake)
-- Using all available rosidl_typesupport_c: rosidl_typesupport_fastrtps_c;rosidl_typesupport_introspection_c
-- Using all available rosidl_typesupport_cpp: rosidl_typesupport_fastrtps_cpp;rosidl_typesupport_introspection_cpp
-- Found rmw_implementation_cmake: 7.3.3 (/opt/ros/jazzy/share/rmw_implementation_cmake/cmake)
-- Found rmw_cyclonedds_cpp: 2.2.3 (/opt/ros/jazzy/share/rmw_cyclonedds_cpp/cmake)
-- Using RMW implementation 'rmw_cyclonedds_cpp' as default
-- Found std_msgs: 5.3.7 (/opt/ros/jazzy/share/std_msgs/cmake)
-- Found rclcpp_action: 28.1.18 (/opt/ros/jazzy/share/rclcpp_action/cmake)
-- Found behaviortree_cpp: 4.9.0 (/opt/ros/jazzy/share/behaviortree_cpp/cmake)
-- Found tf2: 0.36.20 (/opt/ros/jazzy/share/tf2/cmake)
-- Found tf2_ros: 0.36.20 (/opt/ros/jazzy/share/tf2_ros/cmake)
-- Found tf2_geometry_msgs: 0.36.20 (/opt/ros/jazzy/share/tf2_geometry_msgs/cmake)
-- Found eigen3_cmake_module: 0.3.0 (/opt/ros/jazzy/share/eigen3_cmake_module/cmake)
-- Ensuring Eigen3 include directory is part of orocos-kdl CMake target
-- Found rosidl_default_generators: 1.6.0 (/opt/ros/jazzy/share/rosidl_default_generators/cmake)
-- Found rosidl_adapter: 4.6.7 (/opt/ros/jazzy/share/rosidl_adapter/cmake)
-- Found custom_interfaces: 0.0.0 (/home/kafando/Ros2_ws/install/custom_interfaces/share/custom_interfaces/cmake)
-- Found moveit: 2.14.1 (/home/kafando/ws_moveit/install/moveit/share/moveit/cmake)
-- Found moveit_msgs: 2.7.1 (/home/kafando/ws_moveit/install/moveit_msgs/share/moveit_msgs/cmake)
-- Found moveit_ros_planning_interface: 2.14.1 (/home/kafando/ws_moveit/install/moveit_ros_planning_interface/share/moveit_ros_planning_interface/cmake)
-- Found Boost: /usr/lib/x86_64-linux-gnu/cmake/Boost-1.83.0/BoostConfig.cmake (found version "1.83.0") found components: date_time filesystem program_options system thread 
-- Found Boost: /usr/lib/x86_64-linux-gnu/cmake/Boost-1.83.0/BoostConfig.cmake (found version "1.83.0") found components: chrono date_time filesystem iostreams program_options regex serialization system thread 
-- Found parameter_traits: 0.7.1 (/opt/ros/jazzy/share/parameter_traits/cmake)
-- Found rclcpp_lifecycle: 28.1.18 (/opt/ros/jazzy/share/rclcpp_lifecycle/cmake)
-- Found Boost: /usr/lib/x86_64-linux-gnu/cmake/Boost-1.83.0/BoostConfig.cmake (found version "1.83.0") found components: filesystem 
-- Found TinyXML2 via Config file: /usr/lib/x86_64-linux-gnu/cmake/tinyxml2
-- Found Boost: /usr/lib/x86_64-linux-gnu/cmake/Boost-1.83.0/BoostConfig.cmake (found version "1.83.0") found components: system filesystem date_time program_options thread chrono 
-- Found Boost: /usr/lib/x86_64-linux-gnu/cmake/Boost-1.83.0/BoostConfig.cmake (found version "1.83.0") found components: thread system filesystem regex date_time program_options 
-- Found Boost: /usr/lib/x86_64-linux-gnu/cmake/Boost-1.83.0/BoostConfig.cmake (found version "1.83.0") found components: system filesystem date_time program_options thread 
-- Found nav2_common: 1.3.11 (/opt/ros/jazzy/share/nav2_common/cmake)
-- Found navigation2: 1.3.11 (/opt/ros/jazzy/share/navigation2/cmake)
-- Found nav2_msgs: 1.3.11 (/opt/ros/jazzy/share/nav2_msgs/cmake)
-- Found ament_lint_auto: 0.17.5 (/opt/ros/jazzy/share/ament_lint_auto/cmake)
-- Added test 'cppcheck' to perform static code analysis on C / C++ code
-- Configured cppcheck include dirs: /home/kafando/Ros2_ws/src/mm_behaviors/include
-- Configured cppcheck exclude dirs and/or files: 
-- Added test 'flake8' to check Python code syntax and style conventions
-- Configured 'flake8' exclude dirs and/or files: 
-- Added test 'lint_cmake' to check CMake code style
-- Added test 'pep257' to check Python code against some of the docstring style conventions in PEP 257
-- Added test 'uncrustify' to check C / C++ code style
-- Configured uncrustify additional arguments: 
-- Added test 'xmllint' to check XML markup files
-- Configuring done (1.2s)
-- Generating done (0.0s)
-- Build files have been written to: /home/kafando/Ros2_ws/build/mm_behaviors
[ 16%] [32mBuilding CXX object CMakeFiles/wstta_robot_bt_node.dir/src/mm_bt_node.cpp.o[0m
[ 33%] [32mBuilding CXX object CMakeFiles/wstta_robot_bt_node.dir/src/mm_moveit_actions.cpp.o[0m
[ 50%] [32m[1mLinking CXX executable wstta_robot_bt_node[0m
/usr/bin/ld: CMakeFiles/wstta_robot_bt_node.dir/src/mm_bt_node.cpp.o: in function `std::__detail::_MakeUniq<WSTTA::PlanForTheArm>::__single_object std::make_unique<WSTTA::PlanForTheArm, std::__cxx11::basic_string<char, std::char_traits<char>, std::allocator<char> > const&, BT::NodeConfig const&, std::shared_ptr<rclcpp::Node>&, std::shared_ptr<moveit_cpp::MoveItCpp>&>(std::__cxx11::basic_string<char, std::char_traits<char>, std::allocator<char> > const&, BT::NodeConfig const&, std::shared_ptr<rclcpp::Node>&, std::shared_ptr<moveit_cpp::MoveItCpp>&)':
/usr/include/c++/13/bits/unique_ptr.h:1070:(.text._ZSt11make_uniqueIN5WSTTA13PlanForTheArmEJRKNSt7__cxx1112basic_stringIcSt11char_traitsIcESaIcEEERKN2BT10NodeConfigERSt10shared_ptrIN6rclcpp4NodeEERSE_IN10moveit_cpp9MoveItCppEEEENSt8__detail9_MakeUniqIT_E15__single_objectEDpOT0_[_ZSt11make_uniqueIN5WSTTA13PlanForTheArmEJRKNSt7__cxx1112basic_stringIcSt11char_traitsIcESaIcEEERKN2BT10NodeConfigERSt10shared_ptrIN6rclcpp4NodeEERSE_IN10moveit_cpp9MoveItCppEEEENSt8__detail9_MakeUniqIT_E15__single_objectEDpOT0_]+0x85): undefined reference to `WSTTA::PlanForTheArm::PlanForTheArm(std::__cxx11::basic_string<char, std::char_traits<char>, std::allocator<char> > const&, BT::NodeConfig const&, std::shared_ptr<rclcpp::Node> const&, std::shared_ptr<moveit_cpp::MoveItCpp> const&)'
/usr/bin/ld: CMakeFiles/wstta_robot_bt_node.dir/src/mm_bt_node.cpp.o: in function `std::__detail::_MakeUniq<WSTTA::ExecuteArmPlan>::__single_object std::make_unique<WSTTA::ExecuteArmPlan, std::__cxx11::basic_string<char, std::char_traits<char>, std::allocator<char> > const&, BT::NodeConfig const&, std::shared_ptr<rclcpp::Node>&, std::shared_ptr<moveit_cpp::MoveItCpp>&>(std::__cxx11::basic_string<char, std::char_traits<char>, std::allocator<char> > const&, BT::NodeConfig const&, std::shared_ptr<rclcpp::Node>&, std::shared_ptr<moveit_cpp::MoveItCpp>&)':
/usr/include/c++/13/bits/unique_ptr.h:1070:(.text._ZSt11make_uniqueIN5WSTTA14ExecuteArmPlanEJRKNSt7__cxx1112basic_stringIcSt11char_traitsIcESaIcEEERKN2BT10NodeConfigERSt10shared_ptrIN6rclcpp4NodeEERSE_IN10moveit_cpp9MoveItCppEEEENSt8__detail9_MakeUniqIT_E15__single_objectEDpOT0_[_ZSt11make_uniqueIN5WSTTA14ExecuteArmPlanEJRKNSt7__cxx1112basic_stringIcSt11char_traitsIcESaIcEEERKN2BT10NodeConfigERSt10shared_ptrIN6rclcpp4NodeEERSE_IN10moveit_cpp9MoveItCppEEEENSt8__detail9_MakeUniqIT_E15__single_objectEDpOT0_]+0x85): undefined reference to `WSTTA::ExecuteArmPlan::ExecuteArmPlan(std::__cxx11::basic_string<char, std::char_traits<char>, std::allocator<char> > const&, BT::NodeConfig const&, std::shared_ptr<rclcpp::Node> const&, std::shared_ptr<moveit_cpp::MoveItCpp> const&)'
collect2: error: ld returned 1 exit status
gmake[2]: *** [CMakeFiles/wstta_robot_bt_node.dir/build.make:455: wstta_robot_bt_node] Error 1
gmake[1]: *** [CMakeFiles/Makefile2:137: CMakeFiles/wstta_robot_bt_node.dir/all] Error 2
gmake: *** [Makefile:146: all] Error 2
